[2024-04-30T16:18:24.733+0000] {local_task_job_runner.py:120} INFO - ::group::Pre task execution logs
[2024-04-30T16:18:24.762+0000] {taskinstance.py:2073} INFO - Dependencies all met for dep_context=non-requeueable deps ti=<TaskInstance: model_pipeline.train_model manual__2024-04-30T16:18:07.815888+00:00 [queued]>
[2024-04-30T16:18:24.772+0000] {taskinstance.py:2073} INFO - Dependencies all met for dep_context=requeueable deps ti=<TaskInstance: model_pipeline.train_model manual__2024-04-30T16:18:07.815888+00:00 [queued]>
[2024-04-30T16:18:24.773+0000] {taskinstance.py:2303} INFO - Starting attempt 1 of 2
[2024-04-30T16:18:24.790+0000] {taskinstance.py:2327} INFO - Executing <Task(PythonOperator): train_model> on 2024-04-30 16:18:07.815888+00:00
[2024-04-30T16:18:24.801+0000] {warnings.py:110} WARNING - /home/***/.local/lib/python3.12/site-packages/***/task/task_runner/standard_task_runner.py:61: DeprecationWarning: This process (pid=96) is multi-threaded, use of fork() may lead to deadlocks in the child.
  pid = os.fork()

[2024-04-30T16:18:24.804+0000] {standard_task_runner.py:63} INFO - Started process 105 to run task
[2024-04-30T16:18:24.805+0000] {standard_task_runner.py:90} INFO - Running: ['***', 'tasks', 'run', 'model_pipeline', 'train_model', 'manual__2024-04-30T16:18:07.815888+00:00', '--job-id', '224', '--raw', '--subdir', 'DAGS_FOLDER/ml_pipeline_dag.py', '--cfg-path', '/tmp/tmps21t_aqj']
[2024-04-30T16:18:24.806+0000] {standard_task_runner.py:91} INFO - Job 224: Subtask train_model
[2024-04-30T16:18:24.864+0000] {task_command.py:426} INFO - Running <TaskInstance: model_pipeline.train_model manual__2024-04-30T16:18:07.815888+00:00 [running]> on host 3d39ed9c66c5
[2024-04-30T16:18:24.984+0000] {taskinstance.py:2644} INFO - Exporting env vars: AIRFLOW_CTX_DAG_OWNER='***' AIRFLOW_CTX_DAG_ID='model_pipeline' AIRFLOW_CTX_TASK_ID='train_model' AIRFLOW_CTX_EXECUTION_DATE='2024-04-30T16:18:07.815888+00:00' AIRFLOW_CTX_TRY_NUMBER='1' AIRFLOW_CTX_DAG_RUN_ID='manual__2024-04-30T16:18:07.815888+00:00'
[2024-04-30T16:18:24.986+0000] {taskinstance.py:430} INFO - ::endgroup::
[2024-04-30T16:21:17.459+0000] {logging_mixin.py:188} WARNING - 2024/04/30 16:21:17 INFO mlflow.tracking.fluent: Experiment with name 'churn_predictor' does not exist. Creating a new experiment.
[2024-04-30T16:21:17.616+0000] {logging_mixin.py:188} WARNING - 2024/04/30 16:21:17 WARNING mlflow.utils.git_utils: Failed to import Git (the Git executable is probably not on your PATH), so Git SHA is not available. Error: Failed to initialize: Bad git executable.
The git executable must be specified in one of the following ways:
    - be included in your $PATH
    - be set via $GIT_PYTHON_GIT_EXECUTABLE
    - explicitly set via git.refresh(<full-path-to-git-executable>)

All git commands will error until this is rectified.

This initial message can be silenced or aggravated in the future by setting the
$GIT_PYTHON_REFRESH environment variable. Use one of the following values:
    - quiet|q|silence|s|silent|none|n|0: for no message or exception
    - warn|w|warning|log|l|1: for a warning message (logging level CRITICAL, displayed by default)
    - error|e|exception|raise|r|2: for a raised exception

Example:
    export GIT_PYTHON_REFRESH=quiet
[2024-04-30T16:21:28.085+0000] {warnings.py:110} WARNING - /home/***/.local/lib/python3.12/site-packages/_distutils_hack/__init__.py:33: UserWarning: Setuptools is replacing distutils.
  warnings.warn("Setuptools is replacing distutils.")

[2024-04-30T16:21:31.792+0000] {python.py:237} INFO - Done. Returned value was: None
[2024-04-30T16:21:31.793+0000] {taskinstance.py:441} INFO - ::group::Post task execution logs
[2024-04-30T16:21:31.806+0000] {taskinstance.py:1205} INFO - Marking task as SUCCESS. dag_id=model_pipeline, task_id=train_model, execution_date=20240430T161807, start_date=20240430T161824, end_date=20240430T162131
[2024-04-30T16:21:31.935+0000] {local_task_job_runner.py:240} INFO - Task exited with return code 0
[2024-04-30T16:21:31.975+0000] {taskinstance.py:3482} INFO - 1 downstream tasks scheduled from follow-on schedule check
[2024-04-30T16:21:31.978+0000] {local_task_job_runner.py:222} INFO - ::endgroup::
