[2024-04-19T18:38:20.192+0000] {local_task_job_runner.py:120} INFO - ::group::Pre task execution logs
[2024-04-19T18:38:20.222+0000] {taskinstance.py:2073} INFO - Dependencies all met for dep_context=non-requeueable deps ti=<TaskInstance: model_pipeline.load_data manual__2024-04-19T18:38:16.643304+00:00 [queued]>
[2024-04-19T18:38:20.247+0000] {taskinstance.py:2073} INFO - Dependencies all met for dep_context=requeueable deps ti=<TaskInstance: model_pipeline.load_data manual__2024-04-19T18:38:16.643304+00:00 [queued]>
[2024-04-19T18:38:20.249+0000] {taskinstance.py:2303} INFO - Starting attempt 1 of 2
[2024-04-19T18:38:20.307+0000] {taskinstance.py:2327} INFO - Executing <Task(PythonOperator): load_data> on 2024-04-19 18:38:16.643304+00:00
[2024-04-19T18:38:20.327+0000] {warnings.py:110} WARNING - /home/***/.local/lib/python3.12/site-packages/***/task/task_runner/standard_task_runner.py:61: DeprecationWarning: This process (pid=323) is multi-threaded, use of fork() may lead to deadlocks in the child.
  pid = os.fork()

[2024-04-19T18:38:20.331+0000] {standard_task_runner.py:63} INFO - Started process 332 to run task
[2024-04-19T18:38:20.331+0000] {standard_task_runner.py:90} INFO - Running: ['***', 'tasks', 'run', 'model_pipeline', 'load_data', 'manual__2024-04-19T18:38:16.643304+00:00', '--job-id', '60', '--raw', '--subdir', 'DAGS_FOLDER/ml_pipeline_dag.py', '--cfg-path', '/tmp/tmpp6ncxlpl']
[2024-04-19T18:38:20.335+0000] {standard_task_runner.py:91} INFO - Job 60: Subtask load_data
[2024-04-19T18:38:20.429+0000] {task_command.py:426} INFO - Running <TaskInstance: model_pipeline.load_data manual__2024-04-19T18:38:16.643304+00:00 [running]> on host ec31c9b90297
[2024-04-19T18:38:20.703+0000] {taskinstance.py:2644} INFO - Exporting env vars: AIRFLOW_CTX_DAG_OWNER='***' AIRFLOW_CTX_DAG_ID='model_pipeline' AIRFLOW_CTX_TASK_ID='load_data' AIRFLOW_CTX_EXECUTION_DATE='2024-04-19T18:38:16.643304+00:00' AIRFLOW_CTX_TRY_NUMBER='1' AIRFLOW_CTX_DAG_RUN_ID='manual__2024-04-19T18:38:16.643304+00:00'
[2024-04-19T18:38:20.705+0000] {taskinstance.py:430} INFO - ::endgroup::
[2024-04-19T18:38:20.709+0000] {taskinstance.py:441} INFO - ::group::Post task execution logs
[2024-04-19T18:38:20.710+0000] {taskinstance.py:2890} ERROR - Task failed with exception
Traceback (most recent call last):
  File "/home/airflow/.local/lib/python3.12/site-packages/airflow/models/taskinstance.py", line 465, in _execute_task
    result = _execute_callable(context=context, **execute_callable_kwargs)
             ^^^^^^^^^^^^^^^^^^^^^^^^^^^^^^^^^^^^^^^^^^^^^^^^^^^^^^^^^^^^^
  File "/home/airflow/.local/lib/python3.12/site-packages/airflow/models/taskinstance.py", line 432, in _execute_callable
    return execute_callable(context=context, **execute_callable_kwargs)
           ^^^^^^^^^^^^^^^^^^^^^^^^^^^^^^^^^^^^^^^^^^^^^^^^^^^^^^^^^^^^
  File "/home/airflow/.local/lib/python3.12/site-packages/airflow/models/baseoperator.py", line 400, in wrapper
    return func(self, *args, **kwargs)
           ^^^^^^^^^^^^^^^^^^^^^^^^^^^
  File "/home/airflow/.local/lib/python3.12/site-packages/airflow/operators/python.py", line 235, in execute
    return_value = self.execute_callable()
                   ^^^^^^^^^^^^^^^^^^^^^^^
  File "/home/airflow/.local/lib/python3.12/site-packages/airflow/operators/python.py", line 252, in execute_callable
    return self.python_callable(*self.op_args, **self.op_kwargs)
           ^^^^^^^^^^^^^^^^^^^^^^^^^^^^^^^^^^^^^^^^^^^^^^^^^^^^^
  File "/opt/airflow/dags/ml_pipeline_dag.py", line 21, in load_data
    df = pd.read_csv('data/processed/final_data.csv')
         ^^^^^^^^^^^^^^^^^^^^^^^^^^^^^^^^^^^^^^^^^^^^
  File "/home/airflow/.local/lib/python3.12/site-packages/pandas/io/parsers/readers.py", line 1026, in read_csv
    return _read(filepath_or_buffer, kwds)
           ^^^^^^^^^^^^^^^^^^^^^^^^^^^^^^^
  File "/home/airflow/.local/lib/python3.12/site-packages/pandas/io/parsers/readers.py", line 620, in _read
    parser = TextFileReader(filepath_or_buffer, **kwds)
             ^^^^^^^^^^^^^^^^^^^^^^^^^^^^^^^^^^^^^^^^^^
  File "/home/airflow/.local/lib/python3.12/site-packages/pandas/io/parsers/readers.py", line 1620, in __init__
    self._engine = self._make_engine(f, self.engine)
                   ^^^^^^^^^^^^^^^^^^^^^^^^^^^^^^^^^
  File "/home/airflow/.local/lib/python3.12/site-packages/pandas/io/parsers/readers.py", line 1880, in _make_engine
    self.handles = get_handle(
                   ^^^^^^^^^^^
  File "/home/airflow/.local/lib/python3.12/site-packages/pandas/io/common.py", line 873, in get_handle
    handle = open(
             ^^^^^
FileNotFoundError: [Errno 2] No such file or directory: 'data/processed/final_data.csv'
[2024-04-19T18:38:20.726+0000] {taskinstance.py:1205} INFO - Marking task as UP_FOR_RETRY. dag_id=model_pipeline, task_id=load_data, execution_date=20240419T183816, start_date=20240419T183820, end_date=20240419T183820
[2024-04-19T18:38:20.744+0000] {standard_task_runner.py:110} ERROR - Failed to execute job 60 for task load_data ([Errno 2] No such file or directory: 'data/processed/final_data.csv'; 332)
[2024-04-19T18:38:20.765+0000] {local_task_job_runner.py:240} INFO - Task exited with return code 1
[2024-04-19T18:38:20.802+0000] {taskinstance.py:3482} INFO - 0 downstream tasks scheduled from follow-on schedule check
[2024-04-19T18:38:20.805+0000] {local_task_job_runner.py:222} INFO - ::endgroup::
