[2024-04-23T14:42:48.809+0000] {local_task_job_runner.py:120} INFO - ::group::Pre task execution logs
[2024-04-23T14:42:48.838+0000] {taskinstance.py:2073} INFO - Dependencies all met for dep_context=non-requeueable deps ti=<TaskInstance: model_pipeline.code_quality_check manual__2024-04-23T14:37:41.495316+00:00 [queued]>
[2024-04-23T14:42:48.849+0000] {taskinstance.py:2073} INFO - Dependencies all met for dep_context=requeueable deps ti=<TaskInstance: model_pipeline.code_quality_check manual__2024-04-23T14:37:41.495316+00:00 [queued]>
[2024-04-23T14:42:48.850+0000] {taskinstance.py:2303} INFO - Starting attempt 2 of 2
[2024-04-23T14:42:48.866+0000] {taskinstance.py:2327} INFO - Executing <Task(PythonOperator): code_quality_check> on 2024-04-23 14:37:41.495316+00:00
[2024-04-23T14:42:48.877+0000] {warnings.py:110} WARNING - /home/***/.local/lib/python3.12/site-packages/***/task/task_runner/standard_task_runner.py:61: DeprecationWarning: This process (pid=460) is multi-threaded, use of fork() may lead to deadlocks in the child.
  pid = os.fork()

[2024-04-23T14:42:48.879+0000] {standard_task_runner.py:63} INFO - Started process 469 to run task
[2024-04-23T14:42:48.880+0000] {standard_task_runner.py:90} INFO - Running: ['***', 'tasks', 'run', 'model_pipeline', 'code_quality_check', 'manual__2024-04-23T14:37:41.495316+00:00', '--job-id', '96', '--raw', '--subdir', 'DAGS_FOLDER/ml_pipeline_dag.py', '--cfg-path', '/tmp/tmpj2d3qi0a']
[2024-04-23T14:42:48.881+0000] {standard_task_runner.py:91} INFO - Job 96: Subtask code_quality_check
[2024-04-23T14:42:48.941+0000] {task_command.py:426} INFO - Running <TaskInstance: model_pipeline.code_quality_check manual__2024-04-23T14:37:41.495316+00:00 [running]> on host ec31c9b90297
[2024-04-23T14:42:49.073+0000] {taskinstance.py:2644} INFO - Exporting env vars: AIRFLOW_CTX_DAG_OWNER='***' AIRFLOW_CTX_DAG_ID='model_pipeline' AIRFLOW_CTX_TASK_ID='code_quality_check' AIRFLOW_CTX_EXECUTION_DATE='2024-04-23T14:37:41.495316+00:00' AIRFLOW_CTX_TRY_NUMBER='2' AIRFLOW_CTX_DAG_RUN_ID='manual__2024-04-23T14:37:41.495316+00:00'
[2024-04-23T14:42:49.075+0000] {taskinstance.py:430} INFO - ::endgroup::
[2024-04-23T14:42:49.078+0000] {taskinstance.py:441} INFO - ::group::Post task execution logs
[2024-04-23T14:42:49.079+0000] {taskinstance.py:2890} ERROR - Task failed with exception
Traceback (most recent call last):
  File "/home/airflow/.local/lib/python3.12/site-packages/airflow/models/taskinstance.py", line 465, in _execute_task
    result = _execute_callable(context=context, **execute_callable_kwargs)
             ^^^^^^^^^^^^^^^^^^^^^^^^^^^^^^^^^^^^^^^^^^^^^^^^^^^^^^^^^^^^^
  File "/home/airflow/.local/lib/python3.12/site-packages/airflow/models/taskinstance.py", line 432, in _execute_callable
    return execute_callable(context=context, **execute_callable_kwargs)
           ^^^^^^^^^^^^^^^^^^^^^^^^^^^^^^^^^^^^^^^^^^^^^^^^^^^^^^^^^^^^
  File "/home/airflow/.local/lib/python3.12/site-packages/airflow/models/baseoperator.py", line 400, in wrapper
    return func(self, *args, **kwargs)
           ^^^^^^^^^^^^^^^^^^^^^^^^^^^
  File "/home/airflow/.local/lib/python3.12/site-packages/airflow/operators/python.py", line 235, in execute
    return_value = self.execute_callable()
                   ^^^^^^^^^^^^^^^^^^^^^^^
  File "/home/airflow/.local/lib/python3.12/site-packages/airflow/operators/python.py", line 252, in execute_callable
    return self.python_callable(*self.op_args, **self.op_kwargs)
           ^^^^^^^^^^^^^^^^^^^^^^^^^^^^^^^^^^^^^^^^^^^^^^^^^^^^^
  File "/opt/airflow/dags/ml_pipeline_dag.py", line 28, in code_quality_check
    result = subprocess.run(['flake8', __file__], stdout=subprocess.PIPE, stderr=subprocess.PIPE)
             ^^^^^^^^^^^^^^^^^^^^^^^^^^^^^^^^^^^^^^^^^^^^^^^^^^^^^^^^^^^^^^^^^^^^^^^^^^^^^^^^^^^^
  File "/usr/local/lib/python3.12/subprocess.py", line 548, in run
    with Popen(*popenargs, **kwargs) as process:
         ^^^^^^^^^^^^^^^^^^^^^^^^^^^
  File "/usr/local/lib/python3.12/subprocess.py", line 1026, in __init__
    self._execute_child(args, executable, preexec_fn, close_fds,
  File "/usr/local/lib/python3.12/subprocess.py", line 1953, in _execute_child
    raise child_exception_type(errno_num, err_msg, err_filename)
PermissionError: [Errno 13] Permission denied: 'flake8'
[2024-04-23T14:42:49.095+0000] {taskinstance.py:1205} INFO - Marking task as FAILED. dag_id=model_pipeline, task_id=code_quality_check, execution_date=20240423T143741, start_date=20240423T144248, end_date=20240423T144249
[2024-04-23T14:42:49.115+0000] {standard_task_runner.py:110} ERROR - Failed to execute job 96 for task code_quality_check ([Errno 13] Permission denied: 'flake8'; 469)
[2024-04-23T14:42:49.136+0000] {local_task_job_runner.py:240} INFO - Task exited with return code 1
[2024-04-23T14:42:49.170+0000] {taskinstance.py:3482} INFO - 0 downstream tasks scheduled from follow-on schedule check
[2024-04-23T14:42:49.176+0000] {local_task_job_runner.py:222} INFO - ::endgroup::
