[2024-04-11T14:26:36.068+0000] {processor.py:161} INFO - Started process (PID=71) to work on /home/airflow/.local/lib/python3.12/site-packages/airflow/example_dags/example_branch_operator_decorator.py
[2024-04-11T14:26:36.070+0000] {processor.py:830} INFO - Processing file /home/airflow/.local/lib/python3.12/site-packages/airflow/example_dags/example_branch_operator_decorator.py for tasks to queue
[2024-04-11T14:26:36.073+0000] {logging_mixin.py:188} INFO - [2024-04-11T14:26:36.073+0000] {dagbag.py:540} INFO - Filling up the DagBag from /home/airflow/.local/lib/python3.12/site-packages/airflow/example_dags/example_branch_operator_decorator.py
[2024-04-11T14:26:36.114+0000] {processor.py:840} INFO - DAG(s) 'example_branch_python_operator_decorator' retrieved from /home/airflow/.local/lib/python3.12/site-packages/airflow/example_dags/example_branch_operator_decorator.py
[2024-04-11T14:26:36.377+0000] {logging_mixin.py:188} INFO - [2024-04-11T14:26:36.377+0000] {dag.py:3096} INFO - Sync 1 DAGs
[2024-04-11T14:26:36.421+0000] {logging_mixin.py:188} INFO - [2024-04-11T14:26:36.421+0000] {dag.py:3954} INFO - Setting next_dagrun for example_branch_python_operator_decorator to 2024-04-10 00:00:00+00:00, run_after=2024-04-11 00:00:00+00:00
[2024-04-11T14:26:36.466+0000] {processor.py:183} INFO - Processing /home/airflow/.local/lib/python3.12/site-packages/airflow/example_dags/example_branch_operator_decorator.py took 0.411 seconds
[2024-04-11T14:27:06.552+0000] {processor.py:161} INFO - Started process (PID=129) to work on /home/airflow/.local/lib/python3.12/site-packages/airflow/example_dags/example_branch_operator_decorator.py
[2024-04-11T14:27:06.553+0000] {processor.py:830} INFO - Processing file /home/airflow/.local/lib/python3.12/site-packages/airflow/example_dags/example_branch_operator_decorator.py for tasks to queue
[2024-04-11T14:27:06.556+0000] {logging_mixin.py:188} INFO - [2024-04-11T14:27:06.556+0000] {dagbag.py:540} INFO - Filling up the DagBag from /home/airflow/.local/lib/python3.12/site-packages/airflow/example_dags/example_branch_operator_decorator.py
[2024-04-11T14:27:06.585+0000] {processor.py:840} INFO - DAG(s) 'example_branch_python_operator_decorator' retrieved from /home/airflow/.local/lib/python3.12/site-packages/airflow/example_dags/example_branch_operator_decorator.py
[2024-04-11T14:27:06.626+0000] {logging_mixin.py:188} INFO - [2024-04-11T14:27:06.626+0000] {dag.py:3096} INFO - Sync 1 DAGs
[2024-04-11T14:27:06.657+0000] {logging_mixin.py:188} INFO - [2024-04-11T14:27:06.657+0000] {dag.py:3954} INFO - Setting next_dagrun for example_branch_python_operator_decorator to 2024-04-10 00:00:00+00:00, run_after=2024-04-11 00:00:00+00:00
[2024-04-11T14:27:06.684+0000] {processor.py:183} INFO - Processing /home/airflow/.local/lib/python3.12/site-packages/airflow/example_dags/example_branch_operator_decorator.py took 0.141 seconds
[2024-04-11T14:27:36.948+0000] {processor.py:161} INFO - Started process (PID=187) to work on /home/airflow/.local/lib/python3.12/site-packages/airflow/example_dags/example_branch_operator_decorator.py
[2024-04-11T14:27:36.949+0000] {processor.py:830} INFO - Processing file /home/airflow/.local/lib/python3.12/site-packages/airflow/example_dags/example_branch_operator_decorator.py for tasks to queue
[2024-04-11T14:27:36.953+0000] {logging_mixin.py:188} INFO - [2024-04-11T14:27:36.952+0000] {dagbag.py:540} INFO - Filling up the DagBag from /home/airflow/.local/lib/python3.12/site-packages/airflow/example_dags/example_branch_operator_decorator.py
[2024-04-11T14:27:36.982+0000] {processor.py:840} INFO - DAG(s) 'example_branch_python_operator_decorator' retrieved from /home/airflow/.local/lib/python3.12/site-packages/airflow/example_dags/example_branch_operator_decorator.py
[2024-04-11T14:27:37.026+0000] {logging_mixin.py:188} INFO - [2024-04-11T14:27:37.026+0000] {dag.py:3096} INFO - Sync 1 DAGs
[2024-04-11T14:27:37.058+0000] {logging_mixin.py:188} INFO - [2024-04-11T14:27:37.058+0000] {dag.py:3954} INFO - Setting next_dagrun for example_branch_python_operator_decorator to 2024-04-10 00:00:00+00:00, run_after=2024-04-11 00:00:00+00:00
[2024-04-11T14:27:37.087+0000] {processor.py:183} INFO - Processing /home/airflow/.local/lib/python3.12/site-packages/airflow/example_dags/example_branch_operator_decorator.py took 0.149 seconds
[2024-04-11T14:28:07.200+0000] {processor.py:161} INFO - Started process (PID=245) to work on /home/airflow/.local/lib/python3.12/site-packages/airflow/example_dags/example_branch_operator_decorator.py
[2024-04-11T14:28:07.201+0000] {processor.py:830} INFO - Processing file /home/airflow/.local/lib/python3.12/site-packages/airflow/example_dags/example_branch_operator_decorator.py for tasks to queue
[2024-04-11T14:28:07.205+0000] {logging_mixin.py:188} INFO - [2024-04-11T14:28:07.204+0000] {dagbag.py:540} INFO - Filling up the DagBag from /home/airflow/.local/lib/python3.12/site-packages/airflow/example_dags/example_branch_operator_decorator.py
[2024-04-11T14:28:07.235+0000] {processor.py:840} INFO - DAG(s) 'example_branch_python_operator_decorator' retrieved from /home/airflow/.local/lib/python3.12/site-packages/airflow/example_dags/example_branch_operator_decorator.py
[2024-04-11T14:28:07.275+0000] {logging_mixin.py:188} INFO - [2024-04-11T14:28:07.275+0000] {dag.py:3096} INFO - Sync 1 DAGs
[2024-04-11T14:28:07.308+0000] {logging_mixin.py:188} INFO - [2024-04-11T14:28:07.307+0000] {dag.py:3954} INFO - Setting next_dagrun for example_branch_python_operator_decorator to 2024-04-10 00:00:00+00:00, run_after=2024-04-11 00:00:00+00:00
[2024-04-11T14:28:07.337+0000] {processor.py:183} INFO - Processing /home/airflow/.local/lib/python3.12/site-packages/airflow/example_dags/example_branch_operator_decorator.py took 0.146 seconds
[2024-04-11T14:28:38.242+0000] {processor.py:161} INFO - Started process (PID=303) to work on /home/airflow/.local/lib/python3.12/site-packages/airflow/example_dags/example_branch_operator_decorator.py
[2024-04-11T14:28:38.243+0000] {processor.py:830} INFO - Processing file /home/airflow/.local/lib/python3.12/site-packages/airflow/example_dags/example_branch_operator_decorator.py for tasks to queue
[2024-04-11T14:28:38.246+0000] {logging_mixin.py:188} INFO - [2024-04-11T14:28:38.246+0000] {dagbag.py:540} INFO - Filling up the DagBag from /home/airflow/.local/lib/python3.12/site-packages/airflow/example_dags/example_branch_operator_decorator.py
[2024-04-11T14:28:38.274+0000] {processor.py:840} INFO - DAG(s) 'example_branch_python_operator_decorator' retrieved from /home/airflow/.local/lib/python3.12/site-packages/airflow/example_dags/example_branch_operator_decorator.py
[2024-04-11T14:28:38.313+0000] {logging_mixin.py:188} INFO - [2024-04-11T14:28:38.313+0000] {dag.py:3096} INFO - Sync 1 DAGs
[2024-04-11T14:28:38.346+0000] {logging_mixin.py:188} INFO - [2024-04-11T14:28:38.346+0000] {dag.py:3954} INFO - Setting next_dagrun for example_branch_python_operator_decorator to 2024-04-10 00:00:00+00:00, run_after=2024-04-11 00:00:00+00:00
[2024-04-11T14:28:38.375+0000] {processor.py:183} INFO - Processing /home/airflow/.local/lib/python3.12/site-packages/airflow/example_dags/example_branch_operator_decorator.py took 0.142 seconds
[2024-04-11T14:29:08.486+0000] {processor.py:161} INFO - Started process (PID=360) to work on /home/airflow/.local/lib/python3.12/site-packages/airflow/example_dags/example_branch_operator_decorator.py
[2024-04-11T14:29:08.487+0000] {processor.py:830} INFO - Processing file /home/airflow/.local/lib/python3.12/site-packages/airflow/example_dags/example_branch_operator_decorator.py for tasks to queue
[2024-04-11T14:29:08.490+0000] {logging_mixin.py:188} INFO - [2024-04-11T14:29:08.490+0000] {dagbag.py:540} INFO - Filling up the DagBag from /home/airflow/.local/lib/python3.12/site-packages/airflow/example_dags/example_branch_operator_decorator.py
[2024-04-11T14:29:08.518+0000] {processor.py:840} INFO - DAG(s) 'example_branch_python_operator_decorator' retrieved from /home/airflow/.local/lib/python3.12/site-packages/airflow/example_dags/example_branch_operator_decorator.py
[2024-04-11T14:29:08.557+0000] {logging_mixin.py:188} INFO - [2024-04-11T14:29:08.557+0000] {dag.py:3096} INFO - Sync 1 DAGs
[2024-04-11T14:29:08.590+0000] {logging_mixin.py:188} INFO - [2024-04-11T14:29:08.589+0000] {dag.py:3954} INFO - Setting next_dagrun for example_branch_python_operator_decorator to 2024-04-10 00:00:00+00:00, run_after=2024-04-11 00:00:00+00:00
[2024-04-11T14:29:08.617+0000] {processor.py:183} INFO - Processing /home/airflow/.local/lib/python3.12/site-packages/airflow/example_dags/example_branch_operator_decorator.py took 0.140 seconds
[2024-04-11T14:29:38.858+0000] {processor.py:161} INFO - Started process (PID=418) to work on /home/airflow/.local/lib/python3.12/site-packages/airflow/example_dags/example_branch_operator_decorator.py
[2024-04-11T14:29:38.860+0000] {processor.py:830} INFO - Processing file /home/airflow/.local/lib/python3.12/site-packages/airflow/example_dags/example_branch_operator_decorator.py for tasks to queue
[2024-04-11T14:29:38.863+0000] {logging_mixin.py:188} INFO - [2024-04-11T14:29:38.862+0000] {dagbag.py:540} INFO - Filling up the DagBag from /home/airflow/.local/lib/python3.12/site-packages/airflow/example_dags/example_branch_operator_decorator.py
[2024-04-11T14:29:38.892+0000] {processor.py:840} INFO - DAG(s) 'example_branch_python_operator_decorator' retrieved from /home/airflow/.local/lib/python3.12/site-packages/airflow/example_dags/example_branch_operator_decorator.py
[2024-04-11T14:29:38.932+0000] {logging_mixin.py:188} INFO - [2024-04-11T14:29:38.931+0000] {dag.py:3096} INFO - Sync 1 DAGs
[2024-04-11T14:29:38.962+0000] {logging_mixin.py:188} INFO - [2024-04-11T14:29:38.962+0000] {dag.py:3954} INFO - Setting next_dagrun for example_branch_python_operator_decorator to 2024-04-10 00:00:00+00:00, run_after=2024-04-11 00:00:00+00:00
[2024-04-11T14:29:38.990+0000] {processor.py:183} INFO - Processing /home/airflow/.local/lib/python3.12/site-packages/airflow/example_dags/example_branch_operator_decorator.py took 0.141 seconds
[2024-04-11T14:30:09.145+0000] {processor.py:161} INFO - Started process (PID=476) to work on /home/airflow/.local/lib/python3.12/site-packages/airflow/example_dags/example_branch_operator_decorator.py
[2024-04-11T14:30:09.147+0000] {processor.py:830} INFO - Processing file /home/airflow/.local/lib/python3.12/site-packages/airflow/example_dags/example_branch_operator_decorator.py for tasks to queue
[2024-04-11T14:30:09.150+0000] {logging_mixin.py:188} INFO - [2024-04-11T14:30:09.149+0000] {dagbag.py:540} INFO - Filling up the DagBag from /home/airflow/.local/lib/python3.12/site-packages/airflow/example_dags/example_branch_operator_decorator.py
[2024-04-11T14:30:09.177+0000] {processor.py:840} INFO - DAG(s) 'example_branch_python_operator_decorator' retrieved from /home/airflow/.local/lib/python3.12/site-packages/airflow/example_dags/example_branch_operator_decorator.py
[2024-04-11T14:30:09.216+0000] {logging_mixin.py:188} INFO - [2024-04-11T14:30:09.215+0000] {dag.py:3096} INFO - Sync 1 DAGs
[2024-04-11T14:30:09.246+0000] {logging_mixin.py:188} INFO - [2024-04-11T14:30:09.246+0000] {dag.py:3954} INFO - Setting next_dagrun for example_branch_python_operator_decorator to 2024-04-10 00:00:00+00:00, run_after=2024-04-11 00:00:00+00:00
[2024-04-11T14:30:09.273+0000] {processor.py:183} INFO - Processing /home/airflow/.local/lib/python3.12/site-packages/airflow/example_dags/example_branch_operator_decorator.py took 0.137 seconds
[2024-04-11T14:30:39.741+0000] {processor.py:161} INFO - Started process (PID=534) to work on /home/airflow/.local/lib/python3.12/site-packages/airflow/example_dags/example_branch_operator_decorator.py
[2024-04-11T14:30:39.743+0000] {processor.py:830} INFO - Processing file /home/airflow/.local/lib/python3.12/site-packages/airflow/example_dags/example_branch_operator_decorator.py for tasks to queue
[2024-04-11T14:30:39.746+0000] {logging_mixin.py:188} INFO - [2024-04-11T14:30:39.745+0000] {dagbag.py:540} INFO - Filling up the DagBag from /home/airflow/.local/lib/python3.12/site-packages/airflow/example_dags/example_branch_operator_decorator.py
[2024-04-11T14:30:39.774+0000] {processor.py:840} INFO - DAG(s) 'example_branch_python_operator_decorator' retrieved from /home/airflow/.local/lib/python3.12/site-packages/airflow/example_dags/example_branch_operator_decorator.py
[2024-04-11T14:30:39.814+0000] {logging_mixin.py:188} INFO - [2024-04-11T14:30:39.814+0000] {dag.py:3096} INFO - Sync 1 DAGs
[2024-04-11T14:30:39.848+0000] {logging_mixin.py:188} INFO - [2024-04-11T14:30:39.848+0000] {dag.py:3954} INFO - Setting next_dagrun for example_branch_python_operator_decorator to 2024-04-10 00:00:00+00:00, run_after=2024-04-11 00:00:00+00:00
[2024-04-11T14:30:39.881+0000] {processor.py:183} INFO - Processing /home/airflow/.local/lib/python3.12/site-packages/airflow/example_dags/example_branch_operator_decorator.py took 0.148 seconds
[2024-04-11T14:31:10.523+0000] {processor.py:161} INFO - Started process (PID=592) to work on /home/airflow/.local/lib/python3.12/site-packages/airflow/example_dags/example_branch_operator_decorator.py
[2024-04-11T14:31:10.525+0000] {processor.py:830} INFO - Processing file /home/airflow/.local/lib/python3.12/site-packages/airflow/example_dags/example_branch_operator_decorator.py for tasks to queue
[2024-04-11T14:31:10.528+0000] {logging_mixin.py:188} INFO - [2024-04-11T14:31:10.527+0000] {dagbag.py:540} INFO - Filling up the DagBag from /home/airflow/.local/lib/python3.12/site-packages/airflow/example_dags/example_branch_operator_decorator.py
[2024-04-11T14:31:10.555+0000] {processor.py:840} INFO - DAG(s) 'example_branch_python_operator_decorator' retrieved from /home/airflow/.local/lib/python3.12/site-packages/airflow/example_dags/example_branch_operator_decorator.py
[2024-04-11T14:31:10.596+0000] {logging_mixin.py:188} INFO - [2024-04-11T14:31:10.595+0000] {dag.py:3096} INFO - Sync 1 DAGs
[2024-04-11T14:31:10.626+0000] {logging_mixin.py:188} INFO - [2024-04-11T14:31:10.626+0000] {dag.py:3954} INFO - Setting next_dagrun for example_branch_python_operator_decorator to 2024-04-10 00:00:00+00:00, run_after=2024-04-11 00:00:00+00:00
[2024-04-11T14:31:10.653+0000] {processor.py:183} INFO - Processing /home/airflow/.local/lib/python3.12/site-packages/airflow/example_dags/example_branch_operator_decorator.py took 0.139 seconds
[2024-04-11T14:31:41.122+0000] {processor.py:161} INFO - Started process (PID=650) to work on /home/airflow/.local/lib/python3.12/site-packages/airflow/example_dags/example_branch_operator_decorator.py
[2024-04-11T14:31:41.123+0000] {processor.py:830} INFO - Processing file /home/airflow/.local/lib/python3.12/site-packages/airflow/example_dags/example_branch_operator_decorator.py for tasks to queue
[2024-04-11T14:31:41.127+0000] {logging_mixin.py:188} INFO - [2024-04-11T14:31:41.126+0000] {dagbag.py:540} INFO - Filling up the DagBag from /home/airflow/.local/lib/python3.12/site-packages/airflow/example_dags/example_branch_operator_decorator.py
[2024-04-11T14:31:41.157+0000] {processor.py:840} INFO - DAG(s) 'example_branch_python_operator_decorator' retrieved from /home/airflow/.local/lib/python3.12/site-packages/airflow/example_dags/example_branch_operator_decorator.py
[2024-04-11T14:31:41.201+0000] {logging_mixin.py:188} INFO - [2024-04-11T14:31:41.201+0000] {dag.py:3096} INFO - Sync 1 DAGs
[2024-04-11T14:31:41.236+0000] {logging_mixin.py:188} INFO - [2024-04-11T14:31:41.236+0000] {dag.py:3954} INFO - Setting next_dagrun for example_branch_python_operator_decorator to 2024-04-10 00:00:00+00:00, run_after=2024-04-11 00:00:00+00:00
[2024-04-11T14:31:41.265+0000] {processor.py:183} INFO - Processing /home/airflow/.local/lib/python3.12/site-packages/airflow/example_dags/example_branch_operator_decorator.py took 0.152 seconds
[2024-04-11T14:32:12.196+0000] {processor.py:161} INFO - Started process (PID=708) to work on /home/airflow/.local/lib/python3.12/site-packages/airflow/example_dags/example_branch_operator_decorator.py
[2024-04-11T14:32:12.197+0000] {processor.py:830} INFO - Processing file /home/airflow/.local/lib/python3.12/site-packages/airflow/example_dags/example_branch_operator_decorator.py for tasks to queue
[2024-04-11T14:32:12.200+0000] {logging_mixin.py:188} INFO - [2024-04-11T14:32:12.200+0000] {dagbag.py:540} INFO - Filling up the DagBag from /home/airflow/.local/lib/python3.12/site-packages/airflow/example_dags/example_branch_operator_decorator.py
[2024-04-11T14:32:12.231+0000] {processor.py:840} INFO - DAG(s) 'example_branch_python_operator_decorator' retrieved from /home/airflow/.local/lib/python3.12/site-packages/airflow/example_dags/example_branch_operator_decorator.py
[2024-04-11T14:32:12.279+0000] {logging_mixin.py:188} INFO - [2024-04-11T14:32:12.279+0000] {dag.py:3096} INFO - Sync 1 DAGs
[2024-04-11T14:32:12.323+0000] {logging_mixin.py:188} INFO - [2024-04-11T14:32:12.323+0000] {dag.py:3954} INFO - Setting next_dagrun for example_branch_python_operator_decorator to 2024-04-10 00:00:00+00:00, run_after=2024-04-11 00:00:00+00:00
[2024-04-11T14:32:12.359+0000] {processor.py:183} INFO - Processing /home/airflow/.local/lib/python3.12/site-packages/airflow/example_dags/example_branch_operator_decorator.py took 0.172 seconds
[2024-04-11T14:32:43.031+0000] {processor.py:161} INFO - Started process (PID=766) to work on /home/airflow/.local/lib/python3.12/site-packages/airflow/example_dags/example_branch_operator_decorator.py
[2024-04-11T14:32:43.033+0000] {processor.py:830} INFO - Processing file /home/airflow/.local/lib/python3.12/site-packages/airflow/example_dags/example_branch_operator_decorator.py for tasks to queue
[2024-04-11T14:32:43.036+0000] {logging_mixin.py:188} INFO - [2024-04-11T14:32:43.036+0000] {dagbag.py:540} INFO - Filling up the DagBag from /home/airflow/.local/lib/python3.12/site-packages/airflow/example_dags/example_branch_operator_decorator.py
[2024-04-11T14:32:43.065+0000] {processor.py:840} INFO - DAG(s) 'example_branch_python_operator_decorator' retrieved from /home/airflow/.local/lib/python3.12/site-packages/airflow/example_dags/example_branch_operator_decorator.py
[2024-04-11T14:32:43.142+0000] {logging_mixin.py:188} INFO - [2024-04-11T14:32:43.141+0000] {dag.py:3096} INFO - Sync 1 DAGs
[2024-04-11T14:32:43.194+0000] {logging_mixin.py:188} INFO - [2024-04-11T14:32:43.193+0000] {dag.py:3954} INFO - Setting next_dagrun for example_branch_python_operator_decorator to 2024-04-10 00:00:00+00:00, run_after=2024-04-11 00:00:00+00:00
[2024-04-11T14:32:43.238+0000] {processor.py:183} INFO - Processing /home/airflow/.local/lib/python3.12/site-packages/airflow/example_dags/example_branch_operator_decorator.py took 0.216 seconds
[2024-04-11T14:33:13.941+0000] {processor.py:161} INFO - Started process (PID=824) to work on /home/airflow/.local/lib/python3.12/site-packages/airflow/example_dags/example_branch_operator_decorator.py
[2024-04-11T14:33:13.943+0000] {processor.py:830} INFO - Processing file /home/airflow/.local/lib/python3.12/site-packages/airflow/example_dags/example_branch_operator_decorator.py for tasks to queue
[2024-04-11T14:33:13.946+0000] {logging_mixin.py:188} INFO - [2024-04-11T14:33:13.945+0000] {dagbag.py:540} INFO - Filling up the DagBag from /home/airflow/.local/lib/python3.12/site-packages/airflow/example_dags/example_branch_operator_decorator.py
[2024-04-11T14:33:13.983+0000] {processor.py:840} INFO - DAG(s) 'example_branch_python_operator_decorator' retrieved from /home/airflow/.local/lib/python3.12/site-packages/airflow/example_dags/example_branch_operator_decorator.py
[2024-04-11T14:33:14.032+0000] {logging_mixin.py:188} INFO - [2024-04-11T14:33:14.031+0000] {dag.py:3096} INFO - Sync 1 DAGs
[2024-04-11T14:33:14.065+0000] {logging_mixin.py:188} INFO - [2024-04-11T14:33:14.064+0000] {dag.py:3954} INFO - Setting next_dagrun for example_branch_python_operator_decorator to 2024-04-10 00:00:00+00:00, run_after=2024-04-11 00:00:00+00:00
[2024-04-11T14:33:14.095+0000] {processor.py:183} INFO - Processing /home/airflow/.local/lib/python3.12/site-packages/airflow/example_dags/example_branch_operator_decorator.py took 0.162 seconds
[2024-04-11T14:33:44.226+0000] {processor.py:161} INFO - Started process (PID=882) to work on /home/airflow/.local/lib/python3.12/site-packages/airflow/example_dags/example_branch_operator_decorator.py
[2024-04-11T14:33:44.229+0000] {processor.py:830} INFO - Processing file /home/airflow/.local/lib/python3.12/site-packages/airflow/example_dags/example_branch_operator_decorator.py for tasks to queue
[2024-04-11T14:33:44.234+0000] {logging_mixin.py:188} INFO - [2024-04-11T14:33:44.233+0000] {dagbag.py:540} INFO - Filling up the DagBag from /home/airflow/.local/lib/python3.12/site-packages/airflow/example_dags/example_branch_operator_decorator.py
[2024-04-11T14:33:44.286+0000] {processor.py:840} INFO - DAG(s) 'example_branch_python_operator_decorator' retrieved from /home/airflow/.local/lib/python3.12/site-packages/airflow/example_dags/example_branch_operator_decorator.py
[2024-04-11T14:33:44.355+0000] {logging_mixin.py:188} INFO - [2024-04-11T14:33:44.354+0000] {dag.py:3096} INFO - Sync 1 DAGs
[2024-04-11T14:33:44.426+0000] {logging_mixin.py:188} INFO - [2024-04-11T14:33:44.426+0000] {dag.py:3954} INFO - Setting next_dagrun for example_branch_python_operator_decorator to 2024-04-10 00:00:00+00:00, run_after=2024-04-11 00:00:00+00:00
[2024-04-11T14:33:44.468+0000] {processor.py:183} INFO - Processing /home/airflow/.local/lib/python3.12/site-packages/airflow/example_dags/example_branch_operator_decorator.py took 0.257 seconds
[2024-04-11T14:34:15.031+0000] {processor.py:161} INFO - Started process (PID=940) to work on /home/airflow/.local/lib/python3.12/site-packages/airflow/example_dags/example_branch_operator_decorator.py
[2024-04-11T14:34:15.032+0000] {processor.py:830} INFO - Processing file /home/airflow/.local/lib/python3.12/site-packages/airflow/example_dags/example_branch_operator_decorator.py for tasks to queue
[2024-04-11T14:34:15.035+0000] {logging_mixin.py:188} INFO - [2024-04-11T14:34:15.035+0000] {dagbag.py:540} INFO - Filling up the DagBag from /home/airflow/.local/lib/python3.12/site-packages/airflow/example_dags/example_branch_operator_decorator.py
[2024-04-11T14:34:15.064+0000] {processor.py:840} INFO - DAG(s) 'example_branch_python_operator_decorator' retrieved from /home/airflow/.local/lib/python3.12/site-packages/airflow/example_dags/example_branch_operator_decorator.py
[2024-04-11T14:34:15.106+0000] {logging_mixin.py:188} INFO - [2024-04-11T14:34:15.106+0000] {dag.py:3096} INFO - Sync 1 DAGs
[2024-04-11T14:34:15.139+0000] {logging_mixin.py:188} INFO - [2024-04-11T14:34:15.139+0000] {dag.py:3954} INFO - Setting next_dagrun for example_branch_python_operator_decorator to 2024-04-10 00:00:00+00:00, run_after=2024-04-11 00:00:00+00:00
[2024-04-11T14:34:15.169+0000] {processor.py:183} INFO - Processing /home/airflow/.local/lib/python3.12/site-packages/airflow/example_dags/example_branch_operator_decorator.py took 0.147 seconds
[2024-04-11T14:34:45.710+0000] {processor.py:161} INFO - Started process (PID=998) to work on /home/airflow/.local/lib/python3.12/site-packages/airflow/example_dags/example_branch_operator_decorator.py
[2024-04-11T14:34:45.712+0000] {processor.py:830} INFO - Processing file /home/airflow/.local/lib/python3.12/site-packages/airflow/example_dags/example_branch_operator_decorator.py for tasks to queue
[2024-04-11T14:34:45.716+0000] {logging_mixin.py:188} INFO - [2024-04-11T14:34:45.715+0000] {dagbag.py:540} INFO - Filling up the DagBag from /home/airflow/.local/lib/python3.12/site-packages/airflow/example_dags/example_branch_operator_decorator.py
[2024-04-11T14:34:45.746+0000] {processor.py:840} INFO - DAG(s) 'example_branch_python_operator_decorator' retrieved from /home/airflow/.local/lib/python3.12/site-packages/airflow/example_dags/example_branch_operator_decorator.py
[2024-04-11T14:34:45.790+0000] {logging_mixin.py:188} INFO - [2024-04-11T14:34:45.790+0000] {dag.py:3096} INFO - Sync 1 DAGs
[2024-04-11T14:34:45.973+0000] {logging_mixin.py:188} INFO - [2024-04-11T14:34:45.972+0000] {dag.py:3954} INFO - Setting next_dagrun for example_branch_python_operator_decorator to 2024-04-10 00:00:00+00:00, run_after=2024-04-11 00:00:00+00:00
[2024-04-11T14:34:45.998+0000] {processor.py:183} INFO - Processing /home/airflow/.local/lib/python3.12/site-packages/airflow/example_dags/example_branch_operator_decorator.py took 0.302 seconds
[2024-04-11T14:35:16.456+0000] {processor.py:161} INFO - Started process (PID=1056) to work on /home/airflow/.local/lib/python3.12/site-packages/airflow/example_dags/example_branch_operator_decorator.py
[2024-04-11T14:35:16.458+0000] {processor.py:830} INFO - Processing file /home/airflow/.local/lib/python3.12/site-packages/airflow/example_dags/example_branch_operator_decorator.py for tasks to queue
[2024-04-11T14:35:16.461+0000] {logging_mixin.py:188} INFO - [2024-04-11T14:35:16.460+0000] {dagbag.py:540} INFO - Filling up the DagBag from /home/airflow/.local/lib/python3.12/site-packages/airflow/example_dags/example_branch_operator_decorator.py
[2024-04-11T14:35:16.490+0000] {processor.py:840} INFO - DAG(s) 'example_branch_python_operator_decorator' retrieved from /home/airflow/.local/lib/python3.12/site-packages/airflow/example_dags/example_branch_operator_decorator.py
[2024-04-11T14:35:16.531+0000] {logging_mixin.py:188} INFO - [2024-04-11T14:35:16.531+0000] {dag.py:3096} INFO - Sync 1 DAGs
[2024-04-11T14:35:16.563+0000] {logging_mixin.py:188} INFO - [2024-04-11T14:35:16.562+0000] {dag.py:3954} INFO - Setting next_dagrun for example_branch_python_operator_decorator to 2024-04-10 00:00:00+00:00, run_after=2024-04-11 00:00:00+00:00
[2024-04-11T14:35:16.589+0000] {processor.py:183} INFO - Processing /home/airflow/.local/lib/python3.12/site-packages/airflow/example_dags/example_branch_operator_decorator.py took 0.142 seconds
[2024-04-11T14:35:46.756+0000] {processor.py:161} INFO - Started process (PID=1114) to work on /home/airflow/.local/lib/python3.12/site-packages/airflow/example_dags/example_branch_operator_decorator.py
[2024-04-11T14:35:46.758+0000] {processor.py:830} INFO - Processing file /home/airflow/.local/lib/python3.12/site-packages/airflow/example_dags/example_branch_operator_decorator.py for tasks to queue
[2024-04-11T14:35:46.761+0000] {logging_mixin.py:188} INFO - [2024-04-11T14:35:46.760+0000] {dagbag.py:540} INFO - Filling up the DagBag from /home/airflow/.local/lib/python3.12/site-packages/airflow/example_dags/example_branch_operator_decorator.py
[2024-04-11T14:35:46.947+0000] {processor.py:840} INFO - DAG(s) 'example_branch_python_operator_decorator' retrieved from /home/airflow/.local/lib/python3.12/site-packages/airflow/example_dags/example_branch_operator_decorator.py
[2024-04-11T14:35:46.987+0000] {logging_mixin.py:188} INFO - [2024-04-11T14:35:46.986+0000] {dag.py:3096} INFO - Sync 1 DAGs
[2024-04-11T14:35:47.016+0000] {logging_mixin.py:188} INFO - [2024-04-11T14:35:47.015+0000] {dag.py:3954} INFO - Setting next_dagrun for example_branch_python_operator_decorator to 2024-04-10 00:00:00+00:00, run_after=2024-04-11 00:00:00+00:00
[2024-04-11T14:35:47.045+0000] {processor.py:183} INFO - Processing /home/airflow/.local/lib/python3.12/site-packages/airflow/example_dags/example_branch_operator_decorator.py took 0.297 seconds
[2024-04-11T14:36:17.716+0000] {processor.py:161} INFO - Started process (PID=1172) to work on /home/airflow/.local/lib/python3.12/site-packages/airflow/example_dags/example_branch_operator_decorator.py
[2024-04-11T14:36:17.717+0000] {processor.py:830} INFO - Processing file /home/airflow/.local/lib/python3.12/site-packages/airflow/example_dags/example_branch_operator_decorator.py for tasks to queue
[2024-04-11T14:36:17.720+0000] {logging_mixin.py:188} INFO - [2024-04-11T14:36:17.720+0000] {dagbag.py:540} INFO - Filling up the DagBag from /home/airflow/.local/lib/python3.12/site-packages/airflow/example_dags/example_branch_operator_decorator.py
[2024-04-11T14:36:17.748+0000] {processor.py:840} INFO - DAG(s) 'example_branch_python_operator_decorator' retrieved from /home/airflow/.local/lib/python3.12/site-packages/airflow/example_dags/example_branch_operator_decorator.py
[2024-04-11T14:36:17.788+0000] {logging_mixin.py:188} INFO - [2024-04-11T14:36:17.788+0000] {dag.py:3096} INFO - Sync 1 DAGs
[2024-04-11T14:36:17.819+0000] {logging_mixin.py:188} INFO - [2024-04-11T14:36:17.819+0000] {dag.py:3954} INFO - Setting next_dagrun for example_branch_python_operator_decorator to 2024-04-10 00:00:00+00:00, run_after=2024-04-11 00:00:00+00:00
[2024-04-11T14:36:17.850+0000] {processor.py:183} INFO - Processing /home/airflow/.local/lib/python3.12/site-packages/airflow/example_dags/example_branch_operator_decorator.py took 0.142 seconds
