[2024-04-11T14:26:31.229+0000] {processor.py:161} INFO - Started process (PID=41) to work on /home/airflow/.local/lib/python3.12/site-packages/airflow/example_dags/example_local_kubernetes_executor.py
[2024-04-11T14:26:31.231+0000] {processor.py:830} INFO - Processing file /home/airflow/.local/lib/python3.12/site-packages/airflow/example_dags/example_local_kubernetes_executor.py for tasks to queue
[2024-04-11T14:26:31.235+0000] {logging_mixin.py:188} INFO - [2024-04-11T14:26:31.235+0000] {dagbag.py:540} INFO - Filling up the DagBag from /home/airflow/.local/lib/python3.12/site-packages/airflow/example_dags/example_local_kubernetes_executor.py
[2024-04-11T14:26:31.258+0000] {processor.py:840} INFO - DAG(s) 'example_local_kubernetes_executor' retrieved from /home/airflow/.local/lib/python3.12/site-packages/airflow/example_dags/example_local_kubernetes_executor.py
[2024-04-11T14:26:31.459+0000] {logging_mixin.py:188} INFO - [2024-04-11T14:26:31.458+0000] {dag.py:3096} INFO - Sync 1 DAGs
[2024-04-11T14:26:31.476+0000] {logging_mixin.py:188} INFO - [2024-04-11T14:26:31.476+0000] {dag.py:3954} INFO - Setting next_dagrun for example_local_kubernetes_executor to None, run_after=None
[2024-04-11T14:26:31.509+0000] {processor.py:183} INFO - Processing /home/airflow/.local/lib/python3.12/site-packages/airflow/example_dags/example_local_kubernetes_executor.py took 0.293 seconds
[2024-04-11T14:27:02.423+0000] {processor.py:161} INFO - Started process (PID=99) to work on /home/airflow/.local/lib/python3.12/site-packages/airflow/example_dags/example_local_kubernetes_executor.py
[2024-04-11T14:27:02.425+0000] {processor.py:830} INFO - Processing file /home/airflow/.local/lib/python3.12/site-packages/airflow/example_dags/example_local_kubernetes_executor.py for tasks to queue
[2024-04-11T14:27:02.428+0000] {logging_mixin.py:188} INFO - [2024-04-11T14:27:02.427+0000] {dagbag.py:540} INFO - Filling up the DagBag from /home/airflow/.local/lib/python3.12/site-packages/airflow/example_dags/example_local_kubernetes_executor.py
[2024-04-11T14:27:02.438+0000] {processor.py:840} INFO - DAG(s) 'example_local_kubernetes_executor' retrieved from /home/airflow/.local/lib/python3.12/site-packages/airflow/example_dags/example_local_kubernetes_executor.py
[2024-04-11T14:27:02.484+0000] {logging_mixin.py:188} INFO - [2024-04-11T14:27:02.484+0000] {dag.py:3096} INFO - Sync 1 DAGs
[2024-04-11T14:27:02.502+0000] {logging_mixin.py:188} INFO - [2024-04-11T14:27:02.501+0000] {dag.py:3954} INFO - Setting next_dagrun for example_local_kubernetes_executor to None, run_after=None
[2024-04-11T14:27:02.533+0000] {processor.py:183} INFO - Processing /home/airflow/.local/lib/python3.12/site-packages/airflow/example_dags/example_local_kubernetes_executor.py took 0.117 seconds
[2024-04-11T14:27:32.733+0000] {processor.py:161} INFO - Started process (PID=157) to work on /home/airflow/.local/lib/python3.12/site-packages/airflow/example_dags/example_local_kubernetes_executor.py
[2024-04-11T14:27:32.734+0000] {processor.py:830} INFO - Processing file /home/airflow/.local/lib/python3.12/site-packages/airflow/example_dags/example_local_kubernetes_executor.py for tasks to queue
[2024-04-11T14:27:32.737+0000] {logging_mixin.py:188} INFO - [2024-04-11T14:27:32.737+0000] {dagbag.py:540} INFO - Filling up the DagBag from /home/airflow/.local/lib/python3.12/site-packages/airflow/example_dags/example_local_kubernetes_executor.py
[2024-04-11T14:27:32.747+0000] {processor.py:840} INFO - DAG(s) 'example_local_kubernetes_executor' retrieved from /home/airflow/.local/lib/python3.12/site-packages/airflow/example_dags/example_local_kubernetes_executor.py
[2024-04-11T14:27:32.794+0000] {logging_mixin.py:188} INFO - [2024-04-11T14:27:32.793+0000] {dag.py:3096} INFO - Sync 1 DAGs
[2024-04-11T14:27:32.812+0000] {logging_mixin.py:188} INFO - [2024-04-11T14:27:32.812+0000] {dag.py:3954} INFO - Setting next_dagrun for example_local_kubernetes_executor to None, run_after=None
[2024-04-11T14:27:32.842+0000] {processor.py:183} INFO - Processing /home/airflow/.local/lib/python3.12/site-packages/airflow/example_dags/example_local_kubernetes_executor.py took 0.118 seconds
[2024-04-11T14:28:02.950+0000] {processor.py:161} INFO - Started process (PID=215) to work on /home/airflow/.local/lib/python3.12/site-packages/airflow/example_dags/example_local_kubernetes_executor.py
[2024-04-11T14:28:02.951+0000] {processor.py:830} INFO - Processing file /home/airflow/.local/lib/python3.12/site-packages/airflow/example_dags/example_local_kubernetes_executor.py for tasks to queue
[2024-04-11T14:28:02.954+0000] {logging_mixin.py:188} INFO - [2024-04-11T14:28:02.954+0000] {dagbag.py:540} INFO - Filling up the DagBag from /home/airflow/.local/lib/python3.12/site-packages/airflow/example_dags/example_local_kubernetes_executor.py
[2024-04-11T14:28:02.964+0000] {processor.py:840} INFO - DAG(s) 'example_local_kubernetes_executor' retrieved from /home/airflow/.local/lib/python3.12/site-packages/airflow/example_dags/example_local_kubernetes_executor.py
[2024-04-11T14:28:03.011+0000] {logging_mixin.py:188} INFO - [2024-04-11T14:28:03.011+0000] {dag.py:3096} INFO - Sync 1 DAGs
[2024-04-11T14:28:03.029+0000] {logging_mixin.py:188} INFO - [2024-04-11T14:28:03.029+0000] {dag.py:3954} INFO - Setting next_dagrun for example_local_kubernetes_executor to None, run_after=None
[2024-04-11T14:28:03.058+0000] {processor.py:183} INFO - Processing /home/airflow/.local/lib/python3.12/site-packages/airflow/example_dags/example_local_kubernetes_executor.py took 0.117 seconds
[2024-04-11T14:28:33.281+0000] {processor.py:161} INFO - Started process (PID=273) to work on /home/airflow/.local/lib/python3.12/site-packages/airflow/example_dags/example_local_kubernetes_executor.py
[2024-04-11T14:28:33.283+0000] {processor.py:830} INFO - Processing file /home/airflow/.local/lib/python3.12/site-packages/airflow/example_dags/example_local_kubernetes_executor.py for tasks to queue
[2024-04-11T14:28:33.286+0000] {logging_mixin.py:188} INFO - [2024-04-11T14:28:33.285+0000] {dagbag.py:540} INFO - Filling up the DagBag from /home/airflow/.local/lib/python3.12/site-packages/airflow/example_dags/example_local_kubernetes_executor.py
[2024-04-11T14:28:33.296+0000] {processor.py:840} INFO - DAG(s) 'example_local_kubernetes_executor' retrieved from /home/airflow/.local/lib/python3.12/site-packages/airflow/example_dags/example_local_kubernetes_executor.py
[2024-04-11T14:28:33.344+0000] {logging_mixin.py:188} INFO - [2024-04-11T14:28:33.343+0000] {dag.py:3096} INFO - Sync 1 DAGs
[2024-04-11T14:28:33.362+0000] {logging_mixin.py:188} INFO - [2024-04-11T14:28:33.361+0000] {dag.py:3954} INFO - Setting next_dagrun for example_local_kubernetes_executor to None, run_after=None
[2024-04-11T14:28:33.390+0000] {processor.py:183} INFO - Processing /home/airflow/.local/lib/python3.12/site-packages/airflow/example_dags/example_local_kubernetes_executor.py took 0.118 seconds
[2024-04-11T14:29:03.578+0000] {processor.py:161} INFO - Started process (PID=337) to work on /home/airflow/.local/lib/python3.12/site-packages/airflow/example_dags/example_local_kubernetes_executor.py
[2024-04-11T14:29:03.580+0000] {processor.py:830} INFO - Processing file /home/airflow/.local/lib/python3.12/site-packages/airflow/example_dags/example_local_kubernetes_executor.py for tasks to queue
[2024-04-11T14:29:03.585+0000] {logging_mixin.py:188} INFO - [2024-04-11T14:29:03.584+0000] {dagbag.py:540} INFO - Filling up the DagBag from /home/airflow/.local/lib/python3.12/site-packages/airflow/example_dags/example_local_kubernetes_executor.py
[2024-04-11T14:29:03.603+0000] {processor.py:840} INFO - DAG(s) 'example_local_kubernetes_executor' retrieved from /home/airflow/.local/lib/python3.12/site-packages/airflow/example_dags/example_local_kubernetes_executor.py
[2024-04-11T14:29:03.666+0000] {logging_mixin.py:188} INFO - [2024-04-11T14:29:03.666+0000] {dag.py:3096} INFO - Sync 1 DAGs
[2024-04-11T14:29:03.690+0000] {logging_mixin.py:188} INFO - [2024-04-11T14:29:03.690+0000] {dag.py:3954} INFO - Setting next_dagrun for example_local_kubernetes_executor to None, run_after=None
[2024-04-11T14:29:03.726+0000] {processor.py:183} INFO - Processing /home/airflow/.local/lib/python3.12/site-packages/airflow/example_dags/example_local_kubernetes_executor.py took 0.160 seconds
[2024-04-11T14:29:34.065+0000] {processor.py:161} INFO - Started process (PID=395) to work on /home/airflow/.local/lib/python3.12/site-packages/airflow/example_dags/example_local_kubernetes_executor.py
[2024-04-11T14:29:34.067+0000] {processor.py:830} INFO - Processing file /home/airflow/.local/lib/python3.12/site-packages/airflow/example_dags/example_local_kubernetes_executor.py for tasks to queue
[2024-04-11T14:29:34.070+0000] {logging_mixin.py:188} INFO - [2024-04-11T14:29:34.069+0000] {dagbag.py:540} INFO - Filling up the DagBag from /home/airflow/.local/lib/python3.12/site-packages/airflow/example_dags/example_local_kubernetes_executor.py
[2024-04-11T14:29:34.083+0000] {processor.py:840} INFO - DAG(s) 'example_local_kubernetes_executor' retrieved from /home/airflow/.local/lib/python3.12/site-packages/airflow/example_dags/example_local_kubernetes_executor.py
[2024-04-11T14:29:34.151+0000] {logging_mixin.py:188} INFO - [2024-04-11T14:29:34.150+0000] {dag.py:3096} INFO - Sync 1 DAGs
[2024-04-11T14:29:34.171+0000] {logging_mixin.py:188} INFO - [2024-04-11T14:29:34.171+0000] {dag.py:3954} INFO - Setting next_dagrun for example_local_kubernetes_executor to None, run_after=None
[2024-04-11T14:29:34.202+0000] {processor.py:183} INFO - Processing /home/airflow/.local/lib/python3.12/site-packages/airflow/example_dags/example_local_kubernetes_executor.py took 0.146 seconds
[2024-04-11T14:30:04.365+0000] {processor.py:161} INFO - Started process (PID=453) to work on /home/airflow/.local/lib/python3.12/site-packages/airflow/example_dags/example_local_kubernetes_executor.py
[2024-04-11T14:30:04.367+0000] {processor.py:830} INFO - Processing file /home/airflow/.local/lib/python3.12/site-packages/airflow/example_dags/example_local_kubernetes_executor.py for tasks to queue
[2024-04-11T14:30:04.371+0000] {logging_mixin.py:188} INFO - [2024-04-11T14:30:04.370+0000] {dagbag.py:540} INFO - Filling up the DagBag from /home/airflow/.local/lib/python3.12/site-packages/airflow/example_dags/example_local_kubernetes_executor.py
[2024-04-11T14:30:04.382+0000] {processor.py:840} INFO - DAG(s) 'example_local_kubernetes_executor' retrieved from /home/airflow/.local/lib/python3.12/site-packages/airflow/example_dags/example_local_kubernetes_executor.py
[2024-04-11T14:30:04.432+0000] {logging_mixin.py:188} INFO - [2024-04-11T14:30:04.432+0000] {dag.py:3096} INFO - Sync 1 DAGs
[2024-04-11T14:30:04.450+0000] {logging_mixin.py:188} INFO - [2024-04-11T14:30:04.450+0000] {dag.py:3954} INFO - Setting next_dagrun for example_local_kubernetes_executor to None, run_after=None
[2024-04-11T14:30:04.479+0000] {processor.py:183} INFO - Processing /home/airflow/.local/lib/python3.12/site-packages/airflow/example_dags/example_local_kubernetes_executor.py took 0.124 seconds
[2024-04-11T14:30:34.982+0000] {processor.py:161} INFO - Started process (PID=511) to work on /home/airflow/.local/lib/python3.12/site-packages/airflow/example_dags/example_local_kubernetes_executor.py
[2024-04-11T14:30:34.984+0000] {processor.py:830} INFO - Processing file /home/airflow/.local/lib/python3.12/site-packages/airflow/example_dags/example_local_kubernetes_executor.py for tasks to queue
[2024-04-11T14:30:34.987+0000] {logging_mixin.py:188} INFO - [2024-04-11T14:30:34.987+0000] {dagbag.py:540} INFO - Filling up the DagBag from /home/airflow/.local/lib/python3.12/site-packages/airflow/example_dags/example_local_kubernetes_executor.py
[2024-04-11T14:30:34.997+0000] {processor.py:840} INFO - DAG(s) 'example_local_kubernetes_executor' retrieved from /home/airflow/.local/lib/python3.12/site-packages/airflow/example_dags/example_local_kubernetes_executor.py
[2024-04-11T14:30:35.044+0000] {logging_mixin.py:188} INFO - [2024-04-11T14:30:35.043+0000] {dag.py:3096} INFO - Sync 1 DAGs
[2024-04-11T14:30:35.061+0000] {logging_mixin.py:188} INFO - [2024-04-11T14:30:35.061+0000] {dag.py:3954} INFO - Setting next_dagrun for example_local_kubernetes_executor to None, run_after=None
[2024-04-11T14:30:35.091+0000] {processor.py:183} INFO - Processing /home/airflow/.local/lib/python3.12/site-packages/airflow/example_dags/example_local_kubernetes_executor.py took 0.117 seconds
[2024-04-11T14:31:05.597+0000] {processor.py:161} INFO - Started process (PID=569) to work on /home/airflow/.local/lib/python3.12/site-packages/airflow/example_dags/example_local_kubernetes_executor.py
[2024-04-11T14:31:05.599+0000] {processor.py:830} INFO - Processing file /home/airflow/.local/lib/python3.12/site-packages/airflow/example_dags/example_local_kubernetes_executor.py for tasks to queue
[2024-04-11T14:31:05.602+0000] {logging_mixin.py:188} INFO - [2024-04-11T14:31:05.601+0000] {dagbag.py:540} INFO - Filling up the DagBag from /home/airflow/.local/lib/python3.12/site-packages/airflow/example_dags/example_local_kubernetes_executor.py
[2024-04-11T14:31:05.614+0000] {processor.py:840} INFO - DAG(s) 'example_local_kubernetes_executor' retrieved from /home/airflow/.local/lib/python3.12/site-packages/airflow/example_dags/example_local_kubernetes_executor.py
[2024-04-11T14:31:05.664+0000] {logging_mixin.py:188} INFO - [2024-04-11T14:31:05.663+0000] {dag.py:3096} INFO - Sync 1 DAGs
[2024-04-11T14:31:05.685+0000] {logging_mixin.py:188} INFO - [2024-04-11T14:31:05.684+0000] {dag.py:3954} INFO - Setting next_dagrun for example_local_kubernetes_executor to None, run_after=None
[2024-04-11T14:31:05.718+0000] {processor.py:183} INFO - Processing /home/airflow/.local/lib/python3.12/site-packages/airflow/example_dags/example_local_kubernetes_executor.py took 0.130 seconds
[2024-04-11T14:31:35.978+0000] {processor.py:161} INFO - Started process (PID=627) to work on /home/airflow/.local/lib/python3.12/site-packages/airflow/example_dags/example_local_kubernetes_executor.py
[2024-04-11T14:31:35.980+0000] {processor.py:830} INFO - Processing file /home/airflow/.local/lib/python3.12/site-packages/airflow/example_dags/example_local_kubernetes_executor.py for tasks to queue
[2024-04-11T14:31:35.983+0000] {logging_mixin.py:188} INFO - [2024-04-11T14:31:35.983+0000] {dagbag.py:540} INFO - Filling up the DagBag from /home/airflow/.local/lib/python3.12/site-packages/airflow/example_dags/example_local_kubernetes_executor.py
[2024-04-11T14:31:35.996+0000] {processor.py:840} INFO - DAG(s) 'example_local_kubernetes_executor' retrieved from /home/airflow/.local/lib/python3.12/site-packages/airflow/example_dags/example_local_kubernetes_executor.py
[2024-04-11T14:31:36.061+0000] {logging_mixin.py:188} INFO - [2024-04-11T14:31:36.061+0000] {dag.py:3096} INFO - Sync 1 DAGs
[2024-04-11T14:31:36.085+0000] {logging_mixin.py:188} INFO - [2024-04-11T14:31:36.085+0000] {dag.py:3954} INFO - Setting next_dagrun for example_local_kubernetes_executor to None, run_after=None
[2024-04-11T14:31:36.118+0000] {processor.py:183} INFO - Processing /home/airflow/.local/lib/python3.12/site-packages/airflow/example_dags/example_local_kubernetes_executor.py took 0.151 seconds
[2024-04-11T14:32:06.347+0000] {processor.py:161} INFO - Started process (PID=685) to work on /home/airflow/.local/lib/python3.12/site-packages/airflow/example_dags/example_local_kubernetes_executor.py
[2024-04-11T14:32:06.349+0000] {processor.py:830} INFO - Processing file /home/airflow/.local/lib/python3.12/site-packages/airflow/example_dags/example_local_kubernetes_executor.py for tasks to queue
[2024-04-11T14:32:06.352+0000] {logging_mixin.py:188} INFO - [2024-04-11T14:32:06.352+0000] {dagbag.py:540} INFO - Filling up the DagBag from /home/airflow/.local/lib/python3.12/site-packages/airflow/example_dags/example_local_kubernetes_executor.py
[2024-04-11T14:32:06.362+0000] {processor.py:840} INFO - DAG(s) 'example_local_kubernetes_executor' retrieved from /home/airflow/.local/lib/python3.12/site-packages/airflow/example_dags/example_local_kubernetes_executor.py
[2024-04-11T14:32:06.408+0000] {logging_mixin.py:188} INFO - [2024-04-11T14:32:06.408+0000] {dag.py:3096} INFO - Sync 1 DAGs
[2024-04-11T14:32:06.426+0000] {logging_mixin.py:188} INFO - [2024-04-11T14:32:06.426+0000] {dag.py:3954} INFO - Setting next_dagrun for example_local_kubernetes_executor to None, run_after=None
[2024-04-11T14:32:06.455+0000] {processor.py:183} INFO - Processing /home/airflow/.local/lib/python3.12/site-packages/airflow/example_dags/example_local_kubernetes_executor.py took 0.116 seconds
[2024-04-11T14:32:37.072+0000] {processor.py:161} INFO - Started process (PID=743) to work on /home/airflow/.local/lib/python3.12/site-packages/airflow/example_dags/example_local_kubernetes_executor.py
[2024-04-11T14:32:37.073+0000] {processor.py:830} INFO - Processing file /home/airflow/.local/lib/python3.12/site-packages/airflow/example_dags/example_local_kubernetes_executor.py for tasks to queue
[2024-04-11T14:32:37.076+0000] {logging_mixin.py:188} INFO - [2024-04-11T14:32:37.076+0000] {dagbag.py:540} INFO - Filling up the DagBag from /home/airflow/.local/lib/python3.12/site-packages/airflow/example_dags/example_local_kubernetes_executor.py
[2024-04-11T14:32:37.086+0000] {processor.py:840} INFO - DAG(s) 'example_local_kubernetes_executor' retrieved from /home/airflow/.local/lib/python3.12/site-packages/airflow/example_dags/example_local_kubernetes_executor.py
[2024-04-11T14:32:37.139+0000] {logging_mixin.py:188} INFO - [2024-04-11T14:32:37.138+0000] {dag.py:3096} INFO - Sync 1 DAGs
[2024-04-11T14:32:37.157+0000] {logging_mixin.py:188} INFO - [2024-04-11T14:32:37.157+0000] {dag.py:3954} INFO - Setting next_dagrun for example_local_kubernetes_executor to None, run_after=None
[2024-04-11T14:32:37.191+0000] {processor.py:183} INFO - Processing /home/airflow/.local/lib/python3.12/site-packages/airflow/example_dags/example_local_kubernetes_executor.py took 0.127 seconds
[2024-04-11T14:33:08.104+0000] {processor.py:161} INFO - Started process (PID=801) to work on /home/airflow/.local/lib/python3.12/site-packages/airflow/example_dags/example_local_kubernetes_executor.py
[2024-04-11T14:33:08.107+0000] {processor.py:830} INFO - Processing file /home/airflow/.local/lib/python3.12/site-packages/airflow/example_dags/example_local_kubernetes_executor.py for tasks to queue
[2024-04-11T14:33:08.110+0000] {logging_mixin.py:188} INFO - [2024-04-11T14:33:08.109+0000] {dagbag.py:540} INFO - Filling up the DagBag from /home/airflow/.local/lib/python3.12/site-packages/airflow/example_dags/example_local_kubernetes_executor.py
[2024-04-11T14:33:08.122+0000] {processor.py:840} INFO - DAG(s) 'example_local_kubernetes_executor' retrieved from /home/airflow/.local/lib/python3.12/site-packages/airflow/example_dags/example_local_kubernetes_executor.py
[2024-04-11T14:33:08.174+0000] {logging_mixin.py:188} INFO - [2024-04-11T14:33:08.174+0000] {dag.py:3096} INFO - Sync 1 DAGs
[2024-04-11T14:33:08.194+0000] {logging_mixin.py:188} INFO - [2024-04-11T14:33:08.194+0000] {dag.py:3954} INFO - Setting next_dagrun for example_local_kubernetes_executor to None, run_after=None
[2024-04-11T14:33:08.227+0000] {processor.py:183} INFO - Processing /home/airflow/.local/lib/python3.12/site-packages/airflow/example_dags/example_local_kubernetes_executor.py took 0.132 seconds
[2024-04-11T14:33:38.865+0000] {processor.py:161} INFO - Started process (PID=859) to work on /home/airflow/.local/lib/python3.12/site-packages/airflow/example_dags/example_local_kubernetes_executor.py
[2024-04-11T14:33:38.866+0000] {processor.py:830} INFO - Processing file /home/airflow/.local/lib/python3.12/site-packages/airflow/example_dags/example_local_kubernetes_executor.py for tasks to queue
[2024-04-11T14:33:38.869+0000] {logging_mixin.py:188} INFO - [2024-04-11T14:33:38.869+0000] {dagbag.py:540} INFO - Filling up the DagBag from /home/airflow/.local/lib/python3.12/site-packages/airflow/example_dags/example_local_kubernetes_executor.py
[2024-04-11T14:33:38.881+0000] {processor.py:840} INFO - DAG(s) 'example_local_kubernetes_executor' retrieved from /home/airflow/.local/lib/python3.12/site-packages/airflow/example_dags/example_local_kubernetes_executor.py
[2024-04-11T14:33:38.930+0000] {logging_mixin.py:188} INFO - [2024-04-11T14:33:38.929+0000] {dag.py:3096} INFO - Sync 1 DAGs
[2024-04-11T14:33:38.947+0000] {logging_mixin.py:188} INFO - [2024-04-11T14:33:38.947+0000] {dag.py:3954} INFO - Setting next_dagrun for example_local_kubernetes_executor to None, run_after=None
[2024-04-11T14:33:38.976+0000] {processor.py:183} INFO - Processing /home/airflow/.local/lib/python3.12/site-packages/airflow/example_dags/example_local_kubernetes_executor.py took 0.120 seconds
[2024-04-11T14:34:09.487+0000] {processor.py:161} INFO - Started process (PID=917) to work on /home/airflow/.local/lib/python3.12/site-packages/airflow/example_dags/example_local_kubernetes_executor.py
[2024-04-11T14:34:09.488+0000] {processor.py:830} INFO - Processing file /home/airflow/.local/lib/python3.12/site-packages/airflow/example_dags/example_local_kubernetes_executor.py for tasks to queue
[2024-04-11T14:34:09.493+0000] {logging_mixin.py:188} INFO - [2024-04-11T14:34:09.492+0000] {dagbag.py:540} INFO - Filling up the DagBag from /home/airflow/.local/lib/python3.12/site-packages/airflow/example_dags/example_local_kubernetes_executor.py
[2024-04-11T14:34:09.504+0000] {processor.py:840} INFO - DAG(s) 'example_local_kubernetes_executor' retrieved from /home/airflow/.local/lib/python3.12/site-packages/airflow/example_dags/example_local_kubernetes_executor.py
[2024-04-11T14:34:09.553+0000] {logging_mixin.py:188} INFO - [2024-04-11T14:34:09.553+0000] {dag.py:3096} INFO - Sync 1 DAGs
[2024-04-11T14:34:09.572+0000] {logging_mixin.py:188} INFO - [2024-04-11T14:34:09.572+0000] {dag.py:3954} INFO - Setting next_dagrun for example_local_kubernetes_executor to None, run_after=None
[2024-04-11T14:34:09.757+0000] {processor.py:183} INFO - Processing /home/airflow/.local/lib/python3.12/site-packages/airflow/example_dags/example_local_kubernetes_executor.py took 0.281 seconds
[2024-04-11T14:34:40.432+0000] {processor.py:161} INFO - Started process (PID=975) to work on /home/airflow/.local/lib/python3.12/site-packages/airflow/example_dags/example_local_kubernetes_executor.py
[2024-04-11T14:34:40.436+0000] {processor.py:830} INFO - Processing file /home/airflow/.local/lib/python3.12/site-packages/airflow/example_dags/example_local_kubernetes_executor.py for tasks to queue
[2024-04-11T14:34:40.444+0000] {logging_mixin.py:188} INFO - [2024-04-11T14:34:40.442+0000] {dagbag.py:540} INFO - Filling up the DagBag from /home/airflow/.local/lib/python3.12/site-packages/airflow/example_dags/example_local_kubernetes_executor.py
[2024-04-11T14:34:40.465+0000] {processor.py:840} INFO - DAG(s) 'example_local_kubernetes_executor' retrieved from /home/airflow/.local/lib/python3.12/site-packages/airflow/example_dags/example_local_kubernetes_executor.py
[2024-04-11T14:34:40.572+0000] {logging_mixin.py:188} INFO - [2024-04-11T14:34:40.568+0000] {dag.py:3096} INFO - Sync 1 DAGs
[2024-04-11T14:34:40.618+0000] {logging_mixin.py:188} INFO - [2024-04-11T14:34:40.618+0000] {dag.py:3954} INFO - Setting next_dagrun for example_local_kubernetes_executor to None, run_after=None
[2024-04-11T14:34:40.684+0000] {processor.py:183} INFO - Processing /home/airflow/.local/lib/python3.12/site-packages/airflow/example_dags/example_local_kubernetes_executor.py took 0.272 seconds
[2024-04-11T14:35:11.456+0000] {processor.py:161} INFO - Started process (PID=1033) to work on /home/airflow/.local/lib/python3.12/site-packages/airflow/example_dags/example_local_kubernetes_executor.py
[2024-04-11T14:35:11.457+0000] {processor.py:830} INFO - Processing file /home/airflow/.local/lib/python3.12/site-packages/airflow/example_dags/example_local_kubernetes_executor.py for tasks to queue
[2024-04-11T14:35:11.461+0000] {logging_mixin.py:188} INFO - [2024-04-11T14:35:11.460+0000] {dagbag.py:540} INFO - Filling up the DagBag from /home/airflow/.local/lib/python3.12/site-packages/airflow/example_dags/example_local_kubernetes_executor.py
[2024-04-11T14:35:11.473+0000] {processor.py:840} INFO - DAG(s) 'example_local_kubernetes_executor' retrieved from /home/airflow/.local/lib/python3.12/site-packages/airflow/example_dags/example_local_kubernetes_executor.py
[2024-04-11T14:35:11.522+0000] {logging_mixin.py:188} INFO - [2024-04-11T14:35:11.522+0000] {dag.py:3096} INFO - Sync 1 DAGs
[2024-04-11T14:35:11.543+0000] {logging_mixin.py:188} INFO - [2024-04-11T14:35:11.542+0000] {dag.py:3954} INFO - Setting next_dagrun for example_local_kubernetes_executor to None, run_after=None
[2024-04-11T14:35:11.575+0000] {processor.py:183} INFO - Processing /home/airflow/.local/lib/python3.12/site-packages/airflow/example_dags/example_local_kubernetes_executor.py took 0.127 seconds
[2024-04-11T14:35:41.778+0000] {processor.py:161} INFO - Started process (PID=1091) to work on /home/airflow/.local/lib/python3.12/site-packages/airflow/example_dags/example_local_kubernetes_executor.py
[2024-04-11T14:35:41.780+0000] {processor.py:830} INFO - Processing file /home/airflow/.local/lib/python3.12/site-packages/airflow/example_dags/example_local_kubernetes_executor.py for tasks to queue
[2024-04-11T14:35:41.783+0000] {logging_mixin.py:188} INFO - [2024-04-11T14:35:41.782+0000] {dagbag.py:540} INFO - Filling up the DagBag from /home/airflow/.local/lib/python3.12/site-packages/airflow/example_dags/example_local_kubernetes_executor.py
[2024-04-11T14:35:41.793+0000] {processor.py:840} INFO - DAG(s) 'example_local_kubernetes_executor' retrieved from /home/airflow/.local/lib/python3.12/site-packages/airflow/example_dags/example_local_kubernetes_executor.py
[2024-04-11T14:35:42.011+0000] {logging_mixin.py:188} INFO - [2024-04-11T14:35:42.010+0000] {dag.py:3096} INFO - Sync 1 DAGs
[2024-04-11T14:35:42.029+0000] {logging_mixin.py:188} INFO - [2024-04-11T14:35:42.029+0000] {dag.py:3954} INFO - Setting next_dagrun for example_local_kubernetes_executor to None, run_after=None
[2024-04-11T14:35:42.061+0000] {processor.py:183} INFO - Processing /home/airflow/.local/lib/python3.12/site-packages/airflow/example_dags/example_local_kubernetes_executor.py took 0.290 seconds
[2024-04-11T14:36:12.693+0000] {processor.py:161} INFO - Started process (PID=1149) to work on /home/airflow/.local/lib/python3.12/site-packages/airflow/example_dags/example_local_kubernetes_executor.py
[2024-04-11T14:36:12.695+0000] {processor.py:830} INFO - Processing file /home/airflow/.local/lib/python3.12/site-packages/airflow/example_dags/example_local_kubernetes_executor.py for tasks to queue
[2024-04-11T14:36:12.698+0000] {logging_mixin.py:188} INFO - [2024-04-11T14:36:12.697+0000] {dagbag.py:540} INFO - Filling up the DagBag from /home/airflow/.local/lib/python3.12/site-packages/airflow/example_dags/example_local_kubernetes_executor.py
[2024-04-11T14:36:12.709+0000] {processor.py:840} INFO - DAG(s) 'example_local_kubernetes_executor' retrieved from /home/airflow/.local/lib/python3.12/site-packages/airflow/example_dags/example_local_kubernetes_executor.py
[2024-04-11T14:36:12.760+0000] {logging_mixin.py:188} INFO - [2024-04-11T14:36:12.759+0000] {dag.py:3096} INFO - Sync 1 DAGs
[2024-04-11T14:36:12.781+0000] {logging_mixin.py:188} INFO - [2024-04-11T14:36:12.780+0000] {dag.py:3954} INFO - Setting next_dagrun for example_local_kubernetes_executor to None, run_after=None
[2024-04-11T14:36:12.812+0000] {processor.py:183} INFO - Processing /home/airflow/.local/lib/python3.12/site-packages/airflow/example_dags/example_local_kubernetes_executor.py took 0.130 seconds
