[2024-04-11T14:26:29.232+0000] {processor.py:161} INFO - Started process (PID=32) to work on /home/airflow/.local/lib/python3.12/site-packages/airflow/example_dags/example_sensors.py
[2024-04-11T14:26:29.234+0000] {processor.py:830} INFO - Processing file /home/airflow/.local/lib/python3.12/site-packages/airflow/example_dags/example_sensors.py for tasks to queue
[2024-04-11T14:26:29.239+0000] {logging_mixin.py:188} INFO - [2024-04-11T14:26:29.238+0000] {dagbag.py:540} INFO - Filling up the DagBag from /home/airflow/.local/lib/python3.12/site-packages/airflow/example_dags/example_sensors.py
[2024-04-11T14:26:29.267+0000] {processor.py:840} INFO - DAG(s) 'example_sensors' retrieved from /home/airflow/.local/lib/python3.12/site-packages/airflow/example_dags/example_sensors.py
[2024-04-11T14:26:29.474+0000] {logging_mixin.py:188} INFO - [2024-04-11T14:26:29.474+0000] {dag.py:3096} INFO - Sync 1 DAGs
[2024-04-11T14:26:29.491+0000] {logging_mixin.py:188} INFO - [2024-04-11T14:26:29.491+0000] {dag.py:3954} INFO - Setting next_dagrun for example_sensors to None, run_after=None
[2024-04-11T14:26:29.525+0000] {processor.py:183} INFO - Processing /home/airflow/.local/lib/python3.12/site-packages/airflow/example_dags/example_sensors.py took 0.306 seconds
[2024-04-11T14:26:59.804+0000] {processor.py:161} INFO - Started process (PID=90) to work on /home/airflow/.local/lib/python3.12/site-packages/airflow/example_dags/example_sensors.py
[2024-04-11T14:26:59.806+0000] {processor.py:830} INFO - Processing file /home/airflow/.local/lib/python3.12/site-packages/airflow/example_dags/example_sensors.py for tasks to queue
[2024-04-11T14:26:59.809+0000] {logging_mixin.py:188} INFO - [2024-04-11T14:26:59.809+0000] {dagbag.py:540} INFO - Filling up the DagBag from /home/airflow/.local/lib/python3.12/site-packages/airflow/example_dags/example_sensors.py
[2024-04-11T14:26:59.822+0000] {processor.py:840} INFO - DAG(s) 'example_sensors' retrieved from /home/airflow/.local/lib/python3.12/site-packages/airflow/example_dags/example_sensors.py
[2024-04-11T14:26:59.859+0000] {logging_mixin.py:188} INFO - [2024-04-11T14:26:59.858+0000] {dag.py:3096} INFO - Sync 1 DAGs
[2024-04-11T14:26:59.876+0000] {logging_mixin.py:188} INFO - [2024-04-11T14:26:59.876+0000] {dag.py:3954} INFO - Setting next_dagrun for example_sensors to None, run_after=None
[2024-04-11T14:26:59.904+0000] {processor.py:183} INFO - Processing /home/airflow/.local/lib/python3.12/site-packages/airflow/example_dags/example_sensors.py took 0.109 seconds
[2024-04-11T14:27:30.852+0000] {processor.py:161} INFO - Started process (PID=148) to work on /home/airflow/.local/lib/python3.12/site-packages/airflow/example_dags/example_sensors.py
[2024-04-11T14:27:30.854+0000] {processor.py:830} INFO - Processing file /home/airflow/.local/lib/python3.12/site-packages/airflow/example_dags/example_sensors.py for tasks to queue
[2024-04-11T14:27:30.857+0000] {logging_mixin.py:188} INFO - [2024-04-11T14:27:30.856+0000] {dagbag.py:540} INFO - Filling up the DagBag from /home/airflow/.local/lib/python3.12/site-packages/airflow/example_dags/example_sensors.py
[2024-04-11T14:27:30.870+0000] {processor.py:840} INFO - DAG(s) 'example_sensors' retrieved from /home/airflow/.local/lib/python3.12/site-packages/airflow/example_dags/example_sensors.py
[2024-04-11T14:27:30.906+0000] {logging_mixin.py:188} INFO - [2024-04-11T14:27:30.906+0000] {dag.py:3096} INFO - Sync 1 DAGs
[2024-04-11T14:27:30.924+0000] {logging_mixin.py:188} INFO - [2024-04-11T14:27:30.924+0000] {dag.py:3954} INFO - Setting next_dagrun for example_sensors to None, run_after=None
[2024-04-11T14:27:30.952+0000] {processor.py:183} INFO - Processing /home/airflow/.local/lib/python3.12/site-packages/airflow/example_dags/example_sensors.py took 0.108 seconds
[2024-04-11T14:28:01.234+0000] {processor.py:161} INFO - Started process (PID=206) to work on /home/airflow/.local/lib/python3.12/site-packages/airflow/example_dags/example_sensors.py
[2024-04-11T14:28:01.236+0000] {processor.py:830} INFO - Processing file /home/airflow/.local/lib/python3.12/site-packages/airflow/example_dags/example_sensors.py for tasks to queue
[2024-04-11T14:28:01.239+0000] {logging_mixin.py:188} INFO - [2024-04-11T14:28:01.238+0000] {dagbag.py:540} INFO - Filling up the DagBag from /home/airflow/.local/lib/python3.12/site-packages/airflow/example_dags/example_sensors.py
[2024-04-11T14:28:01.251+0000] {processor.py:840} INFO - DAG(s) 'example_sensors' retrieved from /home/airflow/.local/lib/python3.12/site-packages/airflow/example_dags/example_sensors.py
[2024-04-11T14:28:01.287+0000] {logging_mixin.py:188} INFO - [2024-04-11T14:28:01.287+0000] {dag.py:3096} INFO - Sync 1 DAGs
[2024-04-11T14:28:01.305+0000] {logging_mixin.py:188} INFO - [2024-04-11T14:28:01.305+0000] {dag.py:3954} INFO - Setting next_dagrun for example_sensors to None, run_after=None
[2024-04-11T14:28:01.334+0000] {processor.py:183} INFO - Processing /home/airflow/.local/lib/python3.12/site-packages/airflow/example_dags/example_sensors.py took 0.110 seconds
[2024-04-11T14:28:31.570+0000] {processor.py:161} INFO - Started process (PID=264) to work on /home/airflow/.local/lib/python3.12/site-packages/airflow/example_dags/example_sensors.py
[2024-04-11T14:28:31.572+0000] {processor.py:830} INFO - Processing file /home/airflow/.local/lib/python3.12/site-packages/airflow/example_dags/example_sensors.py for tasks to queue
[2024-04-11T14:28:31.574+0000] {logging_mixin.py:188} INFO - [2024-04-11T14:28:31.574+0000] {dagbag.py:540} INFO - Filling up the DagBag from /home/airflow/.local/lib/python3.12/site-packages/airflow/example_dags/example_sensors.py
[2024-04-11T14:28:31.587+0000] {processor.py:840} INFO - DAG(s) 'example_sensors' retrieved from /home/airflow/.local/lib/python3.12/site-packages/airflow/example_dags/example_sensors.py
[2024-04-11T14:28:31.623+0000] {logging_mixin.py:188} INFO - [2024-04-11T14:28:31.622+0000] {dag.py:3096} INFO - Sync 1 DAGs
[2024-04-11T14:28:31.640+0000] {logging_mixin.py:188} INFO - [2024-04-11T14:28:31.640+0000] {dag.py:3954} INFO - Setting next_dagrun for example_sensors to None, run_after=None
[2024-04-11T14:28:31.668+0000] {processor.py:183} INFO - Processing /home/airflow/.local/lib/python3.12/site-packages/airflow/example_dags/example_sensors.py took 0.108 seconds
[2024-04-11T14:29:01.848+0000] {processor.py:161} INFO - Started process (PID=322) to work on /home/airflow/.local/lib/python3.12/site-packages/airflow/example_dags/example_sensors.py
[2024-04-11T14:29:01.850+0000] {processor.py:830} INFO - Processing file /home/airflow/.local/lib/python3.12/site-packages/airflow/example_dags/example_sensors.py for tasks to queue
[2024-04-11T14:29:01.853+0000] {logging_mixin.py:188} INFO - [2024-04-11T14:29:01.852+0000] {dagbag.py:540} INFO - Filling up the DagBag from /home/airflow/.local/lib/python3.12/site-packages/airflow/example_dags/example_sensors.py
[2024-04-11T14:29:01.865+0000] {processor.py:840} INFO - DAG(s) 'example_sensors' retrieved from /home/airflow/.local/lib/python3.12/site-packages/airflow/example_dags/example_sensors.py
[2024-04-11T14:29:01.901+0000] {logging_mixin.py:188} INFO - [2024-04-11T14:29:01.900+0000] {dag.py:3096} INFO - Sync 1 DAGs
[2024-04-11T14:29:01.918+0000] {logging_mixin.py:188} INFO - [2024-04-11T14:29:01.918+0000] {dag.py:3954} INFO - Setting next_dagrun for example_sensors to None, run_after=None
[2024-04-11T14:29:01.947+0000] {processor.py:183} INFO - Processing /home/airflow/.local/lib/python3.12/site-packages/airflow/example_dags/example_sensors.py took 0.107 seconds
[2024-04-11T14:29:32.362+0000] {processor.py:161} INFO - Started process (PID=380) to work on /home/airflow/.local/lib/python3.12/site-packages/airflow/example_dags/example_sensors.py
[2024-04-11T14:29:32.364+0000] {processor.py:830} INFO - Processing file /home/airflow/.local/lib/python3.12/site-packages/airflow/example_dags/example_sensors.py for tasks to queue
[2024-04-11T14:29:32.367+0000] {logging_mixin.py:188} INFO - [2024-04-11T14:29:32.366+0000] {dagbag.py:540} INFO - Filling up the DagBag from /home/airflow/.local/lib/python3.12/site-packages/airflow/example_dags/example_sensors.py
[2024-04-11T14:29:32.379+0000] {processor.py:840} INFO - DAG(s) 'example_sensors' retrieved from /home/airflow/.local/lib/python3.12/site-packages/airflow/example_dags/example_sensors.py
[2024-04-11T14:29:32.414+0000] {logging_mixin.py:188} INFO - [2024-04-11T14:29:32.414+0000] {dag.py:3096} INFO - Sync 1 DAGs
[2024-04-11T14:29:32.432+0000] {logging_mixin.py:188} INFO - [2024-04-11T14:29:32.432+0000] {dag.py:3954} INFO - Setting next_dagrun for example_sensors to None, run_after=None
[2024-04-11T14:29:32.460+0000] {processor.py:183} INFO - Processing /home/airflow/.local/lib/python3.12/site-packages/airflow/example_dags/example_sensors.py took 0.107 seconds
[2024-04-11T14:30:02.512+0000] {processor.py:161} INFO - Started process (PID=438) to work on /home/airflow/.local/lib/python3.12/site-packages/airflow/example_dags/example_sensors.py
[2024-04-11T14:30:02.514+0000] {processor.py:830} INFO - Processing file /home/airflow/.local/lib/python3.12/site-packages/airflow/example_dags/example_sensors.py for tasks to queue
[2024-04-11T14:30:02.517+0000] {logging_mixin.py:188} INFO - [2024-04-11T14:30:02.516+0000] {dagbag.py:540} INFO - Filling up the DagBag from /home/airflow/.local/lib/python3.12/site-packages/airflow/example_dags/example_sensors.py
[2024-04-11T14:30:02.529+0000] {processor.py:840} INFO - DAG(s) 'example_sensors' retrieved from /home/airflow/.local/lib/python3.12/site-packages/airflow/example_dags/example_sensors.py
[2024-04-11T14:30:02.566+0000] {logging_mixin.py:188} INFO - [2024-04-11T14:30:02.566+0000] {dag.py:3096} INFO - Sync 1 DAGs
[2024-04-11T14:30:02.584+0000] {logging_mixin.py:188} INFO - [2024-04-11T14:30:02.584+0000] {dag.py:3954} INFO - Setting next_dagrun for example_sensors to None, run_after=None
[2024-04-11T14:30:02.612+0000] {processor.py:183} INFO - Processing /home/airflow/.local/lib/python3.12/site-packages/airflow/example_dags/example_sensors.py took 0.109 seconds
[2024-04-11T14:30:33.056+0000] {processor.py:161} INFO - Started process (PID=496) to work on /home/airflow/.local/lib/python3.12/site-packages/airflow/example_dags/example_sensors.py
[2024-04-11T14:30:33.059+0000] {processor.py:830} INFO - Processing file /home/airflow/.local/lib/python3.12/site-packages/airflow/example_dags/example_sensors.py for tasks to queue
[2024-04-11T14:30:33.062+0000] {logging_mixin.py:188} INFO - [2024-04-11T14:30:33.061+0000] {dagbag.py:540} INFO - Filling up the DagBag from /home/airflow/.local/lib/python3.12/site-packages/airflow/example_dags/example_sensors.py
[2024-04-11T14:30:33.076+0000] {processor.py:840} INFO - DAG(s) 'example_sensors' retrieved from /home/airflow/.local/lib/python3.12/site-packages/airflow/example_dags/example_sensors.py
[2024-04-11T14:30:33.113+0000] {logging_mixin.py:188} INFO - [2024-04-11T14:30:33.113+0000] {dag.py:3096} INFO - Sync 1 DAGs
[2024-04-11T14:30:33.132+0000] {logging_mixin.py:188} INFO - [2024-04-11T14:30:33.131+0000] {dag.py:3954} INFO - Setting next_dagrun for example_sensors to None, run_after=None
[2024-04-11T14:30:33.161+0000] {processor.py:183} INFO - Processing /home/airflow/.local/lib/python3.12/site-packages/airflow/example_dags/example_sensors.py took 0.114 seconds
[2024-04-11T14:31:03.618+0000] {processor.py:161} INFO - Started process (PID=554) to work on /home/airflow/.local/lib/python3.12/site-packages/airflow/example_dags/example_sensors.py
[2024-04-11T14:31:03.619+0000] {processor.py:830} INFO - Processing file /home/airflow/.local/lib/python3.12/site-packages/airflow/example_dags/example_sensors.py for tasks to queue
[2024-04-11T14:31:03.622+0000] {logging_mixin.py:188} INFO - [2024-04-11T14:31:03.621+0000] {dagbag.py:540} INFO - Filling up the DagBag from /home/airflow/.local/lib/python3.12/site-packages/airflow/example_dags/example_sensors.py
[2024-04-11T14:31:03.634+0000] {processor.py:840} INFO - DAG(s) 'example_sensors' retrieved from /home/airflow/.local/lib/python3.12/site-packages/airflow/example_dags/example_sensors.py
[2024-04-11T14:31:03.673+0000] {logging_mixin.py:188} INFO - [2024-04-11T14:31:03.673+0000] {dag.py:3096} INFO - Sync 1 DAGs
[2024-04-11T14:31:03.691+0000] {logging_mixin.py:188} INFO - [2024-04-11T14:31:03.691+0000] {dag.py:3954} INFO - Setting next_dagrun for example_sensors to None, run_after=None
[2024-04-11T14:31:03.720+0000] {processor.py:183} INFO - Processing /home/airflow/.local/lib/python3.12/site-packages/airflow/example_dags/example_sensors.py took 0.111 seconds
[2024-04-11T14:31:34.195+0000] {processor.py:161} INFO - Started process (PID=618) to work on /home/airflow/.local/lib/python3.12/site-packages/airflow/example_dags/example_sensors.py
[2024-04-11T14:31:34.197+0000] {processor.py:830} INFO - Processing file /home/airflow/.local/lib/python3.12/site-packages/airflow/example_dags/example_sensors.py for tasks to queue
[2024-04-11T14:31:34.200+0000] {logging_mixin.py:188} INFO - [2024-04-11T14:31:34.199+0000] {dagbag.py:540} INFO - Filling up the DagBag from /home/airflow/.local/lib/python3.12/site-packages/airflow/example_dags/example_sensors.py
[2024-04-11T14:31:34.213+0000] {processor.py:840} INFO - DAG(s) 'example_sensors' retrieved from /home/airflow/.local/lib/python3.12/site-packages/airflow/example_dags/example_sensors.py
[2024-04-11T14:31:34.250+0000] {logging_mixin.py:188} INFO - [2024-04-11T14:31:34.250+0000] {dag.py:3096} INFO - Sync 1 DAGs
[2024-04-11T14:31:34.268+0000] {logging_mixin.py:188} INFO - [2024-04-11T14:31:34.267+0000] {dag.py:3954} INFO - Setting next_dagrun for example_sensors to None, run_after=None
[2024-04-11T14:31:34.307+0000] {processor.py:183} INFO - Processing /home/airflow/.local/lib/python3.12/site-packages/airflow/example_dags/example_sensors.py took 0.120 seconds
[2024-04-11T14:32:04.459+0000] {processor.py:161} INFO - Started process (PID=676) to work on /home/airflow/.local/lib/python3.12/site-packages/airflow/example_dags/example_sensors.py
[2024-04-11T14:32:04.462+0000] {processor.py:830} INFO - Processing file /home/airflow/.local/lib/python3.12/site-packages/airflow/example_dags/example_sensors.py for tasks to queue
[2024-04-11T14:32:04.466+0000] {logging_mixin.py:188} INFO - [2024-04-11T14:32:04.465+0000] {dagbag.py:540} INFO - Filling up the DagBag from /home/airflow/.local/lib/python3.12/site-packages/airflow/example_dags/example_sensors.py
[2024-04-11T14:32:04.481+0000] {processor.py:840} INFO - DAG(s) 'example_sensors' retrieved from /home/airflow/.local/lib/python3.12/site-packages/airflow/example_dags/example_sensors.py
[2024-04-11T14:32:04.518+0000] {logging_mixin.py:188} INFO - [2024-04-11T14:32:04.518+0000] {dag.py:3096} INFO - Sync 1 DAGs
[2024-04-11T14:32:04.537+0000] {logging_mixin.py:188} INFO - [2024-04-11T14:32:04.537+0000] {dag.py:3954} INFO - Setting next_dagrun for example_sensors to None, run_after=None
[2024-04-11T14:32:04.565+0000] {processor.py:183} INFO - Processing /home/airflow/.local/lib/python3.12/site-packages/airflow/example_dags/example_sensors.py took 0.119 seconds
[2024-04-11T14:32:35.023+0000] {processor.py:161} INFO - Started process (PID=734) to work on /home/airflow/.local/lib/python3.12/site-packages/airflow/example_dags/example_sensors.py
[2024-04-11T14:32:35.025+0000] {processor.py:830} INFO - Processing file /home/airflow/.local/lib/python3.12/site-packages/airflow/example_dags/example_sensors.py for tasks to queue
[2024-04-11T14:32:35.028+0000] {logging_mixin.py:188} INFO - [2024-04-11T14:32:35.027+0000] {dagbag.py:540} INFO - Filling up the DagBag from /home/airflow/.local/lib/python3.12/site-packages/airflow/example_dags/example_sensors.py
[2024-04-11T14:32:35.042+0000] {processor.py:840} INFO - DAG(s) 'example_sensors' retrieved from /home/airflow/.local/lib/python3.12/site-packages/airflow/example_dags/example_sensors.py
[2024-04-11T14:32:35.156+0000] {logging_mixin.py:188} INFO - [2024-04-11T14:32:35.156+0000] {dag.py:3096} INFO - Sync 1 DAGs
[2024-04-11T14:32:35.215+0000] {logging_mixin.py:188} INFO - [2024-04-11T14:32:35.214+0000] {dag.py:3954} INFO - Setting next_dagrun for example_sensors to None, run_after=None
[2024-04-11T14:32:35.257+0000] {processor.py:183} INFO - Processing /home/airflow/.local/lib/python3.12/site-packages/airflow/example_dags/example_sensors.py took 0.243 seconds
[2024-04-11T14:33:05.313+0000] {processor.py:161} INFO - Started process (PID=792) to work on /home/airflow/.local/lib/python3.12/site-packages/airflow/example_dags/example_sensors.py
[2024-04-11T14:33:05.315+0000] {processor.py:830} INFO - Processing file /home/airflow/.local/lib/python3.12/site-packages/airflow/example_dags/example_sensors.py for tasks to queue
[2024-04-11T14:33:05.318+0000] {logging_mixin.py:188} INFO - [2024-04-11T14:33:05.318+0000] {dagbag.py:540} INFO - Filling up the DagBag from /home/airflow/.local/lib/python3.12/site-packages/airflow/example_dags/example_sensors.py
[2024-04-11T14:33:05.333+0000] {processor.py:840} INFO - DAG(s) 'example_sensors' retrieved from /home/airflow/.local/lib/python3.12/site-packages/airflow/example_dags/example_sensors.py
[2024-04-11T14:33:05.376+0000] {logging_mixin.py:188} INFO - [2024-04-11T14:33:05.376+0000] {dag.py:3096} INFO - Sync 1 DAGs
[2024-04-11T14:33:05.401+0000] {logging_mixin.py:188} INFO - [2024-04-11T14:33:05.400+0000] {dag.py:3954} INFO - Setting next_dagrun for example_sensors to None, run_after=None
[2024-04-11T14:33:05.432+0000] {processor.py:183} INFO - Processing /home/airflow/.local/lib/python3.12/site-packages/airflow/example_dags/example_sensors.py took 0.129 seconds
[2024-04-11T14:33:35.766+0000] {processor.py:161} INFO - Started process (PID=850) to work on /home/airflow/.local/lib/python3.12/site-packages/airflow/example_dags/example_sensors.py
[2024-04-11T14:33:35.768+0000] {processor.py:830} INFO - Processing file /home/airflow/.local/lib/python3.12/site-packages/airflow/example_dags/example_sensors.py for tasks to queue
[2024-04-11T14:33:35.772+0000] {logging_mixin.py:188} INFO - [2024-04-11T14:33:35.771+0000] {dagbag.py:540} INFO - Filling up the DagBag from /home/airflow/.local/lib/python3.12/site-packages/airflow/example_dags/example_sensors.py
[2024-04-11T14:33:35.785+0000] {processor.py:840} INFO - DAG(s) 'example_sensors' retrieved from /home/airflow/.local/lib/python3.12/site-packages/airflow/example_dags/example_sensors.py
[2024-04-11T14:33:35.823+0000] {logging_mixin.py:188} INFO - [2024-04-11T14:33:35.823+0000] {dag.py:3096} INFO - Sync 1 DAGs
[2024-04-11T14:33:35.842+0000] {logging_mixin.py:188} INFO - [2024-04-11T14:33:35.842+0000] {dag.py:3954} INFO - Setting next_dagrun for example_sensors to None, run_after=None
[2024-04-11T14:33:36.022+0000] {processor.py:183} INFO - Processing /home/airflow/.local/lib/python3.12/site-packages/airflow/example_dags/example_sensors.py took 0.264 seconds
[2024-04-11T14:34:06.072+0000] {processor.py:161} INFO - Started process (PID=908) to work on /home/airflow/.local/lib/python3.12/site-packages/airflow/example_dags/example_sensors.py
[2024-04-11T14:34:06.074+0000] {processor.py:830} INFO - Processing file /home/airflow/.local/lib/python3.12/site-packages/airflow/example_dags/example_sensors.py for tasks to queue
[2024-04-11T14:34:06.076+0000] {logging_mixin.py:188} INFO - [2024-04-11T14:34:06.076+0000] {dagbag.py:540} INFO - Filling up the DagBag from /home/airflow/.local/lib/python3.12/site-packages/airflow/example_dags/example_sensors.py
[2024-04-11T14:34:06.089+0000] {processor.py:840} INFO - DAG(s) 'example_sensors' retrieved from /home/airflow/.local/lib/python3.12/site-packages/airflow/example_dags/example_sensors.py
[2024-04-11T14:34:06.124+0000] {logging_mixin.py:188} INFO - [2024-04-11T14:34:06.124+0000] {dag.py:3096} INFO - Sync 1 DAGs
[2024-04-11T14:34:06.142+0000] {logging_mixin.py:188} INFO - [2024-04-11T14:34:06.142+0000] {dag.py:3954} INFO - Setting next_dagrun for example_sensors to None, run_after=None
[2024-04-11T14:34:06.170+0000] {processor.py:183} INFO - Processing /home/airflow/.local/lib/python3.12/site-packages/airflow/example_dags/example_sensors.py took 0.106 seconds
[2024-04-11T14:34:36.544+0000] {processor.py:161} INFO - Started process (PID=966) to work on /home/airflow/.local/lib/python3.12/site-packages/airflow/example_dags/example_sensors.py
[2024-04-11T14:34:36.546+0000] {processor.py:830} INFO - Processing file /home/airflow/.local/lib/python3.12/site-packages/airflow/example_dags/example_sensors.py for tasks to queue
[2024-04-11T14:34:36.549+0000] {logging_mixin.py:188} INFO - [2024-04-11T14:34:36.548+0000] {dagbag.py:540} INFO - Filling up the DagBag from /home/airflow/.local/lib/python3.12/site-packages/airflow/example_dags/example_sensors.py
[2024-04-11T14:34:36.562+0000] {processor.py:840} INFO - DAG(s) 'example_sensors' retrieved from /home/airflow/.local/lib/python3.12/site-packages/airflow/example_dags/example_sensors.py
[2024-04-11T14:34:36.601+0000] {logging_mixin.py:188} INFO - [2024-04-11T14:34:36.601+0000] {dag.py:3096} INFO - Sync 1 DAGs
[2024-04-11T14:34:36.621+0000] {logging_mixin.py:188} INFO - [2024-04-11T14:34:36.621+0000] {dag.py:3954} INFO - Setting next_dagrun for example_sensors to None, run_after=None
[2024-04-11T14:34:36.653+0000] {processor.py:183} INFO - Processing /home/airflow/.local/lib/python3.12/site-packages/airflow/example_dags/example_sensors.py took 0.118 seconds
[2024-04-11T14:35:06.925+0000] {processor.py:161} INFO - Started process (PID=1024) to work on /home/airflow/.local/lib/python3.12/site-packages/airflow/example_dags/example_sensors.py
[2024-04-11T14:35:06.927+0000] {processor.py:830} INFO - Processing file /home/airflow/.local/lib/python3.12/site-packages/airflow/example_dags/example_sensors.py for tasks to queue
[2024-04-11T14:35:06.930+0000] {logging_mixin.py:188} INFO - [2024-04-11T14:35:06.929+0000] {dagbag.py:540} INFO - Filling up the DagBag from /home/airflow/.local/lib/python3.12/site-packages/airflow/example_dags/example_sensors.py
[2024-04-11T14:35:06.944+0000] {processor.py:840} INFO - DAG(s) 'example_sensors' retrieved from /home/airflow/.local/lib/python3.12/site-packages/airflow/example_dags/example_sensors.py
[2024-04-11T14:35:06.992+0000] {logging_mixin.py:188} INFO - [2024-04-11T14:35:06.991+0000] {dag.py:3096} INFO - Sync 1 DAGs
[2024-04-11T14:35:07.012+0000] {logging_mixin.py:188} INFO - [2024-04-11T14:35:07.012+0000] {dag.py:3954} INFO - Setting next_dagrun for example_sensors to None, run_after=None
[2024-04-11T14:35:07.043+0000] {processor.py:183} INFO - Processing /home/airflow/.local/lib/python3.12/site-packages/airflow/example_dags/example_sensors.py took 0.132 seconds
[2024-04-11T14:35:37.404+0000] {processor.py:161} INFO - Started process (PID=1082) to work on /home/airflow/.local/lib/python3.12/site-packages/airflow/example_dags/example_sensors.py
[2024-04-11T14:35:37.406+0000] {processor.py:830} INFO - Processing file /home/airflow/.local/lib/python3.12/site-packages/airflow/example_dags/example_sensors.py for tasks to queue
[2024-04-11T14:35:37.410+0000] {logging_mixin.py:188} INFO - [2024-04-11T14:35:37.409+0000] {dagbag.py:540} INFO - Filling up the DagBag from /home/airflow/.local/lib/python3.12/site-packages/airflow/example_dags/example_sensors.py
[2024-04-11T14:35:37.424+0000] {processor.py:840} INFO - DAG(s) 'example_sensors' retrieved from /home/airflow/.local/lib/python3.12/site-packages/airflow/example_dags/example_sensors.py
[2024-04-11T14:35:37.468+0000] {logging_mixin.py:188} INFO - [2024-04-11T14:35:37.468+0000] {dag.py:3096} INFO - Sync 1 DAGs
[2024-04-11T14:35:37.642+0000] {logging_mixin.py:188} INFO - [2024-04-11T14:35:37.642+0000] {dag.py:3954} INFO - Setting next_dagrun for example_sensors to None, run_after=None
[2024-04-11T14:35:37.672+0000] {processor.py:183} INFO - Processing /home/airflow/.local/lib/python3.12/site-packages/airflow/example_dags/example_sensors.py took 0.278 seconds
[2024-04-11T14:36:07.972+0000] {processor.py:161} INFO - Started process (PID=1140) to work on /home/airflow/.local/lib/python3.12/site-packages/airflow/example_dags/example_sensors.py
[2024-04-11T14:36:07.973+0000] {processor.py:830} INFO - Processing file /home/airflow/.local/lib/python3.12/site-packages/airflow/example_dags/example_sensors.py for tasks to queue
[2024-04-11T14:36:07.976+0000] {logging_mixin.py:188} INFO - [2024-04-11T14:36:07.976+0000] {dagbag.py:540} INFO - Filling up the DagBag from /home/airflow/.local/lib/python3.12/site-packages/airflow/example_dags/example_sensors.py
[2024-04-11T14:36:07.989+0000] {processor.py:840} INFO - DAG(s) 'example_sensors' retrieved from /home/airflow/.local/lib/python3.12/site-packages/airflow/example_dags/example_sensors.py
[2024-04-11T14:36:08.026+0000] {logging_mixin.py:188} INFO - [2024-04-11T14:36:08.025+0000] {dag.py:3096} INFO - Sync 1 DAGs
[2024-04-11T14:36:08.045+0000] {logging_mixin.py:188} INFO - [2024-04-11T14:36:08.045+0000] {dag.py:3954} INFO - Setting next_dagrun for example_sensors to None, run_after=None
[2024-04-11T14:36:08.077+0000] {processor.py:183} INFO - Processing /home/airflow/.local/lib/python3.12/site-packages/airflow/example_dags/example_sensors.py took 0.114 seconds
