[2024-04-11T14:26:32.241+0000] {processor.py:161} INFO - Started process (PID=48) to work on /home/airflow/.local/lib/python3.12/site-packages/airflow/example_dags/example_sla_dag.py
[2024-04-11T14:26:32.244+0000] {processor.py:830} INFO - Processing file /home/airflow/.local/lib/python3.12/site-packages/airflow/example_dags/example_sla_dag.py for tasks to queue
[2024-04-11T14:26:32.247+0000] {logging_mixin.py:188} INFO - [2024-04-11T14:26:32.246+0000] {dagbag.py:540} INFO - Filling up the DagBag from /home/airflow/.local/lib/python3.12/site-packages/airflow/example_dags/example_sla_dag.py
[2024-04-11T14:26:32.260+0000] {processor.py:840} INFO - DAG(s) 'example_sla_dag' retrieved from /home/airflow/.local/lib/python3.12/site-packages/airflow/example_dags/example_sla_dag.py
[2024-04-11T14:26:32.418+0000] {logging_mixin.py:188} INFO - [2024-04-11T14:26:32.418+0000] {dag.py:3096} INFO - Sync 1 DAGs
[2024-04-11T14:26:32.450+0000] {logging_mixin.py:188} INFO - [2024-04-11T14:26:32.450+0000] {dag.py:3954} INFO - Setting next_dagrun for example_sla_dag to 2024-04-11 14:24:00+00:00, run_after=2024-04-11 14:26:00+00:00
[2024-04-11T14:26:32.480+0000] {processor.py:183} INFO - Processing /home/airflow/.local/lib/python3.12/site-packages/airflow/example_dags/example_sla_dag.py took 0.248 seconds
[2024-04-11T14:27:03.017+0000] {processor.py:161} INFO - Started process (PID=106) to work on /home/airflow/.local/lib/python3.12/site-packages/airflow/example_dags/example_sla_dag.py
[2024-04-11T14:27:03.018+0000] {processor.py:830} INFO - Processing file /home/airflow/.local/lib/python3.12/site-packages/airflow/example_dags/example_sla_dag.py for tasks to queue
[2024-04-11T14:27:03.021+0000] {logging_mixin.py:188} INFO - [2024-04-11T14:27:03.021+0000] {dagbag.py:540} INFO - Filling up the DagBag from /home/airflow/.local/lib/python3.12/site-packages/airflow/example_dags/example_sla_dag.py
[2024-04-11T14:27:03.033+0000] {processor.py:840} INFO - DAG(s) 'example_sla_dag' retrieved from /home/airflow/.local/lib/python3.12/site-packages/airflow/example_dags/example_sla_dag.py
[2024-04-11T14:27:03.062+0000] {logging_mixin.py:188} INFO - [2024-04-11T14:27:03.061+0000] {dag.py:3096} INFO - Sync 1 DAGs
[2024-04-11T14:27:03.096+0000] {logging_mixin.py:188} INFO - [2024-04-11T14:27:03.096+0000] {dag.py:3954} INFO - Setting next_dagrun for example_sla_dag to 2024-04-11 14:24:00+00:00, run_after=2024-04-11 14:26:00+00:00
[2024-04-11T14:27:03.124+0000] {processor.py:183} INFO - Processing /home/airflow/.local/lib/python3.12/site-packages/airflow/example_dags/example_sla_dag.py took 0.115 seconds
[2024-04-11T14:27:33.490+0000] {processor.py:161} INFO - Started process (PID=170) to work on /home/airflow/.local/lib/python3.12/site-packages/airflow/example_dags/example_sla_dag.py
[2024-04-11T14:27:33.492+0000] {processor.py:830} INFO - Processing file /home/airflow/.local/lib/python3.12/site-packages/airflow/example_dags/example_sla_dag.py for tasks to queue
[2024-04-11T14:27:33.495+0000] {logging_mixin.py:188} INFO - [2024-04-11T14:27:33.494+0000] {dagbag.py:540} INFO - Filling up the DagBag from /home/airflow/.local/lib/python3.12/site-packages/airflow/example_dags/example_sla_dag.py
[2024-04-11T14:27:33.515+0000] {processor.py:840} INFO - DAG(s) 'example_sla_dag' retrieved from /home/airflow/.local/lib/python3.12/site-packages/airflow/example_dags/example_sla_dag.py
[2024-04-11T14:27:33.559+0000] {logging_mixin.py:188} INFO - [2024-04-11T14:27:33.559+0000] {dag.py:3096} INFO - Sync 1 DAGs
[2024-04-11T14:27:33.593+0000] {logging_mixin.py:188} INFO - [2024-04-11T14:27:33.593+0000] {dag.py:3954} INFO - Setting next_dagrun for example_sla_dag to 2024-04-11 14:24:00+00:00, run_after=2024-04-11 14:26:00+00:00
[2024-04-11T14:27:33.621+0000] {processor.py:183} INFO - Processing /home/airflow/.local/lib/python3.12/site-packages/airflow/example_dags/example_sla_dag.py took 0.142 seconds
[2024-04-11T14:28:03.726+0000] {processor.py:161} INFO - Started process (PID=228) to work on /home/airflow/.local/lib/python3.12/site-packages/airflow/example_dags/example_sla_dag.py
[2024-04-11T14:28:03.729+0000] {processor.py:830} INFO - Processing file /home/airflow/.local/lib/python3.12/site-packages/airflow/example_dags/example_sla_dag.py for tasks to queue
[2024-04-11T14:28:03.733+0000] {logging_mixin.py:188} INFO - [2024-04-11T14:28:03.733+0000] {dagbag.py:540} INFO - Filling up the DagBag from /home/airflow/.local/lib/python3.12/site-packages/airflow/example_dags/example_sla_dag.py
[2024-04-11T14:28:03.748+0000] {processor.py:840} INFO - DAG(s) 'example_sla_dag' retrieved from /home/airflow/.local/lib/python3.12/site-packages/airflow/example_dags/example_sla_dag.py
[2024-04-11T14:28:03.778+0000] {logging_mixin.py:188} INFO - [2024-04-11T14:28:03.777+0000] {dag.py:3096} INFO - Sync 1 DAGs
[2024-04-11T14:28:03.812+0000] {logging_mixin.py:188} INFO - [2024-04-11T14:28:03.812+0000] {dag.py:3954} INFO - Setting next_dagrun for example_sla_dag to 2024-04-11 14:26:00+00:00, run_after=2024-04-11 14:28:00+00:00
[2024-04-11T14:28:03.845+0000] {processor.py:183} INFO - Processing /home/airflow/.local/lib/python3.12/site-packages/airflow/example_dags/example_sla_dag.py took 0.131 seconds
[2024-04-11T14:28:33.884+0000] {processor.py:161} INFO - Started process (PID=286) to work on /home/airflow/.local/lib/python3.12/site-packages/airflow/example_dags/example_sla_dag.py
[2024-04-11T14:28:33.886+0000] {processor.py:830} INFO - Processing file /home/airflow/.local/lib/python3.12/site-packages/airflow/example_dags/example_sla_dag.py for tasks to queue
[2024-04-11T14:28:33.888+0000] {logging_mixin.py:188} INFO - [2024-04-11T14:28:33.888+0000] {dagbag.py:540} INFO - Filling up the DagBag from /home/airflow/.local/lib/python3.12/site-packages/airflow/example_dags/example_sla_dag.py
[2024-04-11T14:28:33.900+0000] {processor.py:840} INFO - DAG(s) 'example_sla_dag' retrieved from /home/airflow/.local/lib/python3.12/site-packages/airflow/example_dags/example_sla_dag.py
[2024-04-11T14:28:33.929+0000] {logging_mixin.py:188} INFO - [2024-04-11T14:28:33.928+0000] {dag.py:3096} INFO - Sync 1 DAGs
[2024-04-11T14:28:33.962+0000] {logging_mixin.py:188} INFO - [2024-04-11T14:28:33.962+0000] {dag.py:3954} INFO - Setting next_dagrun for example_sla_dag to 2024-04-11 14:26:00+00:00, run_after=2024-04-11 14:28:00+00:00
[2024-04-11T14:28:33.991+0000] {processor.py:183} INFO - Processing /home/airflow/.local/lib/python3.12/site-packages/airflow/example_dags/example_sla_dag.py took 0.114 seconds
[2024-04-11T14:29:04.046+0000] {processor.py:161} INFO - Started process (PID=343) to work on /home/airflow/.local/lib/python3.12/site-packages/airflow/example_dags/example_sla_dag.py
[2024-04-11T14:29:04.048+0000] {processor.py:830} INFO - Processing file /home/airflow/.local/lib/python3.12/site-packages/airflow/example_dags/example_sla_dag.py for tasks to queue
[2024-04-11T14:29:04.051+0000] {logging_mixin.py:188} INFO - [2024-04-11T14:29:04.051+0000] {dagbag.py:540} INFO - Filling up the DagBag from /home/airflow/.local/lib/python3.12/site-packages/airflow/example_dags/example_sla_dag.py
[2024-04-11T14:29:04.072+0000] {processor.py:840} INFO - DAG(s) 'example_sla_dag' retrieved from /home/airflow/.local/lib/python3.12/site-packages/airflow/example_dags/example_sla_dag.py
[2024-04-11T14:29:04.106+0000] {logging_mixin.py:188} INFO - [2024-04-11T14:29:04.106+0000] {dag.py:3096} INFO - Sync 1 DAGs
[2024-04-11T14:29:04.144+0000] {logging_mixin.py:188} INFO - [2024-04-11T14:29:04.144+0000] {dag.py:3954} INFO - Setting next_dagrun for example_sla_dag to 2024-04-11 14:26:00+00:00, run_after=2024-04-11 14:28:00+00:00
[2024-04-11T14:29:04.176+0000] {processor.py:183} INFO - Processing /home/airflow/.local/lib/python3.12/site-packages/airflow/example_dags/example_sla_dag.py took 0.140 seconds
[2024-04-11T14:29:34.632+0000] {processor.py:161} INFO - Started process (PID=402) to work on /home/airflow/.local/lib/python3.12/site-packages/airflow/example_dags/example_sla_dag.py
[2024-04-11T14:29:34.634+0000] {processor.py:830} INFO - Processing file /home/airflow/.local/lib/python3.12/site-packages/airflow/example_dags/example_sla_dag.py for tasks to queue
[2024-04-11T14:29:34.638+0000] {logging_mixin.py:188} INFO - [2024-04-11T14:29:34.637+0000] {dagbag.py:540} INFO - Filling up the DagBag from /home/airflow/.local/lib/python3.12/site-packages/airflow/example_dags/example_sla_dag.py
[2024-04-11T14:29:34.655+0000] {processor.py:840} INFO - DAG(s) 'example_sla_dag' retrieved from /home/airflow/.local/lib/python3.12/site-packages/airflow/example_dags/example_sla_dag.py
[2024-04-11T14:29:34.689+0000] {logging_mixin.py:188} INFO - [2024-04-11T14:29:34.689+0000] {dag.py:3096} INFO - Sync 1 DAGs
[2024-04-11T14:29:34.735+0000] {logging_mixin.py:188} INFO - [2024-04-11T14:29:34.734+0000] {dag.py:3954} INFO - Setting next_dagrun for example_sla_dag to 2024-04-11 14:26:00+00:00, run_after=2024-04-11 14:28:00+00:00
[2024-04-11T14:29:34.770+0000] {processor.py:183} INFO - Processing /home/airflow/.local/lib/python3.12/site-packages/airflow/example_dags/example_sla_dag.py took 0.145 seconds
[2024-04-11T14:30:04.948+0000] {processor.py:161} INFO - Started process (PID=460) to work on /home/airflow/.local/lib/python3.12/site-packages/airflow/example_dags/example_sla_dag.py
[2024-04-11T14:30:04.949+0000] {processor.py:830} INFO - Processing file /home/airflow/.local/lib/python3.12/site-packages/airflow/example_dags/example_sla_dag.py for tasks to queue
[2024-04-11T14:30:04.952+0000] {logging_mixin.py:188} INFO - [2024-04-11T14:30:04.952+0000] {dagbag.py:540} INFO - Filling up the DagBag from /home/airflow/.local/lib/python3.12/site-packages/airflow/example_dags/example_sla_dag.py
[2024-04-11T14:30:04.965+0000] {processor.py:840} INFO - DAG(s) 'example_sla_dag' retrieved from /home/airflow/.local/lib/python3.12/site-packages/airflow/example_dags/example_sla_dag.py
[2024-04-11T14:30:04.995+0000] {logging_mixin.py:188} INFO - [2024-04-11T14:30:04.994+0000] {dag.py:3096} INFO - Sync 1 DAGs
[2024-04-11T14:30:05.028+0000] {logging_mixin.py:188} INFO - [2024-04-11T14:30:05.028+0000] {dag.py:3954} INFO - Setting next_dagrun for example_sla_dag to 2024-04-11 14:28:00+00:00, run_after=2024-04-11 14:30:00+00:00
[2024-04-11T14:30:05.057+0000] {processor.py:183} INFO - Processing /home/airflow/.local/lib/python3.12/site-packages/airflow/example_dags/example_sla_dag.py took 0.117 seconds
[2024-04-11T14:30:35.521+0000] {processor.py:161} INFO - Started process (PID=518) to work on /home/airflow/.local/lib/python3.12/site-packages/airflow/example_dags/example_sla_dag.py
[2024-04-11T14:30:35.523+0000] {processor.py:830} INFO - Processing file /home/airflow/.local/lib/python3.12/site-packages/airflow/example_dags/example_sla_dag.py for tasks to queue
[2024-04-11T14:30:35.526+0000] {logging_mixin.py:188} INFO - [2024-04-11T14:30:35.526+0000] {dagbag.py:540} INFO - Filling up the DagBag from /home/airflow/.local/lib/python3.12/site-packages/airflow/example_dags/example_sla_dag.py
[2024-04-11T14:30:35.539+0000] {processor.py:840} INFO - DAG(s) 'example_sla_dag' retrieved from /home/airflow/.local/lib/python3.12/site-packages/airflow/example_dags/example_sla_dag.py
[2024-04-11T14:30:35.572+0000] {logging_mixin.py:188} INFO - [2024-04-11T14:30:35.572+0000] {dag.py:3096} INFO - Sync 1 DAGs
[2024-04-11T14:30:35.608+0000] {logging_mixin.py:188} INFO - [2024-04-11T14:30:35.607+0000] {dag.py:3954} INFO - Setting next_dagrun for example_sla_dag to 2024-04-11 14:28:00+00:00, run_after=2024-04-11 14:30:00+00:00
[2024-04-11T14:30:35.638+0000] {processor.py:183} INFO - Processing /home/airflow/.local/lib/python3.12/site-packages/airflow/example_dags/example_sla_dag.py took 0.126 seconds
[2024-04-11T14:31:06.237+0000] {processor.py:161} INFO - Started process (PID=576) to work on /home/airflow/.local/lib/python3.12/site-packages/airflow/example_dags/example_sla_dag.py
[2024-04-11T14:31:06.239+0000] {processor.py:830} INFO - Processing file /home/airflow/.local/lib/python3.12/site-packages/airflow/example_dags/example_sla_dag.py for tasks to queue
[2024-04-11T14:31:06.242+0000] {logging_mixin.py:188} INFO - [2024-04-11T14:31:06.241+0000] {dagbag.py:540} INFO - Filling up the DagBag from /home/airflow/.local/lib/python3.12/site-packages/airflow/example_dags/example_sla_dag.py
[2024-04-11T14:31:06.255+0000] {processor.py:840} INFO - DAG(s) 'example_sla_dag' retrieved from /home/airflow/.local/lib/python3.12/site-packages/airflow/example_dags/example_sla_dag.py
[2024-04-11T14:31:06.289+0000] {logging_mixin.py:188} INFO - [2024-04-11T14:31:06.288+0000] {dag.py:3096} INFO - Sync 1 DAGs
[2024-04-11T14:31:06.325+0000] {logging_mixin.py:188} INFO - [2024-04-11T14:31:06.325+0000] {dag.py:3954} INFO - Setting next_dagrun for example_sla_dag to 2024-04-11 14:28:00+00:00, run_after=2024-04-11 14:30:00+00:00
[2024-04-11T14:31:06.355+0000] {processor.py:183} INFO - Processing /home/airflow/.local/lib/python3.12/site-packages/airflow/example_dags/example_sla_dag.py took 0.128 seconds
[2024-04-11T14:31:36.699+0000] {processor.py:161} INFO - Started process (PID=634) to work on /home/airflow/.local/lib/python3.12/site-packages/airflow/example_dags/example_sla_dag.py
[2024-04-11T14:31:36.702+0000] {processor.py:830} INFO - Processing file /home/airflow/.local/lib/python3.12/site-packages/airflow/example_dags/example_sla_dag.py for tasks to queue
[2024-04-11T14:31:36.705+0000] {logging_mixin.py:188} INFO - [2024-04-11T14:31:36.705+0000] {dagbag.py:540} INFO - Filling up the DagBag from /home/airflow/.local/lib/python3.12/site-packages/airflow/example_dags/example_sla_dag.py
[2024-04-11T14:31:36.720+0000] {processor.py:840} INFO - DAG(s) 'example_sla_dag' retrieved from /home/airflow/.local/lib/python3.12/site-packages/airflow/example_dags/example_sla_dag.py
[2024-04-11T14:31:36.752+0000] {logging_mixin.py:188} INFO - [2024-04-11T14:31:36.752+0000] {dag.py:3096} INFO - Sync 1 DAGs
[2024-04-11T14:31:36.788+0000] {logging_mixin.py:188} INFO - [2024-04-11T14:31:36.787+0000] {dag.py:3954} INFO - Setting next_dagrun for example_sla_dag to 2024-04-11 14:28:00+00:00, run_after=2024-04-11 14:30:00+00:00
[2024-04-11T14:31:36.820+0000] {processor.py:183} INFO - Processing /home/airflow/.local/lib/python3.12/site-packages/airflow/example_dags/example_sla_dag.py took 0.132 seconds
[2024-04-11T14:32:06.914+0000] {processor.py:161} INFO - Started process (PID=692) to work on /home/airflow/.local/lib/python3.12/site-packages/airflow/example_dags/example_sla_dag.py
[2024-04-11T14:32:06.916+0000] {processor.py:830} INFO - Processing file /home/airflow/.local/lib/python3.12/site-packages/airflow/example_dags/example_sla_dag.py for tasks to queue
[2024-04-11T14:32:06.919+0000] {logging_mixin.py:188} INFO - [2024-04-11T14:32:06.919+0000] {dagbag.py:540} INFO - Filling up the DagBag from /home/airflow/.local/lib/python3.12/site-packages/airflow/example_dags/example_sla_dag.py
[2024-04-11T14:32:06.932+0000] {processor.py:840} INFO - DAG(s) 'example_sla_dag' retrieved from /home/airflow/.local/lib/python3.12/site-packages/airflow/example_dags/example_sla_dag.py
[2024-04-11T14:32:06.968+0000] {logging_mixin.py:188} INFO - [2024-04-11T14:32:06.968+0000] {dag.py:3096} INFO - Sync 1 DAGs
[2024-04-11T14:32:07.004+0000] {logging_mixin.py:188} INFO - [2024-04-11T14:32:07.004+0000] {dag.py:3954} INFO - Setting next_dagrun for example_sla_dag to 2024-04-11 14:30:00+00:00, run_after=2024-04-11 14:32:00+00:00
[2024-04-11T14:32:07.033+0000] {processor.py:183} INFO - Processing /home/airflow/.local/lib/python3.12/site-packages/airflow/example_dags/example_sla_dag.py took 0.129 seconds
[2024-04-11T14:32:37.683+0000] {processor.py:161} INFO - Started process (PID=750) to work on /home/airflow/.local/lib/python3.12/site-packages/airflow/example_dags/example_sla_dag.py
[2024-04-11T14:32:37.684+0000] {processor.py:830} INFO - Processing file /home/airflow/.local/lib/python3.12/site-packages/airflow/example_dags/example_sla_dag.py for tasks to queue
[2024-04-11T14:32:37.688+0000] {logging_mixin.py:188} INFO - [2024-04-11T14:32:37.687+0000] {dagbag.py:540} INFO - Filling up the DagBag from /home/airflow/.local/lib/python3.12/site-packages/airflow/example_dags/example_sla_dag.py
[2024-04-11T14:32:37.703+0000] {processor.py:840} INFO - DAG(s) 'example_sla_dag' retrieved from /home/airflow/.local/lib/python3.12/site-packages/airflow/example_dags/example_sla_dag.py
[2024-04-11T14:32:37.734+0000] {logging_mixin.py:188} INFO - [2024-04-11T14:32:37.734+0000] {dag.py:3096} INFO - Sync 1 DAGs
[2024-04-11T14:32:37.772+0000] {logging_mixin.py:188} INFO - [2024-04-11T14:32:37.771+0000] {dag.py:3954} INFO - Setting next_dagrun for example_sla_dag to 2024-04-11 14:30:00+00:00, run_after=2024-04-11 14:32:00+00:00
[2024-04-11T14:32:37.802+0000] {processor.py:183} INFO - Processing /home/airflow/.local/lib/python3.12/site-packages/airflow/example_dags/example_sla_dag.py took 0.128 seconds
[2024-04-11T14:33:08.679+0000] {processor.py:161} INFO - Started process (PID=808) to work on /home/airflow/.local/lib/python3.12/site-packages/airflow/example_dags/example_sla_dag.py
[2024-04-11T14:33:08.680+0000] {processor.py:830} INFO - Processing file /home/airflow/.local/lib/python3.12/site-packages/airflow/example_dags/example_sla_dag.py for tasks to queue
[2024-04-11T14:33:08.684+0000] {logging_mixin.py:188} INFO - [2024-04-11T14:33:08.683+0000] {dagbag.py:540} INFO - Filling up the DagBag from /home/airflow/.local/lib/python3.12/site-packages/airflow/example_dags/example_sla_dag.py
[2024-04-11T14:33:08.700+0000] {processor.py:840} INFO - DAG(s) 'example_sla_dag' retrieved from /home/airflow/.local/lib/python3.12/site-packages/airflow/example_dags/example_sla_dag.py
[2024-04-11T14:33:08.738+0000] {logging_mixin.py:188} INFO - [2024-04-11T14:33:08.738+0000] {dag.py:3096} INFO - Sync 1 DAGs
[2024-04-11T14:33:08.784+0000] {logging_mixin.py:188} INFO - [2024-04-11T14:33:08.784+0000] {dag.py:3954} INFO - Setting next_dagrun for example_sla_dag to 2024-04-11 14:30:00+00:00, run_after=2024-04-11 14:32:00+00:00
[2024-04-11T14:33:08.815+0000] {processor.py:183} INFO - Processing /home/airflow/.local/lib/python3.12/site-packages/airflow/example_dags/example_sla_dag.py took 0.145 seconds
[2024-04-11T14:33:39.407+0000] {processor.py:161} INFO - Started process (PID=866) to work on /home/airflow/.local/lib/python3.12/site-packages/airflow/example_dags/example_sla_dag.py
[2024-04-11T14:33:39.409+0000] {processor.py:830} INFO - Processing file /home/airflow/.local/lib/python3.12/site-packages/airflow/example_dags/example_sla_dag.py for tasks to queue
[2024-04-11T14:33:39.411+0000] {logging_mixin.py:188} INFO - [2024-04-11T14:33:39.411+0000] {dagbag.py:540} INFO - Filling up the DagBag from /home/airflow/.local/lib/python3.12/site-packages/airflow/example_dags/example_sla_dag.py
[2024-04-11T14:33:39.424+0000] {processor.py:840} INFO - DAG(s) 'example_sla_dag' retrieved from /home/airflow/.local/lib/python3.12/site-packages/airflow/example_dags/example_sla_dag.py
[2024-04-11T14:33:39.456+0000] {logging_mixin.py:188} INFO - [2024-04-11T14:33:39.455+0000] {dag.py:3096} INFO - Sync 1 DAGs
[2024-04-11T14:33:39.491+0000] {logging_mixin.py:188} INFO - [2024-04-11T14:33:39.491+0000] {dag.py:3954} INFO - Setting next_dagrun for example_sla_dag to 2024-04-11 14:30:00+00:00, run_after=2024-04-11 14:32:00+00:00
[2024-04-11T14:33:39.521+0000] {processor.py:183} INFO - Processing /home/airflow/.local/lib/python3.12/site-packages/airflow/example_dags/example_sla_dag.py took 0.122 seconds
[2024-04-11T14:34:10.989+0000] {processor.py:161} INFO - Started process (PID=924) to work on /home/airflow/.local/lib/python3.12/site-packages/airflow/example_dags/example_sla_dag.py
[2024-04-11T14:34:10.991+0000] {processor.py:830} INFO - Processing file /home/airflow/.local/lib/python3.12/site-packages/airflow/example_dags/example_sla_dag.py for tasks to queue
[2024-04-11T14:34:10.994+0000] {logging_mixin.py:188} INFO - [2024-04-11T14:34:10.994+0000] {dagbag.py:540} INFO - Filling up the DagBag from /home/airflow/.local/lib/python3.12/site-packages/airflow/example_dags/example_sla_dag.py
[2024-04-11T14:34:11.007+0000] {processor.py:840} INFO - DAG(s) 'example_sla_dag' retrieved from /home/airflow/.local/lib/python3.12/site-packages/airflow/example_dags/example_sla_dag.py
[2024-04-11T14:34:11.040+0000] {logging_mixin.py:188} INFO - [2024-04-11T14:34:11.040+0000] {dag.py:3096} INFO - Sync 1 DAGs
[2024-04-11T14:34:11.074+0000] {logging_mixin.py:188} INFO - [2024-04-11T14:34:11.074+0000] {dag.py:3954} INFO - Setting next_dagrun for example_sla_dag to 2024-04-11 14:32:00+00:00, run_after=2024-04-11 14:34:00+00:00
[2024-04-11T14:34:11.254+0000] {processor.py:183} INFO - Processing /home/airflow/.local/lib/python3.12/site-packages/airflow/example_dags/example_sla_dag.py took 0.276 seconds
[2024-04-11T14:34:41.327+0000] {processor.py:161} INFO - Started process (PID=982) to work on /home/airflow/.local/lib/python3.12/site-packages/airflow/example_dags/example_sla_dag.py
[2024-04-11T14:34:41.329+0000] {processor.py:830} INFO - Processing file /home/airflow/.local/lib/python3.12/site-packages/airflow/example_dags/example_sla_dag.py for tasks to queue
[2024-04-11T14:34:41.332+0000] {logging_mixin.py:188} INFO - [2024-04-11T14:34:41.331+0000] {dagbag.py:540} INFO - Filling up the DagBag from /home/airflow/.local/lib/python3.12/site-packages/airflow/example_dags/example_sla_dag.py
[2024-04-11T14:34:41.344+0000] {processor.py:840} INFO - DAG(s) 'example_sla_dag' retrieved from /home/airflow/.local/lib/python3.12/site-packages/airflow/example_dags/example_sla_dag.py
[2024-04-11T14:34:41.375+0000] {logging_mixin.py:188} INFO - [2024-04-11T14:34:41.375+0000] {dag.py:3096} INFO - Sync 1 DAGs
[2024-04-11T14:34:41.410+0000] {logging_mixin.py:188} INFO - [2024-04-11T14:34:41.410+0000] {dag.py:3954} INFO - Setting next_dagrun for example_sla_dag to 2024-04-11 14:32:00+00:00, run_after=2024-04-11 14:34:00+00:00
[2024-04-11T14:34:41.438+0000] {processor.py:183} INFO - Processing /home/airflow/.local/lib/python3.12/site-packages/airflow/example_dags/example_sla_dag.py took 0.119 seconds
[2024-04-11T14:35:12.173+0000] {processor.py:161} INFO - Started process (PID=1040) to work on /home/airflow/.local/lib/python3.12/site-packages/airflow/example_dags/example_sla_dag.py
[2024-04-11T14:35:12.175+0000] {processor.py:830} INFO - Processing file /home/airflow/.local/lib/python3.12/site-packages/airflow/example_dags/example_sla_dag.py for tasks to queue
[2024-04-11T14:35:12.179+0000] {logging_mixin.py:188} INFO - [2024-04-11T14:35:12.178+0000] {dagbag.py:540} INFO - Filling up the DagBag from /home/airflow/.local/lib/python3.12/site-packages/airflow/example_dags/example_sla_dag.py
[2024-04-11T14:35:12.194+0000] {processor.py:840} INFO - DAG(s) 'example_sla_dag' retrieved from /home/airflow/.local/lib/python3.12/site-packages/airflow/example_dags/example_sla_dag.py
[2024-04-11T14:35:12.225+0000] {logging_mixin.py:188} INFO - [2024-04-11T14:35:12.225+0000] {dag.py:3096} INFO - Sync 1 DAGs
[2024-04-11T14:35:12.260+0000] {logging_mixin.py:188} INFO - [2024-04-11T14:35:12.259+0000] {dag.py:3954} INFO - Setting next_dagrun for example_sla_dag to 2024-04-11 14:32:00+00:00, run_after=2024-04-11 14:34:00+00:00
[2024-04-11T14:35:12.289+0000] {processor.py:183} INFO - Processing /home/airflow/.local/lib/python3.12/site-packages/airflow/example_dags/example_sla_dag.py took 0.128 seconds
[2024-04-11T14:35:43.268+0000] {processor.py:161} INFO - Started process (PID=1098) to work on /home/airflow/.local/lib/python3.12/site-packages/airflow/example_dags/example_sla_dag.py
[2024-04-11T14:35:43.270+0000] {processor.py:830} INFO - Processing file /home/airflow/.local/lib/python3.12/site-packages/airflow/example_dags/example_sla_dag.py for tasks to queue
[2024-04-11T14:35:43.273+0000] {logging_mixin.py:188} INFO - [2024-04-11T14:35:43.272+0000] {dagbag.py:540} INFO - Filling up the DagBag from /home/airflow/.local/lib/python3.12/site-packages/airflow/example_dags/example_sla_dag.py
[2024-04-11T14:35:43.287+0000] {processor.py:840} INFO - DAG(s) 'example_sla_dag' retrieved from /home/airflow/.local/lib/python3.12/site-packages/airflow/example_dags/example_sla_dag.py
[2024-04-11T14:35:43.479+0000] {logging_mixin.py:188} INFO - [2024-04-11T14:35:43.479+0000] {dag.py:3096} INFO - Sync 1 DAGs
[2024-04-11T14:35:43.510+0000] {logging_mixin.py:188} INFO - [2024-04-11T14:35:43.510+0000] {dag.py:3954} INFO - Setting next_dagrun for example_sla_dag to 2024-04-11 14:32:00+00:00, run_after=2024-04-11 14:34:00+00:00
[2024-04-11T14:35:43.537+0000] {processor.py:183} INFO - Processing /home/airflow/.local/lib/python3.12/site-packages/airflow/example_dags/example_sla_dag.py took 0.279 seconds
[2024-04-11T14:36:14.286+0000] {processor.py:161} INFO - Started process (PID=1156) to work on /home/airflow/.local/lib/python3.12/site-packages/airflow/example_dags/example_sla_dag.py
[2024-04-11T14:36:14.288+0000] {processor.py:830} INFO - Processing file /home/airflow/.local/lib/python3.12/site-packages/airflow/example_dags/example_sla_dag.py for tasks to queue
[2024-04-11T14:36:14.292+0000] {logging_mixin.py:188} INFO - [2024-04-11T14:36:14.292+0000] {dagbag.py:540} INFO - Filling up the DagBag from /home/airflow/.local/lib/python3.12/site-packages/airflow/example_dags/example_sla_dag.py
[2024-04-11T14:36:14.310+0000] {processor.py:840} INFO - DAG(s) 'example_sla_dag' retrieved from /home/airflow/.local/lib/python3.12/site-packages/airflow/example_dags/example_sla_dag.py
[2024-04-11T14:36:14.344+0000] {logging_mixin.py:188} INFO - [2024-04-11T14:36:14.344+0000] {dag.py:3096} INFO - Sync 1 DAGs
[2024-04-11T14:36:14.381+0000] {logging_mixin.py:188} INFO - [2024-04-11T14:36:14.380+0000] {dag.py:3954} INFO - Setting next_dagrun for example_sla_dag to 2024-04-11 14:34:00+00:00, run_after=2024-04-11 14:36:00+00:00
[2024-04-11T14:36:14.411+0000] {processor.py:183} INFO - Processing /home/airflow/.local/lib/python3.12/site-packages/airflow/example_dags/example_sla_dag.py took 0.137 seconds
