[2024-04-11T14:26:37.074+0000] {processor.py:161} INFO - Started process (PID=75) to work on /home/airflow/.local/lib/python3.12/site-packages/airflow/example_dags/example_latest_only_with_trigger.py
[2024-04-11T14:26:37.076+0000] {processor.py:830} INFO - Processing file /home/airflow/.local/lib/python3.12/site-packages/airflow/example_dags/example_latest_only_with_trigger.py for tasks to queue
[2024-04-11T14:26:37.080+0000] {logging_mixin.py:188} INFO - [2024-04-11T14:26:37.079+0000] {dagbag.py:540} INFO - Filling up the DagBag from /home/airflow/.local/lib/python3.12/site-packages/airflow/example_dags/example_latest_only_with_trigger.py
[2024-04-11T14:26:37.095+0000] {processor.py:840} INFO - DAG(s) 'latest_only_with_trigger' retrieved from /home/airflow/.local/lib/python3.12/site-packages/airflow/example_dags/example_latest_only_with_trigger.py
[2024-04-11T14:26:37.345+0000] {logging_mixin.py:188} INFO - [2024-04-11T14:26:37.345+0000] {dag.py:3096} INFO - Sync 1 DAGs
[2024-04-11T14:26:37.393+0000] {logging_mixin.py:188} INFO - [2024-04-11T14:26:37.392+0000] {dag.py:3954} INFO - Setting next_dagrun for latest_only_with_trigger to 2024-04-11 08:00:00+00:00, run_after=2024-04-11 12:00:00+00:00
[2024-04-11T14:26:37.437+0000] {processor.py:183} INFO - Processing /home/airflow/.local/lib/python3.12/site-packages/airflow/example_dags/example_latest_only_with_trigger.py took 0.375 seconds
[2024-04-11T14:27:07.796+0000] {processor.py:161} INFO - Started process (PID=133) to work on /home/airflow/.local/lib/python3.12/site-packages/airflow/example_dags/example_latest_only_with_trigger.py
[2024-04-11T14:27:07.798+0000] {processor.py:830} INFO - Processing file /home/airflow/.local/lib/python3.12/site-packages/airflow/example_dags/example_latest_only_with_trigger.py for tasks to queue
[2024-04-11T14:27:07.800+0000] {logging_mixin.py:188} INFO - [2024-04-11T14:27:07.800+0000] {dagbag.py:540} INFO - Filling up the DagBag from /home/airflow/.local/lib/python3.12/site-packages/airflow/example_dags/example_latest_only_with_trigger.py
[2024-04-11T14:27:07.808+0000] {processor.py:840} INFO - DAG(s) 'latest_only_with_trigger' retrieved from /home/airflow/.local/lib/python3.12/site-packages/airflow/example_dags/example_latest_only_with_trigger.py
[2024-04-11T14:27:07.840+0000] {logging_mixin.py:188} INFO - [2024-04-11T14:27:07.840+0000] {dag.py:3096} INFO - Sync 1 DAGs
[2024-04-11T14:27:07.873+0000] {logging_mixin.py:188} INFO - [2024-04-11T14:27:07.873+0000] {dag.py:3954} INFO - Setting next_dagrun for latest_only_with_trigger to 2024-04-11 08:00:00+00:00, run_after=2024-04-11 12:00:00+00:00
[2024-04-11T14:27:07.901+0000] {processor.py:183} INFO - Processing /home/airflow/.local/lib/python3.12/site-packages/airflow/example_dags/example_latest_only_with_trigger.py took 0.113 seconds
[2024-04-11T14:27:38.216+0000] {processor.py:161} INFO - Started process (PID=191) to work on /home/airflow/.local/lib/python3.12/site-packages/airflow/example_dags/example_latest_only_with_trigger.py
[2024-04-11T14:27:38.218+0000] {processor.py:830} INFO - Processing file /home/airflow/.local/lib/python3.12/site-packages/airflow/example_dags/example_latest_only_with_trigger.py for tasks to queue
[2024-04-11T14:27:38.221+0000] {logging_mixin.py:188} INFO - [2024-04-11T14:27:38.220+0000] {dagbag.py:540} INFO - Filling up the DagBag from /home/airflow/.local/lib/python3.12/site-packages/airflow/example_dags/example_latest_only_with_trigger.py
[2024-04-11T14:27:38.229+0000] {processor.py:840} INFO - DAG(s) 'latest_only_with_trigger' retrieved from /home/airflow/.local/lib/python3.12/site-packages/airflow/example_dags/example_latest_only_with_trigger.py
[2024-04-11T14:27:38.261+0000] {logging_mixin.py:188} INFO - [2024-04-11T14:27:38.260+0000] {dag.py:3096} INFO - Sync 1 DAGs
[2024-04-11T14:27:38.295+0000] {logging_mixin.py:188} INFO - [2024-04-11T14:27:38.295+0000] {dag.py:3954} INFO - Setting next_dagrun for latest_only_with_trigger to 2024-04-11 08:00:00+00:00, run_after=2024-04-11 12:00:00+00:00
[2024-04-11T14:27:38.324+0000] {processor.py:183} INFO - Processing /home/airflow/.local/lib/python3.12/site-packages/airflow/example_dags/example_latest_only_with_trigger.py took 0.116 seconds
[2024-04-11T14:28:08.558+0000] {processor.py:161} INFO - Started process (PID=249) to work on /home/airflow/.local/lib/python3.12/site-packages/airflow/example_dags/example_latest_only_with_trigger.py
[2024-04-11T14:28:08.560+0000] {processor.py:830} INFO - Processing file /home/airflow/.local/lib/python3.12/site-packages/airflow/example_dags/example_latest_only_with_trigger.py for tasks to queue
[2024-04-11T14:28:08.562+0000] {logging_mixin.py:188} INFO - [2024-04-11T14:28:08.562+0000] {dagbag.py:540} INFO - Filling up the DagBag from /home/airflow/.local/lib/python3.12/site-packages/airflow/example_dags/example_latest_only_with_trigger.py
[2024-04-11T14:28:08.570+0000] {processor.py:840} INFO - DAG(s) 'latest_only_with_trigger' retrieved from /home/airflow/.local/lib/python3.12/site-packages/airflow/example_dags/example_latest_only_with_trigger.py
[2024-04-11T14:28:08.601+0000] {logging_mixin.py:188} INFO - [2024-04-11T14:28:08.601+0000] {dag.py:3096} INFO - Sync 1 DAGs
[2024-04-11T14:28:08.635+0000] {logging_mixin.py:188} INFO - [2024-04-11T14:28:08.635+0000] {dag.py:3954} INFO - Setting next_dagrun for latest_only_with_trigger to 2024-04-11 08:00:00+00:00, run_after=2024-04-11 12:00:00+00:00
[2024-04-11T14:28:08.664+0000] {processor.py:183} INFO - Processing /home/airflow/.local/lib/python3.12/site-packages/airflow/example_dags/example_latest_only_with_trigger.py took 0.115 seconds
[2024-04-11T14:28:38.762+0000] {processor.py:161} INFO - Started process (PID=307) to work on /home/airflow/.local/lib/python3.12/site-packages/airflow/example_dags/example_latest_only_with_trigger.py
[2024-04-11T14:28:38.764+0000] {processor.py:830} INFO - Processing file /home/airflow/.local/lib/python3.12/site-packages/airflow/example_dags/example_latest_only_with_trigger.py for tasks to queue
[2024-04-11T14:28:38.766+0000] {logging_mixin.py:188} INFO - [2024-04-11T14:28:38.766+0000] {dagbag.py:540} INFO - Filling up the DagBag from /home/airflow/.local/lib/python3.12/site-packages/airflow/example_dags/example_latest_only_with_trigger.py
[2024-04-11T14:28:38.775+0000] {processor.py:840} INFO - DAG(s) 'latest_only_with_trigger' retrieved from /home/airflow/.local/lib/python3.12/site-packages/airflow/example_dags/example_latest_only_with_trigger.py
[2024-04-11T14:28:38.805+0000] {logging_mixin.py:188} INFO - [2024-04-11T14:28:38.804+0000] {dag.py:3096} INFO - Sync 1 DAGs
[2024-04-11T14:28:38.839+0000] {logging_mixin.py:188} INFO - [2024-04-11T14:28:38.838+0000] {dag.py:3954} INFO - Setting next_dagrun for latest_only_with_trigger to 2024-04-11 08:00:00+00:00, run_after=2024-04-11 12:00:00+00:00
[2024-04-11T14:28:38.867+0000] {processor.py:183} INFO - Processing /home/airflow/.local/lib/python3.12/site-packages/airflow/example_dags/example_latest_only_with_trigger.py took 0.113 seconds
[2024-04-11T14:29:09.304+0000] {processor.py:161} INFO - Started process (PID=365) to work on /home/airflow/.local/lib/python3.12/site-packages/airflow/example_dags/example_latest_only_with_trigger.py
[2024-04-11T14:29:09.306+0000] {processor.py:830} INFO - Processing file /home/airflow/.local/lib/python3.12/site-packages/airflow/example_dags/example_latest_only_with_trigger.py for tasks to queue
[2024-04-11T14:29:09.309+0000] {logging_mixin.py:188} INFO - [2024-04-11T14:29:09.308+0000] {dagbag.py:540} INFO - Filling up the DagBag from /home/airflow/.local/lib/python3.12/site-packages/airflow/example_dags/example_latest_only_with_trigger.py
[2024-04-11T14:29:09.317+0000] {processor.py:840} INFO - DAG(s) 'latest_only_with_trigger' retrieved from /home/airflow/.local/lib/python3.12/site-packages/airflow/example_dags/example_latest_only_with_trigger.py
[2024-04-11T14:29:09.347+0000] {logging_mixin.py:188} INFO - [2024-04-11T14:29:09.346+0000] {dag.py:3096} INFO - Sync 1 DAGs
[2024-04-11T14:29:09.380+0000] {logging_mixin.py:188} INFO - [2024-04-11T14:29:09.380+0000] {dag.py:3954} INFO - Setting next_dagrun for latest_only_with_trigger to 2024-04-11 08:00:00+00:00, run_after=2024-04-11 12:00:00+00:00
[2024-04-11T14:29:09.409+0000] {processor.py:183} INFO - Processing /home/airflow/.local/lib/python3.12/site-packages/airflow/example_dags/example_latest_only_with_trigger.py took 0.114 seconds
[2024-04-11T14:29:40.366+0000] {processor.py:161} INFO - Started process (PID=423) to work on /home/airflow/.local/lib/python3.12/site-packages/airflow/example_dags/example_latest_only_with_trigger.py
[2024-04-11T14:29:40.368+0000] {processor.py:830} INFO - Processing file /home/airflow/.local/lib/python3.12/site-packages/airflow/example_dags/example_latest_only_with_trigger.py for tasks to queue
[2024-04-11T14:29:40.371+0000] {logging_mixin.py:188} INFO - [2024-04-11T14:29:40.370+0000] {dagbag.py:540} INFO - Filling up the DagBag from /home/airflow/.local/lib/python3.12/site-packages/airflow/example_dags/example_latest_only_with_trigger.py
[2024-04-11T14:29:40.379+0000] {processor.py:840} INFO - DAG(s) 'latest_only_with_trigger' retrieved from /home/airflow/.local/lib/python3.12/site-packages/airflow/example_dags/example_latest_only_with_trigger.py
[2024-04-11T14:29:40.409+0000] {logging_mixin.py:188} INFO - [2024-04-11T14:29:40.409+0000] {dag.py:3096} INFO - Sync 1 DAGs
[2024-04-11T14:29:40.441+0000] {logging_mixin.py:188} INFO - [2024-04-11T14:29:40.441+0000] {dag.py:3954} INFO - Setting next_dagrun for latest_only_with_trigger to 2024-04-11 08:00:00+00:00, run_after=2024-04-11 12:00:00+00:00
[2024-04-11T14:29:40.476+0000] {processor.py:183} INFO - Processing /home/airflow/.local/lib/python3.12/site-packages/airflow/example_dags/example_latest_only_with_trigger.py took 0.118 seconds
[2024-04-11T14:30:10.976+0000] {processor.py:161} INFO - Started process (PID=481) to work on /home/airflow/.local/lib/python3.12/site-packages/airflow/example_dags/example_latest_only_with_trigger.py
[2024-04-11T14:30:10.979+0000] {processor.py:830} INFO - Processing file /home/airflow/.local/lib/python3.12/site-packages/airflow/example_dags/example_latest_only_with_trigger.py for tasks to queue
[2024-04-11T14:30:10.982+0000] {logging_mixin.py:188} INFO - [2024-04-11T14:30:10.982+0000] {dagbag.py:540} INFO - Filling up the DagBag from /home/airflow/.local/lib/python3.12/site-packages/airflow/example_dags/example_latest_only_with_trigger.py
[2024-04-11T14:30:10.991+0000] {processor.py:840} INFO - DAG(s) 'latest_only_with_trigger' retrieved from /home/airflow/.local/lib/python3.12/site-packages/airflow/example_dags/example_latest_only_with_trigger.py
[2024-04-11T14:30:11.025+0000] {logging_mixin.py:188} INFO - [2024-04-11T14:30:11.025+0000] {dag.py:3096} INFO - Sync 1 DAGs
[2024-04-11T14:30:11.056+0000] {logging_mixin.py:188} INFO - [2024-04-11T14:30:11.056+0000] {dag.py:3954} INFO - Setting next_dagrun for latest_only_with_trigger to 2024-04-11 08:00:00+00:00, run_after=2024-04-11 12:00:00+00:00
[2024-04-11T14:30:11.086+0000] {processor.py:183} INFO - Processing /home/airflow/.local/lib/python3.12/site-packages/airflow/example_dags/example_latest_only_with_trigger.py took 0.118 seconds
[2024-04-11T14:30:41.504+0000] {processor.py:161} INFO - Started process (PID=539) to work on /home/airflow/.local/lib/python3.12/site-packages/airflow/example_dags/example_latest_only_with_trigger.py
[2024-04-11T14:30:41.506+0000] {processor.py:830} INFO - Processing file /home/airflow/.local/lib/python3.12/site-packages/airflow/example_dags/example_latest_only_with_trigger.py for tasks to queue
[2024-04-11T14:30:41.509+0000] {logging_mixin.py:188} INFO - [2024-04-11T14:30:41.509+0000] {dagbag.py:540} INFO - Filling up the DagBag from /home/airflow/.local/lib/python3.12/site-packages/airflow/example_dags/example_latest_only_with_trigger.py
[2024-04-11T14:30:41.518+0000] {processor.py:840} INFO - DAG(s) 'latest_only_with_trigger' retrieved from /home/airflow/.local/lib/python3.12/site-packages/airflow/example_dags/example_latest_only_with_trigger.py
[2024-04-11T14:30:41.552+0000] {logging_mixin.py:188} INFO - [2024-04-11T14:30:41.552+0000] {dag.py:3096} INFO - Sync 1 DAGs
[2024-04-11T14:30:41.583+0000] {logging_mixin.py:188} INFO - [2024-04-11T14:30:41.583+0000] {dag.py:3954} INFO - Setting next_dagrun for latest_only_with_trigger to 2024-04-11 08:00:00+00:00, run_after=2024-04-11 12:00:00+00:00
[2024-04-11T14:30:41.611+0000] {processor.py:183} INFO - Processing /home/airflow/.local/lib/python3.12/site-packages/airflow/example_dags/example_latest_only_with_trigger.py took 0.118 seconds
[2024-04-11T14:31:12.041+0000] {processor.py:161} INFO - Started process (PID=597) to work on /home/airflow/.local/lib/python3.12/site-packages/airflow/example_dags/example_latest_only_with_trigger.py
[2024-04-11T14:31:12.042+0000] {processor.py:830} INFO - Processing file /home/airflow/.local/lib/python3.12/site-packages/airflow/example_dags/example_latest_only_with_trigger.py for tasks to queue
[2024-04-11T14:31:12.045+0000] {logging_mixin.py:188} INFO - [2024-04-11T14:31:12.045+0000] {dagbag.py:540} INFO - Filling up the DagBag from /home/airflow/.local/lib/python3.12/site-packages/airflow/example_dags/example_latest_only_with_trigger.py
[2024-04-11T14:31:12.054+0000] {processor.py:840} INFO - DAG(s) 'latest_only_with_trigger' retrieved from /home/airflow/.local/lib/python3.12/site-packages/airflow/example_dags/example_latest_only_with_trigger.py
[2024-04-11T14:31:12.085+0000] {logging_mixin.py:188} INFO - [2024-04-11T14:31:12.085+0000] {dag.py:3096} INFO - Sync 1 DAGs
[2024-04-11T14:31:12.118+0000] {logging_mixin.py:188} INFO - [2024-04-11T14:31:12.118+0000] {dag.py:3954} INFO - Setting next_dagrun for latest_only_with_trigger to 2024-04-11 08:00:00+00:00, run_after=2024-04-11 12:00:00+00:00
[2024-04-11T14:31:12.149+0000] {processor.py:183} INFO - Processing /home/airflow/.local/lib/python3.12/site-packages/airflow/example_dags/example_latest_only_with_trigger.py took 0.117 seconds
[2024-04-11T14:31:42.706+0000] {processor.py:161} INFO - Started process (PID=655) to work on /home/airflow/.local/lib/python3.12/site-packages/airflow/example_dags/example_latest_only_with_trigger.py
[2024-04-11T14:31:42.708+0000] {processor.py:830} INFO - Processing file /home/airflow/.local/lib/python3.12/site-packages/airflow/example_dags/example_latest_only_with_trigger.py for tasks to queue
[2024-04-11T14:31:42.711+0000] {logging_mixin.py:188} INFO - [2024-04-11T14:31:42.711+0000] {dagbag.py:540} INFO - Filling up the DagBag from /home/airflow/.local/lib/python3.12/site-packages/airflow/example_dags/example_latest_only_with_trigger.py
[2024-04-11T14:31:42.720+0000] {processor.py:840} INFO - DAG(s) 'latest_only_with_trigger' retrieved from /home/airflow/.local/lib/python3.12/site-packages/airflow/example_dags/example_latest_only_with_trigger.py
[2024-04-11T14:31:42.753+0000] {logging_mixin.py:188} INFO - [2024-04-11T14:31:42.753+0000] {dag.py:3096} INFO - Sync 1 DAGs
[2024-04-11T14:31:42.790+0000] {logging_mixin.py:188} INFO - [2024-04-11T14:31:42.790+0000] {dag.py:3954} INFO - Setting next_dagrun for latest_only_with_trigger to 2024-04-11 08:00:00+00:00, run_after=2024-04-11 12:00:00+00:00
[2024-04-11T14:31:42.831+0000] {processor.py:183} INFO - Processing /home/airflow/.local/lib/python3.12/site-packages/airflow/example_dags/example_latest_only_with_trigger.py took 0.135 seconds
[2024-04-11T14:32:13.867+0000] {processor.py:161} INFO - Started process (PID=713) to work on /home/airflow/.local/lib/python3.12/site-packages/airflow/example_dags/example_latest_only_with_trigger.py
[2024-04-11T14:32:13.869+0000] {processor.py:830} INFO - Processing file /home/airflow/.local/lib/python3.12/site-packages/airflow/example_dags/example_latest_only_with_trigger.py for tasks to queue
[2024-04-11T14:32:13.873+0000] {logging_mixin.py:188} INFO - [2024-04-11T14:32:13.872+0000] {dagbag.py:540} INFO - Filling up the DagBag from /home/airflow/.local/lib/python3.12/site-packages/airflow/example_dags/example_latest_only_with_trigger.py
[2024-04-11T14:32:13.882+0000] {processor.py:840} INFO - DAG(s) 'latest_only_with_trigger' retrieved from /home/airflow/.local/lib/python3.12/site-packages/airflow/example_dags/example_latest_only_with_trigger.py
[2024-04-11T14:32:13.919+0000] {logging_mixin.py:188} INFO - [2024-04-11T14:32:13.919+0000] {dag.py:3096} INFO - Sync 1 DAGs
[2024-04-11T14:32:13.963+0000] {logging_mixin.py:188} INFO - [2024-04-11T14:32:13.962+0000] {dag.py:3954} INFO - Setting next_dagrun for latest_only_with_trigger to 2024-04-11 08:00:00+00:00, run_after=2024-04-11 12:00:00+00:00
[2024-04-11T14:32:13.997+0000] {processor.py:183} INFO - Processing /home/airflow/.local/lib/python3.12/site-packages/airflow/example_dags/example_latest_only_with_trigger.py took 0.140 seconds
[2024-04-11T14:32:44.969+0000] {processor.py:161} INFO - Started process (PID=771) to work on /home/airflow/.local/lib/python3.12/site-packages/airflow/example_dags/example_latest_only_with_trigger.py
[2024-04-11T14:32:44.977+0000] {processor.py:830} INFO - Processing file /home/airflow/.local/lib/python3.12/site-packages/airflow/example_dags/example_latest_only_with_trigger.py for tasks to queue
[2024-04-11T14:32:44.985+0000] {logging_mixin.py:188} INFO - [2024-04-11T14:32:44.984+0000] {dagbag.py:540} INFO - Filling up the DagBag from /home/airflow/.local/lib/python3.12/site-packages/airflow/example_dags/example_latest_only_with_trigger.py
[2024-04-11T14:32:44.999+0000] {processor.py:840} INFO - DAG(s) 'latest_only_with_trigger' retrieved from /home/airflow/.local/lib/python3.12/site-packages/airflow/example_dags/example_latest_only_with_trigger.py
[2024-04-11T14:32:45.047+0000] {logging_mixin.py:188} INFO - [2024-04-11T14:32:45.046+0000] {dag.py:3096} INFO - Sync 1 DAGs
[2024-04-11T14:32:45.090+0000] {logging_mixin.py:188} INFO - [2024-04-11T14:32:45.089+0000] {dag.py:3954} INFO - Setting next_dagrun for latest_only_with_trigger to 2024-04-11 08:00:00+00:00, run_after=2024-04-11 12:00:00+00:00
[2024-04-11T14:32:45.146+0000] {processor.py:183} INFO - Processing /home/airflow/.local/lib/python3.12/site-packages/airflow/example_dags/example_latest_only_with_trigger.py took 0.190 seconds
[2024-04-11T14:33:15.303+0000] {processor.py:161} INFO - Started process (PID=829) to work on /home/airflow/.local/lib/python3.12/site-packages/airflow/example_dags/example_latest_only_with_trigger.py
[2024-04-11T14:33:15.305+0000] {processor.py:830} INFO - Processing file /home/airflow/.local/lib/python3.12/site-packages/airflow/example_dags/example_latest_only_with_trigger.py for tasks to queue
[2024-04-11T14:33:15.308+0000] {logging_mixin.py:188} INFO - [2024-04-11T14:33:15.307+0000] {dagbag.py:540} INFO - Filling up the DagBag from /home/airflow/.local/lib/python3.12/site-packages/airflow/example_dags/example_latest_only_with_trigger.py
[2024-04-11T14:33:15.315+0000] {processor.py:840} INFO - DAG(s) 'latest_only_with_trigger' retrieved from /home/airflow/.local/lib/python3.12/site-packages/airflow/example_dags/example_latest_only_with_trigger.py
[2024-04-11T14:33:15.348+0000] {logging_mixin.py:188} INFO - [2024-04-11T14:33:15.347+0000] {dag.py:3096} INFO - Sync 1 DAGs
[2024-04-11T14:33:15.378+0000] {logging_mixin.py:188} INFO - [2024-04-11T14:33:15.378+0000] {dag.py:3954} INFO - Setting next_dagrun for latest_only_with_trigger to 2024-04-11 08:00:00+00:00, run_after=2024-04-11 12:00:00+00:00
[2024-04-11T14:33:15.407+0000] {processor.py:183} INFO - Processing /home/airflow/.local/lib/python3.12/site-packages/airflow/example_dags/example_latest_only_with_trigger.py took 0.112 seconds
[2024-04-11T14:33:45.594+0000] {processor.py:161} INFO - Started process (PID=886) to work on /home/airflow/.local/lib/python3.12/site-packages/airflow/example_dags/example_latest_only_with_trigger.py
[2024-04-11T14:33:45.596+0000] {processor.py:830} INFO - Processing file /home/airflow/.local/lib/python3.12/site-packages/airflow/example_dags/example_latest_only_with_trigger.py for tasks to queue
[2024-04-11T14:33:45.601+0000] {logging_mixin.py:188} INFO - [2024-04-11T14:33:45.600+0000] {dagbag.py:540} INFO - Filling up the DagBag from /home/airflow/.local/lib/python3.12/site-packages/airflow/example_dags/example_latest_only_with_trigger.py
[2024-04-11T14:33:45.611+0000] {processor.py:840} INFO - DAG(s) 'latest_only_with_trigger' retrieved from /home/airflow/.local/lib/python3.12/site-packages/airflow/example_dags/example_latest_only_with_trigger.py
[2024-04-11T14:33:45.650+0000] {logging_mixin.py:188} INFO - [2024-04-11T14:33:45.649+0000] {dag.py:3096} INFO - Sync 1 DAGs
[2024-04-11T14:33:45.701+0000] {logging_mixin.py:188} INFO - [2024-04-11T14:33:45.701+0000] {dag.py:3954} INFO - Setting next_dagrun for latest_only_with_trigger to 2024-04-11 08:00:00+00:00, run_after=2024-04-11 12:00:00+00:00
[2024-04-11T14:33:45.744+0000] {processor.py:183} INFO - Processing /home/airflow/.local/lib/python3.12/site-packages/airflow/example_dags/example_latest_only_with_trigger.py took 0.164 seconds
[2024-04-11T14:34:16.232+0000] {processor.py:161} INFO - Started process (PID=944) to work on /home/airflow/.local/lib/python3.12/site-packages/airflow/example_dags/example_latest_only_with_trigger.py
[2024-04-11T14:34:16.234+0000] {processor.py:830} INFO - Processing file /home/airflow/.local/lib/python3.12/site-packages/airflow/example_dags/example_latest_only_with_trigger.py for tasks to queue
[2024-04-11T14:34:16.237+0000] {logging_mixin.py:188} INFO - [2024-04-11T14:34:16.236+0000] {dagbag.py:540} INFO - Filling up the DagBag from /home/airflow/.local/lib/python3.12/site-packages/airflow/example_dags/example_latest_only_with_trigger.py
[2024-04-11T14:34:16.244+0000] {processor.py:840} INFO - DAG(s) 'latest_only_with_trigger' retrieved from /home/airflow/.local/lib/python3.12/site-packages/airflow/example_dags/example_latest_only_with_trigger.py
[2024-04-11T14:34:16.276+0000] {logging_mixin.py:188} INFO - [2024-04-11T14:34:16.275+0000] {dag.py:3096} INFO - Sync 1 DAGs
[2024-04-11T14:34:16.309+0000] {logging_mixin.py:188} INFO - [2024-04-11T14:34:16.308+0000] {dag.py:3954} INFO - Setting next_dagrun for latest_only_with_trigger to 2024-04-11 08:00:00+00:00, run_after=2024-04-11 12:00:00+00:00
[2024-04-11T14:34:16.336+0000] {processor.py:183} INFO - Processing /home/airflow/.local/lib/python3.12/site-packages/airflow/example_dags/example_latest_only_with_trigger.py took 0.113 seconds
[2024-04-11T14:34:47.056+0000] {processor.py:161} INFO - Started process (PID=1002) to work on /home/airflow/.local/lib/python3.12/site-packages/airflow/example_dags/example_latest_only_with_trigger.py
[2024-04-11T14:34:47.058+0000] {processor.py:830} INFO - Processing file /home/airflow/.local/lib/python3.12/site-packages/airflow/example_dags/example_latest_only_with_trigger.py for tasks to queue
[2024-04-11T14:34:47.061+0000] {logging_mixin.py:188} INFO - [2024-04-11T14:34:47.060+0000] {dagbag.py:540} INFO - Filling up the DagBag from /home/airflow/.local/lib/python3.12/site-packages/airflow/example_dags/example_latest_only_with_trigger.py
[2024-04-11T14:34:47.068+0000] {processor.py:840} INFO - DAG(s) 'latest_only_with_trigger' retrieved from /home/airflow/.local/lib/python3.12/site-packages/airflow/example_dags/example_latest_only_with_trigger.py
[2024-04-11T14:34:47.099+0000] {logging_mixin.py:188} INFO - [2024-04-11T14:34:47.099+0000] {dag.py:3096} INFO - Sync 1 DAGs
[2024-04-11T14:34:47.133+0000] {logging_mixin.py:188} INFO - [2024-04-11T14:34:47.133+0000] {dag.py:3954} INFO - Setting next_dagrun for latest_only_with_trigger to 2024-04-11 08:00:00+00:00, run_after=2024-04-11 12:00:00+00:00
[2024-04-11T14:34:47.315+0000] {processor.py:183} INFO - Processing /home/airflow/.local/lib/python3.12/site-packages/airflow/example_dags/example_latest_only_with_trigger.py took 0.267 seconds
[2024-04-11T14:35:17.655+0000] {processor.py:161} INFO - Started process (PID=1060) to work on /home/airflow/.local/lib/python3.12/site-packages/airflow/example_dags/example_latest_only_with_trigger.py
[2024-04-11T14:35:17.657+0000] {processor.py:830} INFO - Processing file /home/airflow/.local/lib/python3.12/site-packages/airflow/example_dags/example_latest_only_with_trigger.py for tasks to queue
[2024-04-11T14:35:17.660+0000] {logging_mixin.py:188} INFO - [2024-04-11T14:35:17.659+0000] {dagbag.py:540} INFO - Filling up the DagBag from /home/airflow/.local/lib/python3.12/site-packages/airflow/example_dags/example_latest_only_with_trigger.py
[2024-04-11T14:35:17.669+0000] {processor.py:840} INFO - DAG(s) 'latest_only_with_trigger' retrieved from /home/airflow/.local/lib/python3.12/site-packages/airflow/example_dags/example_latest_only_with_trigger.py
[2024-04-11T14:35:17.700+0000] {logging_mixin.py:188} INFO - [2024-04-11T14:35:17.699+0000] {dag.py:3096} INFO - Sync 1 DAGs
[2024-04-11T14:35:17.734+0000] {logging_mixin.py:188} INFO - [2024-04-11T14:35:17.734+0000] {dag.py:3954} INFO - Setting next_dagrun for latest_only_with_trigger to 2024-04-11 08:00:00+00:00, run_after=2024-04-11 12:00:00+00:00
[2024-04-11T14:35:17.764+0000] {processor.py:183} INFO - Processing /home/airflow/.local/lib/python3.12/site-packages/airflow/example_dags/example_latest_only_with_trigger.py took 0.119 seconds
[2024-04-11T14:35:48.153+0000] {processor.py:161} INFO - Started process (PID=1118) to work on /home/airflow/.local/lib/python3.12/site-packages/airflow/example_dags/example_latest_only_with_trigger.py
[2024-04-11T14:35:48.155+0000] {processor.py:830} INFO - Processing file /home/airflow/.local/lib/python3.12/site-packages/airflow/example_dags/example_latest_only_with_trigger.py for tasks to queue
[2024-04-11T14:35:48.157+0000] {logging_mixin.py:188} INFO - [2024-04-11T14:35:48.157+0000] {dagbag.py:540} INFO - Filling up the DagBag from /home/airflow/.local/lib/python3.12/site-packages/airflow/example_dags/example_latest_only_with_trigger.py
[2024-04-11T14:35:48.166+0000] {processor.py:840} INFO - DAG(s) 'latest_only_with_trigger' retrieved from /home/airflow/.local/lib/python3.12/site-packages/airflow/example_dags/example_latest_only_with_trigger.py
[2024-04-11T14:35:48.218+0000] {logging_mixin.py:188} INFO - [2024-04-11T14:35:48.217+0000] {dag.py:3096} INFO - Sync 1 DAGs
[2024-04-11T14:35:48.304+0000] {logging_mixin.py:188} INFO - [2024-04-11T14:35:48.304+0000] {dag.py:3954} INFO - Setting next_dagrun for latest_only_with_trigger to 2024-04-11 08:00:00+00:00, run_after=2024-04-11 12:00:00+00:00
[2024-04-11T14:35:48.352+0000] {processor.py:183} INFO - Processing /home/airflow/.local/lib/python3.12/site-packages/airflow/example_dags/example_latest_only_with_trigger.py took 0.207 seconds
[2024-04-11T14:36:18.917+0000] {processor.py:161} INFO - Started process (PID=1176) to work on /home/airflow/.local/lib/python3.12/site-packages/airflow/example_dags/example_latest_only_with_trigger.py
[2024-04-11T14:36:18.919+0000] {processor.py:830} INFO - Processing file /home/airflow/.local/lib/python3.12/site-packages/airflow/example_dags/example_latest_only_with_trigger.py for tasks to queue
[2024-04-11T14:36:18.922+0000] {logging_mixin.py:188} INFO - [2024-04-11T14:36:18.921+0000] {dagbag.py:540} INFO - Filling up the DagBag from /home/airflow/.local/lib/python3.12/site-packages/airflow/example_dags/example_latest_only_with_trigger.py
[2024-04-11T14:36:18.930+0000] {processor.py:840} INFO - DAG(s) 'latest_only_with_trigger' retrieved from /home/airflow/.local/lib/python3.12/site-packages/airflow/example_dags/example_latest_only_with_trigger.py
[2024-04-11T14:36:18.962+0000] {logging_mixin.py:188} INFO - [2024-04-11T14:36:18.961+0000] {dag.py:3096} INFO - Sync 1 DAGs
[2024-04-11T14:36:19.003+0000] {logging_mixin.py:188} INFO - [2024-04-11T14:36:19.003+0000] {dag.py:3954} INFO - Setting next_dagrun for latest_only_with_trigger to 2024-04-11 08:00:00+00:00, run_after=2024-04-11 12:00:00+00:00
[2024-04-11T14:36:19.039+0000] {processor.py:183} INFO - Processing /home/airflow/.local/lib/python3.12/site-packages/airflow/example_dags/example_latest_only_with_trigger.py took 0.131 seconds
