[2024-04-11T14:26:35.954+0000] {processor.py:161} INFO - Started process (PID=70) to work on /home/airflow/.local/lib/python3.12/site-packages/airflow/example_dags/example_external_task_marker_dag.py
[2024-04-11T14:26:35.957+0000] {processor.py:830} INFO - Processing file /home/airflow/.local/lib/python3.12/site-packages/airflow/example_dags/example_external_task_marker_dag.py for tasks to queue
[2024-04-11T14:26:35.960+0000] {logging_mixin.py:188} INFO - [2024-04-11T14:26:35.960+0000] {dagbag.py:540} INFO - Filling up the DagBag from /home/airflow/.local/lib/python3.12/site-packages/airflow/example_dags/example_external_task_marker_dag.py
[2024-04-11T14:26:35.971+0000] {processor.py:840} INFO - DAG(s) 'example_external_task_marker_parent', 'example_external_task_marker_child' retrieved from /home/airflow/.local/lib/python3.12/site-packages/airflow/example_dags/example_external_task_marker_dag.py
[2024-04-11T14:26:36.221+0000] {logging_mixin.py:188} INFO - [2024-04-11T14:26:36.220+0000] {dag.py:3096} INFO - Sync 2 DAGs
[2024-04-11T14:26:36.246+0000] {logging_mixin.py:188} INFO - [2024-04-11T14:26:36.246+0000] {dag.py:3954} INFO - Setting next_dagrun for example_external_task_marker_child to None, run_after=None
[2024-04-11T14:26:36.254+0000] {logging_mixin.py:188} INFO - [2024-04-11T14:26:36.253+0000] {dag.py:3954} INFO - Setting next_dagrun for example_external_task_marker_parent to None, run_after=None
[2024-04-11T14:26:36.294+0000] {processor.py:183} INFO - Processing /home/airflow/.local/lib/python3.12/site-packages/airflow/example_dags/example_external_task_marker_dag.py took 0.351 seconds
[2024-04-11T14:27:06.475+0000] {processor.py:161} INFO - Started process (PID=128) to work on /home/airflow/.local/lib/python3.12/site-packages/airflow/example_dags/example_external_task_marker_dag.py
[2024-04-11T14:27:06.476+0000] {processor.py:830} INFO - Processing file /home/airflow/.local/lib/python3.12/site-packages/airflow/example_dags/example_external_task_marker_dag.py for tasks to queue
[2024-04-11T14:27:06.479+0000] {logging_mixin.py:188} INFO - [2024-04-11T14:27:06.479+0000] {dagbag.py:540} INFO - Filling up the DagBag from /home/airflow/.local/lib/python3.12/site-packages/airflow/example_dags/example_external_task_marker_dag.py
[2024-04-11T14:27:06.488+0000] {processor.py:840} INFO - DAG(s) 'example_external_task_marker_parent', 'example_external_task_marker_child' retrieved from /home/airflow/.local/lib/python3.12/site-packages/airflow/example_dags/example_external_task_marker_dag.py
[2024-04-11T14:27:06.523+0000] {logging_mixin.py:188} INFO - [2024-04-11T14:27:06.522+0000] {dag.py:3096} INFO - Sync 2 DAGs
[2024-04-11T14:27:06.545+0000] {logging_mixin.py:188} INFO - [2024-04-11T14:27:06.545+0000] {dag.py:3954} INFO - Setting next_dagrun for example_external_task_marker_child to None, run_after=None
[2024-04-11T14:27:06.552+0000] {logging_mixin.py:188} INFO - [2024-04-11T14:27:06.552+0000] {dag.py:3954} INFO - Setting next_dagrun for example_external_task_marker_parent to None, run_after=None
[2024-04-11T14:27:06.578+0000] {processor.py:183} INFO - Processing /home/airflow/.local/lib/python3.12/site-packages/airflow/example_dags/example_external_task_marker_dag.py took 0.112 seconds
[2024-04-11T14:27:36.808+0000] {processor.py:161} INFO - Started process (PID=186) to work on /home/airflow/.local/lib/python3.12/site-packages/airflow/example_dags/example_external_task_marker_dag.py
[2024-04-11T14:27:36.810+0000] {processor.py:830} INFO - Processing file /home/airflow/.local/lib/python3.12/site-packages/airflow/example_dags/example_external_task_marker_dag.py for tasks to queue
[2024-04-11T14:27:36.813+0000] {logging_mixin.py:188} INFO - [2024-04-11T14:27:36.813+0000] {dagbag.py:540} INFO - Filling up the DagBag from /home/airflow/.local/lib/python3.12/site-packages/airflow/example_dags/example_external_task_marker_dag.py
[2024-04-11T14:27:36.823+0000] {processor.py:840} INFO - DAG(s) 'example_external_task_marker_child', 'example_external_task_marker_parent' retrieved from /home/airflow/.local/lib/python3.12/site-packages/airflow/example_dags/example_external_task_marker_dag.py
[2024-04-11T14:27:36.858+0000] {logging_mixin.py:188} INFO - [2024-04-11T14:27:36.858+0000] {dag.py:3096} INFO - Sync 2 DAGs
[2024-04-11T14:27:36.877+0000] {logging_mixin.py:188} INFO - [2024-04-11T14:27:36.877+0000] {dag.py:3954} INFO - Setting next_dagrun for example_external_task_marker_child to None, run_after=None
[2024-04-11T14:27:36.884+0000] {logging_mixin.py:188} INFO - [2024-04-11T14:27:36.883+0000] {dag.py:3954} INFO - Setting next_dagrun for example_external_task_marker_parent to None, run_after=None
[2024-04-11T14:27:36.913+0000] {processor.py:183} INFO - Processing /home/airflow/.local/lib/python3.12/site-packages/airflow/example_dags/example_external_task_marker_dag.py took 0.113 seconds
[2024-04-11T14:28:07.065+0000] {processor.py:161} INFO - Started process (PID=244) to work on /home/airflow/.local/lib/python3.12/site-packages/airflow/example_dags/example_external_task_marker_dag.py
[2024-04-11T14:28:07.066+0000] {processor.py:830} INFO - Processing file /home/airflow/.local/lib/python3.12/site-packages/airflow/example_dags/example_external_task_marker_dag.py for tasks to queue
[2024-04-11T14:28:07.069+0000] {logging_mixin.py:188} INFO - [2024-04-11T14:28:07.069+0000] {dagbag.py:540} INFO - Filling up the DagBag from /home/airflow/.local/lib/python3.12/site-packages/airflow/example_dags/example_external_task_marker_dag.py
[2024-04-11T14:28:07.078+0000] {processor.py:840} INFO - DAG(s) 'example_external_task_marker_child', 'example_external_task_marker_parent' retrieved from /home/airflow/.local/lib/python3.12/site-packages/airflow/example_dags/example_external_task_marker_dag.py
[2024-04-11T14:28:07.111+0000] {logging_mixin.py:188} INFO - [2024-04-11T14:28:07.111+0000] {dag.py:3096} INFO - Sync 2 DAGs
[2024-04-11T14:28:07.130+0000] {logging_mixin.py:188} INFO - [2024-04-11T14:28:07.130+0000] {dag.py:3954} INFO - Setting next_dagrun for example_external_task_marker_child to None, run_after=None
[2024-04-11T14:28:07.136+0000] {logging_mixin.py:188} INFO - [2024-04-11T14:28:07.136+0000] {dag.py:3954} INFO - Setting next_dagrun for example_external_task_marker_parent to None, run_after=None
[2024-04-11T14:28:07.163+0000] {processor.py:183} INFO - Processing /home/airflow/.local/lib/python3.12/site-packages/airflow/example_dags/example_external_task_marker_dag.py took 0.106 seconds
[2024-04-11T14:28:37.213+0000] {processor.py:161} INFO - Started process (PID=301) to work on /home/airflow/.local/lib/python3.12/site-packages/airflow/example_dags/example_external_task_marker_dag.py
[2024-04-11T14:28:37.214+0000] {processor.py:830} INFO - Processing file /home/airflow/.local/lib/python3.12/site-packages/airflow/example_dags/example_external_task_marker_dag.py for tasks to queue
[2024-04-11T14:28:37.217+0000] {logging_mixin.py:188} INFO - [2024-04-11T14:28:37.216+0000] {dagbag.py:540} INFO - Filling up the DagBag from /home/airflow/.local/lib/python3.12/site-packages/airflow/example_dags/example_external_task_marker_dag.py
[2024-04-11T14:28:37.226+0000] {processor.py:840} INFO - DAG(s) 'example_external_task_marker_child', 'example_external_task_marker_parent' retrieved from /home/airflow/.local/lib/python3.12/site-packages/airflow/example_dags/example_external_task_marker_dag.py
[2024-04-11T14:28:37.258+0000] {logging_mixin.py:188} INFO - [2024-04-11T14:28:37.258+0000] {dag.py:3096} INFO - Sync 2 DAGs
[2024-04-11T14:28:37.276+0000] {logging_mixin.py:188} INFO - [2024-04-11T14:28:37.276+0000] {dag.py:3954} INFO - Setting next_dagrun for example_external_task_marker_child to None, run_after=None
[2024-04-11T14:28:37.282+0000] {logging_mixin.py:188} INFO - [2024-04-11T14:28:37.282+0000] {dag.py:3954} INFO - Setting next_dagrun for example_external_task_marker_parent to None, run_after=None
[2024-04-11T14:28:37.307+0000] {processor.py:183} INFO - Processing /home/airflow/.local/lib/python3.12/site-packages/airflow/example_dags/example_external_task_marker_dag.py took 0.102 seconds
[2024-04-11T14:29:07.438+0000] {processor.py:161} INFO - Started process (PID=359) to work on /home/airflow/.local/lib/python3.12/site-packages/airflow/example_dags/example_external_task_marker_dag.py
[2024-04-11T14:29:07.440+0000] {processor.py:830} INFO - Processing file /home/airflow/.local/lib/python3.12/site-packages/airflow/example_dags/example_external_task_marker_dag.py for tasks to queue
[2024-04-11T14:29:07.443+0000] {logging_mixin.py:188} INFO - [2024-04-11T14:29:07.442+0000] {dagbag.py:540} INFO - Filling up the DagBag from /home/airflow/.local/lib/python3.12/site-packages/airflow/example_dags/example_external_task_marker_dag.py
[2024-04-11T14:29:07.452+0000] {processor.py:840} INFO - DAG(s) 'example_external_task_marker_child', 'example_external_task_marker_parent' retrieved from /home/airflow/.local/lib/python3.12/site-packages/airflow/example_dags/example_external_task_marker_dag.py
[2024-04-11T14:29:07.485+0000] {logging_mixin.py:188} INFO - [2024-04-11T14:29:07.485+0000] {dag.py:3096} INFO - Sync 2 DAGs
[2024-04-11T14:29:07.504+0000] {logging_mixin.py:188} INFO - [2024-04-11T14:29:07.504+0000] {dag.py:3954} INFO - Setting next_dagrun for example_external_task_marker_child to None, run_after=None
[2024-04-11T14:29:07.510+0000] {logging_mixin.py:188} INFO - [2024-04-11T14:29:07.509+0000] {dag.py:3954} INFO - Setting next_dagrun for example_external_task_marker_parent to None, run_after=None
[2024-04-11T14:29:07.534+0000] {processor.py:183} INFO - Processing /home/airflow/.local/lib/python3.12/site-packages/airflow/example_dags/example_external_task_marker_dag.py took 0.105 seconds
[2024-04-11T14:29:37.812+0000] {processor.py:161} INFO - Started process (PID=417) to work on /home/airflow/.local/lib/python3.12/site-packages/airflow/example_dags/example_external_task_marker_dag.py
[2024-04-11T14:29:37.813+0000] {processor.py:830} INFO - Processing file /home/airflow/.local/lib/python3.12/site-packages/airflow/example_dags/example_external_task_marker_dag.py for tasks to queue
[2024-04-11T14:29:37.816+0000] {logging_mixin.py:188} INFO - [2024-04-11T14:29:37.816+0000] {dagbag.py:540} INFO - Filling up the DagBag from /home/airflow/.local/lib/python3.12/site-packages/airflow/example_dags/example_external_task_marker_dag.py
[2024-04-11T14:29:37.826+0000] {processor.py:840} INFO - DAG(s) 'example_external_task_marker_parent', 'example_external_task_marker_child' retrieved from /home/airflow/.local/lib/python3.12/site-packages/airflow/example_dags/example_external_task_marker_dag.py
[2024-04-11T14:29:37.859+0000] {logging_mixin.py:188} INFO - [2024-04-11T14:29:37.858+0000] {dag.py:3096} INFO - Sync 2 DAGs
[2024-04-11T14:29:37.878+0000] {logging_mixin.py:188} INFO - [2024-04-11T14:29:37.878+0000] {dag.py:3954} INFO - Setting next_dagrun for example_external_task_marker_child to None, run_after=None
[2024-04-11T14:29:37.884+0000] {logging_mixin.py:188} INFO - [2024-04-11T14:29:37.884+0000] {dag.py:3954} INFO - Setting next_dagrun for example_external_task_marker_parent to None, run_after=None
[2024-04-11T14:29:37.908+0000] {processor.py:183} INFO - Processing /home/airflow/.local/lib/python3.12/site-packages/airflow/example_dags/example_external_task_marker_dag.py took 0.105 seconds
[2024-04-11T14:30:08.106+0000] {processor.py:161} INFO - Started process (PID=475) to work on /home/airflow/.local/lib/python3.12/site-packages/airflow/example_dags/example_external_task_marker_dag.py
[2024-04-11T14:30:08.107+0000] {processor.py:830} INFO - Processing file /home/airflow/.local/lib/python3.12/site-packages/airflow/example_dags/example_external_task_marker_dag.py for tasks to queue
[2024-04-11T14:30:08.110+0000] {logging_mixin.py:188} INFO - [2024-04-11T14:30:08.110+0000] {dagbag.py:540} INFO - Filling up the DagBag from /home/airflow/.local/lib/python3.12/site-packages/airflow/example_dags/example_external_task_marker_dag.py
[2024-04-11T14:30:08.120+0000] {processor.py:840} INFO - DAG(s) 'example_external_task_marker_child', 'example_external_task_marker_parent' retrieved from /home/airflow/.local/lib/python3.12/site-packages/airflow/example_dags/example_external_task_marker_dag.py
[2024-04-11T14:30:08.152+0000] {logging_mixin.py:188} INFO - [2024-04-11T14:30:08.152+0000] {dag.py:3096} INFO - Sync 2 DAGs
[2024-04-11T14:30:08.171+0000] {logging_mixin.py:188} INFO - [2024-04-11T14:30:08.170+0000] {dag.py:3954} INFO - Setting next_dagrun for example_external_task_marker_child to None, run_after=None
[2024-04-11T14:30:08.176+0000] {logging_mixin.py:188} INFO - [2024-04-11T14:30:08.176+0000] {dag.py:3954} INFO - Setting next_dagrun for example_external_task_marker_parent to None, run_after=None
[2024-04-11T14:30:08.200+0000] {processor.py:183} INFO - Processing /home/airflow/.local/lib/python3.12/site-packages/airflow/example_dags/example_external_task_marker_dag.py took 0.103 seconds
[2024-04-11T14:30:38.704+0000] {processor.py:161} INFO - Started process (PID=533) to work on /home/airflow/.local/lib/python3.12/site-packages/airflow/example_dags/example_external_task_marker_dag.py
[2024-04-11T14:30:38.706+0000] {processor.py:830} INFO - Processing file /home/airflow/.local/lib/python3.12/site-packages/airflow/example_dags/example_external_task_marker_dag.py for tasks to queue
[2024-04-11T14:30:38.709+0000] {logging_mixin.py:188} INFO - [2024-04-11T14:30:38.709+0000] {dagbag.py:540} INFO - Filling up the DagBag from /home/airflow/.local/lib/python3.12/site-packages/airflow/example_dags/example_external_task_marker_dag.py
[2024-04-11T14:30:38.718+0000] {processor.py:840} INFO - DAG(s) 'example_external_task_marker_child', 'example_external_task_marker_parent' retrieved from /home/airflow/.local/lib/python3.12/site-packages/airflow/example_dags/example_external_task_marker_dag.py
[2024-04-11T14:30:38.752+0000] {logging_mixin.py:188} INFO - [2024-04-11T14:30:38.752+0000] {dag.py:3096} INFO - Sync 2 DAGs
[2024-04-11T14:30:38.770+0000] {logging_mixin.py:188} INFO - [2024-04-11T14:30:38.770+0000] {dag.py:3954} INFO - Setting next_dagrun for example_external_task_marker_child to None, run_after=None
[2024-04-11T14:30:38.776+0000] {logging_mixin.py:188} INFO - [2024-04-11T14:30:38.776+0000] {dag.py:3954} INFO - Setting next_dagrun for example_external_task_marker_parent to None, run_after=None
[2024-04-11T14:30:38.800+0000] {processor.py:183} INFO - Processing /home/airflow/.local/lib/python3.12/site-packages/airflow/example_dags/example_external_task_marker_dag.py took 0.104 seconds
[2024-04-11T14:31:09.474+0000] {processor.py:161} INFO - Started process (PID=591) to work on /home/airflow/.local/lib/python3.12/site-packages/airflow/example_dags/example_external_task_marker_dag.py
[2024-04-11T14:31:09.475+0000] {processor.py:830} INFO - Processing file /home/airflow/.local/lib/python3.12/site-packages/airflow/example_dags/example_external_task_marker_dag.py for tasks to queue
[2024-04-11T14:31:09.478+0000] {logging_mixin.py:188} INFO - [2024-04-11T14:31:09.478+0000] {dagbag.py:540} INFO - Filling up the DagBag from /home/airflow/.local/lib/python3.12/site-packages/airflow/example_dags/example_external_task_marker_dag.py
[2024-04-11T14:31:09.487+0000] {processor.py:840} INFO - DAG(s) 'example_external_task_marker_parent', 'example_external_task_marker_child' retrieved from /home/airflow/.local/lib/python3.12/site-packages/airflow/example_dags/example_external_task_marker_dag.py
[2024-04-11T14:31:09.521+0000] {logging_mixin.py:188} INFO - [2024-04-11T14:31:09.521+0000] {dag.py:3096} INFO - Sync 2 DAGs
[2024-04-11T14:31:09.541+0000] {logging_mixin.py:188} INFO - [2024-04-11T14:31:09.540+0000] {dag.py:3954} INFO - Setting next_dagrun for example_external_task_marker_child to None, run_after=None
[2024-04-11T14:31:09.547+0000] {logging_mixin.py:188} INFO - [2024-04-11T14:31:09.546+0000] {dag.py:3954} INFO - Setting next_dagrun for example_external_task_marker_parent to None, run_after=None
[2024-04-11T14:31:09.571+0000] {processor.py:183} INFO - Processing /home/airflow/.local/lib/python3.12/site-packages/airflow/example_dags/example_external_task_marker_dag.py took 0.105 seconds
[2024-04-11T14:31:40.075+0000] {processor.py:161} INFO - Started process (PID=649) to work on /home/airflow/.local/lib/python3.12/site-packages/airflow/example_dags/example_external_task_marker_dag.py
[2024-04-11T14:31:40.077+0000] {processor.py:830} INFO - Processing file /home/airflow/.local/lib/python3.12/site-packages/airflow/example_dags/example_external_task_marker_dag.py for tasks to queue
[2024-04-11T14:31:40.080+0000] {logging_mixin.py:188} INFO - [2024-04-11T14:31:40.080+0000] {dagbag.py:540} INFO - Filling up the DagBag from /home/airflow/.local/lib/python3.12/site-packages/airflow/example_dags/example_external_task_marker_dag.py
[2024-04-11T14:31:40.092+0000] {processor.py:840} INFO - DAG(s) 'example_external_task_marker_child', 'example_external_task_marker_parent' retrieved from /home/airflow/.local/lib/python3.12/site-packages/airflow/example_dags/example_external_task_marker_dag.py
[2024-04-11T14:31:40.139+0000] {logging_mixin.py:188} INFO - [2024-04-11T14:31:40.138+0000] {dag.py:3096} INFO - Sync 2 DAGs
[2024-04-11T14:31:40.164+0000] {logging_mixin.py:188} INFO - [2024-04-11T14:31:40.163+0000] {dag.py:3954} INFO - Setting next_dagrun for example_external_task_marker_child to None, run_after=None
[2024-04-11T14:31:40.170+0000] {logging_mixin.py:188} INFO - [2024-04-11T14:31:40.170+0000] {dag.py:3954} INFO - Setting next_dagrun for example_external_task_marker_parent to None, run_after=None
[2024-04-11T14:31:40.197+0000] {processor.py:183} INFO - Processing /home/airflow/.local/lib/python3.12/site-packages/airflow/example_dags/example_external_task_marker_dag.py took 0.135 seconds
[2024-04-11T14:32:11.150+0000] {processor.py:161} INFO - Started process (PID=707) to work on /home/airflow/.local/lib/python3.12/site-packages/airflow/example_dags/example_external_task_marker_dag.py
[2024-04-11T14:32:11.152+0000] {processor.py:830} INFO - Processing file /home/airflow/.local/lib/python3.12/site-packages/airflow/example_dags/example_external_task_marker_dag.py for tasks to queue
[2024-04-11T14:32:11.155+0000] {logging_mixin.py:188} INFO - [2024-04-11T14:32:11.154+0000] {dagbag.py:540} INFO - Filling up the DagBag from /home/airflow/.local/lib/python3.12/site-packages/airflow/example_dags/example_external_task_marker_dag.py
[2024-04-11T14:32:11.165+0000] {processor.py:840} INFO - DAG(s) 'example_external_task_marker_child', 'example_external_task_marker_parent' retrieved from /home/airflow/.local/lib/python3.12/site-packages/airflow/example_dags/example_external_task_marker_dag.py
[2024-04-11T14:32:11.200+0000] {logging_mixin.py:188} INFO - [2024-04-11T14:32:11.200+0000] {dag.py:3096} INFO - Sync 2 DAGs
[2024-04-11T14:32:11.218+0000] {logging_mixin.py:188} INFO - [2024-04-11T14:32:11.218+0000] {dag.py:3954} INFO - Setting next_dagrun for example_external_task_marker_child to None, run_after=None
[2024-04-11T14:32:11.224+0000] {logging_mixin.py:188} INFO - [2024-04-11T14:32:11.223+0000] {dag.py:3954} INFO - Setting next_dagrun for example_external_task_marker_parent to None, run_after=None
[2024-04-11T14:32:11.252+0000] {processor.py:183} INFO - Processing /home/airflow/.local/lib/python3.12/site-packages/airflow/example_dags/example_external_task_marker_dag.py took 0.111 seconds
[2024-04-11T14:32:41.981+0000] {processor.py:161} INFO - Started process (PID=765) to work on /home/airflow/.local/lib/python3.12/site-packages/airflow/example_dags/example_external_task_marker_dag.py
[2024-04-11T14:32:41.983+0000] {processor.py:830} INFO - Processing file /home/airflow/.local/lib/python3.12/site-packages/airflow/example_dags/example_external_task_marker_dag.py for tasks to queue
[2024-04-11T14:32:41.986+0000] {logging_mixin.py:188} INFO - [2024-04-11T14:32:41.985+0000] {dagbag.py:540} INFO - Filling up the DagBag from /home/airflow/.local/lib/python3.12/site-packages/airflow/example_dags/example_external_task_marker_dag.py
[2024-04-11T14:32:41.995+0000] {processor.py:840} INFO - DAG(s) 'example_external_task_marker_child', 'example_external_task_marker_parent' retrieved from /home/airflow/.local/lib/python3.12/site-packages/airflow/example_dags/example_external_task_marker_dag.py
[2024-04-11T14:32:42.028+0000] {logging_mixin.py:188} INFO - [2024-04-11T14:32:42.027+0000] {dag.py:3096} INFO - Sync 2 DAGs
[2024-04-11T14:32:42.047+0000] {logging_mixin.py:188} INFO - [2024-04-11T14:32:42.046+0000] {dag.py:3954} INFO - Setting next_dagrun for example_external_task_marker_child to None, run_after=None
[2024-04-11T14:32:42.052+0000] {logging_mixin.py:188} INFO - [2024-04-11T14:32:42.052+0000] {dag.py:3954} INFO - Setting next_dagrun for example_external_task_marker_parent to None, run_after=None
[2024-04-11T14:32:42.077+0000] {processor.py:183} INFO - Processing /home/airflow/.local/lib/python3.12/site-packages/airflow/example_dags/example_external_task_marker_dag.py took 0.105 seconds
[2024-04-11T14:33:12.897+0000] {processor.py:161} INFO - Started process (PID=823) to work on /home/airflow/.local/lib/python3.12/site-packages/airflow/example_dags/example_external_task_marker_dag.py
[2024-04-11T14:33:12.899+0000] {processor.py:830} INFO - Processing file /home/airflow/.local/lib/python3.12/site-packages/airflow/example_dags/example_external_task_marker_dag.py for tasks to queue
[2024-04-11T14:33:12.902+0000] {logging_mixin.py:188} INFO - [2024-04-11T14:33:12.901+0000] {dagbag.py:540} INFO - Filling up the DagBag from /home/airflow/.local/lib/python3.12/site-packages/airflow/example_dags/example_external_task_marker_dag.py
[2024-04-11T14:33:12.911+0000] {processor.py:840} INFO - DAG(s) 'example_external_task_marker_parent', 'example_external_task_marker_child' retrieved from /home/airflow/.local/lib/python3.12/site-packages/airflow/example_dags/example_external_task_marker_dag.py
[2024-04-11T14:33:12.943+0000] {logging_mixin.py:188} INFO - [2024-04-11T14:33:12.943+0000] {dag.py:3096} INFO - Sync 2 DAGs
[2024-04-11T14:33:12.961+0000] {logging_mixin.py:188} INFO - [2024-04-11T14:33:12.961+0000] {dag.py:3954} INFO - Setting next_dagrun for example_external_task_marker_child to None, run_after=None
[2024-04-11T14:33:12.967+0000] {logging_mixin.py:188} INFO - [2024-04-11T14:33:12.967+0000] {dag.py:3954} INFO - Setting next_dagrun for example_external_task_marker_parent to None, run_after=None
[2024-04-11T14:33:12.992+0000] {processor.py:183} INFO - Processing /home/airflow/.local/lib/python3.12/site-packages/airflow/example_dags/example_external_task_marker_dag.py took 0.103 seconds
[2024-04-11T14:33:44.126+0000] {processor.py:161} INFO - Started process (PID=881) to work on /home/airflow/.local/lib/python3.12/site-packages/airflow/example_dags/example_external_task_marker_dag.py
[2024-04-11T14:33:44.129+0000] {processor.py:830} INFO - Processing file /home/airflow/.local/lib/python3.12/site-packages/airflow/example_dags/example_external_task_marker_dag.py for tasks to queue
[2024-04-11T14:33:44.134+0000] {logging_mixin.py:188} INFO - [2024-04-11T14:33:44.133+0000] {dagbag.py:540} INFO - Filling up the DagBag from /home/airflow/.local/lib/python3.12/site-packages/airflow/example_dags/example_external_task_marker_dag.py
[2024-04-11T14:33:44.155+0000] {processor.py:840} INFO - DAG(s) 'example_external_task_marker_parent', 'example_external_task_marker_child' retrieved from /home/airflow/.local/lib/python3.12/site-packages/airflow/example_dags/example_external_task_marker_dag.py
[2024-04-11T14:33:44.215+0000] {logging_mixin.py:188} INFO - [2024-04-11T14:33:44.214+0000] {dag.py:3096} INFO - Sync 2 DAGs
[2024-04-11T14:33:44.250+0000] {logging_mixin.py:188} INFO - [2024-04-11T14:33:44.250+0000] {dag.py:3954} INFO - Setting next_dagrun for example_external_task_marker_child to None, run_after=None
[2024-04-11T14:33:44.259+0000] {logging_mixin.py:188} INFO - [2024-04-11T14:33:44.259+0000] {dag.py:3954} INFO - Setting next_dagrun for example_external_task_marker_parent to None, run_after=None
[2024-04-11T14:33:44.303+0000] {processor.py:183} INFO - Processing /home/airflow/.local/lib/python3.12/site-packages/airflow/example_dags/example_external_task_marker_dag.py took 0.193 seconds
[2024-04-11T14:34:14.744+0000] {processor.py:161} INFO - Started process (PID=939) to work on /home/airflow/.local/lib/python3.12/site-packages/airflow/example_dags/example_external_task_marker_dag.py
[2024-04-11T14:34:14.745+0000] {processor.py:830} INFO - Processing file /home/airflow/.local/lib/python3.12/site-packages/airflow/example_dags/example_external_task_marker_dag.py for tasks to queue
[2024-04-11T14:34:14.749+0000] {logging_mixin.py:188} INFO - [2024-04-11T14:34:14.748+0000] {dagbag.py:540} INFO - Filling up the DagBag from /home/airflow/.local/lib/python3.12/site-packages/airflow/example_dags/example_external_task_marker_dag.py
[2024-04-11T14:34:14.758+0000] {processor.py:840} INFO - DAG(s) 'example_external_task_marker_parent', 'example_external_task_marker_child' retrieved from /home/airflow/.local/lib/python3.12/site-packages/airflow/example_dags/example_external_task_marker_dag.py
[2024-04-11T14:34:14.795+0000] {logging_mixin.py:188} INFO - [2024-04-11T14:34:14.794+0000] {dag.py:3096} INFO - Sync 2 DAGs
[2024-04-11T14:34:14.966+0000] {logging_mixin.py:188} INFO - [2024-04-11T14:34:14.966+0000] {dag.py:3954} INFO - Setting next_dagrun for example_external_task_marker_child to None, run_after=None
[2024-04-11T14:34:14.972+0000] {logging_mixin.py:188} INFO - [2024-04-11T14:34:14.972+0000] {dag.py:3954} INFO - Setting next_dagrun for example_external_task_marker_parent to None, run_after=None
[2024-04-11T14:34:14.996+0000] {processor.py:183} INFO - Processing /home/airflow/.local/lib/python3.12/site-packages/airflow/example_dags/example_external_task_marker_dag.py took 0.261 seconds
[2024-04-11T14:34:45.535+0000] {processor.py:161} INFO - Started process (PID=997) to work on /home/airflow/.local/lib/python3.12/site-packages/airflow/example_dags/example_external_task_marker_dag.py
[2024-04-11T14:34:45.536+0000] {processor.py:830} INFO - Processing file /home/airflow/.local/lib/python3.12/site-packages/airflow/example_dags/example_external_task_marker_dag.py for tasks to queue
[2024-04-11T14:34:45.539+0000] {logging_mixin.py:188} INFO - [2024-04-11T14:34:45.539+0000] {dagbag.py:540} INFO - Filling up the DagBag from /home/airflow/.local/lib/python3.12/site-packages/airflow/example_dags/example_external_task_marker_dag.py
[2024-04-11T14:34:45.548+0000] {processor.py:840} INFO - DAG(s) 'example_external_task_marker_parent', 'example_external_task_marker_child' retrieved from /home/airflow/.local/lib/python3.12/site-packages/airflow/example_dags/example_external_task_marker_dag.py
[2024-04-11T14:34:45.592+0000] {logging_mixin.py:188} INFO - [2024-04-11T14:34:45.592+0000] {dag.py:3096} INFO - Sync 2 DAGs
[2024-04-11T14:34:45.617+0000] {logging_mixin.py:188} INFO - [2024-04-11T14:34:45.616+0000] {dag.py:3954} INFO - Setting next_dagrun for example_external_task_marker_child to None, run_after=None
[2024-04-11T14:34:45.625+0000] {logging_mixin.py:188} INFO - [2024-04-11T14:34:45.625+0000] {dag.py:3954} INFO - Setting next_dagrun for example_external_task_marker_parent to None, run_after=None
[2024-04-11T14:34:45.662+0000] {processor.py:183} INFO - Processing /home/airflow/.local/lib/python3.12/site-packages/airflow/example_dags/example_external_task_marker_dag.py took 0.135 seconds
[2024-04-11T14:35:16.320+0000] {processor.py:161} INFO - Started process (PID=1055) to work on /home/airflow/.local/lib/python3.12/site-packages/airflow/example_dags/example_external_task_marker_dag.py
[2024-04-11T14:35:16.321+0000] {processor.py:830} INFO - Processing file /home/airflow/.local/lib/python3.12/site-packages/airflow/example_dags/example_external_task_marker_dag.py for tasks to queue
[2024-04-11T14:35:16.324+0000] {logging_mixin.py:188} INFO - [2024-04-11T14:35:16.324+0000] {dagbag.py:540} INFO - Filling up the DagBag from /home/airflow/.local/lib/python3.12/site-packages/airflow/example_dags/example_external_task_marker_dag.py
[2024-04-11T14:35:16.333+0000] {processor.py:840} INFO - DAG(s) 'example_external_task_marker_parent', 'example_external_task_marker_child' retrieved from /home/airflow/.local/lib/python3.12/site-packages/airflow/example_dags/example_external_task_marker_dag.py
[2024-04-11T14:35:16.370+0000] {logging_mixin.py:188} INFO - [2024-04-11T14:35:16.370+0000] {dag.py:3096} INFO - Sync 2 DAGs
[2024-04-11T14:35:16.391+0000] {logging_mixin.py:188} INFO - [2024-04-11T14:35:16.390+0000] {dag.py:3954} INFO - Setting next_dagrun for example_external_task_marker_child to None, run_after=None
[2024-04-11T14:35:16.397+0000] {logging_mixin.py:188} INFO - [2024-04-11T14:35:16.397+0000] {dag.py:3954} INFO - Setting next_dagrun for example_external_task_marker_parent to None, run_after=None
[2024-04-11T14:35:16.424+0000] {processor.py:183} INFO - Processing /home/airflow/.local/lib/python3.12/site-packages/airflow/example_dags/example_external_task_marker_dag.py took 0.112 seconds
[2024-04-11T14:35:46.459+0000] {processor.py:161} INFO - Started process (PID=1112) to work on /home/airflow/.local/lib/python3.12/site-packages/airflow/example_dags/example_external_task_marker_dag.py
[2024-04-11T14:35:46.461+0000] {processor.py:830} INFO - Processing file /home/airflow/.local/lib/python3.12/site-packages/airflow/example_dags/example_external_task_marker_dag.py for tasks to queue
[2024-04-11T14:35:46.464+0000] {logging_mixin.py:188} INFO - [2024-04-11T14:35:46.464+0000] {dagbag.py:540} INFO - Filling up the DagBag from /home/airflow/.local/lib/python3.12/site-packages/airflow/example_dags/example_external_task_marker_dag.py
[2024-04-11T14:35:46.476+0000] {processor.py:840} INFO - DAG(s) 'example_external_task_marker_child', 'example_external_task_marker_parent' retrieved from /home/airflow/.local/lib/python3.12/site-packages/airflow/example_dags/example_external_task_marker_dag.py
[2024-04-11T14:35:46.672+0000] {logging_mixin.py:188} INFO - [2024-04-11T14:35:46.672+0000] {dag.py:3096} INFO - Sync 2 DAGs
[2024-04-11T14:35:46.689+0000] {logging_mixin.py:188} INFO - [2024-04-11T14:35:46.689+0000] {dag.py:3954} INFO - Setting next_dagrun for example_external_task_marker_child to None, run_after=None
[2024-04-11T14:35:46.695+0000] {logging_mixin.py:188} INFO - [2024-04-11T14:35:46.694+0000] {dag.py:3954} INFO - Setting next_dagrun for example_external_task_marker_parent to None, run_after=None
[2024-04-11T14:35:46.719+0000] {processor.py:183} INFO - Processing /home/airflow/.local/lib/python3.12/site-packages/airflow/example_dags/example_external_task_marker_dag.py took 0.269 seconds
[2024-04-11T14:36:17.556+0000] {processor.py:161} INFO - Started process (PID=1171) to work on /home/airflow/.local/lib/python3.12/site-packages/airflow/example_dags/example_external_task_marker_dag.py
[2024-04-11T14:36:17.558+0000] {processor.py:830} INFO - Processing file /home/airflow/.local/lib/python3.12/site-packages/airflow/example_dags/example_external_task_marker_dag.py for tasks to queue
[2024-04-11T14:36:17.561+0000] {logging_mixin.py:188} INFO - [2024-04-11T14:36:17.561+0000] {dagbag.py:540} INFO - Filling up the DagBag from /home/airflow/.local/lib/python3.12/site-packages/airflow/example_dags/example_external_task_marker_dag.py
[2024-04-11T14:36:17.573+0000] {processor.py:840} INFO - DAG(s) 'example_external_task_marker_child', 'example_external_task_marker_parent' retrieved from /home/airflow/.local/lib/python3.12/site-packages/airflow/example_dags/example_external_task_marker_dag.py
[2024-04-11T14:36:17.620+0000] {logging_mixin.py:188} INFO - [2024-04-11T14:36:17.620+0000] {dag.py:3096} INFO - Sync 2 DAGs
[2024-04-11T14:36:17.651+0000] {logging_mixin.py:188} INFO - [2024-04-11T14:36:17.651+0000] {dag.py:3954} INFO - Setting next_dagrun for example_external_task_marker_child to None, run_after=None
[2024-04-11T14:36:17.659+0000] {logging_mixin.py:188} INFO - [2024-04-11T14:36:17.658+0000] {dag.py:3954} INFO - Setting next_dagrun for example_external_task_marker_parent to None, run_after=None
[2024-04-11T14:36:17.686+0000] {processor.py:183} INFO - Processing /home/airflow/.local/lib/python3.12/site-packages/airflow/example_dags/example_external_task_marker_dag.py took 0.143 seconds
