[2024-04-11T14:26:29.579+0000] {processor.py:161} INFO - Started process (PID=34) to work on /home/airflow/.local/lib/python3.12/site-packages/airflow/example_dags/example_task_group_decorator.py
[2024-04-11T14:26:29.581+0000] {processor.py:830} INFO - Processing file /home/airflow/.local/lib/python3.12/site-packages/airflow/example_dags/example_task_group_decorator.py for tasks to queue
[2024-04-11T14:26:29.585+0000] {logging_mixin.py:188} INFO - [2024-04-11T14:26:29.584+0000] {dagbag.py:540} INFO - Filling up the DagBag from /home/airflow/.local/lib/python3.12/site-packages/airflow/example_dags/example_task_group_decorator.py
[2024-04-11T14:26:29.623+0000] {processor.py:840} INFO - DAG(s) 'example_task_group_decorator' retrieved from /home/airflow/.local/lib/python3.12/site-packages/airflow/example_dags/example_task_group_decorator.py
[2024-04-11T14:26:29.854+0000] {logging_mixin.py:188} INFO - [2024-04-11T14:26:29.854+0000] {dag.py:3096} INFO - Sync 1 DAGs
[2024-04-11T14:26:29.887+0000] {logging_mixin.py:188} INFO - [2024-04-11T14:26:29.887+0000] {dag.py:3954} INFO - Setting next_dagrun for example_task_group_decorator to 2024-04-10 00:00:00+00:00, run_after=2024-04-11 00:00:00+00:00
[2024-04-11T14:26:29.926+0000] {processor.py:183} INFO - Processing /home/airflow/.local/lib/python3.12/site-packages/airflow/example_dags/example_task_group_decorator.py took 0.362 seconds
[2024-04-11T14:27:00.834+0000] {processor.py:161} INFO - Started process (PID=92) to work on /home/airflow/.local/lib/python3.12/site-packages/airflow/example_dags/example_task_group_decorator.py
[2024-04-11T14:27:00.835+0000] {processor.py:830} INFO - Processing file /home/airflow/.local/lib/python3.12/site-packages/airflow/example_dags/example_task_group_decorator.py for tasks to queue
[2024-04-11T14:27:00.838+0000] {logging_mixin.py:188} INFO - [2024-04-11T14:27:00.838+0000] {dagbag.py:540} INFO - Filling up the DagBag from /home/airflow/.local/lib/python3.12/site-packages/airflow/example_dags/example_task_group_decorator.py
[2024-04-11T14:27:00.859+0000] {processor.py:840} INFO - DAG(s) 'example_task_group_decorator' retrieved from /home/airflow/.local/lib/python3.12/site-packages/airflow/example_dags/example_task_group_decorator.py
[2024-04-11T14:27:00.895+0000] {logging_mixin.py:188} INFO - [2024-04-11T14:27:00.894+0000] {dag.py:3096} INFO - Sync 1 DAGs
[2024-04-11T14:27:00.927+0000] {logging_mixin.py:188} INFO - [2024-04-11T14:27:00.926+0000] {dag.py:3954} INFO - Setting next_dagrun for example_task_group_decorator to 2024-04-10 00:00:00+00:00, run_after=2024-04-11 00:00:00+00:00
[2024-04-11T14:27:00.957+0000] {processor.py:183} INFO - Processing /home/airflow/.local/lib/python3.12/site-packages/airflow/example_dags/example_task_group_decorator.py took 0.131 seconds
[2024-04-11T14:27:31.133+0000] {processor.py:161} INFO - Started process (PID=150) to work on /home/airflow/.local/lib/python3.12/site-packages/airflow/example_dags/example_task_group_decorator.py
[2024-04-11T14:27:31.135+0000] {processor.py:830} INFO - Processing file /home/airflow/.local/lib/python3.12/site-packages/airflow/example_dags/example_task_group_decorator.py for tasks to queue
[2024-04-11T14:27:31.138+0000] {logging_mixin.py:188} INFO - [2024-04-11T14:27:31.137+0000] {dagbag.py:540} INFO - Filling up the DagBag from /home/airflow/.local/lib/python3.12/site-packages/airflow/example_dags/example_task_group_decorator.py
[2024-04-11T14:27:31.158+0000] {processor.py:840} INFO - DAG(s) 'example_task_group_decorator' retrieved from /home/airflow/.local/lib/python3.12/site-packages/airflow/example_dags/example_task_group_decorator.py
[2024-04-11T14:27:31.193+0000] {logging_mixin.py:188} INFO - [2024-04-11T14:27:31.193+0000] {dag.py:3096} INFO - Sync 1 DAGs
[2024-04-11T14:27:31.225+0000] {logging_mixin.py:188} INFO - [2024-04-11T14:27:31.225+0000] {dag.py:3954} INFO - Setting next_dagrun for example_task_group_decorator to 2024-04-10 00:00:00+00:00, run_after=2024-04-11 00:00:00+00:00
[2024-04-11T14:27:31.255+0000] {processor.py:183} INFO - Processing /home/airflow/.local/lib/python3.12/site-packages/airflow/example_dags/example_task_group_decorator.py took 0.131 seconds
[2024-04-11T14:28:01.371+0000] {processor.py:161} INFO - Started process (PID=208) to work on /home/airflow/.local/lib/python3.12/site-packages/airflow/example_dags/example_task_group_decorator.py
[2024-04-11T14:28:01.373+0000] {processor.py:830} INFO - Processing file /home/airflow/.local/lib/python3.12/site-packages/airflow/example_dags/example_task_group_decorator.py for tasks to queue
[2024-04-11T14:28:01.376+0000] {logging_mixin.py:188} INFO - [2024-04-11T14:28:01.375+0000] {dagbag.py:540} INFO - Filling up the DagBag from /home/airflow/.local/lib/python3.12/site-packages/airflow/example_dags/example_task_group_decorator.py
[2024-04-11T14:28:01.396+0000] {processor.py:840} INFO - DAG(s) 'example_task_group_decorator' retrieved from /home/airflow/.local/lib/python3.12/site-packages/airflow/example_dags/example_task_group_decorator.py
[2024-04-11T14:28:01.432+0000] {logging_mixin.py:188} INFO - [2024-04-11T14:28:01.432+0000] {dag.py:3096} INFO - Sync 1 DAGs
[2024-04-11T14:28:01.463+0000] {logging_mixin.py:188} INFO - [2024-04-11T14:28:01.462+0000] {dag.py:3954} INFO - Setting next_dagrun for example_task_group_decorator to 2024-04-10 00:00:00+00:00, run_after=2024-04-11 00:00:00+00:00
[2024-04-11T14:28:01.492+0000] {processor.py:183} INFO - Processing /home/airflow/.local/lib/python3.12/site-packages/airflow/example_dags/example_task_group_decorator.py took 0.128 seconds
[2024-04-11T14:28:31.705+0000] {processor.py:161} INFO - Started process (PID=266) to work on /home/airflow/.local/lib/python3.12/site-packages/airflow/example_dags/example_task_group_decorator.py
[2024-04-11T14:28:31.707+0000] {processor.py:830} INFO - Processing file /home/airflow/.local/lib/python3.12/site-packages/airflow/example_dags/example_task_group_decorator.py for tasks to queue
[2024-04-11T14:28:31.710+0000] {logging_mixin.py:188} INFO - [2024-04-11T14:28:31.709+0000] {dagbag.py:540} INFO - Filling up the DagBag from /home/airflow/.local/lib/python3.12/site-packages/airflow/example_dags/example_task_group_decorator.py
[2024-04-11T14:28:31.731+0000] {processor.py:840} INFO - DAG(s) 'example_task_group_decorator' retrieved from /home/airflow/.local/lib/python3.12/site-packages/airflow/example_dags/example_task_group_decorator.py
[2024-04-11T14:28:31.767+0000] {logging_mixin.py:188} INFO - [2024-04-11T14:28:31.766+0000] {dag.py:3096} INFO - Sync 1 DAGs
[2024-04-11T14:28:31.797+0000] {logging_mixin.py:188} INFO - [2024-04-11T14:28:31.797+0000] {dag.py:3954} INFO - Setting next_dagrun for example_task_group_decorator to 2024-04-10 00:00:00+00:00, run_after=2024-04-11 00:00:00+00:00
[2024-04-11T14:28:31.826+0000] {processor.py:183} INFO - Processing /home/airflow/.local/lib/python3.12/site-packages/airflow/example_dags/example_task_group_decorator.py took 0.129 seconds
[2024-04-11T14:29:01.984+0000] {processor.py:161} INFO - Started process (PID=324) to work on /home/airflow/.local/lib/python3.12/site-packages/airflow/example_dags/example_task_group_decorator.py
[2024-04-11T14:29:01.986+0000] {processor.py:830} INFO - Processing file /home/airflow/.local/lib/python3.12/site-packages/airflow/example_dags/example_task_group_decorator.py for tasks to queue
[2024-04-11T14:29:01.988+0000] {logging_mixin.py:188} INFO - [2024-04-11T14:29:01.988+0000] {dagbag.py:540} INFO - Filling up the DagBag from /home/airflow/.local/lib/python3.12/site-packages/airflow/example_dags/example_task_group_decorator.py
[2024-04-11T14:29:02.009+0000] {processor.py:840} INFO - DAG(s) 'example_task_group_decorator' retrieved from /home/airflow/.local/lib/python3.12/site-packages/airflow/example_dags/example_task_group_decorator.py
[2024-04-11T14:29:02.050+0000] {logging_mixin.py:188} INFO - [2024-04-11T14:29:02.050+0000] {dag.py:3096} INFO - Sync 1 DAGs
[2024-04-11T14:29:02.082+0000] {logging_mixin.py:188} INFO - [2024-04-11T14:29:02.081+0000] {dag.py:3954} INFO - Setting next_dagrun for example_task_group_decorator to 2024-04-10 00:00:00+00:00, run_after=2024-04-11 00:00:00+00:00
[2024-04-11T14:29:02.114+0000] {processor.py:183} INFO - Processing /home/airflow/.local/lib/python3.12/site-packages/airflow/example_dags/example_task_group_decorator.py took 0.138 seconds
[2024-04-11T14:29:32.497+0000] {processor.py:161} INFO - Started process (PID=382) to work on /home/airflow/.local/lib/python3.12/site-packages/airflow/example_dags/example_task_group_decorator.py
[2024-04-11T14:29:32.498+0000] {processor.py:830} INFO - Processing file /home/airflow/.local/lib/python3.12/site-packages/airflow/example_dags/example_task_group_decorator.py for tasks to queue
[2024-04-11T14:29:32.501+0000] {logging_mixin.py:188} INFO - [2024-04-11T14:29:32.501+0000] {dagbag.py:540} INFO - Filling up the DagBag from /home/airflow/.local/lib/python3.12/site-packages/airflow/example_dags/example_task_group_decorator.py
[2024-04-11T14:29:32.521+0000] {processor.py:840} INFO - DAG(s) 'example_task_group_decorator' retrieved from /home/airflow/.local/lib/python3.12/site-packages/airflow/example_dags/example_task_group_decorator.py
[2024-04-11T14:29:32.557+0000] {logging_mixin.py:188} INFO - [2024-04-11T14:29:32.557+0000] {dag.py:3096} INFO - Sync 1 DAGs
[2024-04-11T14:29:32.587+0000] {logging_mixin.py:188} INFO - [2024-04-11T14:29:32.587+0000] {dag.py:3954} INFO - Setting next_dagrun for example_task_group_decorator to 2024-04-10 00:00:00+00:00, run_after=2024-04-11 00:00:00+00:00
[2024-04-11T14:29:32.617+0000] {processor.py:183} INFO - Processing /home/airflow/.local/lib/python3.12/site-packages/airflow/example_dags/example_task_group_decorator.py took 0.128 seconds
[2024-04-11T14:30:02.778+0000] {processor.py:161} INFO - Started process (PID=440) to work on /home/airflow/.local/lib/python3.12/site-packages/airflow/example_dags/example_task_group_decorator.py
[2024-04-11T14:30:02.780+0000] {processor.py:830} INFO - Processing file /home/airflow/.local/lib/python3.12/site-packages/airflow/example_dags/example_task_group_decorator.py for tasks to queue
[2024-04-11T14:30:02.783+0000] {logging_mixin.py:188} INFO - [2024-04-11T14:30:02.782+0000] {dagbag.py:540} INFO - Filling up the DagBag from /home/airflow/.local/lib/python3.12/site-packages/airflow/example_dags/example_task_group_decorator.py
[2024-04-11T14:30:02.803+0000] {processor.py:840} INFO - DAG(s) 'example_task_group_decorator' retrieved from /home/airflow/.local/lib/python3.12/site-packages/airflow/example_dags/example_task_group_decorator.py
[2024-04-11T14:30:02.840+0000] {logging_mixin.py:188} INFO - [2024-04-11T14:30:02.840+0000] {dag.py:3096} INFO - Sync 1 DAGs
[2024-04-11T14:30:02.871+0000] {logging_mixin.py:188} INFO - [2024-04-11T14:30:02.871+0000] {dag.py:3954} INFO - Setting next_dagrun for example_task_group_decorator to 2024-04-10 00:00:00+00:00, run_after=2024-04-11 00:00:00+00:00
[2024-04-11T14:30:02.900+0000] {processor.py:183} INFO - Processing /home/airflow/.local/lib/python3.12/site-packages/airflow/example_dags/example_task_group_decorator.py took 0.130 seconds
[2024-04-11T14:30:33.336+0000] {processor.py:161} INFO - Started process (PID=498) to work on /home/airflow/.local/lib/python3.12/site-packages/airflow/example_dags/example_task_group_decorator.py
[2024-04-11T14:30:33.338+0000] {processor.py:830} INFO - Processing file /home/airflow/.local/lib/python3.12/site-packages/airflow/example_dags/example_task_group_decorator.py for tasks to queue
[2024-04-11T14:30:33.341+0000] {logging_mixin.py:188} INFO - [2024-04-11T14:30:33.341+0000] {dagbag.py:540} INFO - Filling up the DagBag from /home/airflow/.local/lib/python3.12/site-packages/airflow/example_dags/example_task_group_decorator.py
[2024-04-11T14:30:33.363+0000] {processor.py:840} INFO - DAG(s) 'example_task_group_decorator' retrieved from /home/airflow/.local/lib/python3.12/site-packages/airflow/example_dags/example_task_group_decorator.py
[2024-04-11T14:30:33.402+0000] {logging_mixin.py:188} INFO - [2024-04-11T14:30:33.401+0000] {dag.py:3096} INFO - Sync 1 DAGs
[2024-04-11T14:30:33.434+0000] {logging_mixin.py:188} INFO - [2024-04-11T14:30:33.434+0000] {dag.py:3954} INFO - Setting next_dagrun for example_task_group_decorator to 2024-04-10 00:00:00+00:00, run_after=2024-04-11 00:00:00+00:00
[2024-04-11T14:30:33.464+0000] {processor.py:183} INFO - Processing /home/airflow/.local/lib/python3.12/site-packages/airflow/example_dags/example_task_group_decorator.py took 0.136 seconds
[2024-04-11T14:31:03.911+0000] {processor.py:161} INFO - Started process (PID=562) to work on /home/airflow/.local/lib/python3.12/site-packages/airflow/example_dags/example_task_group_decorator.py
[2024-04-11T14:31:03.913+0000] {processor.py:830} INFO - Processing file /home/airflow/.local/lib/python3.12/site-packages/airflow/example_dags/example_task_group_decorator.py for tasks to queue
[2024-04-11T14:31:03.920+0000] {logging_mixin.py:188} INFO - [2024-04-11T14:31:03.919+0000] {dagbag.py:540} INFO - Filling up the DagBag from /home/airflow/.local/lib/python3.12/site-packages/airflow/example_dags/example_task_group_decorator.py
[2024-04-11T14:31:03.949+0000] {processor.py:840} INFO - DAG(s) 'example_task_group_decorator' retrieved from /home/airflow/.local/lib/python3.12/site-packages/airflow/example_dags/example_task_group_decorator.py
[2024-04-11T14:31:04.006+0000] {logging_mixin.py:188} INFO - [2024-04-11T14:31:04.006+0000] {dag.py:3096} INFO - Sync 1 DAGs
[2024-04-11T14:31:04.039+0000] {logging_mixin.py:188} INFO - [2024-04-11T14:31:04.039+0000] {dag.py:3954} INFO - Setting next_dagrun for example_task_group_decorator to 2024-04-10 00:00:00+00:00, run_after=2024-04-11 00:00:00+00:00
[2024-04-11T14:31:04.073+0000] {processor.py:183} INFO - Processing /home/airflow/.local/lib/python3.12/site-packages/airflow/example_dags/example_task_group_decorator.py took 0.172 seconds
[2024-04-11T14:31:34.345+0000] {processor.py:161} INFO - Started process (PID=620) to work on /home/airflow/.local/lib/python3.12/site-packages/airflow/example_dags/example_task_group_decorator.py
[2024-04-11T14:31:34.346+0000] {processor.py:830} INFO - Processing file /home/airflow/.local/lib/python3.12/site-packages/airflow/example_dags/example_task_group_decorator.py for tasks to queue
[2024-04-11T14:31:34.350+0000] {logging_mixin.py:188} INFO - [2024-04-11T14:31:34.349+0000] {dagbag.py:540} INFO - Filling up the DagBag from /home/airflow/.local/lib/python3.12/site-packages/airflow/example_dags/example_task_group_decorator.py
[2024-04-11T14:31:34.379+0000] {processor.py:840} INFO - DAG(s) 'example_task_group_decorator' retrieved from /home/airflow/.local/lib/python3.12/site-packages/airflow/example_dags/example_task_group_decorator.py
[2024-04-11T14:31:34.415+0000] {logging_mixin.py:188} INFO - [2024-04-11T14:31:34.415+0000] {dag.py:3096} INFO - Sync 1 DAGs
[2024-04-11T14:31:34.445+0000] {logging_mixin.py:188} INFO - [2024-04-11T14:31:34.445+0000] {dag.py:3954} INFO - Setting next_dagrun for example_task_group_decorator to 2024-04-10 00:00:00+00:00, run_after=2024-04-11 00:00:00+00:00
[2024-04-11T14:31:34.474+0000] {processor.py:183} INFO - Processing /home/airflow/.local/lib/python3.12/site-packages/airflow/example_dags/example_task_group_decorator.py took 0.140 seconds
[2024-04-11T14:32:04.738+0000] {processor.py:161} INFO - Started process (PID=678) to work on /home/airflow/.local/lib/python3.12/site-packages/airflow/example_dags/example_task_group_decorator.py
[2024-04-11T14:32:04.739+0000] {processor.py:830} INFO - Processing file /home/airflow/.local/lib/python3.12/site-packages/airflow/example_dags/example_task_group_decorator.py for tasks to queue
[2024-04-11T14:32:04.742+0000] {logging_mixin.py:188} INFO - [2024-04-11T14:32:04.741+0000] {dagbag.py:540} INFO - Filling up the DagBag from /home/airflow/.local/lib/python3.12/site-packages/airflow/example_dags/example_task_group_decorator.py
[2024-04-11T14:32:04.763+0000] {processor.py:840} INFO - DAG(s) 'example_task_group_decorator' retrieved from /home/airflow/.local/lib/python3.12/site-packages/airflow/example_dags/example_task_group_decorator.py
[2024-04-11T14:32:04.799+0000] {logging_mixin.py:188} INFO - [2024-04-11T14:32:04.799+0000] {dag.py:3096} INFO - Sync 1 DAGs
[2024-04-11T14:32:04.830+0000] {logging_mixin.py:188} INFO - [2024-04-11T14:32:04.830+0000] {dag.py:3954} INFO - Setting next_dagrun for example_task_group_decorator to 2024-04-10 00:00:00+00:00, run_after=2024-04-11 00:00:00+00:00
[2024-04-11T14:32:04.861+0000] {processor.py:183} INFO - Processing /home/airflow/.local/lib/python3.12/site-packages/airflow/example_dags/example_task_group_decorator.py took 0.131 seconds
[2024-04-11T14:32:35.465+0000] {processor.py:161} INFO - Started process (PID=736) to work on /home/airflow/.local/lib/python3.12/site-packages/airflow/example_dags/example_task_group_decorator.py
[2024-04-11T14:32:35.467+0000] {processor.py:830} INFO - Processing file /home/airflow/.local/lib/python3.12/site-packages/airflow/example_dags/example_task_group_decorator.py for tasks to queue
[2024-04-11T14:32:35.471+0000] {logging_mixin.py:188} INFO - [2024-04-11T14:32:35.470+0000] {dagbag.py:540} INFO - Filling up the DagBag from /home/airflow/.local/lib/python3.12/site-packages/airflow/example_dags/example_task_group_decorator.py
[2024-04-11T14:32:35.494+0000] {processor.py:840} INFO - DAG(s) 'example_task_group_decorator' retrieved from /home/airflow/.local/lib/python3.12/site-packages/airflow/example_dags/example_task_group_decorator.py
[2024-04-11T14:32:35.532+0000] {logging_mixin.py:188} INFO - [2024-04-11T14:32:35.532+0000] {dag.py:3096} INFO - Sync 1 DAGs
[2024-04-11T14:32:35.563+0000] {logging_mixin.py:188} INFO - [2024-04-11T14:32:35.563+0000] {dag.py:3954} INFO - Setting next_dagrun for example_task_group_decorator to 2024-04-10 00:00:00+00:00, run_after=2024-04-11 00:00:00+00:00
[2024-04-11T14:32:35.594+0000] {processor.py:183} INFO - Processing /home/airflow/.local/lib/python3.12/site-packages/airflow/example_dags/example_task_group_decorator.py took 0.138 seconds
[2024-04-11T14:33:06.487+0000] {processor.py:161} INFO - Started process (PID=794) to work on /home/airflow/.local/lib/python3.12/site-packages/airflow/example_dags/example_task_group_decorator.py
[2024-04-11T14:33:06.489+0000] {processor.py:830} INFO - Processing file /home/airflow/.local/lib/python3.12/site-packages/airflow/example_dags/example_task_group_decorator.py for tasks to queue
[2024-04-11T14:33:06.492+0000] {logging_mixin.py:188} INFO - [2024-04-11T14:33:06.491+0000] {dagbag.py:540} INFO - Filling up the DagBag from /home/airflow/.local/lib/python3.12/site-packages/airflow/example_dags/example_task_group_decorator.py
[2024-04-11T14:33:06.512+0000] {processor.py:840} INFO - DAG(s) 'example_task_group_decorator' retrieved from /home/airflow/.local/lib/python3.12/site-packages/airflow/example_dags/example_task_group_decorator.py
[2024-04-11T14:33:06.548+0000] {logging_mixin.py:188} INFO - [2024-04-11T14:33:06.548+0000] {dag.py:3096} INFO - Sync 1 DAGs
[2024-04-11T14:33:06.578+0000] {logging_mixin.py:188} INFO - [2024-04-11T14:33:06.578+0000] {dag.py:3954} INFO - Setting next_dagrun for example_task_group_decorator to 2024-04-10 00:00:00+00:00, run_after=2024-04-11 00:00:00+00:00
[2024-04-11T14:33:06.607+0000] {processor.py:183} INFO - Processing /home/airflow/.local/lib/python3.12/site-packages/airflow/example_dags/example_task_group_decorator.py took 0.129 seconds
[2024-04-11T14:33:37.070+0000] {processor.py:161} INFO - Started process (PID=852) to work on /home/airflow/.local/lib/python3.12/site-packages/airflow/example_dags/example_task_group_decorator.py
[2024-04-11T14:33:37.072+0000] {processor.py:830} INFO - Processing file /home/airflow/.local/lib/python3.12/site-packages/airflow/example_dags/example_task_group_decorator.py for tasks to queue
[2024-04-11T14:33:37.075+0000] {logging_mixin.py:188} INFO - [2024-04-11T14:33:37.075+0000] {dagbag.py:540} INFO - Filling up the DagBag from /home/airflow/.local/lib/python3.12/site-packages/airflow/example_dags/example_task_group_decorator.py
[2024-04-11T14:33:37.098+0000] {processor.py:840} INFO - DAG(s) 'example_task_group_decorator' retrieved from /home/airflow/.local/lib/python3.12/site-packages/airflow/example_dags/example_task_group_decorator.py
[2024-04-11T14:33:37.134+0000] {logging_mixin.py:188} INFO - [2024-04-11T14:33:37.134+0000] {dag.py:3096} INFO - Sync 1 DAGs
[2024-04-11T14:33:37.329+0000] {logging_mixin.py:188} INFO - [2024-04-11T14:33:37.329+0000] {dag.py:3954} INFO - Setting next_dagrun for example_task_group_decorator to 2024-04-10 00:00:00+00:00, run_after=2024-04-11 00:00:00+00:00
[2024-04-11T14:33:37.371+0000] {processor.py:183} INFO - Processing /home/airflow/.local/lib/python3.12/site-packages/airflow/example_dags/example_task_group_decorator.py took 0.310 seconds
[2024-04-11T14:34:08.234+0000] {processor.py:161} INFO - Started process (PID=910) to work on /home/airflow/.local/lib/python3.12/site-packages/airflow/example_dags/example_task_group_decorator.py
[2024-04-11T14:34:08.235+0000] {processor.py:830} INFO - Processing file /home/airflow/.local/lib/python3.12/site-packages/airflow/example_dags/example_task_group_decorator.py for tasks to queue
[2024-04-11T14:34:08.238+0000] {logging_mixin.py:188} INFO - [2024-04-11T14:34:08.238+0000] {dagbag.py:540} INFO - Filling up the DagBag from /home/airflow/.local/lib/python3.12/site-packages/airflow/example_dags/example_task_group_decorator.py
[2024-04-11T14:34:08.261+0000] {processor.py:840} INFO - DAG(s) 'example_task_group_decorator' retrieved from /home/airflow/.local/lib/python3.12/site-packages/airflow/example_dags/example_task_group_decorator.py
[2024-04-11T14:34:08.300+0000] {logging_mixin.py:188} INFO - [2024-04-11T14:34:08.300+0000] {dag.py:3096} INFO - Sync 1 DAGs
[2024-04-11T14:34:08.333+0000] {logging_mixin.py:188} INFO - [2024-04-11T14:34:08.332+0000] {dag.py:3954} INFO - Setting next_dagrun for example_task_group_decorator to 2024-04-10 00:00:00+00:00, run_after=2024-04-11 00:00:00+00:00
[2024-04-11T14:34:08.363+0000] {processor.py:183} INFO - Processing /home/airflow/.local/lib/python3.12/site-packages/airflow/example_dags/example_task_group_decorator.py took 0.139 seconds
[2024-04-11T14:34:38.704+0000] {processor.py:161} INFO - Started process (PID=968) to work on /home/airflow/.local/lib/python3.12/site-packages/airflow/example_dags/example_task_group_decorator.py
[2024-04-11T14:34:38.706+0000] {processor.py:830} INFO - Processing file /home/airflow/.local/lib/python3.12/site-packages/airflow/example_dags/example_task_group_decorator.py for tasks to queue
[2024-04-11T14:34:38.709+0000] {logging_mixin.py:188} INFO - [2024-04-11T14:34:38.709+0000] {dagbag.py:540} INFO - Filling up the DagBag from /home/airflow/.local/lib/python3.12/site-packages/airflow/example_dags/example_task_group_decorator.py
[2024-04-11T14:34:38.732+0000] {processor.py:840} INFO - DAG(s) 'example_task_group_decorator' retrieved from /home/airflow/.local/lib/python3.12/site-packages/airflow/example_dags/example_task_group_decorator.py
[2024-04-11T14:34:38.770+0000] {logging_mixin.py:188} INFO - [2024-04-11T14:34:38.770+0000] {dag.py:3096} INFO - Sync 1 DAGs
[2024-04-11T14:34:38.803+0000] {logging_mixin.py:188} INFO - [2024-04-11T14:34:38.803+0000] {dag.py:3954} INFO - Setting next_dagrun for example_task_group_decorator to 2024-04-10 00:00:00+00:00, run_after=2024-04-11 00:00:00+00:00
[2024-04-11T14:34:38.834+0000] {processor.py:183} INFO - Processing /home/airflow/.local/lib/python3.12/site-packages/airflow/example_dags/example_task_group_decorator.py took 0.138 seconds
[2024-04-11T14:35:09.090+0000] {processor.py:161} INFO - Started process (PID=1026) to work on /home/airflow/.local/lib/python3.12/site-packages/airflow/example_dags/example_task_group_decorator.py
[2024-04-11T14:35:09.092+0000] {processor.py:830} INFO - Processing file /home/airflow/.local/lib/python3.12/site-packages/airflow/example_dags/example_task_group_decorator.py for tasks to queue
[2024-04-11T14:35:09.095+0000] {logging_mixin.py:188} INFO - [2024-04-11T14:35:09.095+0000] {dagbag.py:540} INFO - Filling up the DagBag from /home/airflow/.local/lib/python3.12/site-packages/airflow/example_dags/example_task_group_decorator.py
[2024-04-11T14:35:09.117+0000] {processor.py:840} INFO - DAG(s) 'example_task_group_decorator' retrieved from /home/airflow/.local/lib/python3.12/site-packages/airflow/example_dags/example_task_group_decorator.py
[2024-04-11T14:35:09.156+0000] {logging_mixin.py:188} INFO - [2024-04-11T14:35:09.155+0000] {dag.py:3096} INFO - Sync 1 DAGs
[2024-04-11T14:35:09.189+0000] {logging_mixin.py:188} INFO - [2024-04-11T14:35:09.189+0000] {dag.py:3954} INFO - Setting next_dagrun for example_task_group_decorator to 2024-04-10 00:00:00+00:00, run_after=2024-04-11 00:00:00+00:00
[2024-04-11T14:35:09.223+0000] {processor.py:183} INFO - Processing /home/airflow/.local/lib/python3.12/site-packages/airflow/example_dags/example_task_group_decorator.py took 0.142 seconds
[2024-04-11T14:35:39.717+0000] {processor.py:161} INFO - Started process (PID=1084) to work on /home/airflow/.local/lib/python3.12/site-packages/airflow/example_dags/example_task_group_decorator.py
[2024-04-11T14:35:39.719+0000] {processor.py:830} INFO - Processing file /home/airflow/.local/lib/python3.12/site-packages/airflow/example_dags/example_task_group_decorator.py for tasks to queue
[2024-04-11T14:35:39.722+0000] {logging_mixin.py:188} INFO - [2024-04-11T14:35:39.721+0000] {dagbag.py:540} INFO - Filling up the DagBag from /home/airflow/.local/lib/python3.12/site-packages/airflow/example_dags/example_task_group_decorator.py
[2024-04-11T14:35:39.744+0000] {processor.py:840} INFO - DAG(s) 'example_task_group_decorator' retrieved from /home/airflow/.local/lib/python3.12/site-packages/airflow/example_dags/example_task_group_decorator.py
[2024-04-11T14:35:39.786+0000] {logging_mixin.py:188} INFO - [2024-04-11T14:35:39.786+0000] {dag.py:3096} INFO - Sync 1 DAGs
[2024-04-11T14:35:40.087+0000] {logging_mixin.py:188} INFO - [2024-04-11T14:35:40.086+0000] {dag.py:3954} INFO - Setting next_dagrun for example_task_group_decorator to 2024-04-10 00:00:00+00:00, run_after=2024-04-11 00:00:00+00:00
[2024-04-11T14:35:40.118+0000] {processor.py:183} INFO - Processing /home/airflow/.local/lib/python3.12/site-packages/airflow/example_dags/example_task_group_decorator.py took 0.410 seconds
[2024-04-11T14:36:10.269+0000] {processor.py:161} INFO - Started process (PID=1143) to work on /home/airflow/.local/lib/python3.12/site-packages/airflow/example_dags/example_task_group_decorator.py
[2024-04-11T14:36:10.270+0000] {processor.py:830} INFO - Processing file /home/airflow/.local/lib/python3.12/site-packages/airflow/example_dags/example_task_group_decorator.py for tasks to queue
[2024-04-11T14:36:10.274+0000] {logging_mixin.py:188} INFO - [2024-04-11T14:36:10.274+0000] {dagbag.py:540} INFO - Filling up the DagBag from /home/airflow/.local/lib/python3.12/site-packages/airflow/example_dags/example_task_group_decorator.py
[2024-04-11T14:36:10.298+0000] {processor.py:840} INFO - DAG(s) 'example_task_group_decorator' retrieved from /home/airflow/.local/lib/python3.12/site-packages/airflow/example_dags/example_task_group_decorator.py
[2024-04-11T14:36:10.336+0000] {logging_mixin.py:188} INFO - [2024-04-11T14:36:10.336+0000] {dag.py:3096} INFO - Sync 1 DAGs
[2024-04-11T14:36:10.369+0000] {logging_mixin.py:188} INFO - [2024-04-11T14:36:10.368+0000] {dag.py:3954} INFO - Setting next_dagrun for example_task_group_decorator to 2024-04-10 00:00:00+00:00, run_after=2024-04-11 00:00:00+00:00
[2024-04-11T14:36:10.399+0000] {processor.py:183} INFO - Processing /home/airflow/.local/lib/python3.12/site-packages/airflow/example_dags/example_task_group_decorator.py took 0.140 seconds
