[2024-04-11T14:26:34.938+0000] {processor.py:161} INFO - Started process (PID=66) to work on /home/airflow/.local/lib/python3.12/site-packages/airflow/example_dags/example_bash_operator.py
[2024-04-11T14:26:34.941+0000] {processor.py:830} INFO - Processing file /home/airflow/.local/lib/python3.12/site-packages/airflow/example_dags/example_bash_operator.py for tasks to queue
[2024-04-11T14:26:34.949+0000] {logging_mixin.py:188} INFO - [2024-04-11T14:26:34.949+0000] {dagbag.py:540} INFO - Filling up the DagBag from /home/airflow/.local/lib/python3.12/site-packages/airflow/example_dags/example_bash_operator.py
[2024-04-11T14:26:34.970+0000] {processor.py:840} INFO - DAG(s) 'example_bash_operator' retrieved from /home/airflow/.local/lib/python3.12/site-packages/airflow/example_dags/example_bash_operator.py
[2024-04-11T14:26:35.176+0000] {logging_mixin.py:188} INFO - [2024-04-11T14:26:35.175+0000] {dag.py:3096} INFO - Sync 1 DAGs
[2024-04-11T14:26:35.214+0000] {logging_mixin.py:188} INFO - [2024-04-11T14:26:35.214+0000] {dag.py:3954} INFO - Setting next_dagrun for example_bash_operator to 2024-04-10 00:00:00+00:00, run_after=2024-04-11 00:00:00+00:00
[2024-04-11T14:26:35.253+0000] {processor.py:183} INFO - Processing /home/airflow/.local/lib/python3.12/site-packages/airflow/example_dags/example_bash_operator.py took 0.326 seconds
[2024-04-11T14:27:06.049+0000] {processor.py:161} INFO - Started process (PID=124) to work on /home/airflow/.local/lib/python3.12/site-packages/airflow/example_dags/example_bash_operator.py
[2024-04-11T14:27:06.051+0000] {processor.py:830} INFO - Processing file /home/airflow/.local/lib/python3.12/site-packages/airflow/example_dags/example_bash_operator.py for tasks to queue
[2024-04-11T14:27:06.053+0000] {logging_mixin.py:188} INFO - [2024-04-11T14:27:06.053+0000] {dagbag.py:540} INFO - Filling up the DagBag from /home/airflow/.local/lib/python3.12/site-packages/airflow/example_dags/example_bash_operator.py
[2024-04-11T14:27:06.069+0000] {processor.py:840} INFO - DAG(s) 'example_bash_operator' retrieved from /home/airflow/.local/lib/python3.12/site-packages/airflow/example_dags/example_bash_operator.py
[2024-04-11T14:27:06.107+0000] {logging_mixin.py:188} INFO - [2024-04-11T14:27:06.107+0000] {dag.py:3096} INFO - Sync 1 DAGs
[2024-04-11T14:27:06.139+0000] {logging_mixin.py:188} INFO - [2024-04-11T14:27:06.139+0000] {dag.py:3954} INFO - Setting next_dagrun for example_bash_operator to 2024-04-10 00:00:00+00:00, run_after=2024-04-11 00:00:00+00:00
[2024-04-11T14:27:06.167+0000] {processor.py:183} INFO - Processing /home/airflow/.local/lib/python3.12/site-packages/airflow/example_dags/example_bash_operator.py took 0.125 seconds
[2024-04-11T14:27:36.361+0000] {processor.py:161} INFO - Started process (PID=181) to work on /home/airflow/.local/lib/python3.12/site-packages/airflow/example_dags/example_bash_operator.py
[2024-04-11T14:27:36.362+0000] {processor.py:830} INFO - Processing file /home/airflow/.local/lib/python3.12/site-packages/airflow/example_dags/example_bash_operator.py for tasks to queue
[2024-04-11T14:27:36.365+0000] {logging_mixin.py:188} INFO - [2024-04-11T14:27:36.365+0000] {dagbag.py:540} INFO - Filling up the DagBag from /home/airflow/.local/lib/python3.12/site-packages/airflow/example_dags/example_bash_operator.py
[2024-04-11T14:27:36.381+0000] {processor.py:840} INFO - DAG(s) 'example_bash_operator' retrieved from /home/airflow/.local/lib/python3.12/site-packages/airflow/example_dags/example_bash_operator.py
[2024-04-11T14:27:36.419+0000] {logging_mixin.py:188} INFO - [2024-04-11T14:27:36.419+0000] {dag.py:3096} INFO - Sync 1 DAGs
[2024-04-11T14:27:36.452+0000] {logging_mixin.py:188} INFO - [2024-04-11T14:27:36.452+0000] {dag.py:3954} INFO - Setting next_dagrun for example_bash_operator to 2024-04-10 00:00:00+00:00, run_after=2024-04-11 00:00:00+00:00
[2024-04-11T14:27:36.481+0000] {processor.py:183} INFO - Processing /home/airflow/.local/lib/python3.12/site-packages/airflow/example_dags/example_bash_operator.py took 0.128 seconds
[2024-04-11T14:28:06.640+0000] {processor.py:161} INFO - Started process (PID=239) to work on /home/airflow/.local/lib/python3.12/site-packages/airflow/example_dags/example_bash_operator.py
[2024-04-11T14:28:06.642+0000] {processor.py:830} INFO - Processing file /home/airflow/.local/lib/python3.12/site-packages/airflow/example_dags/example_bash_operator.py for tasks to queue
[2024-04-11T14:28:06.646+0000] {logging_mixin.py:188} INFO - [2024-04-11T14:28:06.645+0000] {dagbag.py:540} INFO - Filling up the DagBag from /home/airflow/.local/lib/python3.12/site-packages/airflow/example_dags/example_bash_operator.py
[2024-04-11T14:28:06.662+0000] {processor.py:840} INFO - DAG(s) 'example_bash_operator' retrieved from /home/airflow/.local/lib/python3.12/site-packages/airflow/example_dags/example_bash_operator.py
[2024-04-11T14:28:06.702+0000] {logging_mixin.py:188} INFO - [2024-04-11T14:28:06.702+0000] {dag.py:3096} INFO - Sync 1 DAGs
[2024-04-11T14:28:06.735+0000] {logging_mixin.py:188} INFO - [2024-04-11T14:28:06.734+0000] {dag.py:3954} INFO - Setting next_dagrun for example_bash_operator to 2024-04-10 00:00:00+00:00, run_after=2024-04-11 00:00:00+00:00
[2024-04-11T14:28:06.764+0000] {processor.py:183} INFO - Processing /home/airflow/.local/lib/python3.12/site-packages/airflow/example_dags/example_bash_operator.py took 0.132 seconds
[2024-04-11T14:28:36.909+0000] {processor.py:161} INFO - Started process (PID=297) to work on /home/airflow/.local/lib/python3.12/site-packages/airflow/example_dags/example_bash_operator.py
[2024-04-11T14:28:36.911+0000] {processor.py:830} INFO - Processing file /home/airflow/.local/lib/python3.12/site-packages/airflow/example_dags/example_bash_operator.py for tasks to queue
[2024-04-11T14:28:36.914+0000] {logging_mixin.py:188} INFO - [2024-04-11T14:28:36.913+0000] {dagbag.py:540} INFO - Filling up the DagBag from /home/airflow/.local/lib/python3.12/site-packages/airflow/example_dags/example_bash_operator.py
[2024-04-11T14:28:36.930+0000] {processor.py:840} INFO - DAG(s) 'example_bash_operator' retrieved from /home/airflow/.local/lib/python3.12/site-packages/airflow/example_dags/example_bash_operator.py
[2024-04-11T14:28:36.969+0000] {logging_mixin.py:188} INFO - [2024-04-11T14:28:36.969+0000] {dag.py:3096} INFO - Sync 1 DAGs
[2024-04-11T14:28:37.004+0000] {logging_mixin.py:188} INFO - [2024-04-11T14:28:37.003+0000] {dag.py:3954} INFO - Setting next_dagrun for example_bash_operator to 2024-04-10 00:00:00+00:00, run_after=2024-04-11 00:00:00+00:00
[2024-04-11T14:28:37.034+0000] {processor.py:183} INFO - Processing /home/airflow/.local/lib/python3.12/site-packages/airflow/example_dags/example_bash_operator.py took 0.134 seconds
[2024-04-11T14:29:07.156+0000] {processor.py:161} INFO - Started process (PID=355) to work on /home/airflow/.local/lib/python3.12/site-packages/airflow/example_dags/example_bash_operator.py
[2024-04-11T14:29:07.158+0000] {processor.py:830} INFO - Processing file /home/airflow/.local/lib/python3.12/site-packages/airflow/example_dags/example_bash_operator.py for tasks to queue
[2024-04-11T14:29:07.161+0000] {logging_mixin.py:188} INFO - [2024-04-11T14:29:07.160+0000] {dagbag.py:540} INFO - Filling up the DagBag from /home/airflow/.local/lib/python3.12/site-packages/airflow/example_dags/example_bash_operator.py
[2024-04-11T14:29:07.176+0000] {processor.py:840} INFO - DAG(s) 'example_bash_operator' retrieved from /home/airflow/.local/lib/python3.12/site-packages/airflow/example_dags/example_bash_operator.py
[2024-04-11T14:29:07.216+0000] {logging_mixin.py:188} INFO - [2024-04-11T14:29:07.215+0000] {dag.py:3096} INFO - Sync 1 DAGs
[2024-04-11T14:29:07.249+0000] {logging_mixin.py:188} INFO - [2024-04-11T14:29:07.248+0000] {dag.py:3954} INFO - Setting next_dagrun for example_bash_operator to 2024-04-10 00:00:00+00:00, run_after=2024-04-11 00:00:00+00:00
[2024-04-11T14:29:07.278+0000] {processor.py:183} INFO - Processing /home/airflow/.local/lib/python3.12/site-packages/airflow/example_dags/example_bash_operator.py took 0.131 seconds
[2024-04-11T14:29:37.531+0000] {processor.py:161} INFO - Started process (PID=413) to work on /home/airflow/.local/lib/python3.12/site-packages/airflow/example_dags/example_bash_operator.py
[2024-04-11T14:29:37.533+0000] {processor.py:830} INFO - Processing file /home/airflow/.local/lib/python3.12/site-packages/airflow/example_dags/example_bash_operator.py for tasks to queue
[2024-04-11T14:29:37.536+0000] {logging_mixin.py:188} INFO - [2024-04-11T14:29:37.535+0000] {dagbag.py:540} INFO - Filling up the DagBag from /home/airflow/.local/lib/python3.12/site-packages/airflow/example_dags/example_bash_operator.py
[2024-04-11T14:29:37.551+0000] {processor.py:840} INFO - DAG(s) 'example_bash_operator' retrieved from /home/airflow/.local/lib/python3.12/site-packages/airflow/example_dags/example_bash_operator.py
[2024-04-11T14:29:37.591+0000] {logging_mixin.py:188} INFO - [2024-04-11T14:29:37.591+0000] {dag.py:3096} INFO - Sync 1 DAGs
[2024-04-11T14:29:37.623+0000] {logging_mixin.py:188} INFO - [2024-04-11T14:29:37.623+0000] {dag.py:3954} INFO - Setting next_dagrun for example_bash_operator to 2024-04-10 00:00:00+00:00, run_after=2024-04-11 00:00:00+00:00
[2024-04-11T14:29:37.652+0000] {processor.py:183} INFO - Processing /home/airflow/.local/lib/python3.12/site-packages/airflow/example_dags/example_bash_operator.py took 0.129 seconds
[2024-04-11T14:30:07.830+0000] {processor.py:161} INFO - Started process (PID=471) to work on /home/airflow/.local/lib/python3.12/site-packages/airflow/example_dags/example_bash_operator.py
[2024-04-11T14:30:07.831+0000] {processor.py:830} INFO - Processing file /home/airflow/.local/lib/python3.12/site-packages/airflow/example_dags/example_bash_operator.py for tasks to queue
[2024-04-11T14:30:07.834+0000] {logging_mixin.py:188} INFO - [2024-04-11T14:30:07.834+0000] {dagbag.py:540} INFO - Filling up the DagBag from /home/airflow/.local/lib/python3.12/site-packages/airflow/example_dags/example_bash_operator.py
[2024-04-11T14:30:07.849+0000] {processor.py:840} INFO - DAG(s) 'example_bash_operator' retrieved from /home/airflow/.local/lib/python3.12/site-packages/airflow/example_dags/example_bash_operator.py
[2024-04-11T14:30:07.888+0000] {logging_mixin.py:188} INFO - [2024-04-11T14:30:07.888+0000] {dag.py:3096} INFO - Sync 1 DAGs
[2024-04-11T14:30:07.920+0000] {logging_mixin.py:188} INFO - [2024-04-11T14:30:07.920+0000] {dag.py:3954} INFO - Setting next_dagrun for example_bash_operator to 2024-04-10 00:00:00+00:00, run_after=2024-04-11 00:00:00+00:00
[2024-04-11T14:30:07.949+0000] {processor.py:183} INFO - Processing /home/airflow/.local/lib/python3.12/site-packages/airflow/example_dags/example_bash_operator.py took 0.128 seconds
[2024-04-11T14:30:38.422+0000] {processor.py:161} INFO - Started process (PID=529) to work on /home/airflow/.local/lib/python3.12/site-packages/airflow/example_dags/example_bash_operator.py
[2024-04-11T14:30:38.424+0000] {processor.py:830} INFO - Processing file /home/airflow/.local/lib/python3.12/site-packages/airflow/example_dags/example_bash_operator.py for tasks to queue
[2024-04-11T14:30:38.427+0000] {logging_mixin.py:188} INFO - [2024-04-11T14:30:38.427+0000] {dagbag.py:540} INFO - Filling up the DagBag from /home/airflow/.local/lib/python3.12/site-packages/airflow/example_dags/example_bash_operator.py
[2024-04-11T14:30:38.444+0000] {processor.py:840} INFO - DAG(s) 'example_bash_operator' retrieved from /home/airflow/.local/lib/python3.12/site-packages/airflow/example_dags/example_bash_operator.py
[2024-04-11T14:30:38.484+0000] {logging_mixin.py:188} INFO - [2024-04-11T14:30:38.484+0000] {dag.py:3096} INFO - Sync 1 DAGs
[2024-04-11T14:30:38.517+0000] {logging_mixin.py:188} INFO - [2024-04-11T14:30:38.517+0000] {dag.py:3954} INFO - Setting next_dagrun for example_bash_operator to 2024-04-10 00:00:00+00:00, run_after=2024-04-11 00:00:00+00:00
[2024-04-11T14:30:38.546+0000] {processor.py:183} INFO - Processing /home/airflow/.local/lib/python3.12/site-packages/airflow/example_dags/example_bash_operator.py took 0.133 seconds
[2024-04-11T14:31:09.184+0000] {processor.py:161} INFO - Started process (PID=587) to work on /home/airflow/.local/lib/python3.12/site-packages/airflow/example_dags/example_bash_operator.py
[2024-04-11T14:31:09.186+0000] {processor.py:830} INFO - Processing file /home/airflow/.local/lib/python3.12/site-packages/airflow/example_dags/example_bash_operator.py for tasks to queue
[2024-04-11T14:31:09.188+0000] {logging_mixin.py:188} INFO - [2024-04-11T14:31:09.188+0000] {dagbag.py:540} INFO - Filling up the DagBag from /home/airflow/.local/lib/python3.12/site-packages/airflow/example_dags/example_bash_operator.py
[2024-04-11T14:31:09.204+0000] {processor.py:840} INFO - DAG(s) 'example_bash_operator' retrieved from /home/airflow/.local/lib/python3.12/site-packages/airflow/example_dags/example_bash_operator.py
[2024-04-11T14:31:09.244+0000] {logging_mixin.py:188} INFO - [2024-04-11T14:31:09.243+0000] {dag.py:3096} INFO - Sync 1 DAGs
[2024-04-11T14:31:09.276+0000] {logging_mixin.py:188} INFO - [2024-04-11T14:31:09.276+0000] {dag.py:3954} INFO - Setting next_dagrun for example_bash_operator to 2024-04-10 00:00:00+00:00, run_after=2024-04-11 00:00:00+00:00
[2024-04-11T14:31:09.305+0000] {processor.py:183} INFO - Processing /home/airflow/.local/lib/python3.12/site-packages/airflow/example_dags/example_bash_operator.py took 0.130 seconds
[2024-04-11T14:31:39.714+0000] {processor.py:161} INFO - Started process (PID=645) to work on /home/airflow/.local/lib/python3.12/site-packages/airflow/example_dags/example_bash_operator.py
[2024-04-11T14:31:39.717+0000] {processor.py:830} INFO - Processing file /home/airflow/.local/lib/python3.12/site-packages/airflow/example_dags/example_bash_operator.py for tasks to queue
[2024-04-11T14:31:39.720+0000] {logging_mixin.py:188} INFO - [2024-04-11T14:31:39.719+0000] {dagbag.py:540} INFO - Filling up the DagBag from /home/airflow/.local/lib/python3.12/site-packages/airflow/example_dags/example_bash_operator.py
[2024-04-11T14:31:39.739+0000] {processor.py:840} INFO - DAG(s) 'example_bash_operator' retrieved from /home/airflow/.local/lib/python3.12/site-packages/airflow/example_dags/example_bash_operator.py
[2024-04-11T14:31:39.791+0000] {logging_mixin.py:188} INFO - [2024-04-11T14:31:39.790+0000] {dag.py:3096} INFO - Sync 1 DAGs
[2024-04-11T14:31:39.833+0000] {logging_mixin.py:188} INFO - [2024-04-11T14:31:39.833+0000] {dag.py:3954} INFO - Setting next_dagrun for example_bash_operator to 2024-04-10 00:00:00+00:00, run_after=2024-04-11 00:00:00+00:00
[2024-04-11T14:31:39.871+0000] {processor.py:183} INFO - Processing /home/airflow/.local/lib/python3.12/site-packages/airflow/example_dags/example_bash_operator.py took 0.166 seconds
[2024-04-11T14:32:10.817+0000] {processor.py:161} INFO - Started process (PID=703) to work on /home/airflow/.local/lib/python3.12/site-packages/airflow/example_dags/example_bash_operator.py
[2024-04-11T14:32:10.819+0000] {processor.py:830} INFO - Processing file /home/airflow/.local/lib/python3.12/site-packages/airflow/example_dags/example_bash_operator.py for tasks to queue
[2024-04-11T14:32:10.823+0000] {logging_mixin.py:188} INFO - [2024-04-11T14:32:10.822+0000] {dagbag.py:540} INFO - Filling up the DagBag from /home/airflow/.local/lib/python3.12/site-packages/airflow/example_dags/example_bash_operator.py
[2024-04-11T14:32:10.843+0000] {processor.py:840} INFO - DAG(s) 'example_bash_operator' retrieved from /home/airflow/.local/lib/python3.12/site-packages/airflow/example_dags/example_bash_operator.py
[2024-04-11T14:32:10.920+0000] {logging_mixin.py:188} INFO - [2024-04-11T14:32:10.919+0000] {dag.py:3096} INFO - Sync 1 DAGs
[2024-04-11T14:32:10.958+0000] {logging_mixin.py:188} INFO - [2024-04-11T14:32:10.957+0000] {dag.py:3954} INFO - Setting next_dagrun for example_bash_operator to 2024-04-10 00:00:00+00:00, run_after=2024-04-11 00:00:00+00:00
[2024-04-11T14:32:10.991+0000] {processor.py:183} INFO - Processing /home/airflow/.local/lib/python3.12/site-packages/airflow/example_dags/example_bash_operator.py took 0.186 seconds
[2024-04-11T14:32:41.670+0000] {processor.py:161} INFO - Started process (PID=761) to work on /home/airflow/.local/lib/python3.12/site-packages/airflow/example_dags/example_bash_operator.py
[2024-04-11T14:32:41.671+0000] {processor.py:830} INFO - Processing file /home/airflow/.local/lib/python3.12/site-packages/airflow/example_dags/example_bash_operator.py for tasks to queue
[2024-04-11T14:32:41.674+0000] {logging_mixin.py:188} INFO - [2024-04-11T14:32:41.674+0000] {dagbag.py:540} INFO - Filling up the DagBag from /home/airflow/.local/lib/python3.12/site-packages/airflow/example_dags/example_bash_operator.py
[2024-04-11T14:32:41.691+0000] {processor.py:840} INFO - DAG(s) 'example_bash_operator' retrieved from /home/airflow/.local/lib/python3.12/site-packages/airflow/example_dags/example_bash_operator.py
[2024-04-11T14:32:41.730+0000] {logging_mixin.py:188} INFO - [2024-04-11T14:32:41.729+0000] {dag.py:3096} INFO - Sync 1 DAGs
[2024-04-11T14:32:41.762+0000] {logging_mixin.py:188} INFO - [2024-04-11T14:32:41.761+0000] {dag.py:3954} INFO - Setting next_dagrun for example_bash_operator to 2024-04-10 00:00:00+00:00, run_after=2024-04-11 00:00:00+00:00
[2024-04-11T14:32:41.793+0000] {processor.py:183} INFO - Processing /home/airflow/.local/lib/python3.12/site-packages/airflow/example_dags/example_bash_operator.py took 0.132 seconds
[2024-04-11T14:33:12.615+0000] {processor.py:161} INFO - Started process (PID=819) to work on /home/airflow/.local/lib/python3.12/site-packages/airflow/example_dags/example_bash_operator.py
[2024-04-11T14:33:12.617+0000] {processor.py:830} INFO - Processing file /home/airflow/.local/lib/python3.12/site-packages/airflow/example_dags/example_bash_operator.py for tasks to queue
[2024-04-11T14:33:12.620+0000] {logging_mixin.py:188} INFO - [2024-04-11T14:33:12.619+0000] {dagbag.py:540} INFO - Filling up the DagBag from /home/airflow/.local/lib/python3.12/site-packages/airflow/example_dags/example_bash_operator.py
[2024-04-11T14:33:12.636+0000] {processor.py:840} INFO - DAG(s) 'example_bash_operator' retrieved from /home/airflow/.local/lib/python3.12/site-packages/airflow/example_dags/example_bash_operator.py
[2024-04-11T14:33:12.677+0000] {logging_mixin.py:188} INFO - [2024-04-11T14:33:12.677+0000] {dag.py:3096} INFO - Sync 1 DAGs
[2024-04-11T14:33:12.709+0000] {logging_mixin.py:188} INFO - [2024-04-11T14:33:12.709+0000] {dag.py:3954} INFO - Setting next_dagrun for example_bash_operator to 2024-04-10 00:00:00+00:00, run_after=2024-04-11 00:00:00+00:00
[2024-04-11T14:33:12.738+0000] {processor.py:183} INFO - Processing /home/airflow/.local/lib/python3.12/site-packages/airflow/example_dags/example_bash_operator.py took 0.132 seconds
[2024-04-11T14:33:43.559+0000] {processor.py:161} INFO - Started process (PID=877) to work on /home/airflow/.local/lib/python3.12/site-packages/airflow/example_dags/example_bash_operator.py
[2024-04-11T14:33:43.576+0000] {processor.py:830} INFO - Processing file /home/airflow/.local/lib/python3.12/site-packages/airflow/example_dags/example_bash_operator.py for tasks to queue
[2024-04-11T14:33:43.583+0000] {logging_mixin.py:188} INFO - [2024-04-11T14:33:43.582+0000] {dagbag.py:540} INFO - Filling up the DagBag from /home/airflow/.local/lib/python3.12/site-packages/airflow/example_dags/example_bash_operator.py
[2024-04-11T14:33:43.667+0000] {processor.py:840} INFO - DAG(s) 'example_bash_operator' retrieved from /home/airflow/.local/lib/python3.12/site-packages/airflow/example_dags/example_bash_operator.py
[2024-04-11T14:33:43.738+0000] {logging_mixin.py:188} INFO - [2024-04-11T14:33:43.737+0000] {dag.py:3096} INFO - Sync 1 DAGs
[2024-04-11T14:33:43.815+0000] {logging_mixin.py:188} INFO - [2024-04-11T14:33:43.814+0000] {dag.py:3954} INFO - Setting next_dagrun for example_bash_operator to 2024-04-10 00:00:00+00:00, run_after=2024-04-11 00:00:00+00:00
[2024-04-11T14:33:43.888+0000] {processor.py:183} INFO - Processing /home/airflow/.local/lib/python3.12/site-packages/airflow/example_dags/example_bash_operator.py took 0.362 seconds
[2024-04-11T14:34:14.126+0000] {processor.py:161} INFO - Started process (PID=936) to work on /home/airflow/.local/lib/python3.12/site-packages/airflow/example_dags/example_bash_operator.py
[2024-04-11T14:34:14.128+0000] {processor.py:830} INFO - Processing file /home/airflow/.local/lib/python3.12/site-packages/airflow/example_dags/example_bash_operator.py for tasks to queue
[2024-04-11T14:34:14.132+0000] {logging_mixin.py:188} INFO - [2024-04-11T14:34:14.131+0000] {dagbag.py:540} INFO - Filling up the DagBag from /home/airflow/.local/lib/python3.12/site-packages/airflow/example_dags/example_bash_operator.py
[2024-04-11T14:34:14.149+0000] {processor.py:840} INFO - DAG(s) 'example_bash_operator' retrieved from /home/airflow/.local/lib/python3.12/site-packages/airflow/example_dags/example_bash_operator.py
[2024-04-11T14:34:14.190+0000] {logging_mixin.py:188} INFO - [2024-04-11T14:34:14.190+0000] {dag.py:3096} INFO - Sync 1 DAGs
[2024-04-11T14:34:14.382+0000] {logging_mixin.py:188} INFO - [2024-04-11T14:34:14.381+0000] {dag.py:3954} INFO - Setting next_dagrun for example_bash_operator to 2024-04-10 00:00:00+00:00, run_after=2024-04-11 00:00:00+00:00
[2024-04-11T14:34:14.411+0000] {processor.py:183} INFO - Processing /home/airflow/.local/lib/python3.12/site-packages/airflow/example_dags/example_bash_operator.py took 0.294 seconds
[2024-04-11T14:34:44.497+0000] {processor.py:161} INFO - Started process (PID=994) to work on /home/airflow/.local/lib/python3.12/site-packages/airflow/example_dags/example_bash_operator.py
[2024-04-11T14:34:44.498+0000] {processor.py:830} INFO - Processing file /home/airflow/.local/lib/python3.12/site-packages/airflow/example_dags/example_bash_operator.py for tasks to queue
[2024-04-11T14:34:44.503+0000] {logging_mixin.py:188} INFO - [2024-04-11T14:34:44.502+0000] {dagbag.py:540} INFO - Filling up the DagBag from /home/airflow/.local/lib/python3.12/site-packages/airflow/example_dags/example_bash_operator.py
[2024-04-11T14:34:44.520+0000] {processor.py:840} INFO - DAG(s) 'example_bash_operator' retrieved from /home/airflow/.local/lib/python3.12/site-packages/airflow/example_dags/example_bash_operator.py
[2024-04-11T14:34:44.561+0000] {logging_mixin.py:188} INFO - [2024-04-11T14:34:44.560+0000] {dag.py:3096} INFO - Sync 1 DAGs
[2024-04-11T14:34:44.597+0000] {logging_mixin.py:188} INFO - [2024-04-11T14:34:44.596+0000] {dag.py:3954} INFO - Setting next_dagrun for example_bash_operator to 2024-04-10 00:00:00+00:00, run_after=2024-04-11 00:00:00+00:00
[2024-04-11T14:34:44.630+0000] {processor.py:183} INFO - Processing /home/airflow/.local/lib/python3.12/site-packages/airflow/example_dags/example_bash_operator.py took 0.143 seconds
[2024-04-11T14:35:15.125+0000] {processor.py:161} INFO - Started process (PID=1052) to work on /home/airflow/.local/lib/python3.12/site-packages/airflow/example_dags/example_bash_operator.py
[2024-04-11T14:35:15.126+0000] {processor.py:830} INFO - Processing file /home/airflow/.local/lib/python3.12/site-packages/airflow/example_dags/example_bash_operator.py for tasks to queue
[2024-04-11T14:35:15.129+0000] {logging_mixin.py:188} INFO - [2024-04-11T14:35:15.128+0000] {dagbag.py:540} INFO - Filling up the DagBag from /home/airflow/.local/lib/python3.12/site-packages/airflow/example_dags/example_bash_operator.py
[2024-04-11T14:35:15.147+0000] {processor.py:840} INFO - DAG(s) 'example_bash_operator' retrieved from /home/airflow/.local/lib/python3.12/site-packages/airflow/example_dags/example_bash_operator.py
[2024-04-11T14:35:15.199+0000] {logging_mixin.py:188} INFO - [2024-04-11T14:35:15.198+0000] {dag.py:3096} INFO - Sync 1 DAGs
[2024-04-11T14:35:15.235+0000] {logging_mixin.py:188} INFO - [2024-04-11T14:35:15.235+0000] {dag.py:3954} INFO - Setting next_dagrun for example_bash_operator to 2024-04-10 00:00:00+00:00, run_after=2024-04-11 00:00:00+00:00
[2024-04-11T14:35:15.264+0000] {processor.py:183} INFO - Processing /home/airflow/.local/lib/python3.12/site-packages/airflow/example_dags/example_bash_operator.py took 0.149 seconds
[2024-04-11T14:35:46.149+0000] {processor.py:161} INFO - Started process (PID=1110) to work on /home/airflow/.local/lib/python3.12/site-packages/airflow/example_dags/example_bash_operator.py
[2024-04-11T14:35:46.150+0000] {processor.py:830} INFO - Processing file /home/airflow/.local/lib/python3.12/site-packages/airflow/example_dags/example_bash_operator.py for tasks to queue
[2024-04-11T14:35:46.154+0000] {logging_mixin.py:188} INFO - [2024-04-11T14:35:46.153+0000] {dagbag.py:540} INFO - Filling up the DagBag from /home/airflow/.local/lib/python3.12/site-packages/airflow/example_dags/example_bash_operator.py
[2024-04-11T14:35:46.171+0000] {processor.py:840} INFO - DAG(s) 'example_bash_operator' retrieved from /home/airflow/.local/lib/python3.12/site-packages/airflow/example_dags/example_bash_operator.py
[2024-04-11T14:35:46.367+0000] {logging_mixin.py:188} INFO - [2024-04-11T14:35:46.366+0000] {dag.py:3096} INFO - Sync 1 DAGs
[2024-04-11T14:35:46.395+0000] {logging_mixin.py:188} INFO - [2024-04-11T14:35:46.395+0000] {dag.py:3954} INFO - Setting next_dagrun for example_bash_operator to 2024-04-10 00:00:00+00:00, run_after=2024-04-11 00:00:00+00:00
[2024-04-11T14:35:46.422+0000] {processor.py:183} INFO - Processing /home/airflow/.local/lib/python3.12/site-packages/airflow/example_dags/example_bash_operator.py took 0.282 seconds
[2024-04-11T14:36:17.339+0000] {processor.py:161} INFO - Started process (PID=1168) to work on /home/airflow/.local/lib/python3.12/site-packages/airflow/example_dags/example_bash_operator.py
[2024-04-11T14:36:17.341+0000] {processor.py:830} INFO - Processing file /home/airflow/.local/lib/python3.12/site-packages/airflow/example_dags/example_bash_operator.py for tasks to queue
[2024-04-11T14:36:17.344+0000] {logging_mixin.py:188} INFO - [2024-04-11T14:36:17.343+0000] {dagbag.py:540} INFO - Filling up the DagBag from /home/airflow/.local/lib/python3.12/site-packages/airflow/example_dags/example_bash_operator.py
[2024-04-11T14:36:17.360+0000] {processor.py:840} INFO - DAG(s) 'example_bash_operator' retrieved from /home/airflow/.local/lib/python3.12/site-packages/airflow/example_dags/example_bash_operator.py
[2024-04-11T14:36:17.409+0000] {logging_mixin.py:188} INFO - [2024-04-11T14:36:17.409+0000] {dag.py:3096} INFO - Sync 1 DAGs
[2024-04-11T14:36:17.454+0000] {logging_mixin.py:188} INFO - [2024-04-11T14:36:17.454+0000] {dag.py:3954} INFO - Setting next_dagrun for example_bash_operator to 2024-04-10 00:00:00+00:00, run_after=2024-04-11 00:00:00+00:00
[2024-04-11T14:36:17.497+0000] {processor.py:183} INFO - Processing /home/airflow/.local/lib/python3.12/site-packages/airflow/example_dags/example_bash_operator.py took 0.166 seconds
