[2024-04-11T14:26:32.215+0000] {processor.py:161} INFO - Started process (PID=47) to work on /home/airflow/.local/lib/python3.12/site-packages/airflow/example_dags/example_subdag_operator.py
[2024-04-11T14:26:32.217+0000] {processor.py:830} INFO - Processing file /home/airflow/.local/lib/python3.12/site-packages/airflow/example_dags/example_subdag_operator.py for tasks to queue
[2024-04-11T14:26:32.221+0000] {logging_mixin.py:188} INFO - [2024-04-11T14:26:32.220+0000] {dagbag.py:540} INFO - Filling up the DagBag from /home/airflow/.local/lib/python3.12/site-packages/airflow/example_dags/example_subdag_operator.py
[2024-04-11T14:26:32.259+0000] {processor.py:840} INFO - DAG(s) 'example_subdag_operator.section-1', 'example_subdag_operator.section-2', 'example_subdag_operator' retrieved from /home/airflow/.local/lib/python3.12/site-packages/airflow/example_dags/example_subdag_operator.py
[2024-04-11T14:26:32.410+0000] {logging_mixin.py:188} INFO - [2024-04-11T14:26:32.410+0000] {dag.py:3096} INFO - Sync 3 DAGs
[2024-04-11T14:26:32.439+0000] {logging_mixin.py:188} INFO - [2024-04-11T14:26:32.438+0000] {dag.py:3954} INFO - Setting next_dagrun for example_subdag_operator to 2022-01-01 00:00:00+00:00, run_after=2022-01-01 00:00:00+00:00
[2024-04-11T14:26:32.443+0000] {logging_mixin.py:188} INFO - [2024-04-11T14:26:32.443+0000] {dag.py:3954} INFO - Setting next_dagrun for example_subdag_operator.section-1 to None, run_after=None
[2024-04-11T14:26:32.446+0000] {logging_mixin.py:188} INFO - [2024-04-11T14:26:32.446+0000] {dag.py:3954} INFO - Setting next_dagrun for example_subdag_operator.section-2 to None, run_after=None
[2024-04-11T14:26:32.460+0000] {logging_mixin.py:188} INFO - [2024-04-11T14:26:32.459+0000] {dag.py:3096} INFO - Sync 2 DAGs
[2024-04-11T14:26:32.468+0000] {logging_mixin.py:188} INFO - [2024-04-11T14:26:32.468+0000] {dag.py:3954} INFO - Setting next_dagrun for example_subdag_operator.section-1 to None, run_after=None
[2024-04-11T14:26:32.469+0000] {logging_mixin.py:188} INFO - [2024-04-11T14:26:32.469+0000] {dag.py:3954} INFO - Setting next_dagrun for example_subdag_operator.section-2 to None, run_after=None
[2024-04-11T14:26:32.488+0000] {processor.py:183} INFO - Processing /home/airflow/.local/lib/python3.12/site-packages/airflow/example_dags/example_subdag_operator.py took 0.285 seconds
[2024-04-11T14:27:03.011+0000] {processor.py:161} INFO - Started process (PID=105) to work on /home/airflow/.local/lib/python3.12/site-packages/airflow/example_dags/example_subdag_operator.py
[2024-04-11T14:27:03.013+0000] {processor.py:830} INFO - Processing file /home/airflow/.local/lib/python3.12/site-packages/airflow/example_dags/example_subdag_operator.py for tasks to queue
[2024-04-11T14:27:03.015+0000] {logging_mixin.py:188} INFO - [2024-04-11T14:27:03.015+0000] {dagbag.py:540} INFO - Filling up the DagBag from /home/airflow/.local/lib/python3.12/site-packages/airflow/example_dags/example_subdag_operator.py
[2024-04-11T14:27:03.052+0000] {processor.py:840} INFO - DAG(s) 'example_subdag_operator.section-1', 'example_subdag_operator.section-2', 'example_subdag_operator' retrieved from /home/airflow/.local/lib/python3.12/site-packages/airflow/example_dags/example_subdag_operator.py
[2024-04-11T14:27:03.074+0000] {logging_mixin.py:188} INFO - [2024-04-11T14:27:03.073+0000] {dag.py:3096} INFO - Sync 3 DAGs
[2024-04-11T14:27:03.107+0000] {logging_mixin.py:188} INFO - [2024-04-11T14:27:03.107+0000] {dag.py:3954} INFO - Setting next_dagrun for example_subdag_operator to 2022-01-01 00:00:00+00:00, run_after=2022-01-01 00:00:00+00:00
[2024-04-11T14:27:03.113+0000] {logging_mixin.py:188} INFO - [2024-04-11T14:27:03.113+0000] {dag.py:3954} INFO - Setting next_dagrun for example_subdag_operator.section-1 to None, run_after=None
[2024-04-11T14:27:03.116+0000] {logging_mixin.py:188} INFO - [2024-04-11T14:27:03.116+0000] {dag.py:3954} INFO - Setting next_dagrun for example_subdag_operator.section-2 to None, run_after=None
[2024-04-11T14:27:03.131+0000] {logging_mixin.py:188} INFO - [2024-04-11T14:27:03.131+0000] {dag.py:3096} INFO - Sync 2 DAGs
[2024-04-11T14:27:03.140+0000] {logging_mixin.py:188} INFO - [2024-04-11T14:27:03.140+0000] {dag.py:3954} INFO - Setting next_dagrun for example_subdag_operator.section-1 to None, run_after=None
[2024-04-11T14:27:03.142+0000] {logging_mixin.py:188} INFO - [2024-04-11T14:27:03.141+0000] {dag.py:3954} INFO - Setting next_dagrun for example_subdag_operator.section-2 to None, run_after=None
[2024-04-11T14:27:03.164+0000] {processor.py:183} INFO - Processing /home/airflow/.local/lib/python3.12/site-packages/airflow/example_dags/example_subdag_operator.py took 0.161 seconds
[2024-04-11T14:27:33.290+0000] {processor.py:161} INFO - Started process (PID=163) to work on /home/airflow/.local/lib/python3.12/site-packages/airflow/example_dags/example_subdag_operator.py
[2024-04-11T14:27:33.293+0000] {processor.py:830} INFO - Processing file /home/airflow/.local/lib/python3.12/site-packages/airflow/example_dags/example_subdag_operator.py for tasks to queue
[2024-04-11T14:27:33.297+0000] {logging_mixin.py:188} INFO - [2024-04-11T14:27:33.296+0000] {dagbag.py:540} INFO - Filling up the DagBag from /home/airflow/.local/lib/python3.12/site-packages/airflow/example_dags/example_subdag_operator.py
[2024-04-11T14:27:33.344+0000] {processor.py:840} INFO - DAG(s) 'example_subdag_operator.section-1', 'example_subdag_operator.section-2', 'example_subdag_operator' retrieved from /home/airflow/.local/lib/python3.12/site-packages/airflow/example_dags/example_subdag_operator.py
[2024-04-11T14:27:33.372+0000] {logging_mixin.py:188} INFO - [2024-04-11T14:27:33.371+0000] {dag.py:3096} INFO - Sync 3 DAGs
[2024-04-11T14:27:33.402+0000] {logging_mixin.py:188} INFO - [2024-04-11T14:27:33.402+0000] {dag.py:3954} INFO - Setting next_dagrun for example_subdag_operator to 2022-01-01 00:00:00+00:00, run_after=2022-01-01 00:00:00+00:00
[2024-04-11T14:27:33.409+0000] {logging_mixin.py:188} INFO - [2024-04-11T14:27:33.409+0000] {dag.py:3954} INFO - Setting next_dagrun for example_subdag_operator.section-1 to None, run_after=None
[2024-04-11T14:27:33.412+0000] {logging_mixin.py:188} INFO - [2024-04-11T14:27:33.412+0000] {dag.py:3954} INFO - Setting next_dagrun for example_subdag_operator.section-2 to None, run_after=None
[2024-04-11T14:27:33.422+0000] {logging_mixin.py:188} INFO - [2024-04-11T14:27:33.422+0000] {dag.py:3096} INFO - Sync 2 DAGs
[2024-04-11T14:27:33.430+0000] {logging_mixin.py:188} INFO - [2024-04-11T14:27:33.429+0000] {dag.py:3954} INFO - Setting next_dagrun for example_subdag_operator.section-1 to None, run_after=None
[2024-04-11T14:27:33.431+0000] {logging_mixin.py:188} INFO - [2024-04-11T14:27:33.431+0000] {dag.py:3954} INFO - Setting next_dagrun for example_subdag_operator.section-2 to None, run_after=None
[2024-04-11T14:27:33.448+0000] {processor.py:183} INFO - Processing /home/airflow/.local/lib/python3.12/site-packages/airflow/example_dags/example_subdag_operator.py took 0.169 seconds
[2024-04-11T14:28:03.515+0000] {processor.py:161} INFO - Started process (PID=227) to work on /home/airflow/.local/lib/python3.12/site-packages/airflow/example_dags/example_subdag_operator.py
[2024-04-11T14:28:03.516+0000] {processor.py:830} INFO - Processing file /home/airflow/.local/lib/python3.12/site-packages/airflow/example_dags/example_subdag_operator.py for tasks to queue
[2024-04-11T14:28:03.520+0000] {logging_mixin.py:188} INFO - [2024-04-11T14:28:03.519+0000] {dagbag.py:540} INFO - Filling up the DagBag from /home/airflow/.local/lib/python3.12/site-packages/airflow/example_dags/example_subdag_operator.py
[2024-04-11T14:28:03.564+0000] {processor.py:840} INFO - DAG(s) 'example_subdag_operator.section-1', 'example_subdag_operator.section-2', 'example_subdag_operator' retrieved from /home/airflow/.local/lib/python3.12/site-packages/airflow/example_dags/example_subdag_operator.py
[2024-04-11T14:28:03.588+0000] {logging_mixin.py:188} INFO - [2024-04-11T14:28:03.588+0000] {dag.py:3096} INFO - Sync 3 DAGs
[2024-04-11T14:28:03.624+0000] {logging_mixin.py:188} INFO - [2024-04-11T14:28:03.623+0000] {dag.py:3954} INFO - Setting next_dagrun for example_subdag_operator to 2022-01-01 00:00:00+00:00, run_after=2022-01-01 00:00:00+00:00
[2024-04-11T14:28:03.636+0000] {logging_mixin.py:188} INFO - [2024-04-11T14:28:03.636+0000] {dag.py:3954} INFO - Setting next_dagrun for example_subdag_operator.section-1 to None, run_after=None
[2024-04-11T14:28:03.639+0000] {logging_mixin.py:188} INFO - [2024-04-11T14:28:03.639+0000] {dag.py:3954} INFO - Setting next_dagrun for example_subdag_operator.section-2 to None, run_after=None
[2024-04-11T14:28:03.653+0000] {logging_mixin.py:188} INFO - [2024-04-11T14:28:03.653+0000] {dag.py:3096} INFO - Sync 2 DAGs
[2024-04-11T14:28:03.663+0000] {logging_mixin.py:188} INFO - [2024-04-11T14:28:03.663+0000] {dag.py:3954} INFO - Setting next_dagrun for example_subdag_operator.section-1 to None, run_after=None
[2024-04-11T14:28:03.664+0000] {logging_mixin.py:188} INFO - [2024-04-11T14:28:03.664+0000] {dag.py:3954} INFO - Setting next_dagrun for example_subdag_operator.section-2 to None, run_after=None
[2024-04-11T14:28:03.685+0000] {processor.py:183} INFO - Processing /home/airflow/.local/lib/python3.12/site-packages/airflow/example_dags/example_subdag_operator.py took 0.179 seconds
[2024-04-11T14:28:33.879+0000] {processor.py:161} INFO - Started process (PID=285) to work on /home/airflow/.local/lib/python3.12/site-packages/airflow/example_dags/example_subdag_operator.py
[2024-04-11T14:28:33.880+0000] {processor.py:830} INFO - Processing file /home/airflow/.local/lib/python3.12/site-packages/airflow/example_dags/example_subdag_operator.py for tasks to queue
[2024-04-11T14:28:33.883+0000] {logging_mixin.py:188} INFO - [2024-04-11T14:28:33.882+0000] {dagbag.py:540} INFO - Filling up the DagBag from /home/airflow/.local/lib/python3.12/site-packages/airflow/example_dags/example_subdag_operator.py
[2024-04-11T14:28:33.918+0000] {processor.py:840} INFO - DAG(s) 'example_subdag_operator.section-1', 'example_subdag_operator.section-2', 'example_subdag_operator' retrieved from /home/airflow/.local/lib/python3.12/site-packages/airflow/example_dags/example_subdag_operator.py
[2024-04-11T14:28:33.940+0000] {logging_mixin.py:188} INFO - [2024-04-11T14:28:33.939+0000] {dag.py:3096} INFO - Sync 3 DAGs
[2024-04-11T14:28:33.969+0000] {logging_mixin.py:188} INFO - [2024-04-11T14:28:33.969+0000] {dag.py:3954} INFO - Setting next_dagrun for example_subdag_operator to 2022-01-01 00:00:00+00:00, run_after=2022-01-01 00:00:00+00:00
[2024-04-11T14:28:33.975+0000] {logging_mixin.py:188} INFO - [2024-04-11T14:28:33.975+0000] {dag.py:3954} INFO - Setting next_dagrun for example_subdag_operator.section-1 to None, run_after=None
[2024-04-11T14:28:33.978+0000] {logging_mixin.py:188} INFO - [2024-04-11T14:28:33.977+0000] {dag.py:3954} INFO - Setting next_dagrun for example_subdag_operator.section-2 to None, run_after=None
[2024-04-11T14:28:33.988+0000] {logging_mixin.py:188} INFO - [2024-04-11T14:28:33.987+0000] {dag.py:3096} INFO - Sync 2 DAGs
[2024-04-11T14:28:33.996+0000] {logging_mixin.py:188} INFO - [2024-04-11T14:28:33.996+0000] {dag.py:3954} INFO - Setting next_dagrun for example_subdag_operator.section-1 to None, run_after=None
[2024-04-11T14:28:33.997+0000] {logging_mixin.py:188} INFO - [2024-04-11T14:28:33.997+0000] {dag.py:3954} INFO - Setting next_dagrun for example_subdag_operator.section-2 to None, run_after=None
[2024-04-11T14:28:34.023+0000] {processor.py:183} INFO - Processing /home/airflow/.local/lib/python3.12/site-packages/airflow/example_dags/example_subdag_operator.py took 0.153 seconds
[2024-04-11T14:29:04.074+0000] {processor.py:161} INFO - Started process (PID=344) to work on /home/airflow/.local/lib/python3.12/site-packages/airflow/example_dags/example_subdag_operator.py
[2024-04-11T14:29:04.076+0000] {processor.py:830} INFO - Processing file /home/airflow/.local/lib/python3.12/site-packages/airflow/example_dags/example_subdag_operator.py for tasks to queue
[2024-04-11T14:29:04.080+0000] {logging_mixin.py:188} INFO - [2024-04-11T14:29:04.080+0000] {dagbag.py:540} INFO - Filling up the DagBag from /home/airflow/.local/lib/python3.12/site-packages/airflow/example_dags/example_subdag_operator.py
[2024-04-11T14:29:04.120+0000] {processor.py:840} INFO - DAG(s) 'example_subdag_operator.section-1', 'example_subdag_operator.section-2', 'example_subdag_operator' retrieved from /home/airflow/.local/lib/python3.12/site-packages/airflow/example_dags/example_subdag_operator.py
[2024-04-11T14:29:04.145+0000] {logging_mixin.py:188} INFO - [2024-04-11T14:29:04.145+0000] {dag.py:3096} INFO - Sync 3 DAGs
[2024-04-11T14:29:04.179+0000] {logging_mixin.py:188} INFO - [2024-04-11T14:29:04.179+0000] {dag.py:3954} INFO - Setting next_dagrun for example_subdag_operator to 2022-01-01 00:00:00+00:00, run_after=2022-01-01 00:00:00+00:00
[2024-04-11T14:29:04.186+0000] {logging_mixin.py:188} INFO - [2024-04-11T14:29:04.186+0000] {dag.py:3954} INFO - Setting next_dagrun for example_subdag_operator.section-1 to None, run_after=None
[2024-04-11T14:29:04.189+0000] {logging_mixin.py:188} INFO - [2024-04-11T14:29:04.189+0000] {dag.py:3954} INFO - Setting next_dagrun for example_subdag_operator.section-2 to None, run_after=None
[2024-04-11T14:29:04.202+0000] {logging_mixin.py:188} INFO - [2024-04-11T14:29:04.202+0000] {dag.py:3096} INFO - Sync 2 DAGs
[2024-04-11T14:29:04.211+0000] {logging_mixin.py:188} INFO - [2024-04-11T14:29:04.211+0000] {dag.py:3954} INFO - Setting next_dagrun for example_subdag_operator.section-1 to None, run_after=None
[2024-04-11T14:29:04.212+0000] {logging_mixin.py:188} INFO - [2024-04-11T14:29:04.212+0000] {dag.py:3954} INFO - Setting next_dagrun for example_subdag_operator.section-2 to None, run_after=None
[2024-04-11T14:29:04.230+0000] {processor.py:183} INFO - Processing /home/airflow/.local/lib/python3.12/site-packages/airflow/example_dags/example_subdag_operator.py took 0.167 seconds
[2024-04-11T14:29:34.626+0000] {processor.py:161} INFO - Started process (PID=401) to work on /home/airflow/.local/lib/python3.12/site-packages/airflow/example_dags/example_subdag_operator.py
[2024-04-11T14:29:34.628+0000] {processor.py:830} INFO - Processing file /home/airflow/.local/lib/python3.12/site-packages/airflow/example_dags/example_subdag_operator.py for tasks to queue
[2024-04-11T14:29:34.631+0000] {logging_mixin.py:188} INFO - [2024-04-11T14:29:34.630+0000] {dagbag.py:540} INFO - Filling up the DagBag from /home/airflow/.local/lib/python3.12/site-packages/airflow/example_dags/example_subdag_operator.py
[2024-04-11T14:29:34.673+0000] {processor.py:840} INFO - DAG(s) 'example_subdag_operator.section-1', 'example_subdag_operator.section-2', 'example_subdag_operator' retrieved from /home/airflow/.local/lib/python3.12/site-packages/airflow/example_dags/example_subdag_operator.py
[2024-04-11T14:29:34.701+0000] {logging_mixin.py:188} INFO - [2024-04-11T14:29:34.700+0000] {dag.py:3096} INFO - Sync 3 DAGs
[2024-04-11T14:29:34.740+0000] {logging_mixin.py:188} INFO - [2024-04-11T14:29:34.739+0000] {dag.py:3954} INFO - Setting next_dagrun for example_subdag_operator to 2022-01-01 00:00:00+00:00, run_after=2022-01-01 00:00:00+00:00
[2024-04-11T14:29:34.748+0000] {logging_mixin.py:188} INFO - [2024-04-11T14:29:34.747+0000] {dag.py:3954} INFO - Setting next_dagrun for example_subdag_operator.section-1 to None, run_after=None
[2024-04-11T14:29:34.750+0000] {logging_mixin.py:188} INFO - [2024-04-11T14:29:34.750+0000] {dag.py:3954} INFO - Setting next_dagrun for example_subdag_operator.section-2 to None, run_after=None
[2024-04-11T14:29:34.763+0000] {logging_mixin.py:188} INFO - [2024-04-11T14:29:34.763+0000] {dag.py:3096} INFO - Sync 2 DAGs
[2024-04-11T14:29:34.773+0000] {logging_mixin.py:188} INFO - [2024-04-11T14:29:34.773+0000] {dag.py:3954} INFO - Setting next_dagrun for example_subdag_operator.section-1 to None, run_after=None
[2024-04-11T14:29:34.775+0000] {logging_mixin.py:188} INFO - [2024-04-11T14:29:34.774+0000] {dag.py:3954} INFO - Setting next_dagrun for example_subdag_operator.section-2 to None, run_after=None
[2024-04-11T14:29:34.804+0000] {processor.py:183} INFO - Processing /home/airflow/.local/lib/python3.12/site-packages/airflow/example_dags/example_subdag_operator.py took 0.187 seconds
[2024-04-11T14:30:04.942+0000] {processor.py:161} INFO - Started process (PID=459) to work on /home/airflow/.local/lib/python3.12/site-packages/airflow/example_dags/example_subdag_operator.py
[2024-04-11T14:30:04.944+0000] {processor.py:830} INFO - Processing file /home/airflow/.local/lib/python3.12/site-packages/airflow/example_dags/example_subdag_operator.py for tasks to queue
[2024-04-11T14:30:04.947+0000] {logging_mixin.py:188} INFO - [2024-04-11T14:30:04.946+0000] {dagbag.py:540} INFO - Filling up the DagBag from /home/airflow/.local/lib/python3.12/site-packages/airflow/example_dags/example_subdag_operator.py
[2024-04-11T14:30:04.983+0000] {processor.py:840} INFO - DAG(s) 'example_subdag_operator.section-1', 'example_subdag_operator.section-2', 'example_subdag_operator' retrieved from /home/airflow/.local/lib/python3.12/site-packages/airflow/example_dags/example_subdag_operator.py
[2024-04-11T14:30:05.006+0000] {logging_mixin.py:188} INFO - [2024-04-11T14:30:05.005+0000] {dag.py:3096} INFO - Sync 3 DAGs
[2024-04-11T14:30:05.036+0000] {logging_mixin.py:188} INFO - [2024-04-11T14:30:05.036+0000] {dag.py:3954} INFO - Setting next_dagrun for example_subdag_operator to 2022-01-01 00:00:00+00:00, run_after=2022-01-01 00:00:00+00:00
[2024-04-11T14:30:05.042+0000] {logging_mixin.py:188} INFO - [2024-04-11T14:30:05.042+0000] {dag.py:3954} INFO - Setting next_dagrun for example_subdag_operator.section-1 to None, run_after=None
[2024-04-11T14:30:05.045+0000] {logging_mixin.py:188} INFO - [2024-04-11T14:30:05.044+0000] {dag.py:3954} INFO - Setting next_dagrun for example_subdag_operator.section-2 to None, run_after=None
[2024-04-11T14:30:05.056+0000] {logging_mixin.py:188} INFO - [2024-04-11T14:30:05.055+0000] {dag.py:3096} INFO - Sync 2 DAGs
[2024-04-11T14:30:05.065+0000] {logging_mixin.py:188} INFO - [2024-04-11T14:30:05.064+0000] {dag.py:3954} INFO - Setting next_dagrun for example_subdag_operator.section-1 to None, run_after=None
[2024-04-11T14:30:05.066+0000] {logging_mixin.py:188} INFO - [2024-04-11T14:30:05.066+0000] {dag.py:3954} INFO - Setting next_dagrun for example_subdag_operator.section-2 to None, run_after=None
[2024-04-11T14:30:05.089+0000] {processor.py:183} INFO - Processing /home/airflow/.local/lib/python3.12/site-packages/airflow/example_dags/example_subdag_operator.py took 0.157 seconds
[2024-04-11T14:30:35.395+0000] {processor.py:161} INFO - Started process (PID=517) to work on /home/airflow/.local/lib/python3.12/site-packages/airflow/example_dags/example_subdag_operator.py
[2024-04-11T14:30:35.397+0000] {processor.py:830} INFO - Processing file /home/airflow/.local/lib/python3.12/site-packages/airflow/example_dags/example_subdag_operator.py for tasks to queue
[2024-04-11T14:30:35.400+0000] {logging_mixin.py:188} INFO - [2024-04-11T14:30:35.399+0000] {dagbag.py:540} INFO - Filling up the DagBag from /home/airflow/.local/lib/python3.12/site-packages/airflow/example_dags/example_subdag_operator.py
[2024-04-11T14:30:35.434+0000] {processor.py:840} INFO - DAG(s) 'example_subdag_operator.section-1', 'example_subdag_operator.section-2', 'example_subdag_operator' retrieved from /home/airflow/.local/lib/python3.12/site-packages/airflow/example_dags/example_subdag_operator.py
[2024-04-11T14:30:35.458+0000] {logging_mixin.py:188} INFO - [2024-04-11T14:30:35.458+0000] {dag.py:3096} INFO - Sync 3 DAGs
[2024-04-11T14:30:35.489+0000] {logging_mixin.py:188} INFO - [2024-04-11T14:30:35.489+0000] {dag.py:3954} INFO - Setting next_dagrun for example_subdag_operator to 2022-01-01 00:00:00+00:00, run_after=2022-01-01 00:00:00+00:00
[2024-04-11T14:30:35.496+0000] {logging_mixin.py:188} INFO - [2024-04-11T14:30:35.495+0000] {dag.py:3954} INFO - Setting next_dagrun for example_subdag_operator.section-1 to None, run_after=None
[2024-04-11T14:30:35.498+0000] {logging_mixin.py:188} INFO - [2024-04-11T14:30:35.498+0000] {dag.py:3954} INFO - Setting next_dagrun for example_subdag_operator.section-2 to None, run_after=None
[2024-04-11T14:30:35.513+0000] {logging_mixin.py:188} INFO - [2024-04-11T14:30:35.512+0000] {dag.py:3096} INFO - Sync 2 DAGs
[2024-04-11T14:30:35.522+0000] {logging_mixin.py:188} INFO - [2024-04-11T14:30:35.522+0000] {dag.py:3954} INFO - Setting next_dagrun for example_subdag_operator.section-1 to None, run_after=None
[2024-04-11T14:30:35.523+0000] {logging_mixin.py:188} INFO - [2024-04-11T14:30:35.523+0000] {dag.py:3954} INFO - Setting next_dagrun for example_subdag_operator.section-2 to None, run_after=None
[2024-04-11T14:30:35.542+0000] {processor.py:183} INFO - Processing /home/airflow/.local/lib/python3.12/site-packages/airflow/example_dags/example_subdag_operator.py took 0.155 seconds
[2024-04-11T14:31:06.089+0000] {processor.py:161} INFO - Started process (PID=575) to work on /home/airflow/.local/lib/python3.12/site-packages/airflow/example_dags/example_subdag_operator.py
[2024-04-11T14:31:06.091+0000] {processor.py:830} INFO - Processing file /home/airflow/.local/lib/python3.12/site-packages/airflow/example_dags/example_subdag_operator.py for tasks to queue
[2024-04-11T14:31:06.095+0000] {logging_mixin.py:188} INFO - [2024-04-11T14:31:06.094+0000] {dagbag.py:540} INFO - Filling up the DagBag from /home/airflow/.local/lib/python3.12/site-packages/airflow/example_dags/example_subdag_operator.py
[2024-04-11T14:31:06.140+0000] {processor.py:840} INFO - DAG(s) 'example_subdag_operator.section-1', 'example_subdag_operator.section-2', 'example_subdag_operator' retrieved from /home/airflow/.local/lib/python3.12/site-packages/airflow/example_dags/example_subdag_operator.py
[2024-04-11T14:31:06.172+0000] {logging_mixin.py:188} INFO - [2024-04-11T14:31:06.172+0000] {dag.py:3096} INFO - Sync 3 DAGs
[2024-04-11T14:31:06.206+0000] {logging_mixin.py:188} INFO - [2024-04-11T14:31:06.206+0000] {dag.py:3954} INFO - Setting next_dagrun for example_subdag_operator to 2022-01-01 00:00:00+00:00, run_after=2022-01-01 00:00:00+00:00
[2024-04-11T14:31:06.213+0000] {logging_mixin.py:188} INFO - [2024-04-11T14:31:06.212+0000] {dag.py:3954} INFO - Setting next_dagrun for example_subdag_operator.section-1 to None, run_after=None
[2024-04-11T14:31:06.215+0000] {logging_mixin.py:188} INFO - [2024-04-11T14:31:06.215+0000] {dag.py:3954} INFO - Setting next_dagrun for example_subdag_operator.section-2 to None, run_after=None
[2024-04-11T14:31:06.229+0000] {logging_mixin.py:188} INFO - [2024-04-11T14:31:06.229+0000] {dag.py:3096} INFO - Sync 2 DAGs
[2024-04-11T14:31:06.239+0000] {logging_mixin.py:188} INFO - [2024-04-11T14:31:06.239+0000] {dag.py:3954} INFO - Setting next_dagrun for example_subdag_operator.section-1 to None, run_after=None
[2024-04-11T14:31:06.240+0000] {logging_mixin.py:188} INFO - [2024-04-11T14:31:06.240+0000] {dag.py:3954} INFO - Setting next_dagrun for example_subdag_operator.section-2 to None, run_after=None
[2024-04-11T14:31:06.259+0000] {processor.py:183} INFO - Processing /home/airflow/.local/lib/python3.12/site-packages/airflow/example_dags/example_subdag_operator.py took 0.180 seconds
[2024-04-11T14:31:36.517+0000] {processor.py:161} INFO - Started process (PID=633) to work on /home/airflow/.local/lib/python3.12/site-packages/airflow/example_dags/example_subdag_operator.py
[2024-04-11T14:31:36.520+0000] {processor.py:830} INFO - Processing file /home/airflow/.local/lib/python3.12/site-packages/airflow/example_dags/example_subdag_operator.py for tasks to queue
[2024-04-11T14:31:36.523+0000] {logging_mixin.py:188} INFO - [2024-04-11T14:31:36.523+0000] {dagbag.py:540} INFO - Filling up the DagBag from /home/airflow/.local/lib/python3.12/site-packages/airflow/example_dags/example_subdag_operator.py
[2024-04-11T14:31:36.570+0000] {processor.py:840} INFO - DAG(s) 'example_subdag_operator.section-1', 'example_subdag_operator.section-2', 'example_subdag_operator' retrieved from /home/airflow/.local/lib/python3.12/site-packages/airflow/example_dags/example_subdag_operator.py
[2024-04-11T14:31:36.603+0000] {logging_mixin.py:188} INFO - [2024-04-11T14:31:36.602+0000] {dag.py:3096} INFO - Sync 3 DAGs
[2024-04-11T14:31:36.650+0000] {logging_mixin.py:188} INFO - [2024-04-11T14:31:36.649+0000] {dag.py:3954} INFO - Setting next_dagrun for example_subdag_operator to 2022-01-01 00:00:00+00:00, run_after=2022-01-01 00:00:00+00:00
[2024-04-11T14:31:36.660+0000] {logging_mixin.py:188} INFO - [2024-04-11T14:31:36.659+0000] {dag.py:3954} INFO - Setting next_dagrun for example_subdag_operator.section-1 to None, run_after=None
[2024-04-11T14:31:36.662+0000] {logging_mixin.py:188} INFO - [2024-04-11T14:31:36.662+0000] {dag.py:3954} INFO - Setting next_dagrun for example_subdag_operator.section-2 to None, run_after=None
[2024-04-11T14:31:36.676+0000] {logging_mixin.py:188} INFO - [2024-04-11T14:31:36.675+0000] {dag.py:3096} INFO - Sync 2 DAGs
[2024-04-11T14:31:36.690+0000] {logging_mixin.py:188} INFO - [2024-04-11T14:31:36.689+0000] {dag.py:3954} INFO - Setting next_dagrun for example_subdag_operator.section-1 to None, run_after=None
[2024-04-11T14:31:36.692+0000] {logging_mixin.py:188} INFO - [2024-04-11T14:31:36.691+0000] {dag.py:3954} INFO - Setting next_dagrun for example_subdag_operator.section-2 to None, run_after=None
[2024-04-11T14:31:36.716+0000] {processor.py:183} INFO - Processing /home/airflow/.local/lib/python3.12/site-packages/airflow/example_dags/example_subdag_operator.py took 0.211 seconds
[2024-04-11T14:32:06.782+0000] {processor.py:161} INFO - Started process (PID=691) to work on /home/airflow/.local/lib/python3.12/site-packages/airflow/example_dags/example_subdag_operator.py
[2024-04-11T14:32:06.784+0000] {processor.py:830} INFO - Processing file /home/airflow/.local/lib/python3.12/site-packages/airflow/example_dags/example_subdag_operator.py for tasks to queue
[2024-04-11T14:32:06.787+0000] {logging_mixin.py:188} INFO - [2024-04-11T14:32:06.786+0000] {dagbag.py:540} INFO - Filling up the DagBag from /home/airflow/.local/lib/python3.12/site-packages/airflow/example_dags/example_subdag_operator.py
[2024-04-11T14:32:06.822+0000] {processor.py:840} INFO - DAG(s) 'example_subdag_operator.section-1', 'example_subdag_operator.section-2', 'example_subdag_operator' retrieved from /home/airflow/.local/lib/python3.12/site-packages/airflow/example_dags/example_subdag_operator.py
[2024-04-11T14:32:06.844+0000] {logging_mixin.py:188} INFO - [2024-04-11T14:32:06.844+0000] {dag.py:3096} INFO - Sync 3 DAGs
[2024-04-11T14:32:06.874+0000] {logging_mixin.py:188} INFO - [2024-04-11T14:32:06.874+0000] {dag.py:3954} INFO - Setting next_dagrun for example_subdag_operator to 2022-01-01 00:00:00+00:00, run_after=2022-01-01 00:00:00+00:00
[2024-04-11T14:32:06.880+0000] {logging_mixin.py:188} INFO - [2024-04-11T14:32:06.880+0000] {dag.py:3954} INFO - Setting next_dagrun for example_subdag_operator.section-1 to None, run_after=None
[2024-04-11T14:32:06.884+0000] {logging_mixin.py:188} INFO - [2024-04-11T14:32:06.883+0000] {dag.py:3954} INFO - Setting next_dagrun for example_subdag_operator.section-2 to None, run_after=None
[2024-04-11T14:32:06.895+0000] {logging_mixin.py:188} INFO - [2024-04-11T14:32:06.895+0000] {dag.py:3096} INFO - Sync 2 DAGs
[2024-04-11T14:32:06.907+0000] {logging_mixin.py:188} INFO - [2024-04-11T14:32:06.907+0000] {dag.py:3954} INFO - Setting next_dagrun for example_subdag_operator.section-1 to None, run_after=None
[2024-04-11T14:32:06.908+0000] {logging_mixin.py:188} INFO - [2024-04-11T14:32:06.908+0000] {dag.py:3954} INFO - Setting next_dagrun for example_subdag_operator.section-2 to None, run_after=None
[2024-04-11T14:32:06.927+0000] {processor.py:183} INFO - Processing /home/airflow/.local/lib/python3.12/site-packages/airflow/example_dags/example_subdag_operator.py took 0.153 seconds
[2024-04-11T14:32:37.676+0000] {processor.py:161} INFO - Started process (PID=749) to work on /home/airflow/.local/lib/python3.12/site-packages/airflow/example_dags/example_subdag_operator.py
[2024-04-11T14:32:37.678+0000] {processor.py:830} INFO - Processing file /home/airflow/.local/lib/python3.12/site-packages/airflow/example_dags/example_subdag_operator.py for tasks to queue
[2024-04-11T14:32:37.681+0000] {logging_mixin.py:188} INFO - [2024-04-11T14:32:37.680+0000] {dagbag.py:540} INFO - Filling up the DagBag from /home/airflow/.local/lib/python3.12/site-packages/airflow/example_dags/example_subdag_operator.py
[2024-04-11T14:32:37.723+0000] {processor.py:840} INFO - DAG(s) 'example_subdag_operator.section-1', 'example_subdag_operator.section-2', 'example_subdag_operator' retrieved from /home/airflow/.local/lib/python3.12/site-packages/airflow/example_dags/example_subdag_operator.py
[2024-04-11T14:32:37.744+0000] {logging_mixin.py:188} INFO - [2024-04-11T14:32:37.744+0000] {dag.py:3096} INFO - Sync 3 DAGs
[2024-04-11T14:32:37.779+0000] {logging_mixin.py:188} INFO - [2024-04-11T14:32:37.779+0000] {dag.py:3954} INFO - Setting next_dagrun for example_subdag_operator to 2022-01-01 00:00:00+00:00, run_after=2022-01-01 00:00:00+00:00
[2024-04-11T14:32:37.786+0000] {logging_mixin.py:188} INFO - [2024-04-11T14:32:37.786+0000] {dag.py:3954} INFO - Setting next_dagrun for example_subdag_operator.section-1 to None, run_after=None
[2024-04-11T14:32:37.789+0000] {logging_mixin.py:188} INFO - [2024-04-11T14:32:37.789+0000] {dag.py:3954} INFO - Setting next_dagrun for example_subdag_operator.section-2 to None, run_after=None
[2024-04-11T14:32:37.801+0000] {logging_mixin.py:188} INFO - [2024-04-11T14:32:37.800+0000] {dag.py:3096} INFO - Sync 2 DAGs
[2024-04-11T14:32:37.812+0000] {logging_mixin.py:188} INFO - [2024-04-11T14:32:37.811+0000] {dag.py:3954} INFO - Setting next_dagrun for example_subdag_operator.section-1 to None, run_after=None
[2024-04-11T14:32:37.813+0000] {logging_mixin.py:188} INFO - [2024-04-11T14:32:37.813+0000] {dag.py:3954} INFO - Setting next_dagrun for example_subdag_operator.section-2 to None, run_after=None
[2024-04-11T14:32:37.837+0000] {processor.py:183} INFO - Processing /home/airflow/.local/lib/python3.12/site-packages/airflow/example_dags/example_subdag_operator.py took 0.172 seconds
[2024-04-11T14:33:08.537+0000] {processor.py:161} INFO - Started process (PID=807) to work on /home/airflow/.local/lib/python3.12/site-packages/airflow/example_dags/example_subdag_operator.py
[2024-04-11T14:33:08.538+0000] {processor.py:830} INFO - Processing file /home/airflow/.local/lib/python3.12/site-packages/airflow/example_dags/example_subdag_operator.py for tasks to queue
[2024-04-11T14:33:08.541+0000] {logging_mixin.py:188} INFO - [2024-04-11T14:33:08.541+0000] {dagbag.py:540} INFO - Filling up the DagBag from /home/airflow/.local/lib/python3.12/site-packages/airflow/example_dags/example_subdag_operator.py
[2024-04-11T14:33:08.577+0000] {processor.py:840} INFO - DAG(s) 'example_subdag_operator.section-1', 'example_subdag_operator.section-2', 'example_subdag_operator' retrieved from /home/airflow/.local/lib/python3.12/site-packages/airflow/example_dags/example_subdag_operator.py
[2024-04-11T14:33:08.602+0000] {logging_mixin.py:188} INFO - [2024-04-11T14:33:08.601+0000] {dag.py:3096} INFO - Sync 3 DAGs
[2024-04-11T14:33:08.635+0000] {logging_mixin.py:188} INFO - [2024-04-11T14:33:08.635+0000] {dag.py:3954} INFO - Setting next_dagrun for example_subdag_operator to 2022-01-01 00:00:00+00:00, run_after=2022-01-01 00:00:00+00:00
[2024-04-11T14:33:08.643+0000] {logging_mixin.py:188} INFO - [2024-04-11T14:33:08.643+0000] {dag.py:3954} INFO - Setting next_dagrun for example_subdag_operator.section-1 to None, run_after=None
[2024-04-11T14:33:08.647+0000] {logging_mixin.py:188} INFO - [2024-04-11T14:33:08.647+0000] {dag.py:3954} INFO - Setting next_dagrun for example_subdag_operator.section-2 to None, run_after=None
[2024-04-11T14:33:08.660+0000] {logging_mixin.py:188} INFO - [2024-04-11T14:33:08.659+0000] {dag.py:3096} INFO - Sync 2 DAGs
[2024-04-11T14:33:08.672+0000] {logging_mixin.py:188} INFO - [2024-04-11T14:33:08.672+0000] {dag.py:3954} INFO - Setting next_dagrun for example_subdag_operator.section-1 to None, run_after=None
[2024-04-11T14:33:08.674+0000] {logging_mixin.py:188} INFO - [2024-04-11T14:33:08.673+0000] {dag.py:3954} INFO - Setting next_dagrun for example_subdag_operator.section-2 to None, run_after=None
[2024-04-11T14:33:08.695+0000] {processor.py:183} INFO - Processing /home/airflow/.local/lib/python3.12/site-packages/airflow/example_dags/example_subdag_operator.py took 0.166 seconds
[2024-04-11T14:33:39.280+0000] {processor.py:161} INFO - Started process (PID=865) to work on /home/airflow/.local/lib/python3.12/site-packages/airflow/example_dags/example_subdag_operator.py
[2024-04-11T14:33:39.282+0000] {processor.py:830} INFO - Processing file /home/airflow/.local/lib/python3.12/site-packages/airflow/example_dags/example_subdag_operator.py for tasks to queue
[2024-04-11T14:33:39.285+0000] {logging_mixin.py:188} INFO - [2024-04-11T14:33:39.285+0000] {dagbag.py:540} INFO - Filling up the DagBag from /home/airflow/.local/lib/python3.12/site-packages/airflow/example_dags/example_subdag_operator.py
[2024-04-11T14:33:39.319+0000] {processor.py:840} INFO - DAG(s) 'example_subdag_operator.section-1', 'example_subdag_operator.section-2', 'example_subdag_operator' retrieved from /home/airflow/.local/lib/python3.12/site-packages/airflow/example_dags/example_subdag_operator.py
[2024-04-11T14:33:39.344+0000] {logging_mixin.py:188} INFO - [2024-04-11T14:33:39.344+0000] {dag.py:3096} INFO - Sync 3 DAGs
[2024-04-11T14:33:39.378+0000] {logging_mixin.py:188} INFO - [2024-04-11T14:33:39.377+0000] {dag.py:3954} INFO - Setting next_dagrun for example_subdag_operator to 2022-01-01 00:00:00+00:00, run_after=2022-01-01 00:00:00+00:00
[2024-04-11T14:33:39.385+0000] {logging_mixin.py:188} INFO - [2024-04-11T14:33:39.385+0000] {dag.py:3954} INFO - Setting next_dagrun for example_subdag_operator.section-1 to None, run_after=None
[2024-04-11T14:33:39.388+0000] {logging_mixin.py:188} INFO - [2024-04-11T14:33:39.388+0000] {dag.py:3954} INFO - Setting next_dagrun for example_subdag_operator.section-2 to None, run_after=None
[2024-04-11T14:33:39.402+0000] {logging_mixin.py:188} INFO - [2024-04-11T14:33:39.401+0000] {dag.py:3096} INFO - Sync 2 DAGs
[2024-04-11T14:33:39.410+0000] {logging_mixin.py:188} INFO - [2024-04-11T14:33:39.410+0000] {dag.py:3954} INFO - Setting next_dagrun for example_subdag_operator.section-1 to None, run_after=None
[2024-04-11T14:33:39.411+0000] {logging_mixin.py:188} INFO - [2024-04-11T14:33:39.411+0000] {dag.py:3954} INFO - Setting next_dagrun for example_subdag_operator.section-2 to None, run_after=None
[2024-04-11T14:33:39.428+0000] {processor.py:183} INFO - Processing /home/airflow/.local/lib/python3.12/site-packages/airflow/example_dags/example_subdag_operator.py took 0.156 seconds
[2024-04-11T14:34:10.674+0000] {processor.py:161} INFO - Started process (PID=923) to work on /home/airflow/.local/lib/python3.12/site-packages/airflow/example_dags/example_subdag_operator.py
[2024-04-11T14:34:10.675+0000] {processor.py:830} INFO - Processing file /home/airflow/.local/lib/python3.12/site-packages/airflow/example_dags/example_subdag_operator.py for tasks to queue
[2024-04-11T14:34:10.678+0000] {logging_mixin.py:188} INFO - [2024-04-11T14:34:10.678+0000] {dagbag.py:540} INFO - Filling up the DagBag from /home/airflow/.local/lib/python3.12/site-packages/airflow/example_dags/example_subdag_operator.py
[2024-04-11T14:34:10.713+0000] {processor.py:840} INFO - DAG(s) 'example_subdag_operator.section-1', 'example_subdag_operator.section-2', 'example_subdag_operator' retrieved from /home/airflow/.local/lib/python3.12/site-packages/airflow/example_dags/example_subdag_operator.py
[2024-04-11T14:34:10.734+0000] {logging_mixin.py:188} INFO - [2024-04-11T14:34:10.734+0000] {dag.py:3096} INFO - Sync 3 DAGs
[2024-04-11T14:34:10.764+0000] {logging_mixin.py:188} INFO - [2024-04-11T14:34:10.763+0000] {dag.py:3954} INFO - Setting next_dagrun for example_subdag_operator to 2022-01-01 00:00:00+00:00, run_after=2022-01-01 00:00:00+00:00
[2024-04-11T14:34:10.917+0000] {logging_mixin.py:188} INFO - [2024-04-11T14:34:10.916+0000] {dag.py:3954} INFO - Setting next_dagrun for example_subdag_operator.section-1 to None, run_after=None
[2024-04-11T14:34:10.919+0000] {logging_mixin.py:188} INFO - [2024-04-11T14:34:10.919+0000] {dag.py:3954} INFO - Setting next_dagrun for example_subdag_operator.section-2 to None, run_after=None
[2024-04-11T14:34:10.928+0000] {logging_mixin.py:188} INFO - [2024-04-11T14:34:10.928+0000] {dag.py:3096} INFO - Sync 2 DAGs
[2024-04-11T14:34:10.935+0000] {logging_mixin.py:188} INFO - [2024-04-11T14:34:10.935+0000] {dag.py:3954} INFO - Setting next_dagrun for example_subdag_operator.section-1 to None, run_after=None
[2024-04-11T14:34:10.937+0000] {logging_mixin.py:188} INFO - [2024-04-11T14:34:10.936+0000] {dag.py:3954} INFO - Setting next_dagrun for example_subdag_operator.section-2 to None, run_after=None
[2024-04-11T14:34:10.953+0000] {processor.py:183} INFO - Processing /home/airflow/.local/lib/python3.12/site-packages/airflow/example_dags/example_subdag_operator.py took 0.287 seconds
[2024-04-11T14:34:41.320+0000] {processor.py:161} INFO - Started process (PID=981) to work on /home/airflow/.local/lib/python3.12/site-packages/airflow/example_dags/example_subdag_operator.py
[2024-04-11T14:34:41.322+0000] {processor.py:830} INFO - Processing file /home/airflow/.local/lib/python3.12/site-packages/airflow/example_dags/example_subdag_operator.py for tasks to queue
[2024-04-11T14:34:41.325+0000] {logging_mixin.py:188} INFO - [2024-04-11T14:34:41.324+0000] {dagbag.py:540} INFO - Filling up the DagBag from /home/airflow/.local/lib/python3.12/site-packages/airflow/example_dags/example_subdag_operator.py
[2024-04-11T14:34:41.362+0000] {processor.py:840} INFO - DAG(s) 'example_subdag_operator.section-1', 'example_subdag_operator.section-2', 'example_subdag_operator' retrieved from /home/airflow/.local/lib/python3.12/site-packages/airflow/example_dags/example_subdag_operator.py
[2024-04-11T14:34:41.385+0000] {logging_mixin.py:188} INFO - [2024-04-11T14:34:41.384+0000] {dag.py:3096} INFO - Sync 3 DAGs
[2024-04-11T14:34:41.418+0000] {logging_mixin.py:188} INFO - [2024-04-11T14:34:41.417+0000] {dag.py:3954} INFO - Setting next_dagrun for example_subdag_operator to 2022-01-01 00:00:00+00:00, run_after=2022-01-01 00:00:00+00:00
[2024-04-11T14:34:41.424+0000] {logging_mixin.py:188} INFO - [2024-04-11T14:34:41.423+0000] {dag.py:3954} INFO - Setting next_dagrun for example_subdag_operator.section-1 to None, run_after=None
[2024-04-11T14:34:41.427+0000] {logging_mixin.py:188} INFO - [2024-04-11T14:34:41.426+0000] {dag.py:3954} INFO - Setting next_dagrun for example_subdag_operator.section-2 to None, run_after=None
[2024-04-11T14:34:41.438+0000] {logging_mixin.py:188} INFO - [2024-04-11T14:34:41.437+0000] {dag.py:3096} INFO - Sync 2 DAGs
[2024-04-11T14:34:41.447+0000] {logging_mixin.py:188} INFO - [2024-04-11T14:34:41.446+0000] {dag.py:3954} INFO - Setting next_dagrun for example_subdag_operator.section-1 to None, run_after=None
[2024-04-11T14:34:41.448+0000] {logging_mixin.py:188} INFO - [2024-04-11T14:34:41.448+0000] {dag.py:3954} INFO - Setting next_dagrun for example_subdag_operator.section-2 to None, run_after=None
[2024-04-11T14:34:41.469+0000] {processor.py:183} INFO - Processing /home/airflow/.local/lib/python3.12/site-packages/airflow/example_dags/example_subdag_operator.py took 0.157 seconds
[2024-04-11T14:35:12.002+0000] {processor.py:161} INFO - Started process (PID=1039) to work on /home/airflow/.local/lib/python3.12/site-packages/airflow/example_dags/example_subdag_operator.py
[2024-04-11T14:35:12.004+0000] {processor.py:830} INFO - Processing file /home/airflow/.local/lib/python3.12/site-packages/airflow/example_dags/example_subdag_operator.py for tasks to queue
[2024-04-11T14:35:12.007+0000] {logging_mixin.py:188} INFO - [2024-04-11T14:35:12.006+0000] {dagbag.py:540} INFO - Filling up the DagBag from /home/airflow/.local/lib/python3.12/site-packages/airflow/example_dags/example_subdag_operator.py
[2024-04-11T14:35:12.042+0000] {processor.py:840} INFO - DAG(s) 'example_subdag_operator.section-1', 'example_subdag_operator.section-2', 'example_subdag_operator' retrieved from /home/airflow/.local/lib/python3.12/site-packages/airflow/example_dags/example_subdag_operator.py
[2024-04-11T14:35:12.064+0000] {logging_mixin.py:188} INFO - [2024-04-11T14:35:12.064+0000] {dag.py:3096} INFO - Sync 3 DAGs
[2024-04-11T14:35:12.093+0000] {logging_mixin.py:188} INFO - [2024-04-11T14:35:12.093+0000] {dag.py:3954} INFO - Setting next_dagrun for example_subdag_operator to 2022-01-01 00:00:00+00:00, run_after=2022-01-01 00:00:00+00:00
[2024-04-11T14:35:12.099+0000] {logging_mixin.py:188} INFO - [2024-04-11T14:35:12.099+0000] {dag.py:3954} INFO - Setting next_dagrun for example_subdag_operator.section-1 to None, run_after=None
[2024-04-11T14:35:12.101+0000] {logging_mixin.py:188} INFO - [2024-04-11T14:35:12.101+0000] {dag.py:3954} INFO - Setting next_dagrun for example_subdag_operator.section-2 to None, run_after=None
[2024-04-11T14:35:12.112+0000] {logging_mixin.py:188} INFO - [2024-04-11T14:35:12.111+0000] {dag.py:3096} INFO - Sync 2 DAGs
[2024-04-11T14:35:12.120+0000] {logging_mixin.py:188} INFO - [2024-04-11T14:35:12.119+0000] {dag.py:3954} INFO - Setting next_dagrun for example_subdag_operator.section-1 to None, run_after=None
[2024-04-11T14:35:12.121+0000] {logging_mixin.py:188} INFO - [2024-04-11T14:35:12.121+0000] {dag.py:3954} INFO - Setting next_dagrun for example_subdag_operator.section-2 to None, run_after=None
[2024-04-11T14:35:12.139+0000] {processor.py:183} INFO - Processing /home/airflow/.local/lib/python3.12/site-packages/airflow/example_dags/example_subdag_operator.py took 0.145 seconds
[2024-04-11T14:35:42.987+0000] {processor.py:161} INFO - Started process (PID=1097) to work on /home/airflow/.local/lib/python3.12/site-packages/airflow/example_dags/example_subdag_operator.py
[2024-04-11T14:35:42.988+0000] {processor.py:830} INFO - Processing file /home/airflow/.local/lib/python3.12/site-packages/airflow/example_dags/example_subdag_operator.py for tasks to queue
[2024-04-11T14:35:42.991+0000] {logging_mixin.py:188} INFO - [2024-04-11T14:35:42.991+0000] {dagbag.py:540} INFO - Filling up the DagBag from /home/airflow/.local/lib/python3.12/site-packages/airflow/example_dags/example_subdag_operator.py
[2024-04-11T14:35:43.027+0000] {processor.py:840} INFO - DAG(s) 'example_subdag_operator.section-1', 'example_subdag_operator.section-2', 'example_subdag_operator' retrieved from /home/airflow/.local/lib/python3.12/site-packages/airflow/example_dags/example_subdag_operator.py
[2024-04-11T14:35:43.203+0000] {logging_mixin.py:188} INFO - [2024-04-11T14:35:43.203+0000] {dag.py:3096} INFO - Sync 3 DAGs
[2024-04-11T14:35:43.230+0000] {logging_mixin.py:188} INFO - [2024-04-11T14:35:43.230+0000] {dag.py:3954} INFO - Setting next_dagrun for example_subdag_operator to 2022-01-01 00:00:00+00:00, run_after=2022-01-01 00:00:00+00:00
[2024-04-11T14:35:43.237+0000] {logging_mixin.py:188} INFO - [2024-04-11T14:35:43.236+0000] {dag.py:3954} INFO - Setting next_dagrun for example_subdag_operator.section-1 to None, run_after=None
[2024-04-11T14:35:43.240+0000] {logging_mixin.py:188} INFO - [2024-04-11T14:35:43.239+0000] {dag.py:3954} INFO - Setting next_dagrun for example_subdag_operator.section-2 to None, run_after=None
[2024-04-11T14:35:43.250+0000] {logging_mixin.py:188} INFO - [2024-04-11T14:35:43.250+0000] {dag.py:3096} INFO - Sync 2 DAGs
[2024-04-11T14:35:43.261+0000] {logging_mixin.py:188} INFO - [2024-04-11T14:35:43.261+0000] {dag.py:3954} INFO - Setting next_dagrun for example_subdag_operator.section-1 to None, run_after=None
[2024-04-11T14:35:43.262+0000] {logging_mixin.py:188} INFO - [2024-04-11T14:35:43.262+0000] {dag.py:3954} INFO - Setting next_dagrun for example_subdag_operator.section-2 to None, run_after=None
[2024-04-11T14:35:43.282+0000] {processor.py:183} INFO - Processing /home/airflow/.local/lib/python3.12/site-packages/airflow/example_dags/example_subdag_operator.py took 0.303 seconds
[2024-04-11T14:36:14.142+0000] {processor.py:161} INFO - Started process (PID=1155) to work on /home/airflow/.local/lib/python3.12/site-packages/airflow/example_dags/example_subdag_operator.py
[2024-04-11T14:36:14.144+0000] {processor.py:830} INFO - Processing file /home/airflow/.local/lib/python3.12/site-packages/airflow/example_dags/example_subdag_operator.py for tasks to queue
[2024-04-11T14:36:14.147+0000] {logging_mixin.py:188} INFO - [2024-04-11T14:36:14.146+0000] {dagbag.py:540} INFO - Filling up the DagBag from /home/airflow/.local/lib/python3.12/site-packages/airflow/example_dags/example_subdag_operator.py
[2024-04-11T14:36:14.185+0000] {processor.py:840} INFO - DAG(s) 'example_subdag_operator.section-1', 'example_subdag_operator.section-2', 'example_subdag_operator' retrieved from /home/airflow/.local/lib/python3.12/site-packages/airflow/example_dags/example_subdag_operator.py
[2024-04-11T14:36:14.208+0000] {logging_mixin.py:188} INFO - [2024-04-11T14:36:14.208+0000] {dag.py:3096} INFO - Sync 3 DAGs
[2024-04-11T14:36:14.242+0000] {logging_mixin.py:188} INFO - [2024-04-11T14:36:14.241+0000] {dag.py:3954} INFO - Setting next_dagrun for example_subdag_operator to 2022-01-01 00:00:00+00:00, run_after=2022-01-01 00:00:00+00:00
[2024-04-11T14:36:14.248+0000] {logging_mixin.py:188} INFO - [2024-04-11T14:36:14.248+0000] {dag.py:3954} INFO - Setting next_dagrun for example_subdag_operator.section-1 to None, run_after=None
[2024-04-11T14:36:14.252+0000] {logging_mixin.py:188} INFO - [2024-04-11T14:36:14.252+0000] {dag.py:3954} INFO - Setting next_dagrun for example_subdag_operator.section-2 to None, run_after=None
[2024-04-11T14:36:14.265+0000] {logging_mixin.py:188} INFO - [2024-04-11T14:36:14.265+0000] {dag.py:3096} INFO - Sync 2 DAGs
[2024-04-11T14:36:14.280+0000] {logging_mixin.py:188} INFO - [2024-04-11T14:36:14.279+0000] {dag.py:3954} INFO - Setting next_dagrun for example_subdag_operator.section-1 to None, run_after=None
[2024-04-11T14:36:14.281+0000] {logging_mixin.py:188} INFO - [2024-04-11T14:36:14.281+0000] {dag.py:3954} INFO - Setting next_dagrun for example_subdag_operator.section-2 to None, run_after=None
[2024-04-11T14:36:14.306+0000] {processor.py:183} INFO - Processing /home/airflow/.local/lib/python3.12/site-packages/airflow/example_dags/example_subdag_operator.py took 0.172 seconds
