[2024-04-11T14:26:31.552+0000] {processor.py:161} INFO - Started process (PID=43) to work on /home/airflow/.local/lib/python3.12/site-packages/airflow/example_dags/example_short_circuit_operator.py
[2024-04-11T14:26:31.554+0000] {processor.py:830} INFO - Processing file /home/airflow/.local/lib/python3.12/site-packages/airflow/example_dags/example_short_circuit_operator.py for tasks to queue
[2024-04-11T14:26:31.559+0000] {logging_mixin.py:188} INFO - [2024-04-11T14:26:31.558+0000] {dagbag.py:540} INFO - Filling up the DagBag from /home/airflow/.local/lib/python3.12/site-packages/airflow/example_dags/example_short_circuit_operator.py
[2024-04-11T14:26:31.581+0000] {processor.py:840} INFO - DAG(s) 'example_short_circuit_operator' retrieved from /home/airflow/.local/lib/python3.12/site-packages/airflow/example_dags/example_short_circuit_operator.py
[2024-04-11T14:26:31.773+0000] {logging_mixin.py:188} INFO - [2024-04-11T14:26:31.773+0000] {dag.py:3096} INFO - Sync 1 DAGs
[2024-04-11T14:26:31.805+0000] {logging_mixin.py:188} INFO - [2024-04-11T14:26:31.805+0000] {dag.py:3954} INFO - Setting next_dagrun for example_short_circuit_operator to 2024-04-10 00:00:00+00:00, run_after=2024-04-11 00:00:00+00:00
[2024-04-11T14:26:31.841+0000] {processor.py:183} INFO - Processing /home/airflow/.local/lib/python3.12/site-packages/airflow/example_dags/example_short_circuit_operator.py took 0.301 seconds
[2024-04-11T14:27:02.558+0000] {processor.py:161} INFO - Started process (PID=101) to work on /home/airflow/.local/lib/python3.12/site-packages/airflow/example_dags/example_short_circuit_operator.py
[2024-04-11T14:27:02.560+0000] {processor.py:830} INFO - Processing file /home/airflow/.local/lib/python3.12/site-packages/airflow/example_dags/example_short_circuit_operator.py for tasks to queue
[2024-04-11T14:27:02.564+0000] {logging_mixin.py:188} INFO - [2024-04-11T14:27:02.563+0000] {dagbag.py:540} INFO - Filling up the DagBag from /home/airflow/.local/lib/python3.12/site-packages/airflow/example_dags/example_short_circuit_operator.py
[2024-04-11T14:27:02.578+0000] {processor.py:840} INFO - DAG(s) 'example_short_circuit_operator' retrieved from /home/airflow/.local/lib/python3.12/site-packages/airflow/example_dags/example_short_circuit_operator.py
[2024-04-11T14:27:02.611+0000] {logging_mixin.py:188} INFO - [2024-04-11T14:27:02.611+0000] {dag.py:3096} INFO - Sync 1 DAGs
[2024-04-11T14:27:02.662+0000] {logging_mixin.py:188} INFO - [2024-04-11T14:27:02.662+0000] {dag.py:3954} INFO - Setting next_dagrun for example_short_circuit_operator to 2024-04-10 00:00:00+00:00, run_after=2024-04-11 00:00:00+00:00
[2024-04-11T14:27:02.715+0000] {processor.py:183} INFO - Processing /home/airflow/.local/lib/python3.12/site-packages/airflow/example_dags/example_short_circuit_operator.py took 0.169 seconds
[2024-04-11T14:27:32.874+0000] {processor.py:161} INFO - Started process (PID=159) to work on /home/airflow/.local/lib/python3.12/site-packages/airflow/example_dags/example_short_circuit_operator.py
[2024-04-11T14:27:32.876+0000] {processor.py:830} INFO - Processing file /home/airflow/.local/lib/python3.12/site-packages/airflow/example_dags/example_short_circuit_operator.py for tasks to queue
[2024-04-11T14:27:32.879+0000] {logging_mixin.py:188} INFO - [2024-04-11T14:27:32.879+0000] {dagbag.py:540} INFO - Filling up the DagBag from /home/airflow/.local/lib/python3.12/site-packages/airflow/example_dags/example_short_circuit_operator.py
[2024-04-11T14:27:32.891+0000] {processor.py:840} INFO - DAG(s) 'example_short_circuit_operator' retrieved from /home/airflow/.local/lib/python3.12/site-packages/airflow/example_dags/example_short_circuit_operator.py
[2024-04-11T14:27:32.925+0000] {logging_mixin.py:188} INFO - [2024-04-11T14:27:32.925+0000] {dag.py:3096} INFO - Sync 1 DAGs
[2024-04-11T14:27:32.955+0000] {logging_mixin.py:188} INFO - [2024-04-11T14:27:32.954+0000] {dag.py:3954} INFO - Setting next_dagrun for example_short_circuit_operator to 2024-04-10 00:00:00+00:00, run_after=2024-04-11 00:00:00+00:00
[2024-04-11T14:27:32.984+0000] {processor.py:183} INFO - Processing /home/airflow/.local/lib/python3.12/site-packages/airflow/example_dags/example_short_circuit_operator.py took 0.118 seconds
[2024-04-11T14:28:03.084+0000] {processor.py:161} INFO - Started process (PID=217) to work on /home/airflow/.local/lib/python3.12/site-packages/airflow/example_dags/example_short_circuit_operator.py
[2024-04-11T14:28:03.086+0000] {processor.py:830} INFO - Processing file /home/airflow/.local/lib/python3.12/site-packages/airflow/example_dags/example_short_circuit_operator.py for tasks to queue
[2024-04-11T14:28:03.089+0000] {logging_mixin.py:188} INFO - [2024-04-11T14:28:03.088+0000] {dagbag.py:540} INFO - Filling up the DagBag from /home/airflow/.local/lib/python3.12/site-packages/airflow/example_dags/example_short_circuit_operator.py
[2024-04-11T14:28:03.099+0000] {processor.py:840} INFO - DAG(s) 'example_short_circuit_operator' retrieved from /home/airflow/.local/lib/python3.12/site-packages/airflow/example_dags/example_short_circuit_operator.py
[2024-04-11T14:28:03.134+0000] {logging_mixin.py:188} INFO - [2024-04-11T14:28:03.133+0000] {dag.py:3096} INFO - Sync 1 DAGs
[2024-04-11T14:28:03.164+0000] {logging_mixin.py:188} INFO - [2024-04-11T14:28:03.163+0000] {dag.py:3954} INFO - Setting next_dagrun for example_short_circuit_operator to 2024-04-10 00:00:00+00:00, run_after=2024-04-11 00:00:00+00:00
[2024-04-11T14:28:03.191+0000] {processor.py:183} INFO - Processing /home/airflow/.local/lib/python3.12/site-packages/airflow/example_dags/example_short_circuit_operator.py took 0.117 seconds
[2024-04-11T14:28:33.416+0000] {processor.py:161} INFO - Started process (PID=275) to work on /home/airflow/.local/lib/python3.12/site-packages/airflow/example_dags/example_short_circuit_operator.py
[2024-04-11T14:28:33.417+0000] {processor.py:830} INFO - Processing file /home/airflow/.local/lib/python3.12/site-packages/airflow/example_dags/example_short_circuit_operator.py for tasks to queue
[2024-04-11T14:28:33.421+0000] {logging_mixin.py:188} INFO - [2024-04-11T14:28:33.420+0000] {dagbag.py:540} INFO - Filling up the DagBag from /home/airflow/.local/lib/python3.12/site-packages/airflow/example_dags/example_short_circuit_operator.py
[2024-04-11T14:28:33.440+0000] {processor.py:840} INFO - DAG(s) 'example_short_circuit_operator' retrieved from /home/airflow/.local/lib/python3.12/site-packages/airflow/example_dags/example_short_circuit_operator.py
[2024-04-11T14:28:33.483+0000] {logging_mixin.py:188} INFO - [2024-04-11T14:28:33.482+0000] {dag.py:3096} INFO - Sync 1 DAGs
[2024-04-11T14:28:33.525+0000] {logging_mixin.py:188} INFO - [2024-04-11T14:28:33.524+0000] {dag.py:3954} INFO - Setting next_dagrun for example_short_circuit_operator to 2024-04-10 00:00:00+00:00, run_after=2024-04-11 00:00:00+00:00
[2024-04-11T14:28:33.553+0000] {processor.py:183} INFO - Processing /home/airflow/.local/lib/python3.12/site-packages/airflow/example_dags/example_short_circuit_operator.py took 0.147 seconds
[2024-04-11T14:29:03.741+0000] {processor.py:161} INFO - Started process (PID=339) to work on /home/airflow/.local/lib/python3.12/site-packages/airflow/example_dags/example_short_circuit_operator.py
[2024-04-11T14:29:03.743+0000] {processor.py:830} INFO - Processing file /home/airflow/.local/lib/python3.12/site-packages/airflow/example_dags/example_short_circuit_operator.py for tasks to queue
[2024-04-11T14:29:03.745+0000] {logging_mixin.py:188} INFO - [2024-04-11T14:29:03.745+0000] {dagbag.py:540} INFO - Filling up the DagBag from /home/airflow/.local/lib/python3.12/site-packages/airflow/example_dags/example_short_circuit_operator.py
[2024-04-11T14:29:03.757+0000] {processor.py:840} INFO - DAG(s) 'example_short_circuit_operator' retrieved from /home/airflow/.local/lib/python3.12/site-packages/airflow/example_dags/example_short_circuit_operator.py
[2024-04-11T14:29:03.799+0000] {logging_mixin.py:188} INFO - [2024-04-11T14:29:03.799+0000] {dag.py:3096} INFO - Sync 1 DAGs
[2024-04-11T14:29:03.834+0000] {logging_mixin.py:188} INFO - [2024-04-11T14:29:03.834+0000] {dag.py:3954} INFO - Setting next_dagrun for example_short_circuit_operator to 2024-04-10 00:00:00+00:00, run_after=2024-04-11 00:00:00+00:00
[2024-04-11T14:29:03.874+0000] {processor.py:183} INFO - Processing /home/airflow/.local/lib/python3.12/site-packages/airflow/example_dags/example_short_circuit_operator.py took 0.142 seconds
[2024-04-11T14:29:34.227+0000] {processor.py:161} INFO - Started process (PID=397) to work on /home/airflow/.local/lib/python3.12/site-packages/airflow/example_dags/example_short_circuit_operator.py
[2024-04-11T14:29:34.229+0000] {processor.py:830} INFO - Processing file /home/airflow/.local/lib/python3.12/site-packages/airflow/example_dags/example_short_circuit_operator.py for tasks to queue
[2024-04-11T14:29:34.231+0000] {logging_mixin.py:188} INFO - [2024-04-11T14:29:34.231+0000] {dagbag.py:540} INFO - Filling up the DagBag from /home/airflow/.local/lib/python3.12/site-packages/airflow/example_dags/example_short_circuit_operator.py
[2024-04-11T14:29:34.242+0000] {processor.py:840} INFO - DAG(s) 'example_short_circuit_operator' retrieved from /home/airflow/.local/lib/python3.12/site-packages/airflow/example_dags/example_short_circuit_operator.py
[2024-04-11T14:29:34.274+0000] {logging_mixin.py:188} INFO - [2024-04-11T14:29:34.274+0000] {dag.py:3096} INFO - Sync 1 DAGs
[2024-04-11T14:29:34.305+0000] {logging_mixin.py:188} INFO - [2024-04-11T14:29:34.304+0000] {dag.py:3954} INFO - Setting next_dagrun for example_short_circuit_operator to 2024-04-10 00:00:00+00:00, run_after=2024-04-11 00:00:00+00:00
[2024-04-11T14:29:34.333+0000] {processor.py:183} INFO - Processing /home/airflow/.local/lib/python3.12/site-packages/airflow/example_dags/example_short_circuit_operator.py took 0.115 seconds
[2024-04-11T14:30:04.510+0000] {processor.py:161} INFO - Started process (PID=455) to work on /home/airflow/.local/lib/python3.12/site-packages/airflow/example_dags/example_short_circuit_operator.py
[2024-04-11T14:30:04.512+0000] {processor.py:830} INFO - Processing file /home/airflow/.local/lib/python3.12/site-packages/airflow/example_dags/example_short_circuit_operator.py for tasks to queue
[2024-04-11T14:30:04.516+0000] {logging_mixin.py:188} INFO - [2024-04-11T14:30:04.516+0000] {dagbag.py:540} INFO - Filling up the DagBag from /home/airflow/.local/lib/python3.12/site-packages/airflow/example_dags/example_short_circuit_operator.py
[2024-04-11T14:30:04.527+0000] {processor.py:840} INFO - DAG(s) 'example_short_circuit_operator' retrieved from /home/airflow/.local/lib/python3.12/site-packages/airflow/example_dags/example_short_circuit_operator.py
[2024-04-11T14:30:04.564+0000] {logging_mixin.py:188} INFO - [2024-04-11T14:30:04.564+0000] {dag.py:3096} INFO - Sync 1 DAGs
[2024-04-11T14:30:04.593+0000] {logging_mixin.py:188} INFO - [2024-04-11T14:30:04.593+0000] {dag.py:3954} INFO - Setting next_dagrun for example_short_circuit_operator to 2024-04-10 00:00:00+00:00, run_after=2024-04-11 00:00:00+00:00
[2024-04-11T14:30:04.620+0000] {processor.py:183} INFO - Processing /home/airflow/.local/lib/python3.12/site-packages/airflow/example_dags/example_short_circuit_operator.py took 0.122 seconds
[2024-04-11T14:30:35.115+0000] {processor.py:161} INFO - Started process (PID=513) to work on /home/airflow/.local/lib/python3.12/site-packages/airflow/example_dags/example_short_circuit_operator.py
[2024-04-11T14:30:35.117+0000] {processor.py:830} INFO - Processing file /home/airflow/.local/lib/python3.12/site-packages/airflow/example_dags/example_short_circuit_operator.py for tasks to queue
[2024-04-11T14:30:35.119+0000] {logging_mixin.py:188} INFO - [2024-04-11T14:30:35.119+0000] {dagbag.py:540} INFO - Filling up the DagBag from /home/airflow/.local/lib/python3.12/site-packages/airflow/example_dags/example_short_circuit_operator.py
[2024-04-11T14:30:35.130+0000] {processor.py:840} INFO - DAG(s) 'example_short_circuit_operator' retrieved from /home/airflow/.local/lib/python3.12/site-packages/airflow/example_dags/example_short_circuit_operator.py
[2024-04-11T14:30:35.164+0000] {logging_mixin.py:188} INFO - [2024-04-11T14:30:35.164+0000] {dag.py:3096} INFO - Sync 1 DAGs
[2024-04-11T14:30:35.194+0000] {logging_mixin.py:188} INFO - [2024-04-11T14:30:35.194+0000] {dag.py:3954} INFO - Setting next_dagrun for example_short_circuit_operator to 2024-04-10 00:00:00+00:00, run_after=2024-04-11 00:00:00+00:00
[2024-04-11T14:30:35.222+0000] {processor.py:183} INFO - Processing /home/airflow/.local/lib/python3.12/site-packages/airflow/example_dags/example_short_circuit_operator.py took 0.115 seconds
[2024-04-11T14:31:05.752+0000] {processor.py:161} INFO - Started process (PID=571) to work on /home/airflow/.local/lib/python3.12/site-packages/airflow/example_dags/example_short_circuit_operator.py
[2024-04-11T14:31:05.754+0000] {processor.py:830} INFO - Processing file /home/airflow/.local/lib/python3.12/site-packages/airflow/example_dags/example_short_circuit_operator.py for tasks to queue
[2024-04-11T14:31:05.758+0000] {logging_mixin.py:188} INFO - [2024-04-11T14:31:05.757+0000] {dagbag.py:540} INFO - Filling up the DagBag from /home/airflow/.local/lib/python3.12/site-packages/airflow/example_dags/example_short_circuit_operator.py
[2024-04-11T14:31:05.772+0000] {processor.py:840} INFO - DAG(s) 'example_short_circuit_operator' retrieved from /home/airflow/.local/lib/python3.12/site-packages/airflow/example_dags/example_short_circuit_operator.py
[2024-04-11T14:31:05.809+0000] {logging_mixin.py:188} INFO - [2024-04-11T14:31:05.808+0000] {dag.py:3096} INFO - Sync 1 DAGs
[2024-04-11T14:31:05.844+0000] {logging_mixin.py:188} INFO - [2024-04-11T14:31:05.844+0000] {dag.py:3954} INFO - Setting next_dagrun for example_short_circuit_operator to 2024-04-10 00:00:00+00:00, run_after=2024-04-11 00:00:00+00:00
[2024-04-11T14:31:05.876+0000] {processor.py:183} INFO - Processing /home/airflow/.local/lib/python3.12/site-packages/airflow/example_dags/example_short_circuit_operator.py took 0.137 seconds
[2024-04-11T14:31:36.144+0000] {processor.py:161} INFO - Started process (PID=629) to work on /home/airflow/.local/lib/python3.12/site-packages/airflow/example_dags/example_short_circuit_operator.py
[2024-04-11T14:31:36.146+0000] {processor.py:830} INFO - Processing file /home/airflow/.local/lib/python3.12/site-packages/airflow/example_dags/example_short_circuit_operator.py for tasks to queue
[2024-04-11T14:31:36.150+0000] {logging_mixin.py:188} INFO - [2024-04-11T14:31:36.149+0000] {dagbag.py:540} INFO - Filling up the DagBag from /home/airflow/.local/lib/python3.12/site-packages/airflow/example_dags/example_short_circuit_operator.py
[2024-04-11T14:31:36.164+0000] {processor.py:840} INFO - DAG(s) 'example_short_circuit_operator' retrieved from /home/airflow/.local/lib/python3.12/site-packages/airflow/example_dags/example_short_circuit_operator.py
[2024-04-11T14:31:36.225+0000] {logging_mixin.py:188} INFO - [2024-04-11T14:31:36.224+0000] {dag.py:3096} INFO - Sync 1 DAGs
[2024-04-11T14:31:36.259+0000] {logging_mixin.py:188} INFO - [2024-04-11T14:31:36.259+0000] {dag.py:3954} INFO - Setting next_dagrun for example_short_circuit_operator to 2024-04-10 00:00:00+00:00, run_after=2024-04-11 00:00:00+00:00
[2024-04-11T14:31:36.293+0000] {processor.py:183} INFO - Processing /home/airflow/.local/lib/python3.12/site-packages/airflow/example_dags/example_short_circuit_operator.py took 0.161 seconds
[2024-04-11T14:32:06.480+0000] {processor.py:161} INFO - Started process (PID=687) to work on /home/airflow/.local/lib/python3.12/site-packages/airflow/example_dags/example_short_circuit_operator.py
[2024-04-11T14:32:06.482+0000] {processor.py:830} INFO - Processing file /home/airflow/.local/lib/python3.12/site-packages/airflow/example_dags/example_short_circuit_operator.py for tasks to queue
[2024-04-11T14:32:06.485+0000] {logging_mixin.py:188} INFO - [2024-04-11T14:32:06.484+0000] {dagbag.py:540} INFO - Filling up the DagBag from /home/airflow/.local/lib/python3.12/site-packages/airflow/example_dags/example_short_circuit_operator.py
[2024-04-11T14:32:06.496+0000] {processor.py:840} INFO - DAG(s) 'example_short_circuit_operator' retrieved from /home/airflow/.local/lib/python3.12/site-packages/airflow/example_dags/example_short_circuit_operator.py
[2024-04-11T14:32:06.532+0000] {logging_mixin.py:188} INFO - [2024-04-11T14:32:06.532+0000] {dag.py:3096} INFO - Sync 1 DAGs
[2024-04-11T14:32:06.578+0000] {logging_mixin.py:188} INFO - [2024-04-11T14:32:06.578+0000] {dag.py:3954} INFO - Setting next_dagrun for example_short_circuit_operator to 2024-04-10 00:00:00+00:00, run_after=2024-04-11 00:00:00+00:00
[2024-04-11T14:32:06.613+0000] {processor.py:183} INFO - Processing /home/airflow/.local/lib/python3.12/site-packages/airflow/example_dags/example_short_circuit_operator.py took 0.142 seconds
[2024-04-11T14:32:37.220+0000] {processor.py:161} INFO - Started process (PID=745) to work on /home/airflow/.local/lib/python3.12/site-packages/airflow/example_dags/example_short_circuit_operator.py
[2024-04-11T14:32:37.222+0000] {processor.py:830} INFO - Processing file /home/airflow/.local/lib/python3.12/site-packages/airflow/example_dags/example_short_circuit_operator.py for tasks to queue
[2024-04-11T14:32:37.225+0000] {logging_mixin.py:188} INFO - [2024-04-11T14:32:37.225+0000] {dagbag.py:540} INFO - Filling up the DagBag from /home/airflow/.local/lib/python3.12/site-packages/airflow/example_dags/example_short_circuit_operator.py
[2024-04-11T14:32:37.236+0000] {processor.py:840} INFO - DAG(s) 'example_short_circuit_operator' retrieved from /home/airflow/.local/lib/python3.12/site-packages/airflow/example_dags/example_short_circuit_operator.py
[2024-04-11T14:32:37.270+0000] {logging_mixin.py:188} INFO - [2024-04-11T14:32:37.270+0000] {dag.py:3096} INFO - Sync 1 DAGs
[2024-04-11T14:32:37.300+0000] {logging_mixin.py:188} INFO - [2024-04-11T14:32:37.300+0000] {dag.py:3954} INFO - Setting next_dagrun for example_short_circuit_operator to 2024-04-10 00:00:00+00:00, run_after=2024-04-11 00:00:00+00:00
[2024-04-11T14:32:37.334+0000] {processor.py:183} INFO - Processing /home/airflow/.local/lib/python3.12/site-packages/airflow/example_dags/example_short_circuit_operator.py took 0.125 seconds
[2024-04-11T14:33:08.258+0000] {processor.py:161} INFO - Started process (PID=803) to work on /home/airflow/.local/lib/python3.12/site-packages/airflow/example_dags/example_short_circuit_operator.py
[2024-04-11T14:33:08.260+0000] {processor.py:830} INFO - Processing file /home/airflow/.local/lib/python3.12/site-packages/airflow/example_dags/example_short_circuit_operator.py for tasks to queue
[2024-04-11T14:33:08.264+0000] {logging_mixin.py:188} INFO - [2024-04-11T14:33:08.263+0000] {dagbag.py:540} INFO - Filling up the DagBag from /home/airflow/.local/lib/python3.12/site-packages/airflow/example_dags/example_short_circuit_operator.py
[2024-04-11T14:33:08.277+0000] {processor.py:840} INFO - DAG(s) 'example_short_circuit_operator' retrieved from /home/airflow/.local/lib/python3.12/site-packages/airflow/example_dags/example_short_circuit_operator.py
[2024-04-11T14:33:08.312+0000] {logging_mixin.py:188} INFO - [2024-04-11T14:33:08.312+0000] {dag.py:3096} INFO - Sync 1 DAGs
[2024-04-11T14:33:08.343+0000] {logging_mixin.py:188} INFO - [2024-04-11T14:33:08.342+0000] {dag.py:3954} INFO - Setting next_dagrun for example_short_circuit_operator to 2024-04-10 00:00:00+00:00, run_after=2024-04-11 00:00:00+00:00
[2024-04-11T14:33:08.372+0000] {processor.py:183} INFO - Processing /home/airflow/.local/lib/python3.12/site-packages/airflow/example_dags/example_short_circuit_operator.py took 0.127 seconds
[2024-04-11T14:33:39.000+0000] {processor.py:161} INFO - Started process (PID=861) to work on /home/airflow/.local/lib/python3.12/site-packages/airflow/example_dags/example_short_circuit_operator.py
[2024-04-11T14:33:39.001+0000] {processor.py:830} INFO - Processing file /home/airflow/.local/lib/python3.12/site-packages/airflow/example_dags/example_short_circuit_operator.py for tasks to queue
[2024-04-11T14:33:39.004+0000] {logging_mixin.py:188} INFO - [2024-04-11T14:33:39.004+0000] {dagbag.py:540} INFO - Filling up the DagBag from /home/airflow/.local/lib/python3.12/site-packages/airflow/example_dags/example_short_circuit_operator.py
[2024-04-11T14:33:39.014+0000] {processor.py:840} INFO - DAG(s) 'example_short_circuit_operator' retrieved from /home/airflow/.local/lib/python3.12/site-packages/airflow/example_dags/example_short_circuit_operator.py
[2024-04-11T14:33:39.047+0000] {logging_mixin.py:188} INFO - [2024-04-11T14:33:39.047+0000] {dag.py:3096} INFO - Sync 1 DAGs
[2024-04-11T14:33:39.077+0000] {logging_mixin.py:188} INFO - [2024-04-11T14:33:39.077+0000] {dag.py:3954} INFO - Setting next_dagrun for example_short_circuit_operator to 2024-04-10 00:00:00+00:00, run_after=2024-04-11 00:00:00+00:00
[2024-04-11T14:33:39.105+0000] {processor.py:183} INFO - Processing /home/airflow/.local/lib/python3.12/site-packages/airflow/example_dags/example_short_circuit_operator.py took 0.114 seconds
[2024-04-11T14:34:09.786+0000] {processor.py:161} INFO - Started process (PID=919) to work on /home/airflow/.local/lib/python3.12/site-packages/airflow/example_dags/example_short_circuit_operator.py
[2024-04-11T14:34:09.788+0000] {processor.py:830} INFO - Processing file /home/airflow/.local/lib/python3.12/site-packages/airflow/example_dags/example_short_circuit_operator.py for tasks to queue
[2024-04-11T14:34:09.790+0000] {logging_mixin.py:188} INFO - [2024-04-11T14:34:09.790+0000] {dagbag.py:540} INFO - Filling up the DagBag from /home/airflow/.local/lib/python3.12/site-packages/airflow/example_dags/example_short_circuit_operator.py
[2024-04-11T14:34:09.801+0000] {processor.py:840} INFO - DAG(s) 'example_short_circuit_operator' retrieved from /home/airflow/.local/lib/python3.12/site-packages/airflow/example_dags/example_short_circuit_operator.py
[2024-04-11T14:34:09.834+0000] {logging_mixin.py:188} INFO - [2024-04-11T14:34:09.834+0000] {dag.py:3096} INFO - Sync 1 DAGs
[2024-04-11T14:34:09.865+0000] {logging_mixin.py:188} INFO - [2024-04-11T14:34:09.864+0000] {dag.py:3954} INFO - Setting next_dagrun for example_short_circuit_operator to 2024-04-10 00:00:00+00:00, run_after=2024-04-11 00:00:00+00:00
[2024-04-11T14:34:10.050+0000] {processor.py:183} INFO - Processing /home/airflow/.local/lib/python3.12/site-packages/airflow/example_dags/example_short_circuit_operator.py took 0.272 seconds
[2024-04-11T14:34:40.917+0000] {processor.py:161} INFO - Started process (PID=977) to work on /home/airflow/.local/lib/python3.12/site-packages/airflow/example_dags/example_short_circuit_operator.py
[2024-04-11T14:34:40.919+0000] {processor.py:830} INFO - Processing file /home/airflow/.local/lib/python3.12/site-packages/airflow/example_dags/example_short_circuit_operator.py for tasks to queue
[2024-04-11T14:34:40.922+0000] {logging_mixin.py:188} INFO - [2024-04-11T14:34:40.921+0000] {dagbag.py:540} INFO - Filling up the DagBag from /home/airflow/.local/lib/python3.12/site-packages/airflow/example_dags/example_short_circuit_operator.py
[2024-04-11T14:34:40.932+0000] {processor.py:840} INFO - DAG(s) 'example_short_circuit_operator' retrieved from /home/airflow/.local/lib/python3.12/site-packages/airflow/example_dags/example_short_circuit_operator.py
[2024-04-11T14:34:40.967+0000] {logging_mixin.py:188} INFO - [2024-04-11T14:34:40.966+0000] {dag.py:3096} INFO - Sync 1 DAGs
[2024-04-11T14:34:40.999+0000] {logging_mixin.py:188} INFO - [2024-04-11T14:34:40.998+0000] {dag.py:3954} INFO - Setting next_dagrun for example_short_circuit_operator to 2024-04-10 00:00:00+00:00, run_after=2024-04-11 00:00:00+00:00
[2024-04-11T14:34:41.027+0000] {processor.py:183} INFO - Processing /home/airflow/.local/lib/python3.12/site-packages/airflow/example_dags/example_short_circuit_operator.py took 0.117 seconds
[2024-04-11T14:35:11.727+0000] {processor.py:161} INFO - Started process (PID=1035) to work on /home/airflow/.local/lib/python3.12/site-packages/airflow/example_dags/example_short_circuit_operator.py
[2024-04-11T14:35:11.729+0000] {processor.py:830} INFO - Processing file /home/airflow/.local/lib/python3.12/site-packages/airflow/example_dags/example_short_circuit_operator.py for tasks to queue
[2024-04-11T14:35:11.732+0000] {logging_mixin.py:188} INFO - [2024-04-11T14:35:11.731+0000] {dagbag.py:540} INFO - Filling up the DagBag from /home/airflow/.local/lib/python3.12/site-packages/airflow/example_dags/example_short_circuit_operator.py
[2024-04-11T14:35:11.742+0000] {processor.py:840} INFO - DAG(s) 'example_short_circuit_operator' retrieved from /home/airflow/.local/lib/python3.12/site-packages/airflow/example_dags/example_short_circuit_operator.py
[2024-04-11T14:35:11.776+0000] {logging_mixin.py:188} INFO - [2024-04-11T14:35:11.776+0000] {dag.py:3096} INFO - Sync 1 DAGs
[2024-04-11T14:35:11.807+0000] {logging_mixin.py:188} INFO - [2024-04-11T14:35:11.807+0000] {dag.py:3954} INFO - Setting next_dagrun for example_short_circuit_operator to 2024-04-10 00:00:00+00:00, run_after=2024-04-11 00:00:00+00:00
[2024-04-11T14:35:11.836+0000] {processor.py:183} INFO - Processing /home/airflow/.local/lib/python3.12/site-packages/airflow/example_dags/example_short_circuit_operator.py took 0.116 seconds
[2024-04-11T14:35:42.392+0000] {processor.py:161} INFO - Started process (PID=1093) to work on /home/airflow/.local/lib/python3.12/site-packages/airflow/example_dags/example_short_circuit_operator.py
[2024-04-11T14:35:42.393+0000] {processor.py:830} INFO - Processing file /home/airflow/.local/lib/python3.12/site-packages/airflow/example_dags/example_short_circuit_operator.py for tasks to queue
[2024-04-11T14:35:42.396+0000] {logging_mixin.py:188} INFO - [2024-04-11T14:35:42.396+0000] {dagbag.py:540} INFO - Filling up the DagBag from /home/airflow/.local/lib/python3.12/site-packages/airflow/example_dags/example_short_circuit_operator.py
[2024-04-11T14:35:42.406+0000] {processor.py:840} INFO - DAG(s) 'example_short_circuit_operator' retrieved from /home/airflow/.local/lib/python3.12/site-packages/airflow/example_dags/example_short_circuit_operator.py
[2024-04-11T14:35:42.610+0000] {logging_mixin.py:188} INFO - [2024-04-11T14:35:42.609+0000] {dag.py:3096} INFO - Sync 1 DAGs
[2024-04-11T14:35:42.639+0000] {logging_mixin.py:188} INFO - [2024-04-11T14:35:42.639+0000] {dag.py:3954} INFO - Setting next_dagrun for example_short_circuit_operator to 2024-04-10 00:00:00+00:00, run_after=2024-04-11 00:00:00+00:00
[2024-04-11T14:35:42.669+0000] {processor.py:183} INFO - Processing /home/airflow/.local/lib/python3.12/site-packages/airflow/example_dags/example_short_circuit_operator.py took 0.286 seconds
[2024-04-11T14:36:12.980+0000] {processor.py:161} INFO - Started process (PID=1151) to work on /home/airflow/.local/lib/python3.12/site-packages/airflow/example_dags/example_short_circuit_operator.py
[2024-04-11T14:36:12.982+0000] {processor.py:830} INFO - Processing file /home/airflow/.local/lib/python3.12/site-packages/airflow/example_dags/example_short_circuit_operator.py for tasks to queue
[2024-04-11T14:36:12.985+0000] {logging_mixin.py:188} INFO - [2024-04-11T14:36:12.984+0000] {dagbag.py:540} INFO - Filling up the DagBag from /home/airflow/.local/lib/python3.12/site-packages/airflow/example_dags/example_short_circuit_operator.py
[2024-04-11T14:36:12.995+0000] {processor.py:840} INFO - DAG(s) 'example_short_circuit_operator' retrieved from /home/airflow/.local/lib/python3.12/site-packages/airflow/example_dags/example_short_circuit_operator.py
[2024-04-11T14:36:13.030+0000] {logging_mixin.py:188} INFO - [2024-04-11T14:36:13.029+0000] {dag.py:3096} INFO - Sync 1 DAGs
[2024-04-11T14:36:13.062+0000] {logging_mixin.py:188} INFO - [2024-04-11T14:36:13.062+0000] {dag.py:3954} INFO - Setting next_dagrun for example_short_circuit_operator to 2024-04-10 00:00:00+00:00, run_after=2024-04-11 00:00:00+00:00
[2024-04-11T14:36:13.092+0000] {processor.py:183} INFO - Processing /home/airflow/.local/lib/python3.12/site-packages/airflow/example_dags/example_short_circuit_operator.py took 0.121 seconds
