[2024-04-11T14:26:35.680+0000] {processor.py:161} INFO - Started process (PID=69) to work on /home/airflow/.local/lib/python3.12/site-packages/airflow/example_dags/example_nested_branch_dag.py
[2024-04-11T14:26:35.682+0000] {processor.py:830} INFO - Processing file /home/airflow/.local/lib/python3.12/site-packages/airflow/example_dags/example_nested_branch_dag.py for tasks to queue
[2024-04-11T14:26:35.685+0000] {logging_mixin.py:188} INFO - [2024-04-11T14:26:35.685+0000] {dagbag.py:540} INFO - Filling up the DagBag from /home/airflow/.local/lib/python3.12/site-packages/airflow/example_dags/example_nested_branch_dag.py
[2024-04-11T14:26:35.706+0000] {processor.py:840} INFO - DAG(s) 'example_nested_branch_dag' retrieved from /home/airflow/.local/lib/python3.12/site-packages/airflow/example_dags/example_nested_branch_dag.py
[2024-04-11T14:26:35.944+0000] {logging_mixin.py:188} INFO - [2024-04-11T14:26:35.943+0000] {dag.py:3096} INFO - Sync 1 DAGs
[2024-04-11T14:26:35.984+0000] {logging_mixin.py:188} INFO - [2024-04-11T14:26:35.983+0000] {dag.py:3954} INFO - Setting next_dagrun for example_nested_branch_dag to 2024-04-10 00:00:00+00:00, run_after=2024-04-11 00:00:00+00:00
[2024-04-11T14:26:36.023+0000] {processor.py:183} INFO - Processing /home/airflow/.local/lib/python3.12/site-packages/airflow/example_dags/example_nested_branch_dag.py took 0.355 seconds
[2024-04-11T14:27:06.400+0000] {processor.py:161} INFO - Started process (PID=127) to work on /home/airflow/.local/lib/python3.12/site-packages/airflow/example_dags/example_nested_branch_dag.py
[2024-04-11T14:27:06.402+0000] {processor.py:830} INFO - Processing file /home/airflow/.local/lib/python3.12/site-packages/airflow/example_dags/example_nested_branch_dag.py for tasks to queue
[2024-04-11T14:27:06.405+0000] {logging_mixin.py:188} INFO - [2024-04-11T14:27:06.405+0000] {dagbag.py:540} INFO - Filling up the DagBag from /home/airflow/.local/lib/python3.12/site-packages/airflow/example_dags/example_nested_branch_dag.py
[2024-04-11T14:27:06.420+0000] {processor.py:840} INFO - DAG(s) 'example_nested_branch_dag' retrieved from /home/airflow/.local/lib/python3.12/site-packages/airflow/example_dags/example_nested_branch_dag.py
[2024-04-11T14:27:06.452+0000] {logging_mixin.py:188} INFO - [2024-04-11T14:27:06.451+0000] {dag.py:3096} INFO - Sync 1 DAGs
[2024-04-11T14:27:06.487+0000] {logging_mixin.py:188} INFO - [2024-04-11T14:27:06.486+0000] {dag.py:3954} INFO - Setting next_dagrun for example_nested_branch_dag to 2024-04-10 00:00:00+00:00, run_after=2024-04-11 00:00:00+00:00
[2024-04-11T14:27:06.517+0000] {processor.py:183} INFO - Processing /home/airflow/.local/lib/python3.12/site-packages/airflow/example_dags/example_nested_branch_dag.py took 0.124 seconds
[2024-04-11T14:27:36.664+0000] {processor.py:161} INFO - Started process (PID=185) to work on /home/airflow/.local/lib/python3.12/site-packages/airflow/example_dags/example_nested_branch_dag.py
[2024-04-11T14:27:36.666+0000] {processor.py:830} INFO - Processing file /home/airflow/.local/lib/python3.12/site-packages/airflow/example_dags/example_nested_branch_dag.py for tasks to queue
[2024-04-11T14:27:36.669+0000] {logging_mixin.py:188} INFO - [2024-04-11T14:27:36.668+0000] {dagbag.py:540} INFO - Filling up the DagBag from /home/airflow/.local/lib/python3.12/site-packages/airflow/example_dags/example_nested_branch_dag.py
[2024-04-11T14:27:36.683+0000] {processor.py:840} INFO - DAG(s) 'example_nested_branch_dag' retrieved from /home/airflow/.local/lib/python3.12/site-packages/airflow/example_dags/example_nested_branch_dag.py
[2024-04-11T14:27:36.714+0000] {logging_mixin.py:188} INFO - [2024-04-11T14:27:36.713+0000] {dag.py:3096} INFO - Sync 1 DAGs
[2024-04-11T14:27:36.747+0000] {logging_mixin.py:188} INFO - [2024-04-11T14:27:36.746+0000] {dag.py:3954} INFO - Setting next_dagrun for example_nested_branch_dag to 2024-04-10 00:00:00+00:00, run_after=2024-04-11 00:00:00+00:00
[2024-04-11T14:27:36.775+0000] {processor.py:183} INFO - Processing /home/airflow/.local/lib/python3.12/site-packages/airflow/example_dags/example_nested_branch_dag.py took 0.119 seconds
[2024-04-11T14:28:06.919+0000] {processor.py:161} INFO - Started process (PID=242) to work on /home/airflow/.local/lib/python3.12/site-packages/airflow/example_dags/example_nested_branch_dag.py
[2024-04-11T14:28:06.921+0000] {processor.py:830} INFO - Processing file /home/airflow/.local/lib/python3.12/site-packages/airflow/example_dags/example_nested_branch_dag.py for tasks to queue
[2024-04-11T14:28:06.923+0000] {logging_mixin.py:188} INFO - [2024-04-11T14:28:06.923+0000] {dagbag.py:540} INFO - Filling up the DagBag from /home/airflow/.local/lib/python3.12/site-packages/airflow/example_dags/example_nested_branch_dag.py
[2024-04-11T14:28:06.938+0000] {processor.py:840} INFO - DAG(s) 'example_nested_branch_dag' retrieved from /home/airflow/.local/lib/python3.12/site-packages/airflow/example_dags/example_nested_branch_dag.py
[2024-04-11T14:28:06.969+0000] {logging_mixin.py:188} INFO - [2024-04-11T14:28:06.969+0000] {dag.py:3096} INFO - Sync 1 DAGs
[2024-04-11T14:28:06.999+0000] {logging_mixin.py:188} INFO - [2024-04-11T14:28:06.999+0000] {dag.py:3954} INFO - Setting next_dagrun for example_nested_branch_dag to 2024-04-10 00:00:00+00:00, run_after=2024-04-11 00:00:00+00:00
[2024-04-11T14:28:07.027+0000] {processor.py:183} INFO - Processing /home/airflow/.local/lib/python3.12/site-packages/airflow/example_dags/example_nested_branch_dag.py took 0.117 seconds
[2024-04-11T14:28:37.070+0000] {processor.py:161} INFO - Started process (PID=300) to work on /home/airflow/.local/lib/python3.12/site-packages/airflow/example_dags/example_nested_branch_dag.py
[2024-04-11T14:28:37.072+0000] {processor.py:830} INFO - Processing file /home/airflow/.local/lib/python3.12/site-packages/airflow/example_dags/example_nested_branch_dag.py for tasks to queue
[2024-04-11T14:28:37.075+0000] {logging_mixin.py:188} INFO - [2024-04-11T14:28:37.074+0000] {dagbag.py:540} INFO - Filling up the DagBag from /home/airflow/.local/lib/python3.12/site-packages/airflow/example_dags/example_nested_branch_dag.py
[2024-04-11T14:28:37.089+0000] {processor.py:840} INFO - DAG(s) 'example_nested_branch_dag' retrieved from /home/airflow/.local/lib/python3.12/site-packages/airflow/example_dags/example_nested_branch_dag.py
[2024-04-11T14:28:37.121+0000] {logging_mixin.py:188} INFO - [2024-04-11T14:28:37.120+0000] {dag.py:3096} INFO - Sync 1 DAGs
[2024-04-11T14:28:37.152+0000] {logging_mixin.py:188} INFO - [2024-04-11T14:28:37.152+0000] {dag.py:3954} INFO - Setting next_dagrun for example_nested_branch_dag to 2024-04-10 00:00:00+00:00, run_after=2024-04-11 00:00:00+00:00
[2024-04-11T14:28:37.183+0000] {processor.py:183} INFO - Processing /home/airflow/.local/lib/python3.12/site-packages/airflow/example_dags/example_nested_branch_dag.py took 0.121 seconds
[2024-04-11T14:29:07.316+0000] {processor.py:161} INFO - Started process (PID=358) to work on /home/airflow/.local/lib/python3.12/site-packages/airflow/example_dags/example_nested_branch_dag.py
[2024-04-11T14:29:07.318+0000] {processor.py:830} INFO - Processing file /home/airflow/.local/lib/python3.12/site-packages/airflow/example_dags/example_nested_branch_dag.py for tasks to queue
[2024-04-11T14:29:07.321+0000] {logging_mixin.py:188} INFO - [2024-04-11T14:29:07.320+0000] {dagbag.py:540} INFO - Filling up the DagBag from /home/airflow/.local/lib/python3.12/site-packages/airflow/example_dags/example_nested_branch_dag.py
[2024-04-11T14:29:07.336+0000] {processor.py:840} INFO - DAG(s) 'example_nested_branch_dag' retrieved from /home/airflow/.local/lib/python3.12/site-packages/airflow/example_dags/example_nested_branch_dag.py
[2024-04-11T14:29:07.370+0000] {logging_mixin.py:188} INFO - [2024-04-11T14:29:07.370+0000] {dag.py:3096} INFO - Sync 1 DAGs
[2024-04-11T14:29:07.402+0000] {logging_mixin.py:188} INFO - [2024-04-11T14:29:07.401+0000] {dag.py:3954} INFO - Setting next_dagrun for example_nested_branch_dag to 2024-04-10 00:00:00+00:00, run_after=2024-04-11 00:00:00+00:00
[2024-04-11T14:29:07.433+0000] {processor.py:183} INFO - Processing /home/airflow/.local/lib/python3.12/site-packages/airflow/example_dags/example_nested_branch_dag.py took 0.125 seconds
[2024-04-11T14:29:37.691+0000] {processor.py:161} INFO - Started process (PID=416) to work on /home/airflow/.local/lib/python3.12/site-packages/airflow/example_dags/example_nested_branch_dag.py
[2024-04-11T14:29:37.693+0000] {processor.py:830} INFO - Processing file /home/airflow/.local/lib/python3.12/site-packages/airflow/example_dags/example_nested_branch_dag.py for tasks to queue
[2024-04-11T14:29:37.696+0000] {logging_mixin.py:188} INFO - [2024-04-11T14:29:37.695+0000] {dagbag.py:540} INFO - Filling up the DagBag from /home/airflow/.local/lib/python3.12/site-packages/airflow/example_dags/example_nested_branch_dag.py
[2024-04-11T14:29:37.711+0000] {processor.py:840} INFO - DAG(s) 'example_nested_branch_dag' retrieved from /home/airflow/.local/lib/python3.12/site-packages/airflow/example_dags/example_nested_branch_dag.py
[2024-04-11T14:29:37.742+0000] {logging_mixin.py:188} INFO - [2024-04-11T14:29:37.742+0000] {dag.py:3096} INFO - Sync 1 DAGs
[2024-04-11T14:29:37.774+0000] {logging_mixin.py:188} INFO - [2024-04-11T14:29:37.773+0000] {dag.py:3954} INFO - Setting next_dagrun for example_nested_branch_dag to 2024-04-10 00:00:00+00:00, run_after=2024-04-11 00:00:00+00:00
[2024-04-11T14:29:37.805+0000] {processor.py:183} INFO - Processing /home/airflow/.local/lib/python3.12/site-packages/airflow/example_dags/example_nested_branch_dag.py took 0.123 seconds
[2024-04-11T14:30:07.986+0000] {processor.py:161} INFO - Started process (PID=474) to work on /home/airflow/.local/lib/python3.12/site-packages/airflow/example_dags/example_nested_branch_dag.py
[2024-04-11T14:30:07.988+0000] {processor.py:830} INFO - Processing file /home/airflow/.local/lib/python3.12/site-packages/airflow/example_dags/example_nested_branch_dag.py for tasks to queue
[2024-04-11T14:30:07.991+0000] {logging_mixin.py:188} INFO - [2024-04-11T14:30:07.990+0000] {dagbag.py:540} INFO - Filling up the DagBag from /home/airflow/.local/lib/python3.12/site-packages/airflow/example_dags/example_nested_branch_dag.py
[2024-04-11T14:30:08.006+0000] {processor.py:840} INFO - DAG(s) 'example_nested_branch_dag' retrieved from /home/airflow/.local/lib/python3.12/site-packages/airflow/example_dags/example_nested_branch_dag.py
[2024-04-11T14:30:08.036+0000] {logging_mixin.py:188} INFO - [2024-04-11T14:30:08.036+0000] {dag.py:3096} INFO - Sync 1 DAGs
[2024-04-11T14:30:08.069+0000] {logging_mixin.py:188} INFO - [2024-04-11T14:30:08.069+0000] {dag.py:3954} INFO - Setting next_dagrun for example_nested_branch_dag to 2024-04-10 00:00:00+00:00, run_after=2024-04-11 00:00:00+00:00
[2024-04-11T14:30:08.100+0000] {processor.py:183} INFO - Processing /home/airflow/.local/lib/python3.12/site-packages/airflow/example_dags/example_nested_branch_dag.py took 0.123 seconds
[2024-04-11T14:30:38.584+0000] {processor.py:161} INFO - Started process (PID=532) to work on /home/airflow/.local/lib/python3.12/site-packages/airflow/example_dags/example_nested_branch_dag.py
[2024-04-11T14:30:38.586+0000] {processor.py:830} INFO - Processing file /home/airflow/.local/lib/python3.12/site-packages/airflow/example_dags/example_nested_branch_dag.py for tasks to queue
[2024-04-11T14:30:38.590+0000] {logging_mixin.py:188} INFO - [2024-04-11T14:30:38.589+0000] {dagbag.py:540} INFO - Filling up the DagBag from /home/airflow/.local/lib/python3.12/site-packages/airflow/example_dags/example_nested_branch_dag.py
[2024-04-11T14:30:38.607+0000] {processor.py:840} INFO - DAG(s) 'example_nested_branch_dag' retrieved from /home/airflow/.local/lib/python3.12/site-packages/airflow/example_dags/example_nested_branch_dag.py
[2024-04-11T14:30:38.639+0000] {logging_mixin.py:188} INFO - [2024-04-11T14:30:38.638+0000] {dag.py:3096} INFO - Sync 1 DAGs
[2024-04-11T14:30:38.671+0000] {logging_mixin.py:188} INFO - [2024-04-11T14:30:38.671+0000] {dag.py:3954} INFO - Setting next_dagrun for example_nested_branch_dag to 2024-04-10 00:00:00+00:00, run_after=2024-04-11 00:00:00+00:00
[2024-04-11T14:30:38.702+0000] {processor.py:183} INFO - Processing /home/airflow/.local/lib/python3.12/site-packages/airflow/example_dags/example_nested_branch_dag.py took 0.126 seconds
[2024-04-11T14:31:09.352+0000] {processor.py:161} INFO - Started process (PID=590) to work on /home/airflow/.local/lib/python3.12/site-packages/airflow/example_dags/example_nested_branch_dag.py
[2024-04-11T14:31:09.354+0000] {processor.py:830} INFO - Processing file /home/airflow/.local/lib/python3.12/site-packages/airflow/example_dags/example_nested_branch_dag.py for tasks to queue
[2024-04-11T14:31:09.358+0000] {logging_mixin.py:188} INFO - [2024-04-11T14:31:09.357+0000] {dagbag.py:540} INFO - Filling up the DagBag from /home/airflow/.local/lib/python3.12/site-packages/airflow/example_dags/example_nested_branch_dag.py
[2024-04-11T14:31:09.375+0000] {processor.py:840} INFO - DAG(s) 'example_nested_branch_dag' retrieved from /home/airflow/.local/lib/python3.12/site-packages/airflow/example_dags/example_nested_branch_dag.py
[2024-04-11T14:31:09.407+0000] {logging_mixin.py:188} INFO - [2024-04-11T14:31:09.407+0000] {dag.py:3096} INFO - Sync 1 DAGs
[2024-04-11T14:31:09.440+0000] {logging_mixin.py:188} INFO - [2024-04-11T14:31:09.439+0000] {dag.py:3954} INFO - Setting next_dagrun for example_nested_branch_dag to 2024-04-10 00:00:00+00:00, run_after=2024-04-11 00:00:00+00:00
[2024-04-11T14:31:09.471+0000] {processor.py:183} INFO - Processing /home/airflow/.local/lib/python3.12/site-packages/airflow/example_dags/example_nested_branch_dag.py took 0.130 seconds
[2024-04-11T14:31:39.922+0000] {processor.py:161} INFO - Started process (PID=648) to work on /home/airflow/.local/lib/python3.12/site-packages/airflow/example_dags/example_nested_branch_dag.py
[2024-04-11T14:31:39.925+0000] {processor.py:830} INFO - Processing file /home/airflow/.local/lib/python3.12/site-packages/airflow/example_dags/example_nested_branch_dag.py for tasks to queue
[2024-04-11T14:31:39.930+0000] {logging_mixin.py:188} INFO - [2024-04-11T14:31:39.929+0000] {dagbag.py:540} INFO - Filling up the DagBag from /home/airflow/.local/lib/python3.12/site-packages/airflow/example_dags/example_nested_branch_dag.py
[2024-04-11T14:31:39.950+0000] {processor.py:840} INFO - DAG(s) 'example_nested_branch_dag' retrieved from /home/airflow/.local/lib/python3.12/site-packages/airflow/example_dags/example_nested_branch_dag.py
[2024-04-11T14:31:39.990+0000] {logging_mixin.py:188} INFO - [2024-04-11T14:31:39.990+0000] {dag.py:3096} INFO - Sync 1 DAGs
[2024-04-11T14:31:40.034+0000] {logging_mixin.py:188} INFO - [2024-04-11T14:31:40.034+0000] {dag.py:3954} INFO - Setting next_dagrun for example_nested_branch_dag to 2024-04-10 00:00:00+00:00, run_after=2024-04-11 00:00:00+00:00
[2024-04-11T14:31:40.075+0000] {processor.py:183} INFO - Processing /home/airflow/.local/lib/python3.12/site-packages/airflow/example_dags/example_nested_branch_dag.py took 0.166 seconds
[2024-04-11T14:32:11.029+0000] {processor.py:161} INFO - Started process (PID=706) to work on /home/airflow/.local/lib/python3.12/site-packages/airflow/example_dags/example_nested_branch_dag.py
[2024-04-11T14:32:11.031+0000] {processor.py:830} INFO - Processing file /home/airflow/.local/lib/python3.12/site-packages/airflow/example_dags/example_nested_branch_dag.py for tasks to queue
[2024-04-11T14:32:11.034+0000] {logging_mixin.py:188} INFO - [2024-04-11T14:32:11.033+0000] {dagbag.py:540} INFO - Filling up the DagBag from /home/airflow/.local/lib/python3.12/site-packages/airflow/example_dags/example_nested_branch_dag.py
[2024-04-11T14:32:11.049+0000] {processor.py:840} INFO - DAG(s) 'example_nested_branch_dag' retrieved from /home/airflow/.local/lib/python3.12/site-packages/airflow/example_dags/example_nested_branch_dag.py
[2024-04-11T14:32:11.081+0000] {logging_mixin.py:188} INFO - [2024-04-11T14:32:11.080+0000] {dag.py:3096} INFO - Sync 1 DAGs
[2024-04-11T14:32:11.116+0000] {logging_mixin.py:188} INFO - [2024-04-11T14:32:11.116+0000] {dag.py:3954} INFO - Setting next_dagrun for example_nested_branch_dag to 2024-04-10 00:00:00+00:00, run_after=2024-04-11 00:00:00+00:00
[2024-04-11T14:32:11.154+0000] {processor.py:183} INFO - Processing /home/airflow/.local/lib/python3.12/site-packages/airflow/example_dags/example_nested_branch_dag.py took 0.133 seconds
[2024-04-11T14:32:41.846+0000] {processor.py:161} INFO - Started process (PID=764) to work on /home/airflow/.local/lib/python3.12/site-packages/airflow/example_dags/example_nested_branch_dag.py
[2024-04-11T14:32:41.848+0000] {processor.py:830} INFO - Processing file /home/airflow/.local/lib/python3.12/site-packages/airflow/example_dags/example_nested_branch_dag.py for tasks to queue
[2024-04-11T14:32:41.853+0000] {logging_mixin.py:188} INFO - [2024-04-11T14:32:41.852+0000] {dagbag.py:540} INFO - Filling up the DagBag from /home/airflow/.local/lib/python3.12/site-packages/airflow/example_dags/example_nested_branch_dag.py
[2024-04-11T14:32:41.874+0000] {processor.py:840} INFO - DAG(s) 'example_nested_branch_dag' retrieved from /home/airflow/.local/lib/python3.12/site-packages/airflow/example_dags/example_nested_branch_dag.py
[2024-04-11T14:32:41.909+0000] {logging_mixin.py:188} INFO - [2024-04-11T14:32:41.909+0000] {dag.py:3096} INFO - Sync 1 DAGs
[2024-04-11T14:32:41.944+0000] {logging_mixin.py:188} INFO - [2024-04-11T14:32:41.944+0000] {dag.py:3954} INFO - Setting next_dagrun for example_nested_branch_dag to 2024-04-10 00:00:00+00:00, run_after=2024-04-11 00:00:00+00:00
[2024-04-11T14:32:41.975+0000] {processor.py:183} INFO - Processing /home/airflow/.local/lib/python3.12/site-packages/airflow/example_dags/example_nested_branch_dag.py took 0.142 seconds
[2024-04-11T14:33:12.777+0000] {processor.py:161} INFO - Started process (PID=822) to work on /home/airflow/.local/lib/python3.12/site-packages/airflow/example_dags/example_nested_branch_dag.py
[2024-04-11T14:33:12.778+0000] {processor.py:830} INFO - Processing file /home/airflow/.local/lib/python3.12/site-packages/airflow/example_dags/example_nested_branch_dag.py for tasks to queue
[2024-04-11T14:33:12.782+0000] {logging_mixin.py:188} INFO - [2024-04-11T14:33:12.781+0000] {dagbag.py:540} INFO - Filling up the DagBag from /home/airflow/.local/lib/python3.12/site-packages/airflow/example_dags/example_nested_branch_dag.py
[2024-04-11T14:33:12.796+0000] {processor.py:840} INFO - DAG(s) 'example_nested_branch_dag' retrieved from /home/airflow/.local/lib/python3.12/site-packages/airflow/example_dags/example_nested_branch_dag.py
[2024-04-11T14:33:12.828+0000] {logging_mixin.py:188} INFO - [2024-04-11T14:33:12.827+0000] {dag.py:3096} INFO - Sync 1 DAGs
[2024-04-11T14:33:12.859+0000] {logging_mixin.py:188} INFO - [2024-04-11T14:33:12.859+0000] {dag.py:3954} INFO - Setting next_dagrun for example_nested_branch_dag to 2024-04-10 00:00:00+00:00, run_after=2024-04-11 00:00:00+00:00
[2024-04-11T14:33:12.891+0000] {processor.py:183} INFO - Processing /home/airflow/.local/lib/python3.12/site-packages/airflow/example_dags/example_nested_branch_dag.py took 0.122 seconds
[2024-04-11T14:33:43.946+0000] {processor.py:161} INFO - Started process (PID=880) to work on /home/airflow/.local/lib/python3.12/site-packages/airflow/example_dags/example_nested_branch_dag.py
[2024-04-11T14:33:43.949+0000] {processor.py:830} INFO - Processing file /home/airflow/.local/lib/python3.12/site-packages/airflow/example_dags/example_nested_branch_dag.py for tasks to queue
[2024-04-11T14:33:43.953+0000] {logging_mixin.py:188} INFO - [2024-04-11T14:33:43.952+0000] {dagbag.py:540} INFO - Filling up the DagBag from /home/airflow/.local/lib/python3.12/site-packages/airflow/example_dags/example_nested_branch_dag.py
[2024-04-11T14:33:43.977+0000] {processor.py:840} INFO - DAG(s) 'example_nested_branch_dag' retrieved from /home/airflow/.local/lib/python3.12/site-packages/airflow/example_dags/example_nested_branch_dag.py
[2024-04-11T14:33:44.025+0000] {logging_mixin.py:188} INFO - [2024-04-11T14:33:44.024+0000] {dag.py:3096} INFO - Sync 1 DAGs
[2024-04-11T14:33:44.109+0000] {logging_mixin.py:188} INFO - [2024-04-11T14:33:44.108+0000] {dag.py:3954} INFO - Setting next_dagrun for example_nested_branch_dag to 2024-04-10 00:00:00+00:00, run_after=2024-04-11 00:00:00+00:00
[2024-04-11T14:33:44.168+0000] {processor.py:183} INFO - Processing /home/airflow/.local/lib/python3.12/site-packages/airflow/example_dags/example_nested_branch_dag.py took 0.235 seconds
[2024-04-11T14:34:14.440+0000] {processor.py:161} INFO - Started process (PID=938) to work on /home/airflow/.local/lib/python3.12/site-packages/airflow/example_dags/example_nested_branch_dag.py
[2024-04-11T14:34:14.442+0000] {processor.py:830} INFO - Processing file /home/airflow/.local/lib/python3.12/site-packages/airflow/example_dags/example_nested_branch_dag.py for tasks to queue
[2024-04-11T14:34:14.445+0000] {logging_mixin.py:188} INFO - [2024-04-11T14:34:14.444+0000] {dagbag.py:540} INFO - Filling up the DagBag from /home/airflow/.local/lib/python3.12/site-packages/airflow/example_dags/example_nested_branch_dag.py
[2024-04-11T14:34:14.461+0000] {processor.py:840} INFO - DAG(s) 'example_nested_branch_dag' retrieved from /home/airflow/.local/lib/python3.12/site-packages/airflow/example_dags/example_nested_branch_dag.py
[2024-04-11T14:34:14.496+0000] {logging_mixin.py:188} INFO - [2024-04-11T14:34:14.495+0000] {dag.py:3096} INFO - Sync 1 DAGs
[2024-04-11T14:34:14.680+0000] {logging_mixin.py:188} INFO - [2024-04-11T14:34:14.679+0000] {dag.py:3954} INFO - Setting next_dagrun for example_nested_branch_dag to 2024-04-10 00:00:00+00:00, run_after=2024-04-11 00:00:00+00:00
[2024-04-11T14:34:14.708+0000] {processor.py:183} INFO - Processing /home/airflow/.local/lib/python3.12/site-packages/airflow/example_dags/example_nested_branch_dag.py took 0.276 seconds
[2024-04-11T14:34:45.530+0000] {processor.py:161} INFO - Started process (PID=996) to work on /home/airflow/.local/lib/python3.12/site-packages/airflow/example_dags/example_nested_branch_dag.py
[2024-04-11T14:34:45.531+0000] {processor.py:830} INFO - Processing file /home/airflow/.local/lib/python3.12/site-packages/airflow/example_dags/example_nested_branch_dag.py for tasks to queue
[2024-04-11T14:34:45.534+0000] {logging_mixin.py:188} INFO - [2024-04-11T14:34:45.534+0000] {dagbag.py:540} INFO - Filling up the DagBag from /home/airflow/.local/lib/python3.12/site-packages/airflow/example_dags/example_nested_branch_dag.py
[2024-04-11T14:34:45.549+0000] {processor.py:840} INFO - DAG(s) 'example_nested_branch_dag' retrieved from /home/airflow/.local/lib/python3.12/site-packages/airflow/example_dags/example_nested_branch_dag.py
[2024-04-11T14:34:45.588+0000] {logging_mixin.py:188} INFO - [2024-04-11T14:34:45.587+0000] {dag.py:3096} INFO - Sync 1 DAGs
[2024-04-11T14:34:45.632+0000] {logging_mixin.py:188} INFO - [2024-04-11T14:34:45.631+0000] {dag.py:3954} INFO - Setting next_dagrun for example_nested_branch_dag to 2024-04-10 00:00:00+00:00, run_after=2024-04-11 00:00:00+00:00
[2024-04-11T14:34:45.674+0000] {processor.py:183} INFO - Processing /home/airflow/.local/lib/python3.12/site-packages/airflow/example_dags/example_nested_branch_dag.py took 0.152 seconds
[2024-04-11T14:35:16.315+0000] {processor.py:161} INFO - Started process (PID=1054) to work on /home/airflow/.local/lib/python3.12/site-packages/airflow/example_dags/example_nested_branch_dag.py
[2024-04-11T14:35:16.317+0000] {processor.py:830} INFO - Processing file /home/airflow/.local/lib/python3.12/site-packages/airflow/example_dags/example_nested_branch_dag.py for tasks to queue
[2024-04-11T14:35:16.319+0000] {logging_mixin.py:188} INFO - [2024-04-11T14:35:16.319+0000] {dagbag.py:540} INFO - Filling up the DagBag from /home/airflow/.local/lib/python3.12/site-packages/airflow/example_dags/example_nested_branch_dag.py
[2024-04-11T14:35:16.334+0000] {processor.py:840} INFO - DAG(s) 'example_nested_branch_dag' retrieved from /home/airflow/.local/lib/python3.12/site-packages/airflow/example_dags/example_nested_branch_dag.py
[2024-04-11T14:35:16.367+0000] {logging_mixin.py:188} INFO - [2024-04-11T14:35:16.366+0000] {dag.py:3096} INFO - Sync 1 DAGs
[2024-04-11T14:35:16.402+0000] {logging_mixin.py:188} INFO - [2024-04-11T14:35:16.401+0000] {dag.py:3954} INFO - Setting next_dagrun for example_nested_branch_dag to 2024-04-10 00:00:00+00:00, run_after=2024-04-11 00:00:00+00:00
[2024-04-11T14:35:16.431+0000] {processor.py:183} INFO - Processing /home/airflow/.local/lib/python3.12/site-packages/airflow/example_dags/example_nested_branch_dag.py took 0.125 seconds
[2024-04-11T14:35:46.508+0000] {processor.py:161} INFO - Started process (PID=1113) to work on /home/airflow/.local/lib/python3.12/site-packages/airflow/example_dags/example_nested_branch_dag.py
[2024-04-11T14:35:46.509+0000] {processor.py:830} INFO - Processing file /home/airflow/.local/lib/python3.12/site-packages/airflow/example_dags/example_nested_branch_dag.py for tasks to queue
[2024-04-11T14:35:46.512+0000] {logging_mixin.py:188} INFO - [2024-04-11T14:35:46.512+0000] {dagbag.py:540} INFO - Filling up the DagBag from /home/airflow/.local/lib/python3.12/site-packages/airflow/example_dags/example_nested_branch_dag.py
[2024-04-11T14:35:46.527+0000] {processor.py:840} INFO - DAG(s) 'example_nested_branch_dag' retrieved from /home/airflow/.local/lib/python3.12/site-packages/airflow/example_dags/example_nested_branch_dag.py
[2024-04-11T14:35:46.711+0000] {logging_mixin.py:188} INFO - [2024-04-11T14:35:46.711+0000] {dag.py:3096} INFO - Sync 1 DAGs
[2024-04-11T14:35:46.742+0000] {logging_mixin.py:188} INFO - [2024-04-11T14:35:46.741+0000] {dag.py:3954} INFO - Setting next_dagrun for example_nested_branch_dag to 2024-04-10 00:00:00+00:00, run_after=2024-04-11 00:00:00+00:00
[2024-04-11T14:35:46.771+0000] {processor.py:183} INFO - Processing /home/airflow/.local/lib/python3.12/site-packages/airflow/example_dags/example_nested_branch_dag.py took 0.271 seconds
[2024-04-11T14:36:17.529+0000] {processor.py:161} INFO - Started process (PID=1170) to work on /home/airflow/.local/lib/python3.12/site-packages/airflow/example_dags/example_nested_branch_dag.py
[2024-04-11T14:36:17.531+0000] {processor.py:830} INFO - Processing file /home/airflow/.local/lib/python3.12/site-packages/airflow/example_dags/example_nested_branch_dag.py for tasks to queue
[2024-04-11T14:36:17.537+0000] {logging_mixin.py:188} INFO - [2024-04-11T14:36:17.536+0000] {dagbag.py:540} INFO - Filling up the DagBag from /home/airflow/.local/lib/python3.12/site-packages/airflow/example_dags/example_nested_branch_dag.py
[2024-04-11T14:36:17.559+0000] {processor.py:840} INFO - DAG(s) 'example_nested_branch_dag' retrieved from /home/airflow/.local/lib/python3.12/site-packages/airflow/example_dags/example_nested_branch_dag.py
[2024-04-11T14:36:17.602+0000] {logging_mixin.py:188} INFO - [2024-04-11T14:36:17.602+0000] {dag.py:3096} INFO - Sync 1 DAGs
[2024-04-11T14:36:17.648+0000] {logging_mixin.py:188} INFO - [2024-04-11T14:36:17.648+0000] {dag.py:3954} INFO - Setting next_dagrun for example_nested_branch_dag to 2024-04-10 00:00:00+00:00, run_after=2024-04-11 00:00:00+00:00
[2024-04-11T14:36:17.682+0000] {processor.py:183} INFO - Processing /home/airflow/.local/lib/python3.12/site-packages/airflow/example_dags/example_nested_branch_dag.py took 0.166 seconds
