[2024-04-11T14:26:30.911+0000] {processor.py:161} INFO - Started process (PID=40) to work on /home/airflow/.local/lib/python3.12/site-packages/airflow/example_dags/example_complex.py
[2024-04-11T14:26:30.913+0000] {processor.py:830} INFO - Processing file /home/airflow/.local/lib/python3.12/site-packages/airflow/example_dags/example_complex.py for tasks to queue
[2024-04-11T14:26:30.917+0000] {logging_mixin.py:188} INFO - [2024-04-11T14:26:30.916+0000] {dagbag.py:540} INFO - Filling up the DagBag from /home/airflow/.local/lib/python3.12/site-packages/airflow/example_dags/example_complex.py
[2024-04-11T14:26:30.943+0000] {processor.py:840} INFO - DAG(s) 'example_complex' retrieved from /home/airflow/.local/lib/python3.12/site-packages/airflow/example_dags/example_complex.py
[2024-04-11T14:26:31.163+0000] {logging_mixin.py:188} INFO - [2024-04-11T14:26:31.162+0000] {dag.py:3096} INFO - Sync 1 DAGs
[2024-04-11T14:26:31.180+0000] {logging_mixin.py:188} INFO - [2024-04-11T14:26:31.179+0000] {dag.py:3954} INFO - Setting next_dagrun for example_complex to None, run_after=None
[2024-04-11T14:26:31.223+0000] {processor.py:183} INFO - Processing /home/airflow/.local/lib/python3.12/site-packages/airflow/example_dags/example_complex.py took 0.325 seconds
[2024-04-11T14:27:01.315+0000] {processor.py:161} INFO - Started process (PID=98) to work on /home/airflow/.local/lib/python3.12/site-packages/airflow/example_dags/example_complex.py
[2024-04-11T14:27:01.317+0000] {processor.py:830} INFO - Processing file /home/airflow/.local/lib/python3.12/site-packages/airflow/example_dags/example_complex.py for tasks to queue
[2024-04-11T14:27:01.320+0000] {logging_mixin.py:188} INFO - [2024-04-11T14:27:01.320+0000] {dagbag.py:540} INFO - Filling up the DagBag from /home/airflow/.local/lib/python3.12/site-packages/airflow/example_dags/example_complex.py
[2024-04-11T14:27:01.335+0000] {processor.py:840} INFO - DAG(s) 'example_complex' retrieved from /home/airflow/.local/lib/python3.12/site-packages/airflow/example_dags/example_complex.py
[2024-04-11T14:27:01.380+0000] {logging_mixin.py:188} INFO - [2024-04-11T14:27:01.380+0000] {dag.py:3096} INFO - Sync 1 DAGs
[2024-04-11T14:27:01.401+0000] {logging_mixin.py:188} INFO - [2024-04-11T14:27:01.400+0000] {dag.py:3954} INFO - Setting next_dagrun for example_complex to None, run_after=None
[2024-04-11T14:27:01.429+0000] {processor.py:183} INFO - Processing /home/airflow/.local/lib/python3.12/site-packages/airflow/example_dags/example_complex.py took 0.123 seconds
[2024-04-11T14:27:31.711+0000] {processor.py:161} INFO - Started process (PID=156) to work on /home/airflow/.local/lib/python3.12/site-packages/airflow/example_dags/example_complex.py
[2024-04-11T14:27:31.713+0000] {processor.py:830} INFO - Processing file /home/airflow/.local/lib/python3.12/site-packages/airflow/example_dags/example_complex.py for tasks to queue
[2024-04-11T14:27:31.716+0000] {logging_mixin.py:188} INFO - [2024-04-11T14:27:31.715+0000] {dagbag.py:540} INFO - Filling up the DagBag from /home/airflow/.local/lib/python3.12/site-packages/airflow/example_dags/example_complex.py
[2024-04-11T14:27:31.730+0000] {processor.py:840} INFO - DAG(s) 'example_complex' retrieved from /home/airflow/.local/lib/python3.12/site-packages/airflow/example_dags/example_complex.py
[2024-04-11T14:27:31.774+0000] {logging_mixin.py:188} INFO - [2024-04-11T14:27:31.774+0000] {dag.py:3096} INFO - Sync 1 DAGs
[2024-04-11T14:27:31.793+0000] {logging_mixin.py:188} INFO - [2024-04-11T14:27:31.793+0000] {dag.py:3954} INFO - Setting next_dagrun for example_complex to None, run_after=None
[2024-04-11T14:27:31.821+0000] {processor.py:183} INFO - Processing /home/airflow/.local/lib/python3.12/site-packages/airflow/example_dags/example_complex.py took 0.118 seconds
[2024-04-11T14:28:01.928+0000] {processor.py:161} INFO - Started process (PID=214) to work on /home/airflow/.local/lib/python3.12/site-packages/airflow/example_dags/example_complex.py
[2024-04-11T14:28:01.930+0000] {processor.py:830} INFO - Processing file /home/airflow/.local/lib/python3.12/site-packages/airflow/example_dags/example_complex.py for tasks to queue
[2024-04-11T14:28:01.933+0000] {logging_mixin.py:188} INFO - [2024-04-11T14:28:01.933+0000] {dagbag.py:540} INFO - Filling up the DagBag from /home/airflow/.local/lib/python3.12/site-packages/airflow/example_dags/example_complex.py
[2024-04-11T14:28:01.948+0000] {processor.py:840} INFO - DAG(s) 'example_complex' retrieved from /home/airflow/.local/lib/python3.12/site-packages/airflow/example_dags/example_complex.py
[2024-04-11T14:28:01.993+0000] {logging_mixin.py:188} INFO - [2024-04-11T14:28:01.993+0000] {dag.py:3096} INFO - Sync 1 DAGs
[2024-04-11T14:28:02.011+0000] {logging_mixin.py:188} INFO - [2024-04-11T14:28:02.010+0000] {dag.py:3954} INFO - Setting next_dagrun for example_complex to None, run_after=None
[2024-04-11T14:28:02.039+0000] {processor.py:183} INFO - Processing /home/airflow/.local/lib/python3.12/site-packages/airflow/example_dags/example_complex.py took 0.119 seconds
[2024-04-11T14:28:32.172+0000] {processor.py:161} INFO - Started process (PID=272) to work on /home/airflow/.local/lib/python3.12/site-packages/airflow/example_dags/example_complex.py
[2024-04-11T14:28:32.174+0000] {processor.py:830} INFO - Processing file /home/airflow/.local/lib/python3.12/site-packages/airflow/example_dags/example_complex.py for tasks to queue
[2024-04-11T14:28:32.177+0000] {logging_mixin.py:188} INFO - [2024-04-11T14:28:32.177+0000] {dagbag.py:540} INFO - Filling up the DagBag from /home/airflow/.local/lib/python3.12/site-packages/airflow/example_dags/example_complex.py
[2024-04-11T14:28:32.192+0000] {processor.py:840} INFO - DAG(s) 'example_complex' retrieved from /home/airflow/.local/lib/python3.12/site-packages/airflow/example_dags/example_complex.py
[2024-04-11T14:28:32.242+0000] {logging_mixin.py:188} INFO - [2024-04-11T14:28:32.241+0000] {dag.py:3096} INFO - Sync 1 DAGs
[2024-04-11T14:28:32.263+0000] {logging_mixin.py:188} INFO - [2024-04-11T14:28:32.263+0000] {dag.py:3954} INFO - Setting next_dagrun for example_complex to None, run_after=None
[2024-04-11T14:28:32.291+0000] {processor.py:183} INFO - Processing /home/airflow/.local/lib/python3.12/site-packages/airflow/example_dags/example_complex.py took 0.130 seconds
[2024-04-11T14:29:02.475+0000] {processor.py:161} INFO - Started process (PID=330) to work on /home/airflow/.local/lib/python3.12/site-packages/airflow/example_dags/example_complex.py
[2024-04-11T14:29:02.478+0000] {processor.py:830} INFO - Processing file /home/airflow/.local/lib/python3.12/site-packages/airflow/example_dags/example_complex.py for tasks to queue
[2024-04-11T14:29:02.481+0000] {logging_mixin.py:188} INFO - [2024-04-11T14:29:02.481+0000] {dagbag.py:540} INFO - Filling up the DagBag from /home/airflow/.local/lib/python3.12/site-packages/airflow/example_dags/example_complex.py
[2024-04-11T14:29:02.497+0000] {processor.py:840} INFO - DAG(s) 'example_complex' retrieved from /home/airflow/.local/lib/python3.12/site-packages/airflow/example_dags/example_complex.py
[2024-04-11T14:29:02.542+0000] {logging_mixin.py:188} INFO - [2024-04-11T14:29:02.542+0000] {dag.py:3096} INFO - Sync 1 DAGs
[2024-04-11T14:29:02.561+0000] {logging_mixin.py:188} INFO - [2024-04-11T14:29:02.561+0000] {dag.py:3954} INFO - Setting next_dagrun for example_complex to None, run_after=None
[2024-04-11T14:29:02.588+0000] {processor.py:183} INFO - Processing /home/airflow/.local/lib/python3.12/site-packages/airflow/example_dags/example_complex.py took 0.123 seconds
[2024-04-11T14:29:32.963+0000] {processor.py:161} INFO - Started process (PID=388) to work on /home/airflow/.local/lib/python3.12/site-packages/airflow/example_dags/example_complex.py
[2024-04-11T14:29:32.965+0000] {processor.py:830} INFO - Processing file /home/airflow/.local/lib/python3.12/site-packages/airflow/example_dags/example_complex.py for tasks to queue
[2024-04-11T14:29:32.968+0000] {logging_mixin.py:188} INFO - [2024-04-11T14:29:32.968+0000] {dagbag.py:540} INFO - Filling up the DagBag from /home/airflow/.local/lib/python3.12/site-packages/airflow/example_dags/example_complex.py
[2024-04-11T14:29:32.983+0000] {processor.py:840} INFO - DAG(s) 'example_complex' retrieved from /home/airflow/.local/lib/python3.12/site-packages/airflow/example_dags/example_complex.py
[2024-04-11T14:29:33.031+0000] {logging_mixin.py:188} INFO - [2024-04-11T14:29:33.031+0000] {dag.py:3096} INFO - Sync 1 DAGs
[2024-04-11T14:29:33.051+0000] {logging_mixin.py:188} INFO - [2024-04-11T14:29:33.051+0000] {dag.py:3954} INFO - Setting next_dagrun for example_complex to None, run_after=None
[2024-04-11T14:29:33.079+0000] {processor.py:183} INFO - Processing /home/airflow/.local/lib/python3.12/site-packages/airflow/example_dags/example_complex.py took 0.125 seconds
[2024-04-11T14:30:03.342+0000] {processor.py:161} INFO - Started process (PID=446) to work on /home/airflow/.local/lib/python3.12/site-packages/airflow/example_dags/example_complex.py
[2024-04-11T14:30:03.343+0000] {processor.py:830} INFO - Processing file /home/airflow/.local/lib/python3.12/site-packages/airflow/example_dags/example_complex.py for tasks to queue
[2024-04-11T14:30:03.346+0000] {logging_mixin.py:188} INFO - [2024-04-11T14:30:03.346+0000] {dagbag.py:540} INFO - Filling up the DagBag from /home/airflow/.local/lib/python3.12/site-packages/airflow/example_dags/example_complex.py
[2024-04-11T14:30:03.361+0000] {processor.py:840} INFO - DAG(s) 'example_complex' retrieved from /home/airflow/.local/lib/python3.12/site-packages/airflow/example_dags/example_complex.py
[2024-04-11T14:30:03.407+0000] {logging_mixin.py:188} INFO - [2024-04-11T14:30:03.406+0000] {dag.py:3096} INFO - Sync 1 DAGs
[2024-04-11T14:30:03.424+0000] {logging_mixin.py:188} INFO - [2024-04-11T14:30:03.424+0000] {dag.py:3954} INFO - Setting next_dagrun for example_complex to None, run_after=None
[2024-04-11T14:30:03.451+0000] {processor.py:183} INFO - Processing /home/airflow/.local/lib/python3.12/site-packages/airflow/example_dags/example_complex.py took 0.118 seconds
[2024-04-11T14:30:33.971+0000] {processor.py:161} INFO - Started process (PID=510) to work on /home/airflow/.local/lib/python3.12/site-packages/airflow/example_dags/example_complex.py
[2024-04-11T14:30:33.972+0000] {processor.py:830} INFO - Processing file /home/airflow/.local/lib/python3.12/site-packages/airflow/example_dags/example_complex.py for tasks to queue
[2024-04-11T14:30:33.975+0000] {logging_mixin.py:188} INFO - [2024-04-11T14:30:33.974+0000] {dagbag.py:540} INFO - Filling up the DagBag from /home/airflow/.local/lib/python3.12/site-packages/airflow/example_dags/example_complex.py
[2024-04-11T14:30:33.990+0000] {processor.py:840} INFO - DAG(s) 'example_complex' retrieved from /home/airflow/.local/lib/python3.12/site-packages/airflow/example_dags/example_complex.py
[2024-04-11T14:30:34.042+0000] {logging_mixin.py:188} INFO - [2024-04-11T14:30:34.041+0000] {dag.py:3096} INFO - Sync 1 DAGs
[2024-04-11T14:30:34.061+0000] {logging_mixin.py:188} INFO - [2024-04-11T14:30:34.061+0000] {dag.py:3954} INFO - Setting next_dagrun for example_complex to None, run_after=None
[2024-04-11T14:30:34.090+0000] {processor.py:183} INFO - Processing /home/airflow/.local/lib/python3.12/site-packages/airflow/example_dags/example_complex.py took 0.128 seconds
[2024-04-11T14:31:04.463+0000] {processor.py:161} INFO - Started process (PID=568) to work on /home/airflow/.local/lib/python3.12/site-packages/airflow/example_dags/example_complex.py
[2024-04-11T14:31:04.465+0000] {processor.py:830} INFO - Processing file /home/airflow/.local/lib/python3.12/site-packages/airflow/example_dags/example_complex.py for tasks to queue
[2024-04-11T14:31:04.469+0000] {logging_mixin.py:188} INFO - [2024-04-11T14:31:04.468+0000] {dagbag.py:540} INFO - Filling up the DagBag from /home/airflow/.local/lib/python3.12/site-packages/airflow/example_dags/example_complex.py
[2024-04-11T14:31:04.486+0000] {processor.py:840} INFO - DAG(s) 'example_complex' retrieved from /home/airflow/.local/lib/python3.12/site-packages/airflow/example_dags/example_complex.py
[2024-04-11T14:31:04.535+0000] {logging_mixin.py:188} INFO - [2024-04-11T14:31:04.535+0000] {dag.py:3096} INFO - Sync 1 DAGs
[2024-04-11T14:31:04.555+0000] {logging_mixin.py:188} INFO - [2024-04-11T14:31:04.555+0000] {dag.py:3954} INFO - Setting next_dagrun for example_complex to None, run_after=None
[2024-04-11T14:31:04.591+0000] {processor.py:183} INFO - Processing /home/airflow/.local/lib/python3.12/site-packages/airflow/example_dags/example_complex.py took 0.138 seconds
[2024-04-11T14:31:34.832+0000] {processor.py:161} INFO - Started process (PID=626) to work on /home/airflow/.local/lib/python3.12/site-packages/airflow/example_dags/example_complex.py
[2024-04-11T14:31:34.835+0000] {processor.py:830} INFO - Processing file /home/airflow/.local/lib/python3.12/site-packages/airflow/example_dags/example_complex.py for tasks to queue
[2024-04-11T14:31:34.838+0000] {logging_mixin.py:188} INFO - [2024-04-11T14:31:34.838+0000] {dagbag.py:540} INFO - Filling up the DagBag from /home/airflow/.local/lib/python3.12/site-packages/airflow/example_dags/example_complex.py
[2024-04-11T14:31:34.857+0000] {processor.py:840} INFO - DAG(s) 'example_complex' retrieved from /home/airflow/.local/lib/python3.12/site-packages/airflow/example_dags/example_complex.py
[2024-04-11T14:31:34.915+0000] {logging_mixin.py:188} INFO - [2024-04-11T14:31:34.915+0000] {dag.py:3096} INFO - Sync 1 DAGs
[2024-04-11T14:31:34.937+0000] {logging_mixin.py:188} INFO - [2024-04-11T14:31:34.936+0000] {dag.py:3954} INFO - Setting next_dagrun for example_complex to None, run_after=None
[2024-04-11T14:31:34.966+0000] {processor.py:183} INFO - Processing /home/airflow/.local/lib/python3.12/site-packages/airflow/example_dags/example_complex.py took 0.144 seconds
[2024-04-11T14:32:05.209+0000] {processor.py:161} INFO - Started process (PID=684) to work on /home/airflow/.local/lib/python3.12/site-packages/airflow/example_dags/example_complex.py
[2024-04-11T14:32:05.210+0000] {processor.py:830} INFO - Processing file /home/airflow/.local/lib/python3.12/site-packages/airflow/example_dags/example_complex.py for tasks to queue
[2024-04-11T14:32:05.215+0000] {logging_mixin.py:188} INFO - [2024-04-11T14:32:05.214+0000] {dagbag.py:540} INFO - Filling up the DagBag from /home/airflow/.local/lib/python3.12/site-packages/airflow/example_dags/example_complex.py
[2024-04-11T14:32:05.239+0000] {processor.py:840} INFO - DAG(s) 'example_complex' retrieved from /home/airflow/.local/lib/python3.12/site-packages/airflow/example_dags/example_complex.py
[2024-04-11T14:32:05.283+0000] {logging_mixin.py:188} INFO - [2024-04-11T14:32:05.283+0000] {dag.py:3096} INFO - Sync 1 DAGs
[2024-04-11T14:32:05.301+0000] {logging_mixin.py:188} INFO - [2024-04-11T14:32:05.301+0000] {dag.py:3954} INFO - Setting next_dagrun for example_complex to None, run_after=None
[2024-04-11T14:32:05.332+0000] {processor.py:183} INFO - Processing /home/airflow/.local/lib/python3.12/site-packages/airflow/example_dags/example_complex.py took 0.138 seconds
[2024-04-11T14:32:36.053+0000] {processor.py:161} INFO - Started process (PID=742) to work on /home/airflow/.local/lib/python3.12/site-packages/airflow/example_dags/example_complex.py
[2024-04-11T14:32:36.054+0000] {processor.py:830} INFO - Processing file /home/airflow/.local/lib/python3.12/site-packages/airflow/example_dags/example_complex.py for tasks to queue
[2024-04-11T14:32:36.057+0000] {logging_mixin.py:188} INFO - [2024-04-11T14:32:36.057+0000] {dagbag.py:540} INFO - Filling up the DagBag from /home/airflow/.local/lib/python3.12/site-packages/airflow/example_dags/example_complex.py
[2024-04-11T14:32:36.071+0000] {processor.py:840} INFO - DAG(s) 'example_complex' retrieved from /home/airflow/.local/lib/python3.12/site-packages/airflow/example_dags/example_complex.py
[2024-04-11T14:32:36.117+0000] {logging_mixin.py:188} INFO - [2024-04-11T14:32:36.116+0000] {dag.py:3096} INFO - Sync 1 DAGs
[2024-04-11T14:32:36.134+0000] {logging_mixin.py:188} INFO - [2024-04-11T14:32:36.134+0000] {dag.py:3954} INFO - Setting next_dagrun for example_complex to None, run_after=None
[2024-04-11T14:32:36.162+0000] {processor.py:183} INFO - Processing /home/airflow/.local/lib/python3.12/site-packages/airflow/example_dags/example_complex.py took 0.117 seconds
[2024-04-11T14:33:06.942+0000] {processor.py:161} INFO - Started process (PID=800) to work on /home/airflow/.local/lib/python3.12/site-packages/airflow/example_dags/example_complex.py
[2024-04-11T14:33:06.944+0000] {processor.py:830} INFO - Processing file /home/airflow/.local/lib/python3.12/site-packages/airflow/example_dags/example_complex.py for tasks to queue
[2024-04-11T14:33:06.947+0000] {logging_mixin.py:188} INFO - [2024-04-11T14:33:06.947+0000] {dagbag.py:540} INFO - Filling up the DagBag from /home/airflow/.local/lib/python3.12/site-packages/airflow/example_dags/example_complex.py
[2024-04-11T14:33:06.965+0000] {processor.py:840} INFO - DAG(s) 'example_complex' retrieved from /home/airflow/.local/lib/python3.12/site-packages/airflow/example_dags/example_complex.py
[2024-04-11T14:33:07.033+0000] {logging_mixin.py:188} INFO - [2024-04-11T14:33:07.032+0000] {dag.py:3096} INFO - Sync 1 DAGs
[2024-04-11T14:33:07.057+0000] {logging_mixin.py:188} INFO - [2024-04-11T14:33:07.057+0000] {dag.py:3954} INFO - Setting next_dagrun for example_complex to None, run_after=None
[2024-04-11T14:33:07.103+0000] {processor.py:183} INFO - Processing /home/airflow/.local/lib/python3.12/site-packages/airflow/example_dags/example_complex.py took 0.169 seconds
[2024-04-11T14:33:37.731+0000] {processor.py:161} INFO - Started process (PID=858) to work on /home/airflow/.local/lib/python3.12/site-packages/airflow/example_dags/example_complex.py
[2024-04-11T14:33:37.733+0000] {processor.py:830} INFO - Processing file /home/airflow/.local/lib/python3.12/site-packages/airflow/example_dags/example_complex.py for tasks to queue
[2024-04-11T14:33:37.737+0000] {logging_mixin.py:188} INFO - [2024-04-11T14:33:37.737+0000] {dagbag.py:540} INFO - Filling up the DagBag from /home/airflow/.local/lib/python3.12/site-packages/airflow/example_dags/example_complex.py
[2024-04-11T14:33:37.755+0000] {processor.py:840} INFO - DAG(s) 'example_complex' retrieved from /home/airflow/.local/lib/python3.12/site-packages/airflow/example_dags/example_complex.py
[2024-04-11T14:33:37.803+0000] {logging_mixin.py:188} INFO - [2024-04-11T14:33:37.803+0000] {dag.py:3096} INFO - Sync 1 DAGs
[2024-04-11T14:33:37.822+0000] {logging_mixin.py:188} INFO - [2024-04-11T14:33:37.821+0000] {dag.py:3954} INFO - Setting next_dagrun for example_complex to None, run_after=None
[2024-04-11T14:33:37.850+0000] {processor.py:183} INFO - Processing /home/airflow/.local/lib/python3.12/site-packages/airflow/example_dags/example_complex.py took 0.130 seconds
[2024-04-11T14:34:09.185+0000] {processor.py:161} INFO - Started process (PID=916) to work on /home/airflow/.local/lib/python3.12/site-packages/airflow/example_dags/example_complex.py
[2024-04-11T14:34:09.187+0000] {processor.py:830} INFO - Processing file /home/airflow/.local/lib/python3.12/site-packages/airflow/example_dags/example_complex.py for tasks to queue
[2024-04-11T14:34:09.190+0000] {logging_mixin.py:188} INFO - [2024-04-11T14:34:09.189+0000] {dagbag.py:540} INFO - Filling up the DagBag from /home/airflow/.local/lib/python3.12/site-packages/airflow/example_dags/example_complex.py
[2024-04-11T14:34:09.205+0000] {processor.py:840} INFO - DAG(s) 'example_complex' retrieved from /home/airflow/.local/lib/python3.12/site-packages/airflow/example_dags/example_complex.py
[2024-04-11T14:34:09.250+0000] {logging_mixin.py:188} INFO - [2024-04-11T14:34:09.250+0000] {dag.py:3096} INFO - Sync 1 DAGs
[2024-04-11T14:34:09.269+0000] {logging_mixin.py:188} INFO - [2024-04-11T14:34:09.269+0000] {dag.py:3954} INFO - Setting next_dagrun for example_complex to None, run_after=None
[2024-04-11T14:34:09.447+0000] {processor.py:183} INFO - Processing /home/airflow/.local/lib/python3.12/site-packages/airflow/example_dags/example_complex.py took 0.271 seconds
[2024-04-11T14:34:40.414+0000] {processor.py:161} INFO - Started process (PID=974) to work on /home/airflow/.local/lib/python3.12/site-packages/airflow/example_dags/example_complex.py
[2024-04-11T14:34:40.417+0000] {processor.py:830} INFO - Processing file /home/airflow/.local/lib/python3.12/site-packages/airflow/example_dags/example_complex.py for tasks to queue
[2024-04-11T14:34:40.423+0000] {logging_mixin.py:188} INFO - [2024-04-11T14:34:40.422+0000] {dagbag.py:540} INFO - Filling up the DagBag from /home/airflow/.local/lib/python3.12/site-packages/airflow/example_dags/example_complex.py
[2024-04-11T14:34:40.458+0000] {processor.py:840} INFO - DAG(s) 'example_complex' retrieved from /home/airflow/.local/lib/python3.12/site-packages/airflow/example_dags/example_complex.py
[2024-04-11T14:34:40.563+0000] {logging_mixin.py:188} INFO - [2024-04-11T14:34:40.562+0000] {dag.py:3096} INFO - Sync 1 DAGs
[2024-04-11T14:34:40.618+0000] {logging_mixin.py:188} INFO - [2024-04-11T14:34:40.617+0000] {dag.py:3954} INFO - Setting next_dagrun for example_complex to None, run_after=None
[2024-04-11T14:34:40.684+0000] {processor.py:183} INFO - Processing /home/airflow/.local/lib/python3.12/site-packages/airflow/example_dags/example_complex.py took 0.284 seconds
[2024-04-11T14:35:11.450+0000] {processor.py:161} INFO - Started process (PID=1032) to work on /home/airflow/.local/lib/python3.12/site-packages/airflow/example_dags/example_complex.py
[2024-04-11T14:35:11.452+0000] {processor.py:830} INFO - Processing file /home/airflow/.local/lib/python3.12/site-packages/airflow/example_dags/example_complex.py for tasks to queue
[2024-04-11T14:35:11.455+0000] {logging_mixin.py:188} INFO - [2024-04-11T14:35:11.455+0000] {dagbag.py:540} INFO - Filling up the DagBag from /home/airflow/.local/lib/python3.12/site-packages/airflow/example_dags/example_complex.py
[2024-04-11T14:35:11.471+0000] {processor.py:840} INFO - DAG(s) 'example_complex' retrieved from /home/airflow/.local/lib/python3.12/site-packages/airflow/example_dags/example_complex.py
[2024-04-11T14:35:11.518+0000] {logging_mixin.py:188} INFO - [2024-04-11T14:35:11.518+0000] {dag.py:3096} INFO - Sync 1 DAGs
[2024-04-11T14:35:11.537+0000] {logging_mixin.py:188} INFO - [2024-04-11T14:35:11.536+0000] {dag.py:3954} INFO - Setting next_dagrun for example_complex to None, run_after=None
[2024-04-11T14:35:11.569+0000] {processor.py:183} INFO - Processing /home/airflow/.local/lib/python3.12/site-packages/airflow/example_dags/example_complex.py took 0.127 seconds
[2024-04-11T14:35:41.773+0000] {processor.py:161} INFO - Started process (PID=1090) to work on /home/airflow/.local/lib/python3.12/site-packages/airflow/example_dags/example_complex.py
[2024-04-11T14:35:41.774+0000] {processor.py:830} INFO - Processing file /home/airflow/.local/lib/python3.12/site-packages/airflow/example_dags/example_complex.py for tasks to queue
[2024-04-11T14:35:41.777+0000] {logging_mixin.py:188} INFO - [2024-04-11T14:35:41.777+0000] {dagbag.py:540} INFO - Filling up the DagBag from /home/airflow/.local/lib/python3.12/site-packages/airflow/example_dags/example_complex.py
[2024-04-11T14:35:41.791+0000] {processor.py:840} INFO - DAG(s) 'example_complex' retrieved from /home/airflow/.local/lib/python3.12/site-packages/airflow/example_dags/example_complex.py
[2024-04-11T14:35:42.009+0000] {logging_mixin.py:188} INFO - [2024-04-11T14:35:42.008+0000] {dag.py:3096} INFO - Sync 1 DAGs
[2024-04-11T14:35:42.028+0000] {logging_mixin.py:188} INFO - [2024-04-11T14:35:42.027+0000] {dag.py:3954} INFO - Setting next_dagrun for example_complex to None, run_after=None
[2024-04-11T14:35:42.061+0000] {processor.py:183} INFO - Processing /home/airflow/.local/lib/python3.12/site-packages/airflow/example_dags/example_complex.py took 0.296 seconds
[2024-04-11T14:36:12.685+0000] {processor.py:161} INFO - Started process (PID=1148) to work on /home/airflow/.local/lib/python3.12/site-packages/airflow/example_dags/example_complex.py
[2024-04-11T14:36:12.687+0000] {processor.py:830} INFO - Processing file /home/airflow/.local/lib/python3.12/site-packages/airflow/example_dags/example_complex.py for tasks to queue
[2024-04-11T14:36:12.691+0000] {logging_mixin.py:188} INFO - [2024-04-11T14:36:12.691+0000] {dagbag.py:540} INFO - Filling up the DagBag from /home/airflow/.local/lib/python3.12/site-packages/airflow/example_dags/example_complex.py
[2024-04-11T14:36:12.709+0000] {processor.py:840} INFO - DAG(s) 'example_complex' retrieved from /home/airflow/.local/lib/python3.12/site-packages/airflow/example_dags/example_complex.py
[2024-04-11T14:36:12.761+0000] {logging_mixin.py:188} INFO - [2024-04-11T14:36:12.760+0000] {dag.py:3096} INFO - Sync 1 DAGs
[2024-04-11T14:36:12.781+0000] {logging_mixin.py:188} INFO - [2024-04-11T14:36:12.781+0000] {dag.py:3954} INFO - Setting next_dagrun for example_complex to None, run_after=None
[2024-04-11T14:36:12.814+0000] {processor.py:183} INFO - Processing /home/airflow/.local/lib/python3.12/site-packages/airflow/example_dags/example_complex.py took 0.137 seconds
