[2024-04-11T14:26:33.424+0000] {processor.py:161} INFO - Started process (PID=60) to work on /home/airflow/.local/lib/python3.12/site-packages/airflow/example_dags/example_datasets.py
[2024-04-11T14:26:33.426+0000] {processor.py:830} INFO - Processing file /home/airflow/.local/lib/python3.12/site-packages/airflow/example_dags/example_datasets.py for tasks to queue
[2024-04-11T14:26:33.433+0000] {logging_mixin.py:188} INFO - [2024-04-11T14:26:33.432+0000] {dagbag.py:540} INFO - Filling up the DagBag from /home/airflow/.local/lib/python3.12/site-packages/airflow/example_dags/example_datasets.py
[2024-04-11T14:26:33.476+0000] {processor.py:840} INFO - DAG(s) 'consume_1_or_both_2_and_3_with_dataset_expressions', 'dataset_consumes_1_never_scheduled', 'consume_1_or_2_with_dataset_expressions', 'dataset_produces_1', 'conditional_dataset_and_time_based_timetable', 'consume_1_and_2_with_dataset_expressions', 'dataset_consumes_1', 'dataset_consumes_unknown_never_scheduled', 'dataset_consumes_1_and_2', 'dataset_produces_2' retrieved from /home/airflow/.local/lib/python3.12/site-packages/airflow/example_dags/example_datasets.py
[2024-04-11T14:26:33.913+0000] {logging_mixin.py:188} INFO - [2024-04-11T14:26:33.912+0000] {dag.py:3096} INFO - Sync 10 DAGs
[2024-04-11T14:26:33.951+0000] {logging_mixin.py:188} INFO - [2024-04-11T14:26:33.951+0000] {dag.py:3954} INFO - Setting next_dagrun for conditional_dataset_and_time_based_timetable to 2024-04-10 01:00:00+00:00, run_after=2024-04-10 01:00:00+00:00
[2024-04-11T14:26:33.957+0000] {logging_mixin.py:188} INFO - [2024-04-11T14:26:33.957+0000] {dag.py:3954} INFO - Setting next_dagrun for consume_1_and_2_with_dataset_expressions to None, run_after=None
[2024-04-11T14:26:33.961+0000] {logging_mixin.py:188} INFO - [2024-04-11T14:26:33.961+0000] {dag.py:3954} INFO - Setting next_dagrun for consume_1_or_2_with_dataset_expressions to None, run_after=None
[2024-04-11T14:26:33.964+0000] {logging_mixin.py:188} INFO - [2024-04-11T14:26:33.964+0000] {dag.py:3954} INFO - Setting next_dagrun for consume_1_or_both_2_and_3_with_dataset_expressions to None, run_after=None
[2024-04-11T14:26:33.968+0000] {logging_mixin.py:188} INFO - [2024-04-11T14:26:33.967+0000] {dag.py:3954} INFO - Setting next_dagrun for dataset_consumes_1 to None, run_after=None
[2024-04-11T14:26:33.971+0000] {logging_mixin.py:188} INFO - [2024-04-11T14:26:33.970+0000] {dag.py:3954} INFO - Setting next_dagrun for dataset_consumes_1_and_2 to None, run_after=None
[2024-04-11T14:26:33.974+0000] {logging_mixin.py:188} INFO - [2024-04-11T14:26:33.973+0000] {dag.py:3954} INFO - Setting next_dagrun for dataset_consumes_1_never_scheduled to None, run_after=None
[2024-04-11T14:26:33.977+0000] {logging_mixin.py:188} INFO - [2024-04-11T14:26:33.976+0000] {dag.py:3954} INFO - Setting next_dagrun for dataset_consumes_unknown_never_scheduled to None, run_after=None
[2024-04-11T14:26:33.982+0000] {logging_mixin.py:188} INFO - [2024-04-11T14:26:33.982+0000] {dag.py:3954} INFO - Setting next_dagrun for dataset_produces_1 to 2024-04-10 00:00:00+00:00, run_after=2024-04-11 00:00:00+00:00
[2024-04-11T14:26:33.985+0000] {logging_mixin.py:188} INFO - [2024-04-11T14:26:33.985+0000] {dag.py:3954} INFO - Setting next_dagrun for dataset_produces_2 to None, run_after=None
[2024-04-11T14:26:34.079+0000] {processor.py:183} INFO - Processing /home/airflow/.local/lib/python3.12/site-packages/airflow/example_dags/example_datasets.py took 0.672 seconds
[2024-04-11T14:27:04.517+0000] {processor.py:161} INFO - Started process (PID=118) to work on /home/airflow/.local/lib/python3.12/site-packages/airflow/example_dags/example_datasets.py
[2024-04-11T14:27:04.519+0000] {processor.py:830} INFO - Processing file /home/airflow/.local/lib/python3.12/site-packages/airflow/example_dags/example_datasets.py for tasks to queue
[2024-04-11T14:27:04.522+0000] {logging_mixin.py:188} INFO - [2024-04-11T14:27:04.521+0000] {dagbag.py:540} INFO - Filling up the DagBag from /home/airflow/.local/lib/python3.12/site-packages/airflow/example_dags/example_datasets.py
[2024-04-11T14:27:04.542+0000] {processor.py:840} INFO - DAG(s) 'consume_1_or_both_2_and_3_with_dataset_expressions', 'consume_1_or_2_with_dataset_expressions', 'dataset_consumes_1_never_scheduled', 'dataset_produces_1', 'conditional_dataset_and_time_based_timetable', 'dataset_consumes_1_and_2', 'dataset_consumes_1', 'consume_1_and_2_with_dataset_expressions', 'dataset_consumes_unknown_never_scheduled', 'dataset_produces_2' retrieved from /home/airflow/.local/lib/python3.12/site-packages/airflow/example_dags/example_datasets.py
[2024-04-11T14:27:04.613+0000] {logging_mixin.py:188} INFO - [2024-04-11T14:27:04.612+0000] {dag.py:3096} INFO - Sync 10 DAGs
[2024-04-11T14:27:04.651+0000] {logging_mixin.py:188} INFO - [2024-04-11T14:27:04.651+0000] {dag.py:3954} INFO - Setting next_dagrun for conditional_dataset_and_time_based_timetable to 2024-04-10 01:00:00+00:00, run_after=2024-04-10 01:00:00+00:00
[2024-04-11T14:27:04.658+0000] {logging_mixin.py:188} INFO - [2024-04-11T14:27:04.658+0000] {dag.py:3954} INFO - Setting next_dagrun for consume_1_and_2_with_dataset_expressions to None, run_after=None
[2024-04-11T14:27:04.662+0000] {logging_mixin.py:188} INFO - [2024-04-11T14:27:04.662+0000] {dag.py:3954} INFO - Setting next_dagrun for consume_1_or_2_with_dataset_expressions to None, run_after=None
[2024-04-11T14:27:04.665+0000] {logging_mixin.py:188} INFO - [2024-04-11T14:27:04.664+0000] {dag.py:3954} INFO - Setting next_dagrun for consume_1_or_both_2_and_3_with_dataset_expressions to None, run_after=None
[2024-04-11T14:27:04.667+0000] {logging_mixin.py:188} INFO - [2024-04-11T14:27:04.667+0000] {dag.py:3954} INFO - Setting next_dagrun for dataset_consumes_1 to None, run_after=None
[2024-04-11T14:27:04.670+0000] {logging_mixin.py:188} INFO - [2024-04-11T14:27:04.669+0000] {dag.py:3954} INFO - Setting next_dagrun for dataset_consumes_1_and_2 to None, run_after=None
[2024-04-11T14:27:04.672+0000] {logging_mixin.py:188} INFO - [2024-04-11T14:27:04.672+0000] {dag.py:3954} INFO - Setting next_dagrun for dataset_consumes_1_never_scheduled to None, run_after=None
[2024-04-11T14:27:04.674+0000] {logging_mixin.py:188} INFO - [2024-04-11T14:27:04.674+0000] {dag.py:3954} INFO - Setting next_dagrun for dataset_consumes_unknown_never_scheduled to None, run_after=None
[2024-04-11T14:27:04.678+0000] {logging_mixin.py:188} INFO - [2024-04-11T14:27:04.678+0000] {dag.py:3954} INFO - Setting next_dagrun for dataset_produces_1 to 2024-04-10 00:00:00+00:00, run_after=2024-04-11 00:00:00+00:00
[2024-04-11T14:27:04.681+0000] {logging_mixin.py:188} INFO - [2024-04-11T14:27:04.680+0000] {dag.py:3954} INFO - Setting next_dagrun for dataset_produces_2 to None, run_after=None
[2024-04-11T14:27:04.732+0000] {processor.py:183} INFO - Processing /home/airflow/.local/lib/python3.12/site-packages/airflow/example_dags/example_datasets.py took 0.224 seconds
[2024-04-11T14:27:34.939+0000] {processor.py:161} INFO - Started process (PID=176) to work on /home/airflow/.local/lib/python3.12/site-packages/airflow/example_dags/example_datasets.py
[2024-04-11T14:27:34.941+0000] {processor.py:830} INFO - Processing file /home/airflow/.local/lib/python3.12/site-packages/airflow/example_dags/example_datasets.py for tasks to queue
[2024-04-11T14:27:34.944+0000] {logging_mixin.py:188} INFO - [2024-04-11T14:27:34.943+0000] {dagbag.py:540} INFO - Filling up the DagBag from /home/airflow/.local/lib/python3.12/site-packages/airflow/example_dags/example_datasets.py
[2024-04-11T14:27:34.963+0000] {processor.py:840} INFO - DAG(s) 'consume_1_or_both_2_and_3_with_dataset_expressions', 'dataset_consumes_1_and_2', 'dataset_consumes_1_never_scheduled', 'consume_1_and_2_with_dataset_expressions', 'dataset_produces_1', 'dataset_produces_2', 'dataset_consumes_unknown_never_scheduled', 'dataset_consumes_1', 'consume_1_or_2_with_dataset_expressions', 'conditional_dataset_and_time_based_timetable' retrieved from /home/airflow/.local/lib/python3.12/site-packages/airflow/example_dags/example_datasets.py
[2024-04-11T14:27:35.034+0000] {logging_mixin.py:188} INFO - [2024-04-11T14:27:35.034+0000] {dag.py:3096} INFO - Sync 10 DAGs
[2024-04-11T14:27:35.080+0000] {logging_mixin.py:188} INFO - [2024-04-11T14:27:35.080+0000] {dag.py:3954} INFO - Setting next_dagrun for conditional_dataset_and_time_based_timetable to 2024-04-10 01:00:00+00:00, run_after=2024-04-10 01:00:00+00:00
[2024-04-11T14:27:35.088+0000] {logging_mixin.py:188} INFO - [2024-04-11T14:27:35.087+0000] {dag.py:3954} INFO - Setting next_dagrun for consume_1_and_2_with_dataset_expressions to None, run_after=None
[2024-04-11T14:27:35.090+0000] {logging_mixin.py:188} INFO - [2024-04-11T14:27:35.090+0000] {dag.py:3954} INFO - Setting next_dagrun for consume_1_or_2_with_dataset_expressions to None, run_after=None
[2024-04-11T14:27:35.093+0000] {logging_mixin.py:188} INFO - [2024-04-11T14:27:35.093+0000] {dag.py:3954} INFO - Setting next_dagrun for consume_1_or_both_2_and_3_with_dataset_expressions to None, run_after=None
[2024-04-11T14:27:35.095+0000] {logging_mixin.py:188} INFO - [2024-04-11T14:27:35.095+0000] {dag.py:3954} INFO - Setting next_dagrun for dataset_consumes_1 to None, run_after=None
[2024-04-11T14:27:35.098+0000] {logging_mixin.py:188} INFO - [2024-04-11T14:27:35.098+0000] {dag.py:3954} INFO - Setting next_dagrun for dataset_consumes_1_and_2 to None, run_after=None
[2024-04-11T14:27:35.100+0000] {logging_mixin.py:188} INFO - [2024-04-11T14:27:35.100+0000] {dag.py:3954} INFO - Setting next_dagrun for dataset_consumes_1_never_scheduled to None, run_after=None
[2024-04-11T14:27:35.103+0000] {logging_mixin.py:188} INFO - [2024-04-11T14:27:35.102+0000] {dag.py:3954} INFO - Setting next_dagrun for dataset_consumes_unknown_never_scheduled to None, run_after=None
[2024-04-11T14:27:35.107+0000] {logging_mixin.py:188} INFO - [2024-04-11T14:27:35.106+0000] {dag.py:3954} INFO - Setting next_dagrun for dataset_produces_1 to 2024-04-10 00:00:00+00:00, run_after=2024-04-11 00:00:00+00:00
[2024-04-11T14:27:35.109+0000] {logging_mixin.py:188} INFO - [2024-04-11T14:27:35.109+0000] {dag.py:3954} INFO - Setting next_dagrun for dataset_produces_2 to None, run_after=None
[2024-04-11T14:27:35.162+0000] {processor.py:183} INFO - Processing /home/airflow/.local/lib/python3.12/site-packages/airflow/example_dags/example_datasets.py took 0.230 seconds
[2024-04-11T14:28:05.217+0000] {processor.py:161} INFO - Started process (PID=234) to work on /home/airflow/.local/lib/python3.12/site-packages/airflow/example_dags/example_datasets.py
[2024-04-11T14:28:05.219+0000] {processor.py:830} INFO - Processing file /home/airflow/.local/lib/python3.12/site-packages/airflow/example_dags/example_datasets.py for tasks to queue
[2024-04-11T14:28:05.222+0000] {logging_mixin.py:188} INFO - [2024-04-11T14:28:05.221+0000] {dagbag.py:540} INFO - Filling up the DagBag from /home/airflow/.local/lib/python3.12/site-packages/airflow/example_dags/example_datasets.py
[2024-04-11T14:28:05.241+0000] {processor.py:840} INFO - DAG(s) 'dataset_produces_1', 'dataset_consumes_1', 'dataset_consumes_1_and_2', 'consume_1_or_both_2_and_3_with_dataset_expressions', 'dataset_consumes_1_never_scheduled', 'conditional_dataset_and_time_based_timetable', 'consume_1_or_2_with_dataset_expressions', 'dataset_consumes_unknown_never_scheduled', 'dataset_produces_2', 'consume_1_and_2_with_dataset_expressions' retrieved from /home/airflow/.local/lib/python3.12/site-packages/airflow/example_dags/example_datasets.py
[2024-04-11T14:28:05.318+0000] {logging_mixin.py:188} INFO - [2024-04-11T14:28:05.318+0000] {dag.py:3096} INFO - Sync 10 DAGs
[2024-04-11T14:28:05.360+0000] {logging_mixin.py:188} INFO - [2024-04-11T14:28:05.360+0000] {dag.py:3954} INFO - Setting next_dagrun for conditional_dataset_and_time_based_timetable to 2024-04-10 01:00:00+00:00, run_after=2024-04-10 01:00:00+00:00
[2024-04-11T14:28:05.367+0000] {logging_mixin.py:188} INFO - [2024-04-11T14:28:05.366+0000] {dag.py:3954} INFO - Setting next_dagrun for consume_1_and_2_with_dataset_expressions to None, run_after=None
[2024-04-11T14:28:05.369+0000] {logging_mixin.py:188} INFO - [2024-04-11T14:28:05.369+0000] {dag.py:3954} INFO - Setting next_dagrun for consume_1_or_2_with_dataset_expressions to None, run_after=None
[2024-04-11T14:28:05.372+0000] {logging_mixin.py:188} INFO - [2024-04-11T14:28:05.372+0000] {dag.py:3954} INFO - Setting next_dagrun for consume_1_or_both_2_and_3_with_dataset_expressions to None, run_after=None
[2024-04-11T14:28:05.374+0000] {logging_mixin.py:188} INFO - [2024-04-11T14:28:05.374+0000] {dag.py:3954} INFO - Setting next_dagrun for dataset_consumes_1 to None, run_after=None
[2024-04-11T14:28:05.377+0000] {logging_mixin.py:188} INFO - [2024-04-11T14:28:05.377+0000] {dag.py:3954} INFO - Setting next_dagrun for dataset_consumes_1_and_2 to None, run_after=None
[2024-04-11T14:28:05.379+0000] {logging_mixin.py:188} INFO - [2024-04-11T14:28:05.379+0000] {dag.py:3954} INFO - Setting next_dagrun for dataset_consumes_1_never_scheduled to None, run_after=None
[2024-04-11T14:28:05.382+0000] {logging_mixin.py:188} INFO - [2024-04-11T14:28:05.382+0000] {dag.py:3954} INFO - Setting next_dagrun for dataset_consumes_unknown_never_scheduled to None, run_after=None
[2024-04-11T14:28:05.386+0000] {logging_mixin.py:188} INFO - [2024-04-11T14:28:05.386+0000] {dag.py:3954} INFO - Setting next_dagrun for dataset_produces_1 to 2024-04-10 00:00:00+00:00, run_after=2024-04-11 00:00:00+00:00
[2024-04-11T14:28:05.389+0000] {logging_mixin.py:188} INFO - [2024-04-11T14:28:05.389+0000] {dag.py:3954} INFO - Setting next_dagrun for dataset_produces_2 to None, run_after=None
[2024-04-11T14:28:05.440+0000] {processor.py:183} INFO - Processing /home/airflow/.local/lib/python3.12/site-packages/airflow/example_dags/example_datasets.py took 0.232 seconds
[2024-04-11T14:28:35.487+0000] {processor.py:161} INFO - Started process (PID=292) to work on /home/airflow/.local/lib/python3.12/site-packages/airflow/example_dags/example_datasets.py
[2024-04-11T14:28:35.489+0000] {processor.py:830} INFO - Processing file /home/airflow/.local/lib/python3.12/site-packages/airflow/example_dags/example_datasets.py for tasks to queue
[2024-04-11T14:28:35.493+0000] {logging_mixin.py:188} INFO - [2024-04-11T14:28:35.492+0000] {dagbag.py:540} INFO - Filling up the DagBag from /home/airflow/.local/lib/python3.12/site-packages/airflow/example_dags/example_datasets.py
[2024-04-11T14:28:35.516+0000] {processor.py:840} INFO - DAG(s) 'dataset_produces_1', 'consume_1_or_2_with_dataset_expressions', 'dataset_consumes_1', 'consume_1_and_2_with_dataset_expressions', 'dataset_consumes_1_never_scheduled', 'conditional_dataset_and_time_based_timetable', 'dataset_consumes_1_and_2', 'dataset_consumes_unknown_never_scheduled', 'dataset_produces_2', 'consume_1_or_both_2_and_3_with_dataset_expressions' retrieved from /home/airflow/.local/lib/python3.12/site-packages/airflow/example_dags/example_datasets.py
[2024-04-11T14:28:35.587+0000] {logging_mixin.py:188} INFO - [2024-04-11T14:28:35.586+0000] {dag.py:3096} INFO - Sync 10 DAGs
[2024-04-11T14:28:35.623+0000] {logging_mixin.py:188} INFO - [2024-04-11T14:28:35.622+0000] {dag.py:3954} INFO - Setting next_dagrun for conditional_dataset_and_time_based_timetable to 2024-04-10 01:00:00+00:00, run_after=2024-04-10 01:00:00+00:00
[2024-04-11T14:28:35.630+0000] {logging_mixin.py:188} INFO - [2024-04-11T14:28:35.630+0000] {dag.py:3954} INFO - Setting next_dagrun for consume_1_and_2_with_dataset_expressions to None, run_after=None
[2024-04-11T14:28:35.643+0000] {logging_mixin.py:188} INFO - [2024-04-11T14:28:35.642+0000] {dag.py:3954} INFO - Setting next_dagrun for consume_1_or_2_with_dataset_expressions to None, run_after=None
[2024-04-11T14:28:35.646+0000] {logging_mixin.py:188} INFO - [2024-04-11T14:28:35.646+0000] {dag.py:3954} INFO - Setting next_dagrun for consume_1_or_both_2_and_3_with_dataset_expressions to None, run_after=None
[2024-04-11T14:28:35.649+0000] {logging_mixin.py:188} INFO - [2024-04-11T14:28:35.648+0000] {dag.py:3954} INFO - Setting next_dagrun for dataset_consumes_1 to None, run_after=None
[2024-04-11T14:28:35.652+0000] {logging_mixin.py:188} INFO - [2024-04-11T14:28:35.652+0000] {dag.py:3954} INFO - Setting next_dagrun for dataset_consumes_1_and_2 to None, run_after=None
[2024-04-11T14:28:35.655+0000] {logging_mixin.py:188} INFO - [2024-04-11T14:28:35.655+0000] {dag.py:3954} INFO - Setting next_dagrun for dataset_consumes_1_never_scheduled to None, run_after=None
[2024-04-11T14:28:35.659+0000] {logging_mixin.py:188} INFO - [2024-04-11T14:28:35.658+0000] {dag.py:3954} INFO - Setting next_dagrun for dataset_consumes_unknown_never_scheduled to None, run_after=None
[2024-04-11T14:28:35.663+0000] {logging_mixin.py:188} INFO - [2024-04-11T14:28:35.663+0000] {dag.py:3954} INFO - Setting next_dagrun for dataset_produces_1 to 2024-04-10 00:00:00+00:00, run_after=2024-04-11 00:00:00+00:00
[2024-04-11T14:28:35.665+0000] {logging_mixin.py:188} INFO - [2024-04-11T14:28:35.665+0000] {dag.py:3954} INFO - Setting next_dagrun for dataset_produces_2 to None, run_after=None
[2024-04-11T14:28:35.719+0000] {processor.py:183} INFO - Processing /home/airflow/.local/lib/python3.12/site-packages/airflow/example_dags/example_datasets.py took 0.243 seconds
[2024-04-11T14:29:05.851+0000] {processor.py:161} INFO - Started process (PID=351) to work on /home/airflow/.local/lib/python3.12/site-packages/airflow/example_dags/example_datasets.py
[2024-04-11T14:29:05.853+0000] {processor.py:830} INFO - Processing file /home/airflow/.local/lib/python3.12/site-packages/airflow/example_dags/example_datasets.py for tasks to queue
[2024-04-11T14:29:05.856+0000] {logging_mixin.py:188} INFO - [2024-04-11T14:29:05.855+0000] {dagbag.py:540} INFO - Filling up the DagBag from /home/airflow/.local/lib/python3.12/site-packages/airflow/example_dags/example_datasets.py
[2024-04-11T14:29:05.875+0000] {processor.py:840} INFO - DAG(s) 'dataset_consumes_1_and_2', 'dataset_produces_2', 'consume_1_and_2_with_dataset_expressions', 'consume_1_or_2_with_dataset_expressions', 'dataset_consumes_unknown_never_scheduled', 'dataset_produces_1', 'dataset_consumes_1_never_scheduled', 'conditional_dataset_and_time_based_timetable', 'dataset_consumes_1', 'consume_1_or_both_2_and_3_with_dataset_expressions' retrieved from /home/airflow/.local/lib/python3.12/site-packages/airflow/example_dags/example_datasets.py
[2024-04-11T14:29:05.945+0000] {logging_mixin.py:188} INFO - [2024-04-11T14:29:05.944+0000] {dag.py:3096} INFO - Sync 10 DAGs
[2024-04-11T14:29:05.982+0000] {logging_mixin.py:188} INFO - [2024-04-11T14:29:05.982+0000] {dag.py:3954} INFO - Setting next_dagrun for conditional_dataset_and_time_based_timetable to 2024-04-10 01:00:00+00:00, run_after=2024-04-10 01:00:00+00:00
[2024-04-11T14:29:05.990+0000] {logging_mixin.py:188} INFO - [2024-04-11T14:29:05.990+0000] {dag.py:3954} INFO - Setting next_dagrun for consume_1_and_2_with_dataset_expressions to None, run_after=None
[2024-04-11T14:29:05.993+0000] {logging_mixin.py:188} INFO - [2024-04-11T14:29:05.992+0000] {dag.py:3954} INFO - Setting next_dagrun for consume_1_or_2_with_dataset_expressions to None, run_after=None
[2024-04-11T14:29:05.995+0000] {logging_mixin.py:188} INFO - [2024-04-11T14:29:05.995+0000] {dag.py:3954} INFO - Setting next_dagrun for consume_1_or_both_2_and_3_with_dataset_expressions to None, run_after=None
[2024-04-11T14:29:05.998+0000] {logging_mixin.py:188} INFO - [2024-04-11T14:29:05.998+0000] {dag.py:3954} INFO - Setting next_dagrun for dataset_consumes_1 to None, run_after=None
[2024-04-11T14:29:06.002+0000] {logging_mixin.py:188} INFO - [2024-04-11T14:29:06.001+0000] {dag.py:3954} INFO - Setting next_dagrun for dataset_consumes_1_and_2 to None, run_after=None
[2024-04-11T14:29:06.005+0000] {logging_mixin.py:188} INFO - [2024-04-11T14:29:06.005+0000] {dag.py:3954} INFO - Setting next_dagrun for dataset_consumes_1_never_scheduled to None, run_after=None
[2024-04-11T14:29:06.007+0000] {logging_mixin.py:188} INFO - [2024-04-11T14:29:06.007+0000] {dag.py:3954} INFO - Setting next_dagrun for dataset_consumes_unknown_never_scheduled to None, run_after=None
[2024-04-11T14:29:06.013+0000] {logging_mixin.py:188} INFO - [2024-04-11T14:29:06.012+0000] {dag.py:3954} INFO - Setting next_dagrun for dataset_produces_1 to 2024-04-10 00:00:00+00:00, run_after=2024-04-11 00:00:00+00:00
[2024-04-11T14:29:06.015+0000] {logging_mixin.py:188} INFO - [2024-04-11T14:29:06.015+0000] {dag.py:3954} INFO - Setting next_dagrun for dataset_produces_2 to None, run_after=None
[2024-04-11T14:29:06.079+0000] {processor.py:183} INFO - Processing /home/airflow/.local/lib/python3.12/site-packages/airflow/example_dags/example_datasets.py took 0.236 seconds
[2024-04-11T14:29:36.262+0000] {processor.py:161} INFO - Started process (PID=410) to work on /home/airflow/.local/lib/python3.12/site-packages/airflow/example_dags/example_datasets.py
[2024-04-11T14:29:36.264+0000] {processor.py:830} INFO - Processing file /home/airflow/.local/lib/python3.12/site-packages/airflow/example_dags/example_datasets.py for tasks to queue
[2024-04-11T14:29:36.267+0000] {logging_mixin.py:188} INFO - [2024-04-11T14:29:36.267+0000] {dagbag.py:540} INFO - Filling up the DagBag from /home/airflow/.local/lib/python3.12/site-packages/airflow/example_dags/example_datasets.py
[2024-04-11T14:29:36.287+0000] {processor.py:840} INFO - DAG(s) 'consume_1_or_2_with_dataset_expressions', 'conditional_dataset_and_time_based_timetable', 'dataset_consumes_1', 'consume_1_and_2_with_dataset_expressions', 'dataset_produces_2', 'dataset_consumes_1_never_scheduled', 'dataset_consumes_unknown_never_scheduled', 'dataset_produces_1', 'dataset_consumes_1_and_2', 'consume_1_or_both_2_and_3_with_dataset_expressions' retrieved from /home/airflow/.local/lib/python3.12/site-packages/airflow/example_dags/example_datasets.py
[2024-04-11T14:29:36.362+0000] {logging_mixin.py:188} INFO - [2024-04-11T14:29:36.361+0000] {dag.py:3096} INFO - Sync 10 DAGs
[2024-04-11T14:29:36.398+0000] {logging_mixin.py:188} INFO - [2024-04-11T14:29:36.398+0000] {dag.py:3954} INFO - Setting next_dagrun for conditional_dataset_and_time_based_timetable to 2024-04-10 01:00:00+00:00, run_after=2024-04-10 01:00:00+00:00
[2024-04-11T14:29:36.405+0000] {logging_mixin.py:188} INFO - [2024-04-11T14:29:36.405+0000] {dag.py:3954} INFO - Setting next_dagrun for consume_1_and_2_with_dataset_expressions to None, run_after=None
[2024-04-11T14:29:36.408+0000] {logging_mixin.py:188} INFO - [2024-04-11T14:29:36.407+0000] {dag.py:3954} INFO - Setting next_dagrun for consume_1_or_2_with_dataset_expressions to None, run_after=None
[2024-04-11T14:29:36.410+0000] {logging_mixin.py:188} INFO - [2024-04-11T14:29:36.410+0000] {dag.py:3954} INFO - Setting next_dagrun for consume_1_or_both_2_and_3_with_dataset_expressions to None, run_after=None
[2024-04-11T14:29:36.413+0000] {logging_mixin.py:188} INFO - [2024-04-11T14:29:36.412+0000] {dag.py:3954} INFO - Setting next_dagrun for dataset_consumes_1 to None, run_after=None
[2024-04-11T14:29:36.415+0000] {logging_mixin.py:188} INFO - [2024-04-11T14:29:36.415+0000] {dag.py:3954} INFO - Setting next_dagrun for dataset_consumes_1_and_2 to None, run_after=None
[2024-04-11T14:29:36.417+0000] {logging_mixin.py:188} INFO - [2024-04-11T14:29:36.417+0000] {dag.py:3954} INFO - Setting next_dagrun for dataset_consumes_1_never_scheduled to None, run_after=None
[2024-04-11T14:29:36.419+0000] {logging_mixin.py:188} INFO - [2024-04-11T14:29:36.419+0000] {dag.py:3954} INFO - Setting next_dagrun for dataset_consumes_unknown_never_scheduled to None, run_after=None
[2024-04-11T14:29:36.423+0000] {logging_mixin.py:188} INFO - [2024-04-11T14:29:36.423+0000] {dag.py:3954} INFO - Setting next_dagrun for dataset_produces_1 to 2024-04-10 00:00:00+00:00, run_after=2024-04-11 00:00:00+00:00
[2024-04-11T14:29:36.426+0000] {logging_mixin.py:188} INFO - [2024-04-11T14:29:36.426+0000] {dag.py:3954} INFO - Setting next_dagrun for dataset_produces_2 to None, run_after=None
[2024-04-11T14:29:36.479+0000] {processor.py:183} INFO - Processing /home/airflow/.local/lib/python3.12/site-packages/airflow/example_dags/example_datasets.py took 0.228 seconds
[2024-04-11T14:30:06.547+0000] {processor.py:161} INFO - Started process (PID=468) to work on /home/airflow/.local/lib/python3.12/site-packages/airflow/example_dags/example_datasets.py
[2024-04-11T14:30:06.549+0000] {processor.py:830} INFO - Processing file /home/airflow/.local/lib/python3.12/site-packages/airflow/example_dags/example_datasets.py for tasks to queue
[2024-04-11T14:30:06.554+0000] {logging_mixin.py:188} INFO - [2024-04-11T14:30:06.553+0000] {dagbag.py:540} INFO - Filling up the DagBag from /home/airflow/.local/lib/python3.12/site-packages/airflow/example_dags/example_datasets.py
[2024-04-11T14:30:06.574+0000] {processor.py:840} INFO - DAG(s) 'dataset_consumes_1_and_2', 'dataset_consumes_unknown_never_scheduled', 'dataset_produces_1', 'dataset_consumes_1_never_scheduled', 'consume_1_or_both_2_and_3_with_dataset_expressions', 'conditional_dataset_and_time_based_timetable', 'dataset_consumes_1', 'consume_1_or_2_with_dataset_expressions', 'consume_1_and_2_with_dataset_expressions', 'dataset_produces_2' retrieved from /home/airflow/.local/lib/python3.12/site-packages/airflow/example_dags/example_datasets.py
[2024-04-11T14:30:06.646+0000] {logging_mixin.py:188} INFO - [2024-04-11T14:30:06.646+0000] {dag.py:3096} INFO - Sync 10 DAGs
[2024-04-11T14:30:06.682+0000] {logging_mixin.py:188} INFO - [2024-04-11T14:30:06.681+0000] {dag.py:3954} INFO - Setting next_dagrun for conditional_dataset_and_time_based_timetable to 2024-04-10 01:00:00+00:00, run_after=2024-04-10 01:00:00+00:00
[2024-04-11T14:30:06.689+0000] {logging_mixin.py:188} INFO - [2024-04-11T14:30:06.689+0000] {dag.py:3954} INFO - Setting next_dagrun for consume_1_and_2_with_dataset_expressions to None, run_after=None
[2024-04-11T14:30:06.693+0000] {logging_mixin.py:188} INFO - [2024-04-11T14:30:06.693+0000] {dag.py:3954} INFO - Setting next_dagrun for consume_1_or_2_with_dataset_expressions to None, run_after=None
[2024-04-11T14:30:06.696+0000] {logging_mixin.py:188} INFO - [2024-04-11T14:30:06.696+0000] {dag.py:3954} INFO - Setting next_dagrun for consume_1_or_both_2_and_3_with_dataset_expressions to None, run_after=None
[2024-04-11T14:30:06.699+0000] {logging_mixin.py:188} INFO - [2024-04-11T14:30:06.699+0000] {dag.py:3954} INFO - Setting next_dagrun for dataset_consumes_1 to None, run_after=None
[2024-04-11T14:30:06.703+0000] {logging_mixin.py:188} INFO - [2024-04-11T14:30:06.703+0000] {dag.py:3954} INFO - Setting next_dagrun for dataset_consumes_1_and_2 to None, run_after=None
[2024-04-11T14:30:06.706+0000] {logging_mixin.py:188} INFO - [2024-04-11T14:30:06.706+0000] {dag.py:3954} INFO - Setting next_dagrun for dataset_consumes_1_never_scheduled to None, run_after=None
[2024-04-11T14:30:06.709+0000] {logging_mixin.py:188} INFO - [2024-04-11T14:30:06.709+0000] {dag.py:3954} INFO - Setting next_dagrun for dataset_consumes_unknown_never_scheduled to None, run_after=None
[2024-04-11T14:30:06.714+0000] {logging_mixin.py:188} INFO - [2024-04-11T14:30:06.713+0000] {dag.py:3954} INFO - Setting next_dagrun for dataset_produces_1 to 2024-04-10 00:00:00+00:00, run_after=2024-04-11 00:00:00+00:00
[2024-04-11T14:30:06.717+0000] {logging_mixin.py:188} INFO - [2024-04-11T14:30:06.717+0000] {dag.py:3954} INFO - Setting next_dagrun for dataset_produces_2 to None, run_after=None
[2024-04-11T14:30:06.775+0000] {processor.py:183} INFO - Processing /home/airflow/.local/lib/python3.12/site-packages/airflow/example_dags/example_datasets.py took 0.238 seconds
[2024-04-11T14:30:36.879+0000] {processor.py:161} INFO - Started process (PID=524) to work on /home/airflow/.local/lib/python3.12/site-packages/airflow/example_dags/example_datasets.py
[2024-04-11T14:30:36.880+0000] {processor.py:830} INFO - Processing file /home/airflow/.local/lib/python3.12/site-packages/airflow/example_dags/example_datasets.py for tasks to queue
[2024-04-11T14:30:36.883+0000] {logging_mixin.py:188} INFO - [2024-04-11T14:30:36.883+0000] {dagbag.py:540} INFO - Filling up the DagBag from /home/airflow/.local/lib/python3.12/site-packages/airflow/example_dags/example_datasets.py
[2024-04-11T14:30:36.903+0000] {processor.py:840} INFO - DAG(s) 'dataset_produces_1', 'consume_1_or_both_2_and_3_with_dataset_expressions', 'dataset_consumes_1_and_2', 'consume_1_and_2_with_dataset_expressions', 'dataset_produces_2', 'dataset_consumes_unknown_never_scheduled', 'consume_1_or_2_with_dataset_expressions', 'conditional_dataset_and_time_based_timetable', 'dataset_consumes_1', 'dataset_consumes_1_never_scheduled' retrieved from /home/airflow/.local/lib/python3.12/site-packages/airflow/example_dags/example_datasets.py
[2024-04-11T14:30:36.974+0000] {logging_mixin.py:188} INFO - [2024-04-11T14:30:36.973+0000] {dag.py:3096} INFO - Sync 10 DAGs
[2024-04-11T14:30:37.025+0000] {logging_mixin.py:188} INFO - [2024-04-11T14:30:37.025+0000] {dag.py:3954} INFO - Setting next_dagrun for conditional_dataset_and_time_based_timetable to 2024-04-10 01:00:00+00:00, run_after=2024-04-10 01:00:00+00:00
[2024-04-11T14:30:37.032+0000] {logging_mixin.py:188} INFO - [2024-04-11T14:30:37.032+0000] {dag.py:3954} INFO - Setting next_dagrun for consume_1_and_2_with_dataset_expressions to None, run_after=None
[2024-04-11T14:30:37.035+0000] {logging_mixin.py:188} INFO - [2024-04-11T14:30:37.035+0000] {dag.py:3954} INFO - Setting next_dagrun for consume_1_or_2_with_dataset_expressions to None, run_after=None
[2024-04-11T14:30:37.038+0000] {logging_mixin.py:188} INFO - [2024-04-11T14:30:37.038+0000] {dag.py:3954} INFO - Setting next_dagrun for consume_1_or_both_2_and_3_with_dataset_expressions to None, run_after=None
[2024-04-11T14:30:37.041+0000] {logging_mixin.py:188} INFO - [2024-04-11T14:30:37.040+0000] {dag.py:3954} INFO - Setting next_dagrun for dataset_consumes_1 to None, run_after=None
[2024-04-11T14:30:37.044+0000] {logging_mixin.py:188} INFO - [2024-04-11T14:30:37.043+0000] {dag.py:3954} INFO - Setting next_dagrun for dataset_consumes_1_and_2 to None, run_after=None
[2024-04-11T14:30:37.047+0000] {logging_mixin.py:188} INFO - [2024-04-11T14:30:37.046+0000] {dag.py:3954} INFO - Setting next_dagrun for dataset_consumes_1_never_scheduled to None, run_after=None
[2024-04-11T14:30:37.049+0000] {logging_mixin.py:188} INFO - [2024-04-11T14:30:37.049+0000] {dag.py:3954} INFO - Setting next_dagrun for dataset_consumes_unknown_never_scheduled to None, run_after=None
[2024-04-11T14:30:37.053+0000] {logging_mixin.py:188} INFO - [2024-04-11T14:30:37.053+0000] {dag.py:3954} INFO - Setting next_dagrun for dataset_produces_1 to 2024-04-10 00:00:00+00:00, run_after=2024-04-11 00:00:00+00:00
[2024-04-11T14:30:37.055+0000] {logging_mixin.py:188} INFO - [2024-04-11T14:30:37.055+0000] {dag.py:3954} INFO - Setting next_dagrun for dataset_produces_2 to None, run_after=None
[2024-04-11T14:30:37.107+0000] {processor.py:183} INFO - Processing /home/airflow/.local/lib/python3.12/site-packages/airflow/example_dags/example_datasets.py took 0.237 seconds
[2024-04-11T14:31:07.596+0000] {processor.py:161} INFO - Started process (PID=582) to work on /home/airflow/.local/lib/python3.12/site-packages/airflow/example_dags/example_datasets.py
[2024-04-11T14:31:07.597+0000] {processor.py:830} INFO - Processing file /home/airflow/.local/lib/python3.12/site-packages/airflow/example_dags/example_datasets.py for tasks to queue
[2024-04-11T14:31:07.600+0000] {logging_mixin.py:188} INFO - [2024-04-11T14:31:07.600+0000] {dagbag.py:540} INFO - Filling up the DagBag from /home/airflow/.local/lib/python3.12/site-packages/airflow/example_dags/example_datasets.py
[2024-04-11T14:31:07.622+0000] {processor.py:840} INFO - DAG(s) 'consume_1_or_2_with_dataset_expressions', 'dataset_consumes_unknown_never_scheduled', 'dataset_produces_1', 'consume_1_or_both_2_and_3_with_dataset_expressions', 'dataset_consumes_1_never_scheduled', 'dataset_produces_2', 'dataset_consumes_1_and_2', 'consume_1_and_2_with_dataset_expressions', 'dataset_consumes_1', 'conditional_dataset_and_time_based_timetable' retrieved from /home/airflow/.local/lib/python3.12/site-packages/airflow/example_dags/example_datasets.py
[2024-04-11T14:31:07.704+0000] {logging_mixin.py:188} INFO - [2024-04-11T14:31:07.703+0000] {dag.py:3096} INFO - Sync 10 DAGs
[2024-04-11T14:31:07.772+0000] {logging_mixin.py:188} INFO - [2024-04-11T14:31:07.771+0000] {dag.py:3954} INFO - Setting next_dagrun for conditional_dataset_and_time_based_timetable to 2024-04-10 01:00:00+00:00, run_after=2024-04-10 01:00:00+00:00
[2024-04-11T14:31:07.787+0000] {logging_mixin.py:188} INFO - [2024-04-11T14:31:07.787+0000] {dag.py:3954} INFO - Setting next_dagrun for consume_1_and_2_with_dataset_expressions to None, run_after=None
[2024-04-11T14:31:07.791+0000] {logging_mixin.py:188} INFO - [2024-04-11T14:31:07.790+0000] {dag.py:3954} INFO - Setting next_dagrun for consume_1_or_2_with_dataset_expressions to None, run_after=None
[2024-04-11T14:31:07.794+0000] {logging_mixin.py:188} INFO - [2024-04-11T14:31:07.793+0000] {dag.py:3954} INFO - Setting next_dagrun for consume_1_or_both_2_and_3_with_dataset_expressions to None, run_after=None
[2024-04-11T14:31:07.796+0000] {logging_mixin.py:188} INFO - [2024-04-11T14:31:07.796+0000] {dag.py:3954} INFO - Setting next_dagrun for dataset_consumes_1 to None, run_after=None
[2024-04-11T14:31:07.799+0000] {logging_mixin.py:188} INFO - [2024-04-11T14:31:07.799+0000] {dag.py:3954} INFO - Setting next_dagrun for dataset_consumes_1_and_2 to None, run_after=None
[2024-04-11T14:31:07.802+0000] {logging_mixin.py:188} INFO - [2024-04-11T14:31:07.802+0000] {dag.py:3954} INFO - Setting next_dagrun for dataset_consumes_1_never_scheduled to None, run_after=None
[2024-04-11T14:31:07.807+0000] {logging_mixin.py:188} INFO - [2024-04-11T14:31:07.807+0000] {dag.py:3954} INFO - Setting next_dagrun for dataset_consumes_unknown_never_scheduled to None, run_after=None
[2024-04-11T14:31:07.814+0000] {logging_mixin.py:188} INFO - [2024-04-11T14:31:07.814+0000] {dag.py:3954} INFO - Setting next_dagrun for dataset_produces_1 to 2024-04-10 00:00:00+00:00, run_after=2024-04-11 00:00:00+00:00
[2024-04-11T14:31:07.817+0000] {logging_mixin.py:188} INFO - [2024-04-11T14:31:07.817+0000] {dag.py:3954} INFO - Setting next_dagrun for dataset_produces_2 to None, run_after=None
[2024-04-11T14:31:07.874+0000] {processor.py:183} INFO - Processing /home/airflow/.local/lib/python3.12/site-packages/airflow/example_dags/example_datasets.py took 0.287 seconds
[2024-04-11T14:31:38.054+0000] {processor.py:161} INFO - Started process (PID=640) to work on /home/airflow/.local/lib/python3.12/site-packages/airflow/example_dags/example_datasets.py
[2024-04-11T14:31:38.055+0000] {processor.py:830} INFO - Processing file /home/airflow/.local/lib/python3.12/site-packages/airflow/example_dags/example_datasets.py for tasks to queue
[2024-04-11T14:31:38.059+0000] {logging_mixin.py:188} INFO - [2024-04-11T14:31:38.058+0000] {dagbag.py:540} INFO - Filling up the DagBag from /home/airflow/.local/lib/python3.12/site-packages/airflow/example_dags/example_datasets.py
[2024-04-11T14:31:38.084+0000] {processor.py:840} INFO - DAG(s) 'consume_1_and_2_with_dataset_expressions', 'dataset_consumes_1_never_scheduled', 'dataset_consumes_1', 'dataset_consumes_1_and_2', 'dataset_produces_2', 'consume_1_or_2_with_dataset_expressions', 'dataset_produces_1', 'conditional_dataset_and_time_based_timetable', 'consume_1_or_both_2_and_3_with_dataset_expressions', 'dataset_consumes_unknown_never_scheduled' retrieved from /home/airflow/.local/lib/python3.12/site-packages/airflow/example_dags/example_datasets.py
[2024-04-11T14:31:38.200+0000] {logging_mixin.py:188} INFO - [2024-04-11T14:31:38.199+0000] {dag.py:3096} INFO - Sync 10 DAGs
[2024-04-11T14:31:38.256+0000] {logging_mixin.py:188} INFO - [2024-04-11T14:31:38.255+0000] {dag.py:3954} INFO - Setting next_dagrun for conditional_dataset_and_time_based_timetable to 2024-04-10 01:00:00+00:00, run_after=2024-04-10 01:00:00+00:00
[2024-04-11T14:31:38.269+0000] {logging_mixin.py:188} INFO - [2024-04-11T14:31:38.269+0000] {dag.py:3954} INFO - Setting next_dagrun for consume_1_and_2_with_dataset_expressions to None, run_after=None
[2024-04-11T14:31:38.272+0000] {logging_mixin.py:188} INFO - [2024-04-11T14:31:38.272+0000] {dag.py:3954} INFO - Setting next_dagrun for consume_1_or_2_with_dataset_expressions to None, run_after=None
[2024-04-11T14:31:38.276+0000] {logging_mixin.py:188} INFO - [2024-04-11T14:31:38.276+0000] {dag.py:3954} INFO - Setting next_dagrun for consume_1_or_both_2_and_3_with_dataset_expressions to None, run_after=None
[2024-04-11T14:31:38.280+0000] {logging_mixin.py:188} INFO - [2024-04-11T14:31:38.279+0000] {dag.py:3954} INFO - Setting next_dagrun for dataset_consumes_1 to None, run_after=None
[2024-04-11T14:31:38.284+0000] {logging_mixin.py:188} INFO - [2024-04-11T14:31:38.283+0000] {dag.py:3954} INFO - Setting next_dagrun for dataset_consumes_1_and_2 to None, run_after=None
[2024-04-11T14:31:38.287+0000] {logging_mixin.py:188} INFO - [2024-04-11T14:31:38.287+0000] {dag.py:3954} INFO - Setting next_dagrun for dataset_consumes_1_never_scheduled to None, run_after=None
[2024-04-11T14:31:38.290+0000] {logging_mixin.py:188} INFO - [2024-04-11T14:31:38.290+0000] {dag.py:3954} INFO - Setting next_dagrun for dataset_consumes_unknown_never_scheduled to None, run_after=None
[2024-04-11T14:31:38.296+0000] {logging_mixin.py:188} INFO - [2024-04-11T14:31:38.295+0000] {dag.py:3954} INFO - Setting next_dagrun for dataset_produces_1 to 2024-04-10 00:00:00+00:00, run_after=2024-04-11 00:00:00+00:00
[2024-04-11T14:31:38.299+0000] {logging_mixin.py:188} INFO - [2024-04-11T14:31:38.299+0000] {dag.py:3954} INFO - Setting next_dagrun for dataset_produces_2 to None, run_after=None
[2024-04-11T14:31:38.361+0000] {processor.py:183} INFO - Processing /home/airflow/.local/lib/python3.12/site-packages/airflow/example_dags/example_datasets.py took 0.317 seconds
[2024-04-11T14:32:09.367+0000] {processor.py:161} INFO - Started process (PID=698) to work on /home/airflow/.local/lib/python3.12/site-packages/airflow/example_dags/example_datasets.py
[2024-04-11T14:32:09.369+0000] {processor.py:830} INFO - Processing file /home/airflow/.local/lib/python3.12/site-packages/airflow/example_dags/example_datasets.py for tasks to queue
[2024-04-11T14:32:09.372+0000] {logging_mixin.py:188} INFO - [2024-04-11T14:32:09.371+0000] {dagbag.py:540} INFO - Filling up the DagBag from /home/airflow/.local/lib/python3.12/site-packages/airflow/example_dags/example_datasets.py
[2024-04-11T14:32:09.391+0000] {processor.py:840} INFO - DAG(s) 'consume_1_and_2_with_dataset_expressions', 'dataset_consumes_1', 'conditional_dataset_and_time_based_timetable', 'consume_1_or_both_2_and_3_with_dataset_expressions', 'dataset_produces_1', 'dataset_produces_2', 'dataset_consumes_1_and_2', 'dataset_consumes_1_never_scheduled', 'consume_1_or_2_with_dataset_expressions', 'dataset_consumes_unknown_never_scheduled' retrieved from /home/airflow/.local/lib/python3.12/site-packages/airflow/example_dags/example_datasets.py
[2024-04-11T14:32:09.471+0000] {logging_mixin.py:188} INFO - [2024-04-11T14:32:09.471+0000] {dag.py:3096} INFO - Sync 10 DAGs
[2024-04-11T14:32:09.518+0000] {logging_mixin.py:188} INFO - [2024-04-11T14:32:09.518+0000] {dag.py:3954} INFO - Setting next_dagrun for conditional_dataset_and_time_based_timetable to 2024-04-10 01:00:00+00:00, run_after=2024-04-10 01:00:00+00:00
[2024-04-11T14:32:09.528+0000] {logging_mixin.py:188} INFO - [2024-04-11T14:32:09.527+0000] {dag.py:3954} INFO - Setting next_dagrun for consume_1_and_2_with_dataset_expressions to None, run_after=None
[2024-04-11T14:32:09.531+0000] {logging_mixin.py:188} INFO - [2024-04-11T14:32:09.531+0000] {dag.py:3954} INFO - Setting next_dagrun for consume_1_or_2_with_dataset_expressions to None, run_after=None
[2024-04-11T14:32:09.534+0000] {logging_mixin.py:188} INFO - [2024-04-11T14:32:09.534+0000] {dag.py:3954} INFO - Setting next_dagrun for consume_1_or_both_2_and_3_with_dataset_expressions to None, run_after=None
[2024-04-11T14:32:09.538+0000] {logging_mixin.py:188} INFO - [2024-04-11T14:32:09.537+0000] {dag.py:3954} INFO - Setting next_dagrun for dataset_consumes_1 to None, run_after=None
[2024-04-11T14:32:09.541+0000] {logging_mixin.py:188} INFO - [2024-04-11T14:32:09.541+0000] {dag.py:3954} INFO - Setting next_dagrun for dataset_consumes_1_and_2 to None, run_after=None
[2024-04-11T14:32:09.545+0000] {logging_mixin.py:188} INFO - [2024-04-11T14:32:09.545+0000] {dag.py:3954} INFO - Setting next_dagrun for dataset_consumes_1_never_scheduled to None, run_after=None
[2024-04-11T14:32:09.548+0000] {logging_mixin.py:188} INFO - [2024-04-11T14:32:09.548+0000] {dag.py:3954} INFO - Setting next_dagrun for dataset_consumes_unknown_never_scheduled to None, run_after=None
[2024-04-11T14:32:09.554+0000] {logging_mixin.py:188} INFO - [2024-04-11T14:32:09.554+0000] {dag.py:3954} INFO - Setting next_dagrun for dataset_produces_1 to 2024-04-10 00:00:00+00:00, run_after=2024-04-11 00:00:00+00:00
[2024-04-11T14:32:09.558+0000] {logging_mixin.py:188} INFO - [2024-04-11T14:32:09.558+0000] {dag.py:3954} INFO - Setting next_dagrun for dataset_produces_2 to None, run_after=None
[2024-04-11T14:32:09.621+0000] {processor.py:183} INFO - Processing /home/airflow/.local/lib/python3.12/site-packages/airflow/example_dags/example_datasets.py took 0.262 seconds
[2024-04-11T14:32:40.185+0000] {processor.py:161} INFO - Started process (PID=756) to work on /home/airflow/.local/lib/python3.12/site-packages/airflow/example_dags/example_datasets.py
[2024-04-11T14:32:40.186+0000] {processor.py:830} INFO - Processing file /home/airflow/.local/lib/python3.12/site-packages/airflow/example_dags/example_datasets.py for tasks to queue
[2024-04-11T14:32:40.189+0000] {logging_mixin.py:188} INFO - [2024-04-11T14:32:40.189+0000] {dagbag.py:540} INFO - Filling up the DagBag from /home/airflow/.local/lib/python3.12/site-packages/airflow/example_dags/example_datasets.py
[2024-04-11T14:32:40.211+0000] {processor.py:840} INFO - DAG(s) 'dataset_consumes_unknown_never_scheduled', 'dataset_consumes_1', 'consume_1_or_2_with_dataset_expressions', 'consume_1_and_2_with_dataset_expressions', 'dataset_produces_2', 'conditional_dataset_and_time_based_timetable', 'consume_1_or_both_2_and_3_with_dataset_expressions', 'dataset_consumes_1_and_2', 'dataset_consumes_1_never_scheduled', 'dataset_produces_1' retrieved from /home/airflow/.local/lib/python3.12/site-packages/airflow/example_dags/example_datasets.py
[2024-04-11T14:32:40.312+0000] {logging_mixin.py:188} INFO - [2024-04-11T14:32:40.311+0000] {dag.py:3096} INFO - Sync 10 DAGs
[2024-04-11T14:32:40.362+0000] {logging_mixin.py:188} INFO - [2024-04-11T14:32:40.362+0000] {dag.py:3954} INFO - Setting next_dagrun for conditional_dataset_and_time_based_timetable to 2024-04-10 01:00:00+00:00, run_after=2024-04-10 01:00:00+00:00
[2024-04-11T14:32:40.369+0000] {logging_mixin.py:188} INFO - [2024-04-11T14:32:40.368+0000] {dag.py:3954} INFO - Setting next_dagrun for consume_1_and_2_with_dataset_expressions to None, run_after=None
[2024-04-11T14:32:40.371+0000] {logging_mixin.py:188} INFO - [2024-04-11T14:32:40.371+0000] {dag.py:3954} INFO - Setting next_dagrun for consume_1_or_2_with_dataset_expressions to None, run_after=None
[2024-04-11T14:32:40.374+0000] {logging_mixin.py:188} INFO - [2024-04-11T14:32:40.374+0000] {dag.py:3954} INFO - Setting next_dagrun for consume_1_or_both_2_and_3_with_dataset_expressions to None, run_after=None
[2024-04-11T14:32:40.377+0000] {logging_mixin.py:188} INFO - [2024-04-11T14:32:40.376+0000] {dag.py:3954} INFO - Setting next_dagrun for dataset_consumes_1 to None, run_after=None
[2024-04-11T14:32:40.380+0000] {logging_mixin.py:188} INFO - [2024-04-11T14:32:40.379+0000] {dag.py:3954} INFO - Setting next_dagrun for dataset_consumes_1_and_2 to None, run_after=None
[2024-04-11T14:32:40.383+0000] {logging_mixin.py:188} INFO - [2024-04-11T14:32:40.382+0000] {dag.py:3954} INFO - Setting next_dagrun for dataset_consumes_1_never_scheduled to None, run_after=None
[2024-04-11T14:32:40.386+0000] {logging_mixin.py:188} INFO - [2024-04-11T14:32:40.386+0000] {dag.py:3954} INFO - Setting next_dagrun for dataset_consumes_unknown_never_scheduled to None, run_after=None
[2024-04-11T14:32:40.392+0000] {logging_mixin.py:188} INFO - [2024-04-11T14:32:40.391+0000] {dag.py:3954} INFO - Setting next_dagrun for dataset_produces_1 to 2024-04-10 00:00:00+00:00, run_after=2024-04-11 00:00:00+00:00
[2024-04-11T14:32:40.395+0000] {logging_mixin.py:188} INFO - [2024-04-11T14:32:40.394+0000] {dag.py:3954} INFO - Setting next_dagrun for dataset_produces_2 to None, run_after=None
[2024-04-11T14:32:40.611+0000] {processor.py:183} INFO - Processing /home/airflow/.local/lib/python3.12/site-packages/airflow/example_dags/example_datasets.py took 0.435 seconds
[2024-04-11T14:33:11.205+0000] {processor.py:161} INFO - Started process (PID=814) to work on /home/airflow/.local/lib/python3.12/site-packages/airflow/example_dags/example_datasets.py
[2024-04-11T14:33:11.206+0000] {processor.py:830} INFO - Processing file /home/airflow/.local/lib/python3.12/site-packages/airflow/example_dags/example_datasets.py for tasks to queue
[2024-04-11T14:33:11.209+0000] {logging_mixin.py:188} INFO - [2024-04-11T14:33:11.209+0000] {dagbag.py:540} INFO - Filling up the DagBag from /home/airflow/.local/lib/python3.12/site-packages/airflow/example_dags/example_datasets.py
[2024-04-11T14:33:11.228+0000] {processor.py:840} INFO - DAG(s) 'dataset_consumes_1', 'dataset_consumes_1_never_scheduled', 'consume_1_or_2_with_dataset_expressions', 'consume_1_and_2_with_dataset_expressions', 'conditional_dataset_and_time_based_timetable', 'consume_1_or_both_2_and_3_with_dataset_expressions', 'dataset_produces_2', 'dataset_consumes_unknown_never_scheduled', 'dataset_produces_1', 'dataset_consumes_1_and_2' retrieved from /home/airflow/.local/lib/python3.12/site-packages/airflow/example_dags/example_datasets.py
[2024-04-11T14:33:11.302+0000] {logging_mixin.py:188} INFO - [2024-04-11T14:33:11.301+0000] {dag.py:3096} INFO - Sync 10 DAGs
[2024-04-11T14:33:11.339+0000] {logging_mixin.py:188} INFO - [2024-04-11T14:33:11.339+0000] {dag.py:3954} INFO - Setting next_dagrun for conditional_dataset_and_time_based_timetable to 2024-04-10 01:00:00+00:00, run_after=2024-04-10 01:00:00+00:00
[2024-04-11T14:33:11.347+0000] {logging_mixin.py:188} INFO - [2024-04-11T14:33:11.347+0000] {dag.py:3954} INFO - Setting next_dagrun for consume_1_and_2_with_dataset_expressions to None, run_after=None
[2024-04-11T14:33:11.350+0000] {logging_mixin.py:188} INFO - [2024-04-11T14:33:11.350+0000] {dag.py:3954} INFO - Setting next_dagrun for consume_1_or_2_with_dataset_expressions to None, run_after=None
[2024-04-11T14:33:11.353+0000] {logging_mixin.py:188} INFO - [2024-04-11T14:33:11.353+0000] {dag.py:3954} INFO - Setting next_dagrun for consume_1_or_both_2_and_3_with_dataset_expressions to None, run_after=None
[2024-04-11T14:33:11.356+0000] {logging_mixin.py:188} INFO - [2024-04-11T14:33:11.355+0000] {dag.py:3954} INFO - Setting next_dagrun for dataset_consumes_1 to None, run_after=None
[2024-04-11T14:33:11.358+0000] {logging_mixin.py:188} INFO - [2024-04-11T14:33:11.358+0000] {dag.py:3954} INFO - Setting next_dagrun for dataset_consumes_1_and_2 to None, run_after=None
[2024-04-11T14:33:11.361+0000] {logging_mixin.py:188} INFO - [2024-04-11T14:33:11.360+0000] {dag.py:3954} INFO - Setting next_dagrun for dataset_consumes_1_never_scheduled to None, run_after=None
[2024-04-11T14:33:11.363+0000] {logging_mixin.py:188} INFO - [2024-04-11T14:33:11.363+0000] {dag.py:3954} INFO - Setting next_dagrun for dataset_consumes_unknown_never_scheduled to None, run_after=None
[2024-04-11T14:33:11.367+0000] {logging_mixin.py:188} INFO - [2024-04-11T14:33:11.367+0000] {dag.py:3954} INFO - Setting next_dagrun for dataset_produces_1 to 2024-04-10 00:00:00+00:00, run_after=2024-04-11 00:00:00+00:00
[2024-04-11T14:33:11.370+0000] {logging_mixin.py:188} INFO - [2024-04-11T14:33:11.370+0000] {dag.py:3954} INFO - Setting next_dagrun for dataset_produces_2 to None, run_after=None
[2024-04-11T14:33:11.424+0000] {processor.py:183} INFO - Processing /home/airflow/.local/lib/python3.12/site-packages/airflow/example_dags/example_datasets.py took 0.227 seconds
[2024-04-11T14:33:41.903+0000] {processor.py:161} INFO - Started process (PID=872) to work on /home/airflow/.local/lib/python3.12/site-packages/airflow/example_dags/example_datasets.py
[2024-04-11T14:33:41.905+0000] {processor.py:830} INFO - Processing file /home/airflow/.local/lib/python3.12/site-packages/airflow/example_dags/example_datasets.py for tasks to queue
[2024-04-11T14:33:41.909+0000] {logging_mixin.py:188} INFO - [2024-04-11T14:33:41.908+0000] {dagbag.py:540} INFO - Filling up the DagBag from /home/airflow/.local/lib/python3.12/site-packages/airflow/example_dags/example_datasets.py
[2024-04-11T14:33:41.945+0000] {processor.py:840} INFO - DAG(s) 'dataset_consumes_1_never_scheduled', 'dataset_produces_2', 'dataset_consumes_1', 'consume_1_and_2_with_dataset_expressions', 'consume_1_or_both_2_and_3_with_dataset_expressions', 'conditional_dataset_and_time_based_timetable', 'dataset_consumes_unknown_never_scheduled', 'dataset_produces_1', 'consume_1_or_2_with_dataset_expressions', 'dataset_consumes_1_and_2' retrieved from /home/airflow/.local/lib/python3.12/site-packages/airflow/example_dags/example_datasets.py
[2024-04-11T14:33:42.094+0000] {logging_mixin.py:188} INFO - [2024-04-11T14:33:42.093+0000] {dag.py:3096} INFO - Sync 10 DAGs
[2024-04-11T14:33:42.146+0000] {logging_mixin.py:188} INFO - [2024-04-11T14:33:42.146+0000] {dag.py:3954} INFO - Setting next_dagrun for conditional_dataset_and_time_based_timetable to 2024-04-10 01:00:00+00:00, run_after=2024-04-10 01:00:00+00:00
[2024-04-11T14:33:42.154+0000] {logging_mixin.py:188} INFO - [2024-04-11T14:33:42.154+0000] {dag.py:3954} INFO - Setting next_dagrun for consume_1_and_2_with_dataset_expressions to None, run_after=None
[2024-04-11T14:33:42.159+0000] {logging_mixin.py:188} INFO - [2024-04-11T14:33:42.158+0000] {dag.py:3954} INFO - Setting next_dagrun for consume_1_or_2_with_dataset_expressions to None, run_after=None
[2024-04-11T14:33:42.163+0000] {logging_mixin.py:188} INFO - [2024-04-11T14:33:42.162+0000] {dag.py:3954} INFO - Setting next_dagrun for consume_1_or_both_2_and_3_with_dataset_expressions to None, run_after=None
[2024-04-11T14:33:42.166+0000] {logging_mixin.py:188} INFO - [2024-04-11T14:33:42.165+0000] {dag.py:3954} INFO - Setting next_dagrun for dataset_consumes_1 to None, run_after=None
[2024-04-11T14:33:42.170+0000] {logging_mixin.py:188} INFO - [2024-04-11T14:33:42.170+0000] {dag.py:3954} INFO - Setting next_dagrun for dataset_consumes_1_and_2 to None, run_after=None
[2024-04-11T14:33:42.173+0000] {logging_mixin.py:188} INFO - [2024-04-11T14:33:42.172+0000] {dag.py:3954} INFO - Setting next_dagrun for dataset_consumes_1_never_scheduled to None, run_after=None
[2024-04-11T14:33:42.177+0000] {logging_mixin.py:188} INFO - [2024-04-11T14:33:42.176+0000] {dag.py:3954} INFO - Setting next_dagrun for dataset_consumes_unknown_never_scheduled to None, run_after=None
[2024-04-11T14:33:42.182+0000] {logging_mixin.py:188} INFO - [2024-04-11T14:33:42.182+0000] {dag.py:3954} INFO - Setting next_dagrun for dataset_produces_1 to 2024-04-10 00:00:00+00:00, run_after=2024-04-11 00:00:00+00:00
[2024-04-11T14:33:42.186+0000] {logging_mixin.py:188} INFO - [2024-04-11T14:33:42.185+0000] {dag.py:3954} INFO - Setting next_dagrun for dataset_produces_2 to None, run_after=None
[2024-04-11T14:33:42.267+0000] {processor.py:183} INFO - Processing /home/airflow/.local/lib/python3.12/site-packages/airflow/example_dags/example_datasets.py took 0.376 seconds
[2024-04-11T14:34:12.918+0000] {processor.py:161} INFO - Started process (PID=930) to work on /home/airflow/.local/lib/python3.12/site-packages/airflow/example_dags/example_datasets.py
[2024-04-11T14:34:12.919+0000] {processor.py:830} INFO - Processing file /home/airflow/.local/lib/python3.12/site-packages/airflow/example_dags/example_datasets.py for tasks to queue
[2024-04-11T14:34:12.923+0000] {logging_mixin.py:188} INFO - [2024-04-11T14:34:12.922+0000] {dagbag.py:540} INFO - Filling up the DagBag from /home/airflow/.local/lib/python3.12/site-packages/airflow/example_dags/example_datasets.py
[2024-04-11T14:34:12.943+0000] {processor.py:840} INFO - DAG(s) 'dataset_consumes_1_never_scheduled', 'dataset_consumes_1', 'consume_1_or_2_with_dataset_expressions', 'dataset_consumes_1_and_2', 'dataset_consumes_unknown_never_scheduled', 'consume_1_and_2_with_dataset_expressions', 'conditional_dataset_and_time_based_timetable', 'dataset_produces_2', 'consume_1_or_both_2_and_3_with_dataset_expressions', 'dataset_produces_1' retrieved from /home/airflow/.local/lib/python3.12/site-packages/airflow/example_dags/example_datasets.py
[2024-04-11T14:34:13.012+0000] {logging_mixin.py:188} INFO - [2024-04-11T14:34:13.011+0000] {dag.py:3096} INFO - Sync 10 DAGs
[2024-04-11T14:34:13.194+0000] {logging_mixin.py:188} INFO - [2024-04-11T14:34:13.194+0000] {dag.py:3954} INFO - Setting next_dagrun for conditional_dataset_and_time_based_timetable to 2024-04-10 01:00:00+00:00, run_after=2024-04-10 01:00:00+00:00
[2024-04-11T14:34:13.204+0000] {logging_mixin.py:188} INFO - [2024-04-11T14:34:13.203+0000] {dag.py:3954} INFO - Setting next_dagrun for consume_1_and_2_with_dataset_expressions to None, run_after=None
[2024-04-11T14:34:13.207+0000] {logging_mixin.py:188} INFO - [2024-04-11T14:34:13.206+0000] {dag.py:3954} INFO - Setting next_dagrun for consume_1_or_2_with_dataset_expressions to None, run_after=None
[2024-04-11T14:34:13.210+0000] {logging_mixin.py:188} INFO - [2024-04-11T14:34:13.209+0000] {dag.py:3954} INFO - Setting next_dagrun for consume_1_or_both_2_and_3_with_dataset_expressions to None, run_after=None
[2024-04-11T14:34:13.212+0000] {logging_mixin.py:188} INFO - [2024-04-11T14:34:13.212+0000] {dag.py:3954} INFO - Setting next_dagrun for dataset_consumes_1 to None, run_after=None
[2024-04-11T14:34:13.215+0000] {logging_mixin.py:188} INFO - [2024-04-11T14:34:13.215+0000] {dag.py:3954} INFO - Setting next_dagrun for dataset_consumes_1_and_2 to None, run_after=None
[2024-04-11T14:34:13.217+0000] {logging_mixin.py:188} INFO - [2024-04-11T14:34:13.217+0000] {dag.py:3954} INFO - Setting next_dagrun for dataset_consumes_1_never_scheduled to None, run_after=None
[2024-04-11T14:34:13.220+0000] {logging_mixin.py:188} INFO - [2024-04-11T14:34:13.220+0000] {dag.py:3954} INFO - Setting next_dagrun for dataset_consumes_unknown_never_scheduled to None, run_after=None
[2024-04-11T14:34:13.224+0000] {logging_mixin.py:188} INFO - [2024-04-11T14:34:13.224+0000] {dag.py:3954} INFO - Setting next_dagrun for dataset_produces_1 to 2024-04-10 00:00:00+00:00, run_after=2024-04-11 00:00:00+00:00
[2024-04-11T14:34:13.226+0000] {logging_mixin.py:188} INFO - [2024-04-11T14:34:13.226+0000] {dag.py:3954} INFO - Setting next_dagrun for dataset_produces_2 to None, run_after=None
[2024-04-11T14:34:13.276+0000] {processor.py:183} INFO - Processing /home/airflow/.local/lib/python3.12/site-packages/airflow/example_dags/example_datasets.py took 0.368 seconds
[2024-04-11T14:34:43.850+0000] {processor.py:161} INFO - Started process (PID=988) to work on /home/airflow/.local/lib/python3.12/site-packages/airflow/example_dags/example_datasets.py
[2024-04-11T14:34:43.851+0000] {processor.py:830} INFO - Processing file /home/airflow/.local/lib/python3.12/site-packages/airflow/example_dags/example_datasets.py for tasks to queue
[2024-04-11T14:34:43.855+0000] {logging_mixin.py:188} INFO - [2024-04-11T14:34:43.854+0000] {dagbag.py:540} INFO - Filling up the DagBag from /home/airflow/.local/lib/python3.12/site-packages/airflow/example_dags/example_datasets.py
[2024-04-11T14:34:43.878+0000] {processor.py:840} INFO - DAG(s) 'dataset_consumes_unknown_never_scheduled', 'dataset_produces_1', 'consume_1_or_both_2_and_3_with_dataset_expressions', 'conditional_dataset_and_time_based_timetable', 'consume_1_or_2_with_dataset_expressions', 'dataset_produces_2', 'dataset_consumes_1', 'consume_1_and_2_with_dataset_expressions', 'dataset_consumes_1_and_2', 'dataset_consumes_1_never_scheduled' retrieved from /home/airflow/.local/lib/python3.12/site-packages/airflow/example_dags/example_datasets.py
[2024-04-11T14:34:43.960+0000] {logging_mixin.py:188} INFO - [2024-04-11T14:34:43.959+0000] {dag.py:3096} INFO - Sync 10 DAGs
[2024-04-11T14:34:44.005+0000] {logging_mixin.py:188} INFO - [2024-04-11T14:34:44.004+0000] {dag.py:3954} INFO - Setting next_dagrun for conditional_dataset_and_time_based_timetable to 2024-04-10 01:00:00+00:00, run_after=2024-04-10 01:00:00+00:00
[2024-04-11T14:34:44.188+0000] {logging_mixin.py:188} INFO - [2024-04-11T14:34:44.188+0000] {dag.py:3954} INFO - Setting next_dagrun for consume_1_and_2_with_dataset_expressions to None, run_after=None
[2024-04-11T14:34:44.193+0000] {logging_mixin.py:188} INFO - [2024-04-11T14:34:44.193+0000] {dag.py:3954} INFO - Setting next_dagrun for consume_1_or_2_with_dataset_expressions to None, run_after=None
[2024-04-11T14:34:44.196+0000] {logging_mixin.py:188} INFO - [2024-04-11T14:34:44.196+0000] {dag.py:3954} INFO - Setting next_dagrun for consume_1_or_both_2_and_3_with_dataset_expressions to None, run_after=None
[2024-04-11T14:34:44.199+0000] {logging_mixin.py:188} INFO - [2024-04-11T14:34:44.199+0000] {dag.py:3954} INFO - Setting next_dagrun for dataset_consumes_1 to None, run_after=None
[2024-04-11T14:34:44.202+0000] {logging_mixin.py:188} INFO - [2024-04-11T14:34:44.202+0000] {dag.py:3954} INFO - Setting next_dagrun for dataset_consumes_1_and_2 to None, run_after=None
[2024-04-11T14:34:44.205+0000] {logging_mixin.py:188} INFO - [2024-04-11T14:34:44.204+0000] {dag.py:3954} INFO - Setting next_dagrun for dataset_consumes_1_never_scheduled to None, run_after=None
[2024-04-11T14:34:44.209+0000] {logging_mixin.py:188} INFO - [2024-04-11T14:34:44.208+0000] {dag.py:3954} INFO - Setting next_dagrun for dataset_consumes_unknown_never_scheduled to None, run_after=None
[2024-04-11T14:34:44.213+0000] {logging_mixin.py:188} INFO - [2024-04-11T14:34:44.213+0000] {dag.py:3954} INFO - Setting next_dagrun for dataset_produces_1 to 2024-04-10 00:00:00+00:00, run_after=2024-04-11 00:00:00+00:00
[2024-04-11T14:34:44.216+0000] {logging_mixin.py:188} INFO - [2024-04-11T14:34:44.216+0000] {dag.py:3954} INFO - Setting next_dagrun for dataset_produces_2 to None, run_after=None
[2024-04-11T14:34:44.276+0000] {processor.py:183} INFO - Processing /home/airflow/.local/lib/python3.12/site-packages/airflow/example_dags/example_datasets.py took 0.437 seconds
[2024-04-11T14:35:14.642+0000] {processor.py:161} INFO - Started process (PID=1046) to work on /home/airflow/.local/lib/python3.12/site-packages/airflow/example_dags/example_datasets.py
[2024-04-11T14:35:14.644+0000] {processor.py:830} INFO - Processing file /home/airflow/.local/lib/python3.12/site-packages/airflow/example_dags/example_datasets.py for tasks to queue
[2024-04-11T14:35:14.648+0000] {logging_mixin.py:188} INFO - [2024-04-11T14:35:14.647+0000] {dagbag.py:540} INFO - Filling up the DagBag from /home/airflow/.local/lib/python3.12/site-packages/airflow/example_dags/example_datasets.py
[2024-04-11T14:35:14.671+0000] {processor.py:840} INFO - DAG(s) 'conditional_dataset_and_time_based_timetable', 'dataset_produces_1', 'dataset_consumes_1_never_scheduled', 'dataset_consumes_1', 'consume_1_and_2_with_dataset_expressions', 'dataset_produces_2', 'consume_1_or_both_2_and_3_with_dataset_expressions', 'consume_1_or_2_with_dataset_expressions', 'dataset_consumes_unknown_never_scheduled', 'dataset_consumes_1_and_2' retrieved from /home/airflow/.local/lib/python3.12/site-packages/airflow/example_dags/example_datasets.py
[2024-04-11T14:35:14.742+0000] {logging_mixin.py:188} INFO - [2024-04-11T14:35:14.741+0000] {dag.py:3096} INFO - Sync 10 DAGs
[2024-04-11T14:35:14.778+0000] {logging_mixin.py:188} INFO - [2024-04-11T14:35:14.778+0000] {dag.py:3954} INFO - Setting next_dagrun for conditional_dataset_and_time_based_timetable to 2024-04-10 01:00:00+00:00, run_after=2024-04-10 01:00:00+00:00
[2024-04-11T14:35:14.788+0000] {logging_mixin.py:188} INFO - [2024-04-11T14:35:14.788+0000] {dag.py:3954} INFO - Setting next_dagrun for consume_1_and_2_with_dataset_expressions to None, run_after=None
[2024-04-11T14:35:14.792+0000] {logging_mixin.py:188} INFO - [2024-04-11T14:35:14.791+0000] {dag.py:3954} INFO - Setting next_dagrun for consume_1_or_2_with_dataset_expressions to None, run_after=None
[2024-04-11T14:35:14.795+0000] {logging_mixin.py:188} INFO - [2024-04-11T14:35:14.795+0000] {dag.py:3954} INFO - Setting next_dagrun for consume_1_or_both_2_and_3_with_dataset_expressions to None, run_after=None
[2024-04-11T14:35:14.798+0000] {logging_mixin.py:188} INFO - [2024-04-11T14:35:14.798+0000] {dag.py:3954} INFO - Setting next_dagrun for dataset_consumes_1 to None, run_after=None
[2024-04-11T14:35:14.802+0000] {logging_mixin.py:188} INFO - [2024-04-11T14:35:14.801+0000] {dag.py:3954} INFO - Setting next_dagrun for dataset_consumes_1_and_2 to None, run_after=None
[2024-04-11T14:35:14.805+0000] {logging_mixin.py:188} INFO - [2024-04-11T14:35:14.805+0000] {dag.py:3954} INFO - Setting next_dagrun for dataset_consumes_1_never_scheduled to None, run_after=None
[2024-04-11T14:35:14.809+0000] {logging_mixin.py:188} INFO - [2024-04-11T14:35:14.808+0000] {dag.py:3954} INFO - Setting next_dagrun for dataset_consumes_unknown_never_scheduled to None, run_after=None
[2024-04-11T14:35:14.814+0000] {logging_mixin.py:188} INFO - [2024-04-11T14:35:14.813+0000] {dag.py:3954} INFO - Setting next_dagrun for dataset_produces_1 to 2024-04-10 00:00:00+00:00, run_after=2024-04-11 00:00:00+00:00
[2024-04-11T14:35:14.817+0000] {logging_mixin.py:188} INFO - [2024-04-11T14:35:14.816+0000] {dag.py:3954} INFO - Setting next_dagrun for dataset_produces_2 to None, run_after=None
[2024-04-11T14:35:14.874+0000] {processor.py:183} INFO - Processing /home/airflow/.local/lib/python3.12/site-packages/airflow/example_dags/example_datasets.py took 0.242 seconds
[2024-04-11T14:35:45.218+0000] {processor.py:161} INFO - Started process (PID=1104) to work on /home/airflow/.local/lib/python3.12/site-packages/airflow/example_dags/example_datasets.py
[2024-04-11T14:35:45.220+0000] {processor.py:830} INFO - Processing file /home/airflow/.local/lib/python3.12/site-packages/airflow/example_dags/example_datasets.py for tasks to queue
[2024-04-11T14:35:45.223+0000] {logging_mixin.py:188} INFO - [2024-04-11T14:35:45.223+0000] {dagbag.py:540} INFO - Filling up the DagBag from /home/airflow/.local/lib/python3.12/site-packages/airflow/example_dags/example_datasets.py
[2024-04-11T14:35:45.244+0000] {processor.py:840} INFO - DAG(s) 'dataset_produces_2', 'dataset_consumes_1_never_scheduled', 'dataset_produces_1', 'dataset_consumes_unknown_never_scheduled', 'dataset_consumes_1_and_2', 'consume_1_or_both_2_and_3_with_dataset_expressions', 'consume_1_and_2_with_dataset_expressions', 'dataset_consumes_1', 'conditional_dataset_and_time_based_timetable', 'consume_1_or_2_with_dataset_expressions' retrieved from /home/airflow/.local/lib/python3.12/site-packages/airflow/example_dags/example_datasets.py
[2024-04-11T14:35:45.490+0000] {logging_mixin.py:188} INFO - [2024-04-11T14:35:45.489+0000] {dag.py:3096} INFO - Sync 10 DAGs
[2024-04-11T14:35:45.522+0000] {logging_mixin.py:188} INFO - [2024-04-11T14:35:45.522+0000] {dag.py:3954} INFO - Setting next_dagrun for conditional_dataset_and_time_based_timetable to 2024-04-10 01:00:00+00:00, run_after=2024-04-10 01:00:00+00:00
[2024-04-11T14:35:45.529+0000] {logging_mixin.py:188} INFO - [2024-04-11T14:35:45.529+0000] {dag.py:3954} INFO - Setting next_dagrun for consume_1_and_2_with_dataset_expressions to None, run_after=None
[2024-04-11T14:35:45.532+0000] {logging_mixin.py:188} INFO - [2024-04-11T14:35:45.532+0000] {dag.py:3954} INFO - Setting next_dagrun for consume_1_or_2_with_dataset_expressions to None, run_after=None
[2024-04-11T14:35:45.534+0000] {logging_mixin.py:188} INFO - [2024-04-11T14:35:45.534+0000] {dag.py:3954} INFO - Setting next_dagrun for consume_1_or_both_2_and_3_with_dataset_expressions to None, run_after=None
[2024-04-11T14:35:45.536+0000] {logging_mixin.py:188} INFO - [2024-04-11T14:35:45.536+0000] {dag.py:3954} INFO - Setting next_dagrun for dataset_consumes_1 to None, run_after=None
[2024-04-11T14:35:45.539+0000] {logging_mixin.py:188} INFO - [2024-04-11T14:35:45.538+0000] {dag.py:3954} INFO - Setting next_dagrun for dataset_consumes_1_and_2 to None, run_after=None
[2024-04-11T14:35:45.541+0000] {logging_mixin.py:188} INFO - [2024-04-11T14:35:45.541+0000] {dag.py:3954} INFO - Setting next_dagrun for dataset_consumes_1_never_scheduled to None, run_after=None
[2024-04-11T14:35:45.543+0000] {logging_mixin.py:188} INFO - [2024-04-11T14:35:45.543+0000] {dag.py:3954} INFO - Setting next_dagrun for dataset_consumes_unknown_never_scheduled to None, run_after=None
[2024-04-11T14:35:45.547+0000] {logging_mixin.py:188} INFO - [2024-04-11T14:35:45.547+0000] {dag.py:3954} INFO - Setting next_dagrun for dataset_produces_1 to 2024-04-10 00:00:00+00:00, run_after=2024-04-11 00:00:00+00:00
[2024-04-11T14:35:45.550+0000] {logging_mixin.py:188} INFO - [2024-04-11T14:35:45.549+0000] {dag.py:3954} INFO - Setting next_dagrun for dataset_produces_2 to None, run_after=None
[2024-04-11T14:35:45.600+0000] {processor.py:183} INFO - Processing /home/airflow/.local/lib/python3.12/site-packages/airflow/example_dags/example_datasets.py took 0.391 seconds
[2024-04-11T14:36:15.769+0000] {processor.py:161} INFO - Started process (PID=1162) to work on /home/airflow/.local/lib/python3.12/site-packages/airflow/example_dags/example_datasets.py
[2024-04-11T14:36:15.771+0000] {processor.py:830} INFO - Processing file /home/airflow/.local/lib/python3.12/site-packages/airflow/example_dags/example_datasets.py for tasks to queue
[2024-04-11T14:36:15.774+0000] {logging_mixin.py:188} INFO - [2024-04-11T14:36:15.773+0000] {dagbag.py:540} INFO - Filling up the DagBag from /home/airflow/.local/lib/python3.12/site-packages/airflow/example_dags/example_datasets.py
[2024-04-11T14:36:15.793+0000] {processor.py:840} INFO - DAG(s) 'consume_1_or_2_with_dataset_expressions', 'consume_1_and_2_with_dataset_expressions', 'dataset_consumes_1_never_scheduled', 'dataset_consumes_unknown_never_scheduled', 'dataset_produces_2', 'dataset_consumes_1_and_2', 'dataset_produces_1', 'dataset_consumes_1', 'conditional_dataset_and_time_based_timetable', 'consume_1_or_both_2_and_3_with_dataset_expressions' retrieved from /home/airflow/.local/lib/python3.12/site-packages/airflow/example_dags/example_datasets.py
[2024-04-11T14:36:15.861+0000] {logging_mixin.py:188} INFO - [2024-04-11T14:36:15.861+0000] {dag.py:3096} INFO - Sync 10 DAGs
[2024-04-11T14:36:15.898+0000] {logging_mixin.py:188} INFO - [2024-04-11T14:36:15.897+0000] {dag.py:3954} INFO - Setting next_dagrun for conditional_dataset_and_time_based_timetable to 2024-04-10 01:00:00+00:00, run_after=2024-04-10 01:00:00+00:00
[2024-04-11T14:36:15.907+0000] {logging_mixin.py:188} INFO - [2024-04-11T14:36:15.906+0000] {dag.py:3954} INFO - Setting next_dagrun for consume_1_and_2_with_dataset_expressions to None, run_after=None
[2024-04-11T14:36:15.911+0000] {logging_mixin.py:188} INFO - [2024-04-11T14:36:15.911+0000] {dag.py:3954} INFO - Setting next_dagrun for consume_1_or_2_with_dataset_expressions to None, run_after=None
[2024-04-11T14:36:15.915+0000] {logging_mixin.py:188} INFO - [2024-04-11T14:36:15.914+0000] {dag.py:3954} INFO - Setting next_dagrun for consume_1_or_both_2_and_3_with_dataset_expressions to None, run_after=None
[2024-04-11T14:36:15.918+0000] {logging_mixin.py:188} INFO - [2024-04-11T14:36:15.918+0000] {dag.py:3954} INFO - Setting next_dagrun for dataset_consumes_1 to None, run_after=None
[2024-04-11T14:36:15.921+0000] {logging_mixin.py:188} INFO - [2024-04-11T14:36:15.921+0000] {dag.py:3954} INFO - Setting next_dagrun for dataset_consumes_1_and_2 to None, run_after=None
[2024-04-11T14:36:15.925+0000] {logging_mixin.py:188} INFO - [2024-04-11T14:36:15.924+0000] {dag.py:3954} INFO - Setting next_dagrun for dataset_consumes_1_never_scheduled to None, run_after=None
[2024-04-11T14:36:15.928+0000] {logging_mixin.py:188} INFO - [2024-04-11T14:36:15.928+0000] {dag.py:3954} INFO - Setting next_dagrun for dataset_consumes_unknown_never_scheduled to None, run_after=None
[2024-04-11T14:36:15.934+0000] {logging_mixin.py:188} INFO - [2024-04-11T14:36:15.934+0000] {dag.py:3954} INFO - Setting next_dagrun for dataset_produces_1 to 2024-04-10 00:00:00+00:00, run_after=2024-04-11 00:00:00+00:00
[2024-04-11T14:36:15.937+0000] {logging_mixin.py:188} INFO - [2024-04-11T14:36:15.937+0000] {dag.py:3954} INFO - Setting next_dagrun for dataset_produces_2 to None, run_after=None
[2024-04-11T14:36:15.997+0000] {processor.py:183} INFO - Processing /home/airflow/.local/lib/python3.12/site-packages/airflow/example_dags/example_datasets.py took 0.237 seconds
