[2024-04-11T14:26:35.298+0000] {processor.py:161} INFO - Started process (PID=67) to work on /home/airflow/.local/lib/python3.12/site-packages/airflow/example_dags/example_xcomargs.py
[2024-04-11T14:26:35.300+0000] {processor.py:830} INFO - Processing file /home/airflow/.local/lib/python3.12/site-packages/airflow/example_dags/example_xcomargs.py for tasks to queue
[2024-04-11T14:26:35.309+0000] {logging_mixin.py:188} INFO - [2024-04-11T14:26:35.308+0000] {dagbag.py:540} INFO - Filling up the DagBag from /home/airflow/.local/lib/python3.12/site-packages/airflow/example_dags/example_xcomargs.py
[2024-04-11T14:26:35.325+0000] {processor.py:840} INFO - DAG(s) 'example_xcom_args_with_operators', 'example_xcom_args' retrieved from /home/airflow/.local/lib/python3.12/site-packages/airflow/example_dags/example_xcomargs.py
[2024-04-11T14:26:35.568+0000] {logging_mixin.py:188} INFO - [2024-04-11T14:26:35.568+0000] {dag.py:3096} INFO - Sync 2 DAGs
[2024-04-11T14:26:35.590+0000] {logging_mixin.py:188} INFO - [2024-04-11T14:26:35.590+0000] {dag.py:3954} INFO - Setting next_dagrun for example_xcom_args to None, run_after=None
[2024-04-11T14:26:35.597+0000] {logging_mixin.py:188} INFO - [2024-04-11T14:26:35.597+0000] {dag.py:3954} INFO - Setting next_dagrun for example_xcom_args_with_operators to None, run_after=None
[2024-04-11T14:26:35.636+0000] {processor.py:183} INFO - Processing /home/airflow/.local/lib/python3.12/site-packages/airflow/example_dags/example_xcomargs.py took 0.350 seconds
[2024-04-11T14:27:06.200+0000] {processor.py:161} INFO - Started process (PID=125) to work on /home/airflow/.local/lib/python3.12/site-packages/airflow/example_dags/example_xcomargs.py
[2024-04-11T14:27:06.201+0000] {processor.py:830} INFO - Processing file /home/airflow/.local/lib/python3.12/site-packages/airflow/example_dags/example_xcomargs.py for tasks to queue
[2024-04-11T14:27:06.204+0000] {logging_mixin.py:188} INFO - [2024-04-11T14:27:06.204+0000] {dagbag.py:540} INFO - Filling up the DagBag from /home/airflow/.local/lib/python3.12/site-packages/airflow/example_dags/example_xcomargs.py
[2024-04-11T14:27:06.217+0000] {processor.py:840} INFO - DAG(s) 'example_xcom_args', 'example_xcom_args_with_operators' retrieved from /home/airflow/.local/lib/python3.12/site-packages/airflow/example_dags/example_xcomargs.py
[2024-04-11T14:27:06.251+0000] {logging_mixin.py:188} INFO - [2024-04-11T14:27:06.251+0000] {dag.py:3096} INFO - Sync 2 DAGs
[2024-04-11T14:27:06.271+0000] {logging_mixin.py:188} INFO - [2024-04-11T14:27:06.271+0000] {dag.py:3954} INFO - Setting next_dagrun for example_xcom_args to None, run_after=None
[2024-04-11T14:27:06.277+0000] {logging_mixin.py:188} INFO - [2024-04-11T14:27:06.277+0000] {dag.py:3954} INFO - Setting next_dagrun for example_xcom_args_with_operators to None, run_after=None
[2024-04-11T14:27:06.303+0000] {processor.py:183} INFO - Processing /home/airflow/.local/lib/python3.12/site-packages/airflow/example_dags/example_xcomargs.py took 0.112 seconds
[2024-04-11T14:27:36.366+0000] {processor.py:161} INFO - Started process (PID=182) to work on /home/airflow/.local/lib/python3.12/site-packages/airflow/example_dags/example_xcomargs.py
[2024-04-11T14:27:36.367+0000] {processor.py:830} INFO - Processing file /home/airflow/.local/lib/python3.12/site-packages/airflow/example_dags/example_xcomargs.py for tasks to queue
[2024-04-11T14:27:36.370+0000] {logging_mixin.py:188} INFO - [2024-04-11T14:27:36.369+0000] {dagbag.py:540} INFO - Filling up the DagBag from /home/airflow/.local/lib/python3.12/site-packages/airflow/example_dags/example_xcomargs.py
[2024-04-11T14:27:36.381+0000] {processor.py:840} INFO - DAG(s) 'example_xcom_args', 'example_xcom_args_with_operators' retrieved from /home/airflow/.local/lib/python3.12/site-packages/airflow/example_dags/example_xcomargs.py
[2024-04-11T14:27:36.415+0000] {logging_mixin.py:188} INFO - [2024-04-11T14:27:36.414+0000] {dag.py:3096} INFO - Sync 2 DAGs
[2024-04-11T14:27:36.434+0000] {logging_mixin.py:188} INFO - [2024-04-11T14:27:36.434+0000] {dag.py:3954} INFO - Setting next_dagrun for example_xcom_args to None, run_after=None
[2024-04-11T14:27:36.440+0000] {logging_mixin.py:188} INFO - [2024-04-11T14:27:36.440+0000] {dag.py:3954} INFO - Setting next_dagrun for example_xcom_args_with_operators to None, run_after=None
[2024-04-11T14:27:36.466+0000] {processor.py:183} INFO - Processing /home/airflow/.local/lib/python3.12/site-packages/airflow/example_dags/example_xcomargs.py took 0.109 seconds
[2024-04-11T14:28:06.647+0000] {processor.py:161} INFO - Started process (PID=240) to work on /home/airflow/.local/lib/python3.12/site-packages/airflow/example_dags/example_xcomargs.py
[2024-04-11T14:28:06.649+0000] {processor.py:830} INFO - Processing file /home/airflow/.local/lib/python3.12/site-packages/airflow/example_dags/example_xcomargs.py for tasks to queue
[2024-04-11T14:28:06.652+0000] {logging_mixin.py:188} INFO - [2024-04-11T14:28:06.651+0000] {dagbag.py:540} INFO - Filling up the DagBag from /home/airflow/.local/lib/python3.12/site-packages/airflow/example_dags/example_xcomargs.py
[2024-04-11T14:28:06.664+0000] {processor.py:840} INFO - DAG(s) 'example_xcom_args', 'example_xcom_args_with_operators' retrieved from /home/airflow/.local/lib/python3.12/site-packages/airflow/example_dags/example_xcomargs.py
[2024-04-11T14:28:06.698+0000] {logging_mixin.py:188} INFO - [2024-04-11T14:28:06.698+0000] {dag.py:3096} INFO - Sync 2 DAGs
[2024-04-11T14:28:06.717+0000] {logging_mixin.py:188} INFO - [2024-04-11T14:28:06.716+0000] {dag.py:3954} INFO - Setting next_dagrun for example_xcom_args to None, run_after=None
[2024-04-11T14:28:06.723+0000] {logging_mixin.py:188} INFO - [2024-04-11T14:28:06.723+0000] {dag.py:3954} INFO - Setting next_dagrun for example_xcom_args_with_operators to None, run_after=None
[2024-04-11T14:28:06.749+0000] {processor.py:183} INFO - Processing /home/airflow/.local/lib/python3.12/site-packages/airflow/example_dags/example_xcomargs.py took 0.112 seconds
[2024-04-11T14:28:36.914+0000] {processor.py:161} INFO - Started process (PID=298) to work on /home/airflow/.local/lib/python3.12/site-packages/airflow/example_dags/example_xcomargs.py
[2024-04-11T14:28:36.916+0000] {processor.py:830} INFO - Processing file /home/airflow/.local/lib/python3.12/site-packages/airflow/example_dags/example_xcomargs.py for tasks to queue
[2024-04-11T14:28:36.919+0000] {logging_mixin.py:188} INFO - [2024-04-11T14:28:36.918+0000] {dagbag.py:540} INFO - Filling up the DagBag from /home/airflow/.local/lib/python3.12/site-packages/airflow/example_dags/example_xcomargs.py
[2024-04-11T14:28:36.931+0000] {processor.py:840} INFO - DAG(s) 'example_xcom_args', 'example_xcom_args_with_operators' retrieved from /home/airflow/.local/lib/python3.12/site-packages/airflow/example_dags/example_xcomargs.py
[2024-04-11T14:28:36.964+0000] {logging_mixin.py:188} INFO - [2024-04-11T14:28:36.964+0000] {dag.py:3096} INFO - Sync 2 DAGs
[2024-04-11T14:28:36.982+0000] {logging_mixin.py:188} INFO - [2024-04-11T14:28:36.982+0000] {dag.py:3954} INFO - Setting next_dagrun for example_xcom_args to None, run_after=None
[2024-04-11T14:28:36.989+0000] {logging_mixin.py:188} INFO - [2024-04-11T14:28:36.989+0000] {dag.py:3954} INFO - Setting next_dagrun for example_xcom_args_with_operators to None, run_after=None
[2024-04-11T14:28:37.017+0000] {processor.py:183} INFO - Processing /home/airflow/.local/lib/python3.12/site-packages/airflow/example_dags/example_xcomargs.py took 0.111 seconds
[2024-04-11T14:29:07.161+0000] {processor.py:161} INFO - Started process (PID=356) to work on /home/airflow/.local/lib/python3.12/site-packages/airflow/example_dags/example_xcomargs.py
[2024-04-11T14:29:07.163+0000] {processor.py:830} INFO - Processing file /home/airflow/.local/lib/python3.12/site-packages/airflow/example_dags/example_xcomargs.py for tasks to queue
[2024-04-11T14:29:07.166+0000] {logging_mixin.py:188} INFO - [2024-04-11T14:29:07.165+0000] {dagbag.py:540} INFO - Filling up the DagBag from /home/airflow/.local/lib/python3.12/site-packages/airflow/example_dags/example_xcomargs.py
[2024-04-11T14:29:07.177+0000] {processor.py:840} INFO - DAG(s) 'example_xcom_args', 'example_xcom_args_with_operators' retrieved from /home/airflow/.local/lib/python3.12/site-packages/airflow/example_dags/example_xcomargs.py
[2024-04-11T14:29:07.211+0000] {logging_mixin.py:188} INFO - [2024-04-11T14:29:07.211+0000] {dag.py:3096} INFO - Sync 2 DAGs
[2024-04-11T14:29:07.229+0000] {logging_mixin.py:188} INFO - [2024-04-11T14:29:07.229+0000] {dag.py:3954} INFO - Setting next_dagrun for example_xcom_args to None, run_after=None
[2024-04-11T14:29:07.236+0000] {logging_mixin.py:188} INFO - [2024-04-11T14:29:07.235+0000] {dag.py:3954} INFO - Setting next_dagrun for example_xcom_args_with_operators to None, run_after=None
[2024-04-11T14:29:07.262+0000] {processor.py:183} INFO - Processing /home/airflow/.local/lib/python3.12/site-packages/airflow/example_dags/example_xcomargs.py took 0.109 seconds
[2024-04-11T14:29:37.536+0000] {processor.py:161} INFO - Started process (PID=414) to work on /home/airflow/.local/lib/python3.12/site-packages/airflow/example_dags/example_xcomargs.py
[2024-04-11T14:29:37.537+0000] {processor.py:830} INFO - Processing file /home/airflow/.local/lib/python3.12/site-packages/airflow/example_dags/example_xcomargs.py for tasks to queue
[2024-04-11T14:29:37.540+0000] {logging_mixin.py:188} INFO - [2024-04-11T14:29:37.540+0000] {dagbag.py:540} INFO - Filling up the DagBag from /home/airflow/.local/lib/python3.12/site-packages/airflow/example_dags/example_xcomargs.py
[2024-04-11T14:29:37.552+0000] {processor.py:840} INFO - DAG(s) 'example_xcom_args', 'example_xcom_args_with_operators' retrieved from /home/airflow/.local/lib/python3.12/site-packages/airflow/example_dags/example_xcomargs.py
[2024-04-11T14:29:37.587+0000] {logging_mixin.py:188} INFO - [2024-04-11T14:29:37.587+0000] {dag.py:3096} INFO - Sync 2 DAGs
[2024-04-11T14:29:37.605+0000] {logging_mixin.py:188} INFO - [2024-04-11T14:29:37.605+0000] {dag.py:3954} INFO - Setting next_dagrun for example_xcom_args to None, run_after=None
[2024-04-11T14:29:37.611+0000] {logging_mixin.py:188} INFO - [2024-04-11T14:29:37.611+0000] {dag.py:3954} INFO - Setting next_dagrun for example_xcom_args_with_operators to None, run_after=None
[2024-04-11T14:29:37.636+0000] {processor.py:183} INFO - Processing /home/airflow/.local/lib/python3.12/site-packages/airflow/example_dags/example_xcomargs.py took 0.108 seconds
[2024-04-11T14:30:07.834+0000] {processor.py:161} INFO - Started process (PID=472) to work on /home/airflow/.local/lib/python3.12/site-packages/airflow/example_dags/example_xcomargs.py
[2024-04-11T14:30:07.836+0000] {processor.py:830} INFO - Processing file /home/airflow/.local/lib/python3.12/site-packages/airflow/example_dags/example_xcomargs.py for tasks to queue
[2024-04-11T14:30:07.839+0000] {logging_mixin.py:188} INFO - [2024-04-11T14:30:07.838+0000] {dagbag.py:540} INFO - Filling up the DagBag from /home/airflow/.local/lib/python3.12/site-packages/airflow/example_dags/example_xcomargs.py
[2024-04-11T14:30:07.850+0000] {processor.py:840} INFO - DAG(s) 'example_xcom_args_with_operators', 'example_xcom_args' retrieved from /home/airflow/.local/lib/python3.12/site-packages/airflow/example_dags/example_xcomargs.py
[2024-04-11T14:30:07.883+0000] {logging_mixin.py:188} INFO - [2024-04-11T14:30:07.883+0000] {dag.py:3096} INFO - Sync 2 DAGs
[2024-04-11T14:30:07.902+0000] {logging_mixin.py:188} INFO - [2024-04-11T14:30:07.901+0000] {dag.py:3954} INFO - Setting next_dagrun for example_xcom_args to None, run_after=None
[2024-04-11T14:30:07.908+0000] {logging_mixin.py:188} INFO - [2024-04-11T14:30:07.907+0000] {dag.py:3954} INFO - Setting next_dagrun for example_xcom_args_with_operators to None, run_after=None
[2024-04-11T14:30:07.934+0000] {processor.py:183} INFO - Processing /home/airflow/.local/lib/python3.12/site-packages/airflow/example_dags/example_xcomargs.py took 0.107 seconds
[2024-04-11T14:30:38.428+0000] {processor.py:161} INFO - Started process (PID=530) to work on /home/airflow/.local/lib/python3.12/site-packages/airflow/example_dags/example_xcomargs.py
[2024-04-11T14:30:38.430+0000] {processor.py:830} INFO - Processing file /home/airflow/.local/lib/python3.12/site-packages/airflow/example_dags/example_xcomargs.py for tasks to queue
[2024-04-11T14:30:38.433+0000] {logging_mixin.py:188} INFO - [2024-04-11T14:30:38.433+0000] {dagbag.py:540} INFO - Filling up the DagBag from /home/airflow/.local/lib/python3.12/site-packages/airflow/example_dags/example_xcomargs.py
[2024-04-11T14:30:38.445+0000] {processor.py:840} INFO - DAG(s) 'example_xcom_args_with_operators', 'example_xcom_args' retrieved from /home/airflow/.local/lib/python3.12/site-packages/airflow/example_dags/example_xcomargs.py
[2024-04-11T14:30:38.479+0000] {logging_mixin.py:188} INFO - [2024-04-11T14:30:38.478+0000] {dag.py:3096} INFO - Sync 2 DAGs
[2024-04-11T14:30:38.497+0000] {logging_mixin.py:188} INFO - [2024-04-11T14:30:38.497+0000] {dag.py:3954} INFO - Setting next_dagrun for example_xcom_args to None, run_after=None
[2024-04-11T14:30:38.503+0000] {logging_mixin.py:188} INFO - [2024-04-11T14:30:38.503+0000] {dag.py:3954} INFO - Setting next_dagrun for example_xcom_args_with_operators to None, run_after=None
[2024-04-11T14:30:38.530+0000] {processor.py:183} INFO - Processing /home/airflow/.local/lib/python3.12/site-packages/airflow/example_dags/example_xcomargs.py took 0.110 seconds
[2024-04-11T14:31:09.188+0000] {processor.py:161} INFO - Started process (PID=588) to work on /home/airflow/.local/lib/python3.12/site-packages/airflow/example_dags/example_xcomargs.py
[2024-04-11T14:31:09.190+0000] {processor.py:830} INFO - Processing file /home/airflow/.local/lib/python3.12/site-packages/airflow/example_dags/example_xcomargs.py for tasks to queue
[2024-04-11T14:31:09.193+0000] {logging_mixin.py:188} INFO - [2024-04-11T14:31:09.192+0000] {dagbag.py:540} INFO - Filling up the DagBag from /home/airflow/.local/lib/python3.12/site-packages/airflow/example_dags/example_xcomargs.py
[2024-04-11T14:31:09.204+0000] {processor.py:840} INFO - DAG(s) 'example_xcom_args_with_operators', 'example_xcom_args' retrieved from /home/airflow/.local/lib/python3.12/site-packages/airflow/example_dags/example_xcomargs.py
[2024-04-11T14:31:09.238+0000] {logging_mixin.py:188} INFO - [2024-04-11T14:31:09.238+0000] {dag.py:3096} INFO - Sync 2 DAGs
[2024-04-11T14:31:09.257+0000] {logging_mixin.py:188} INFO - [2024-04-11T14:31:09.256+0000] {dag.py:3954} INFO - Setting next_dagrun for example_xcom_args to None, run_after=None
[2024-04-11T14:31:09.263+0000] {logging_mixin.py:188} INFO - [2024-04-11T14:31:09.262+0000] {dag.py:3954} INFO - Setting next_dagrun for example_xcom_args_with_operators to None, run_after=None
[2024-04-11T14:31:09.289+0000] {processor.py:183} INFO - Processing /home/airflow/.local/lib/python3.12/site-packages/airflow/example_dags/example_xcomargs.py took 0.109 seconds
[2024-04-11T14:31:39.723+0000] {processor.py:161} INFO - Started process (PID=646) to work on /home/airflow/.local/lib/python3.12/site-packages/airflow/example_dags/example_xcomargs.py
[2024-04-11T14:31:39.725+0000] {processor.py:830} INFO - Processing file /home/airflow/.local/lib/python3.12/site-packages/airflow/example_dags/example_xcomargs.py for tasks to queue
[2024-04-11T14:31:39.729+0000] {logging_mixin.py:188} INFO - [2024-04-11T14:31:39.728+0000] {dagbag.py:540} INFO - Filling up the DagBag from /home/airflow/.local/lib/python3.12/site-packages/airflow/example_dags/example_xcomargs.py
[2024-04-11T14:31:39.743+0000] {processor.py:840} INFO - DAG(s) 'example_xcom_args_with_operators', 'example_xcom_args' retrieved from /home/airflow/.local/lib/python3.12/site-packages/airflow/example_dags/example_xcomargs.py
[2024-04-11T14:31:39.786+0000] {logging_mixin.py:188} INFO - [2024-04-11T14:31:39.786+0000] {dag.py:3096} INFO - Sync 2 DAGs
[2024-04-11T14:31:39.810+0000] {logging_mixin.py:188} INFO - [2024-04-11T14:31:39.809+0000] {dag.py:3954} INFO - Setting next_dagrun for example_xcom_args to None, run_after=None
[2024-04-11T14:31:39.817+0000] {logging_mixin.py:188} INFO - [2024-04-11T14:31:39.816+0000] {dag.py:3954} INFO - Setting next_dagrun for example_xcom_args_with_operators to None, run_after=None
[2024-04-11T14:31:39.846+0000] {processor.py:183} INFO - Processing /home/airflow/.local/lib/python3.12/site-packages/airflow/example_dags/example_xcomargs.py took 0.133 seconds
[2024-04-11T14:32:10.823+0000] {processor.py:161} INFO - Started process (PID=704) to work on /home/airflow/.local/lib/python3.12/site-packages/airflow/example_dags/example_xcomargs.py
[2024-04-11T14:32:10.825+0000] {processor.py:830} INFO - Processing file /home/airflow/.local/lib/python3.12/site-packages/airflow/example_dags/example_xcomargs.py for tasks to queue
[2024-04-11T14:32:10.830+0000] {logging_mixin.py:188} INFO - [2024-04-11T14:32:10.829+0000] {dagbag.py:540} INFO - Filling up the DagBag from /home/airflow/.local/lib/python3.12/site-packages/airflow/example_dags/example_xcomargs.py
[2024-04-11T14:32:10.845+0000] {processor.py:840} INFO - DAG(s) 'example_xcom_args_with_operators', 'example_xcom_args' retrieved from /home/airflow/.local/lib/python3.12/site-packages/airflow/example_dags/example_xcomargs.py
[2024-04-11T14:32:10.908+0000] {logging_mixin.py:188} INFO - [2024-04-11T14:32:10.908+0000] {dag.py:3096} INFO - Sync 2 DAGs
[2024-04-11T14:32:10.936+0000] {logging_mixin.py:188} INFO - [2024-04-11T14:32:10.935+0000] {dag.py:3954} INFO - Setting next_dagrun for example_xcom_args to None, run_after=None
[2024-04-11T14:32:10.942+0000] {logging_mixin.py:188} INFO - [2024-04-11T14:32:10.941+0000] {dag.py:3954} INFO - Setting next_dagrun for example_xcom_args_with_operators to None, run_after=None
[2024-04-11T14:32:10.969+0000] {processor.py:183} INFO - Processing /home/airflow/.local/lib/python3.12/site-packages/airflow/example_dags/example_xcomargs.py took 0.157 seconds
[2024-04-11T14:32:41.675+0000] {processor.py:161} INFO - Started process (PID=762) to work on /home/airflow/.local/lib/python3.12/site-packages/airflow/example_dags/example_xcomargs.py
[2024-04-11T14:32:41.677+0000] {processor.py:830} INFO - Processing file /home/airflow/.local/lib/python3.12/site-packages/airflow/example_dags/example_xcomargs.py for tasks to queue
[2024-04-11T14:32:41.680+0000] {logging_mixin.py:188} INFO - [2024-04-11T14:32:41.679+0000] {dagbag.py:540} INFO - Filling up the DagBag from /home/airflow/.local/lib/python3.12/site-packages/airflow/example_dags/example_xcomargs.py
[2024-04-11T14:32:41.692+0000] {processor.py:840} INFO - DAG(s) 'example_xcom_args', 'example_xcom_args_with_operators' retrieved from /home/airflow/.local/lib/python3.12/site-packages/airflow/example_dags/example_xcomargs.py
[2024-04-11T14:32:41.725+0000] {logging_mixin.py:188} INFO - [2024-04-11T14:32:41.724+0000] {dag.py:3096} INFO - Sync 2 DAGs
[2024-04-11T14:32:41.743+0000] {logging_mixin.py:188} INFO - [2024-04-11T14:32:41.743+0000] {dag.py:3954} INFO - Setting next_dagrun for example_xcom_args to None, run_after=None
[2024-04-11T14:32:41.750+0000] {logging_mixin.py:188} INFO - [2024-04-11T14:32:41.749+0000] {dag.py:3954} INFO - Setting next_dagrun for example_xcom_args_with_operators to None, run_after=None
[2024-04-11T14:32:41.776+0000] {processor.py:183} INFO - Processing /home/airflow/.local/lib/python3.12/site-packages/airflow/example_dags/example_xcomargs.py took 0.109 seconds
[2024-04-11T14:33:12.620+0000] {processor.py:161} INFO - Started process (PID=820) to work on /home/airflow/.local/lib/python3.12/site-packages/airflow/example_dags/example_xcomargs.py
[2024-04-11T14:33:12.622+0000] {processor.py:830} INFO - Processing file /home/airflow/.local/lib/python3.12/site-packages/airflow/example_dags/example_xcomargs.py for tasks to queue
[2024-04-11T14:33:12.624+0000] {logging_mixin.py:188} INFO - [2024-04-11T14:33:12.624+0000] {dagbag.py:540} INFO - Filling up the DagBag from /home/airflow/.local/lib/python3.12/site-packages/airflow/example_dags/example_xcomargs.py
[2024-04-11T14:33:12.637+0000] {processor.py:840} INFO - DAG(s) 'example_xcom_args_with_operators', 'example_xcom_args' retrieved from /home/airflow/.local/lib/python3.12/site-packages/airflow/example_dags/example_xcomargs.py
[2024-04-11T14:33:12.672+0000] {logging_mixin.py:188} INFO - [2024-04-11T14:33:12.672+0000] {dag.py:3096} INFO - Sync 2 DAGs
[2024-04-11T14:33:12.691+0000] {logging_mixin.py:188} INFO - [2024-04-11T14:33:12.691+0000] {dag.py:3954} INFO - Setting next_dagrun for example_xcom_args to None, run_after=None
[2024-04-11T14:33:12.698+0000] {logging_mixin.py:188} INFO - [2024-04-11T14:33:12.698+0000] {dag.py:3954} INFO - Setting next_dagrun for example_xcom_args_with_operators to None, run_after=None
[2024-04-11T14:33:12.724+0000] {processor.py:183} INFO - Processing /home/airflow/.local/lib/python3.12/site-packages/airflow/example_dags/example_xcomargs.py took 0.112 seconds
[2024-04-11T14:33:43.584+0000] {processor.py:161} INFO - Started process (PID=878) to work on /home/airflow/.local/lib/python3.12/site-packages/airflow/example_dags/example_xcomargs.py
[2024-04-11T14:33:43.588+0000] {processor.py:830} INFO - Processing file /home/airflow/.local/lib/python3.12/site-packages/airflow/example_dags/example_xcomargs.py for tasks to queue
[2024-04-11T14:33:43.596+0000] {logging_mixin.py:188} INFO - [2024-04-11T14:33:43.593+0000] {dagbag.py:540} INFO - Filling up the DagBag from /home/airflow/.local/lib/python3.12/site-packages/airflow/example_dags/example_xcomargs.py
[2024-04-11T14:33:43.632+0000] {processor.py:840} INFO - DAG(s) 'example_xcom_args_with_operators', 'example_xcom_args' retrieved from /home/airflow/.local/lib/python3.12/site-packages/airflow/example_dags/example_xcomargs.py
[2024-04-11T14:33:43.701+0000] {logging_mixin.py:188} INFO - [2024-04-11T14:33:43.700+0000] {dag.py:3096} INFO - Sync 2 DAGs
[2024-04-11T14:33:43.728+0000] {logging_mixin.py:188} INFO - [2024-04-11T14:33:43.728+0000] {dag.py:3954} INFO - Setting next_dagrun for example_xcom_args to None, run_after=None
[2024-04-11T14:33:43.738+0000] {logging_mixin.py:188} INFO - [2024-04-11T14:33:43.737+0000] {dag.py:3954} INFO - Setting next_dagrun for example_xcom_args_with_operators to None, run_after=None
[2024-04-11T14:33:43.788+0000] {processor.py:183} INFO - Processing /home/airflow/.local/lib/python3.12/site-packages/airflow/example_dags/example_xcomargs.py took 0.224 seconds
[2024-04-11T14:34:13.835+0000] {processor.py:161} INFO - Started process (PID=935) to work on /home/airflow/.local/lib/python3.12/site-packages/airflow/example_dags/example_xcomargs.py
[2024-04-11T14:34:13.836+0000] {processor.py:830} INFO - Processing file /home/airflow/.local/lib/python3.12/site-packages/airflow/example_dags/example_xcomargs.py for tasks to queue
[2024-04-11T14:34:13.839+0000] {logging_mixin.py:188} INFO - [2024-04-11T14:34:13.839+0000] {dagbag.py:540} INFO - Filling up the DagBag from /home/airflow/.local/lib/python3.12/site-packages/airflow/example_dags/example_xcomargs.py
[2024-04-11T14:34:13.852+0000] {processor.py:840} INFO - DAG(s) 'example_xcom_args_with_operators', 'example_xcom_args' retrieved from /home/airflow/.local/lib/python3.12/site-packages/airflow/example_dags/example_xcomargs.py
[2024-04-11T14:34:13.888+0000] {logging_mixin.py:188} INFO - [2024-04-11T14:34:13.888+0000] {dag.py:3096} INFO - Sync 2 DAGs
[2024-04-11T14:34:14.062+0000] {logging_mixin.py:188} INFO - [2024-04-11T14:34:14.062+0000] {dag.py:3954} INFO - Setting next_dagrun for example_xcom_args to None, run_after=None
[2024-04-11T14:34:14.068+0000] {logging_mixin.py:188} INFO - [2024-04-11T14:34:14.068+0000] {dag.py:3954} INFO - Setting next_dagrun for example_xcom_args_with_operators to None, run_after=None
[2024-04-11T14:34:14.091+0000] {processor.py:183} INFO - Processing /home/airflow/.local/lib/python3.12/site-packages/airflow/example_dags/example_xcomargs.py took 0.266 seconds
[2024-04-11T14:34:44.334+0000] {processor.py:161} INFO - Started process (PID=993) to work on /home/airflow/.local/lib/python3.12/site-packages/airflow/example_dags/example_xcomargs.py
[2024-04-11T14:34:44.336+0000] {processor.py:830} INFO - Processing file /home/airflow/.local/lib/python3.12/site-packages/airflow/example_dags/example_xcomargs.py for tasks to queue
[2024-04-11T14:34:44.340+0000] {logging_mixin.py:188} INFO - [2024-04-11T14:34:44.339+0000] {dagbag.py:540} INFO - Filling up the DagBag from /home/airflow/.local/lib/python3.12/site-packages/airflow/example_dags/example_xcomargs.py
[2024-04-11T14:34:44.354+0000] {processor.py:840} INFO - DAG(s) 'example_xcom_args', 'example_xcom_args_with_operators' retrieved from /home/airflow/.local/lib/python3.12/site-packages/airflow/example_dags/example_xcomargs.py
[2024-04-11T14:34:44.395+0000] {logging_mixin.py:188} INFO - [2024-04-11T14:34:44.395+0000] {dag.py:3096} INFO - Sync 2 DAGs
[2024-04-11T14:34:44.418+0000] {logging_mixin.py:188} INFO - [2024-04-11T14:34:44.417+0000] {dag.py:3954} INFO - Setting next_dagrun for example_xcom_args to None, run_after=None
[2024-04-11T14:34:44.425+0000] {logging_mixin.py:188} INFO - [2024-04-11T14:34:44.425+0000] {dag.py:3954} INFO - Setting next_dagrun for example_xcom_args_with_operators to None, run_after=None
[2024-04-11T14:34:44.456+0000] {processor.py:183} INFO - Processing /home/airflow/.local/lib/python3.12/site-packages/airflow/example_dags/example_xcomargs.py took 0.132 seconds
[2024-04-11T14:35:15.051+0000] {processor.py:161} INFO - Started process (PID=1051) to work on /home/airflow/.local/lib/python3.12/site-packages/airflow/example_dags/example_xcomargs.py
[2024-04-11T14:35:15.053+0000] {processor.py:830} INFO - Processing file /home/airflow/.local/lib/python3.12/site-packages/airflow/example_dags/example_xcomargs.py for tasks to queue
[2024-04-11T14:35:15.056+0000] {logging_mixin.py:188} INFO - [2024-04-11T14:35:15.055+0000] {dagbag.py:540} INFO - Filling up the DagBag from /home/airflow/.local/lib/python3.12/site-packages/airflow/example_dags/example_xcomargs.py
[2024-04-11T14:35:15.070+0000] {processor.py:840} INFO - DAG(s) 'example_xcom_args', 'example_xcom_args_with_operators' retrieved from /home/airflow/.local/lib/python3.12/site-packages/airflow/example_dags/example_xcomargs.py
[2024-04-11T14:35:15.112+0000] {logging_mixin.py:188} INFO - [2024-04-11T14:35:15.111+0000] {dag.py:3096} INFO - Sync 2 DAGs
[2024-04-11T14:35:15.134+0000] {logging_mixin.py:188} INFO - [2024-04-11T14:35:15.134+0000] {dag.py:3954} INFO - Setting next_dagrun for example_xcom_args to None, run_after=None
[2024-04-11T14:35:15.141+0000] {logging_mixin.py:188} INFO - [2024-04-11T14:35:15.141+0000] {dag.py:3954} INFO - Setting next_dagrun for example_xcom_args_with_operators to None, run_after=None
[2024-04-11T14:35:15.171+0000] {processor.py:183} INFO - Processing /home/airflow/.local/lib/python3.12/site-packages/airflow/example_dags/example_xcomargs.py took 0.129 seconds
[2024-04-11T14:35:45.918+0000] {processor.py:161} INFO - Started process (PID=1109) to work on /home/airflow/.local/lib/python3.12/site-packages/airflow/example_dags/example_xcomargs.py
[2024-04-11T14:35:45.919+0000] {processor.py:830} INFO - Processing file /home/airflow/.local/lib/python3.12/site-packages/airflow/example_dags/example_xcomargs.py for tasks to queue
[2024-04-11T14:35:45.922+0000] {logging_mixin.py:188} INFO - [2024-04-11T14:35:45.922+0000] {dagbag.py:540} INFO - Filling up the DagBag from /home/airflow/.local/lib/python3.12/site-packages/airflow/example_dags/example_xcomargs.py
[2024-04-11T14:35:45.935+0000] {processor.py:840} INFO - DAG(s) 'example_xcom_args', 'example_xcom_args_with_operators' retrieved from /home/airflow/.local/lib/python3.12/site-packages/airflow/example_dags/example_xcomargs.py
[2024-04-11T14:35:46.127+0000] {logging_mixin.py:188} INFO - [2024-04-11T14:35:46.126+0000] {dag.py:3096} INFO - Sync 2 DAGs
[2024-04-11T14:35:46.145+0000] {logging_mixin.py:188} INFO - [2024-04-11T14:35:46.144+0000] {dag.py:3954} INFO - Setting next_dagrun for example_xcom_args to None, run_after=None
[2024-04-11T14:35:46.151+0000] {logging_mixin.py:188} INFO - [2024-04-11T14:35:46.150+0000] {dag.py:3954} INFO - Setting next_dagrun for example_xcom_args_with_operators to None, run_after=None
[2024-04-11T14:35:46.175+0000] {processor.py:183} INFO - Processing /home/airflow/.local/lib/python3.12/site-packages/airflow/example_dags/example_xcomargs.py took 0.266 seconds
[2024-04-11T14:36:16.318+0000] {processor.py:161} INFO - Started process (PID=1167) to work on /home/airflow/.local/lib/python3.12/site-packages/airflow/example_dags/example_xcomargs.py
[2024-04-11T14:36:16.319+0000] {processor.py:830} INFO - Processing file /home/airflow/.local/lib/python3.12/site-packages/airflow/example_dags/example_xcomargs.py for tasks to queue
[2024-04-11T14:36:16.322+0000] {logging_mixin.py:188} INFO - [2024-04-11T14:36:16.322+0000] {dagbag.py:540} INFO - Filling up the DagBag from /home/airflow/.local/lib/python3.12/site-packages/airflow/example_dags/example_xcomargs.py
[2024-04-11T14:36:16.334+0000] {processor.py:840} INFO - DAG(s) 'example_xcom_args_with_operators', 'example_xcom_args' retrieved from /home/airflow/.local/lib/python3.12/site-packages/airflow/example_dags/example_xcomargs.py
[2024-04-11T14:36:16.368+0000] {logging_mixin.py:188} INFO - [2024-04-11T14:36:16.368+0000] {dag.py:3096} INFO - Sync 2 DAGs
[2024-04-11T14:36:16.388+0000] {logging_mixin.py:188} INFO - [2024-04-11T14:36:16.388+0000] {dag.py:3954} INFO - Setting next_dagrun for example_xcom_args to None, run_after=None
[2024-04-11T14:36:16.395+0000] {logging_mixin.py:188} INFO - [2024-04-11T14:36:16.394+0000] {dag.py:3954} INFO - Setting next_dagrun for example_xcom_args_with_operators to None, run_after=None
[2024-04-11T14:36:16.421+0000] {processor.py:183} INFO - Processing /home/airflow/.local/lib/python3.12/site-packages/airflow/example_dags/example_xcomargs.py took 0.112 seconds
