[2024-04-11T14:26:37.062+0000] {processor.py:161} INFO - Started process (PID=74) to work on /home/airflow/.local/lib/python3.12/site-packages/airflow/example_dags/example_display_name.py
[2024-04-11T14:26:37.064+0000] {processor.py:830} INFO - Processing file /home/airflow/.local/lib/python3.12/site-packages/airflow/example_dags/example_display_name.py for tasks to queue
[2024-04-11T14:26:37.069+0000] {logging_mixin.py:188} INFO - [2024-04-11T14:26:37.068+0000] {dagbag.py:540} INFO - Filling up the DagBag from /home/airflow/.local/lib/python3.12/site-packages/airflow/example_dags/example_display_name.py
[2024-04-11T14:26:37.084+0000] {processor.py:840} INFO - DAG(s) 'example_display_name' retrieved from /home/airflow/.local/lib/python3.12/site-packages/airflow/example_dags/example_display_name.py
[2024-04-11T14:26:37.326+0000] {logging_mixin.py:188} INFO - [2024-04-11T14:26:37.325+0000] {dag.py:3096} INFO - Sync 1 DAGs
[2024-04-11T14:26:37.352+0000] {logging_mixin.py:188} INFO - [2024-04-11T14:26:37.351+0000] {dag.py:3954} INFO - Setting next_dagrun for example_display_name to None, run_after=None
[2024-04-11T14:26:37.398+0000] {processor.py:183} INFO - Processing /home/airflow/.local/lib/python3.12/site-packages/airflow/example_dags/example_display_name.py took 0.349 seconds
[2024-04-11T14:27:07.751+0000] {processor.py:161} INFO - Started process (PID=132) to work on /home/airflow/.local/lib/python3.12/site-packages/airflow/example_dags/example_display_name.py
[2024-04-11T14:27:07.753+0000] {processor.py:830} INFO - Processing file /home/airflow/.local/lib/python3.12/site-packages/airflow/example_dags/example_display_name.py for tasks to queue
[2024-04-11T14:27:07.757+0000] {logging_mixin.py:188} INFO - [2024-04-11T14:27:07.756+0000] {dagbag.py:540} INFO - Filling up the DagBag from /home/airflow/.local/lib/python3.12/site-packages/airflow/example_dags/example_display_name.py
[2024-04-11T14:27:07.769+0000] {processor.py:840} INFO - DAG(s) 'example_display_name' retrieved from /home/airflow/.local/lib/python3.12/site-packages/airflow/example_dags/example_display_name.py
[2024-04-11T14:27:07.801+0000] {logging_mixin.py:188} INFO - [2024-04-11T14:27:07.801+0000] {dag.py:3096} INFO - Sync 1 DAGs
[2024-04-11T14:27:07.820+0000] {logging_mixin.py:188} INFO - [2024-04-11T14:27:07.820+0000] {dag.py:3954} INFO - Setting next_dagrun for example_display_name to None, run_after=None
[2024-04-11T14:27:07.849+0000] {processor.py:183} INFO - Processing /home/airflow/.local/lib/python3.12/site-packages/airflow/example_dags/example_display_name.py took 0.110 seconds
[2024-04-11T14:27:38.170+0000] {processor.py:161} INFO - Started process (PID=190) to work on /home/airflow/.local/lib/python3.12/site-packages/airflow/example_dags/example_display_name.py
[2024-04-11T14:27:38.172+0000] {processor.py:830} INFO - Processing file /home/airflow/.local/lib/python3.12/site-packages/airflow/example_dags/example_display_name.py for tasks to queue
[2024-04-11T14:27:38.175+0000] {logging_mixin.py:188} INFO - [2024-04-11T14:27:38.175+0000] {dagbag.py:540} INFO - Filling up the DagBag from /home/airflow/.local/lib/python3.12/site-packages/airflow/example_dags/example_display_name.py
[2024-04-11T14:27:38.186+0000] {processor.py:840} INFO - DAG(s) 'example_display_name' retrieved from /home/airflow/.local/lib/python3.12/site-packages/airflow/example_dags/example_display_name.py
[2024-04-11T14:27:38.218+0000] {logging_mixin.py:188} INFO - [2024-04-11T14:27:38.218+0000] {dag.py:3096} INFO - Sync 1 DAGs
[2024-04-11T14:27:38.237+0000] {logging_mixin.py:188} INFO - [2024-04-11T14:27:38.236+0000] {dag.py:3954} INFO - Setting next_dagrun for example_display_name to None, run_after=None
[2024-04-11T14:27:38.266+0000] {processor.py:183} INFO - Processing /home/airflow/.local/lib/python3.12/site-packages/airflow/example_dags/example_display_name.py took 0.107 seconds
[2024-04-11T14:28:08.515+0000] {processor.py:161} INFO - Started process (PID=248) to work on /home/airflow/.local/lib/python3.12/site-packages/airflow/example_dags/example_display_name.py
[2024-04-11T14:28:08.517+0000] {processor.py:830} INFO - Processing file /home/airflow/.local/lib/python3.12/site-packages/airflow/example_dags/example_display_name.py for tasks to queue
[2024-04-11T14:28:08.520+0000] {logging_mixin.py:188} INFO - [2024-04-11T14:28:08.520+0000] {dagbag.py:540} INFO - Filling up the DagBag from /home/airflow/.local/lib/python3.12/site-packages/airflow/example_dags/example_display_name.py
[2024-04-11T14:28:08.529+0000] {processor.py:840} INFO - DAG(s) 'example_display_name' retrieved from /home/airflow/.local/lib/python3.12/site-packages/airflow/example_dags/example_display_name.py
[2024-04-11T14:28:08.562+0000] {logging_mixin.py:188} INFO - [2024-04-11T14:28:08.562+0000] {dag.py:3096} INFO - Sync 1 DAGs
[2024-04-11T14:28:08.580+0000] {logging_mixin.py:188} INFO - [2024-04-11T14:28:08.580+0000] {dag.py:3954} INFO - Setting next_dagrun for example_display_name to None, run_after=None
[2024-04-11T14:28:08.609+0000] {processor.py:183} INFO - Processing /home/airflow/.local/lib/python3.12/site-packages/airflow/example_dags/example_display_name.py took 0.103 seconds
[2024-04-11T14:28:38.724+0000] {processor.py:161} INFO - Started process (PID=306) to work on /home/airflow/.local/lib/python3.12/site-packages/airflow/example_dags/example_display_name.py
[2024-04-11T14:28:38.725+0000] {processor.py:830} INFO - Processing file /home/airflow/.local/lib/python3.12/site-packages/airflow/example_dags/example_display_name.py for tasks to queue
[2024-04-11T14:28:38.728+0000] {logging_mixin.py:188} INFO - [2024-04-11T14:28:38.728+0000] {dagbag.py:540} INFO - Filling up the DagBag from /home/airflow/.local/lib/python3.12/site-packages/airflow/example_dags/example_display_name.py
[2024-04-11T14:28:38.737+0000] {processor.py:840} INFO - DAG(s) 'example_display_name' retrieved from /home/airflow/.local/lib/python3.12/site-packages/airflow/example_dags/example_display_name.py
[2024-04-11T14:28:38.769+0000] {logging_mixin.py:188} INFO - [2024-04-11T14:28:38.769+0000] {dag.py:3096} INFO - Sync 1 DAGs
[2024-04-11T14:28:38.787+0000] {logging_mixin.py:188} INFO - [2024-04-11T14:28:38.786+0000] {dag.py:3954} INFO - Setting next_dagrun for example_display_name to None, run_after=None
[2024-04-11T14:28:38.817+0000] {processor.py:183} INFO - Processing /home/airflow/.local/lib/python3.12/site-packages/airflow/example_dags/example_display_name.py took 0.102 seconds
[2024-04-11T14:29:09.267+0000] {processor.py:161} INFO - Started process (PID=364) to work on /home/airflow/.local/lib/python3.12/site-packages/airflow/example_dags/example_display_name.py
[2024-04-11T14:29:09.269+0000] {processor.py:830} INFO - Processing file /home/airflow/.local/lib/python3.12/site-packages/airflow/example_dags/example_display_name.py for tasks to queue
[2024-04-11T14:29:09.272+0000] {logging_mixin.py:188} INFO - [2024-04-11T14:29:09.271+0000] {dagbag.py:540} INFO - Filling up the DagBag from /home/airflow/.local/lib/python3.12/site-packages/airflow/example_dags/example_display_name.py
[2024-04-11T14:29:09.280+0000] {processor.py:840} INFO - DAG(s) 'example_display_name' retrieved from /home/airflow/.local/lib/python3.12/site-packages/airflow/example_dags/example_display_name.py
[2024-04-11T14:29:09.310+0000] {logging_mixin.py:188} INFO - [2024-04-11T14:29:09.310+0000] {dag.py:3096} INFO - Sync 1 DAGs
[2024-04-11T14:29:09.328+0000] {logging_mixin.py:188} INFO - [2024-04-11T14:29:09.328+0000] {dag.py:3954} INFO - Setting next_dagrun for example_display_name to None, run_after=None
[2024-04-11T14:29:09.357+0000] {processor.py:183} INFO - Processing /home/airflow/.local/lib/python3.12/site-packages/airflow/example_dags/example_display_name.py took 0.099 seconds
[2024-04-11T14:29:40.244+0000] {processor.py:161} INFO - Started process (PID=422) to work on /home/airflow/.local/lib/python3.12/site-packages/airflow/example_dags/example_display_name.py
[2024-04-11T14:29:40.246+0000] {processor.py:830} INFO - Processing file /home/airflow/.local/lib/python3.12/site-packages/airflow/example_dags/example_display_name.py for tasks to queue
[2024-04-11T14:29:40.249+0000] {logging_mixin.py:188} INFO - [2024-04-11T14:29:40.249+0000] {dagbag.py:540} INFO - Filling up the DagBag from /home/airflow/.local/lib/python3.12/site-packages/airflow/example_dags/example_display_name.py
[2024-04-11T14:29:40.258+0000] {processor.py:840} INFO - DAG(s) 'example_display_name' retrieved from /home/airflow/.local/lib/python3.12/site-packages/airflow/example_dags/example_display_name.py
[2024-04-11T14:29:40.288+0000] {logging_mixin.py:188} INFO - [2024-04-11T14:29:40.288+0000] {dag.py:3096} INFO - Sync 1 DAGs
[2024-04-11T14:29:40.306+0000] {logging_mixin.py:188} INFO - [2024-04-11T14:29:40.306+0000] {dag.py:3954} INFO - Setting next_dagrun for example_display_name to None, run_after=None
[2024-04-11T14:29:40.335+0000] {processor.py:183} INFO - Processing /home/airflow/.local/lib/python3.12/site-packages/airflow/example_dags/example_display_name.py took 0.099 seconds
[2024-04-11T14:30:10.380+0000] {processor.py:161} INFO - Started process (PID=479) to work on /home/airflow/.local/lib/python3.12/site-packages/airflow/example_dags/example_display_name.py
[2024-04-11T14:30:10.382+0000] {processor.py:830} INFO - Processing file /home/airflow/.local/lib/python3.12/site-packages/airflow/example_dags/example_display_name.py for tasks to queue
[2024-04-11T14:30:10.385+0000] {logging_mixin.py:188} INFO - [2024-04-11T14:30:10.384+0000] {dagbag.py:540} INFO - Filling up the DagBag from /home/airflow/.local/lib/python3.12/site-packages/airflow/example_dags/example_display_name.py
[2024-04-11T14:30:10.394+0000] {processor.py:840} INFO - DAG(s) 'example_display_name' retrieved from /home/airflow/.local/lib/python3.12/site-packages/airflow/example_dags/example_display_name.py
[2024-04-11T14:30:10.425+0000] {logging_mixin.py:188} INFO - [2024-04-11T14:30:10.424+0000] {dag.py:3096} INFO - Sync 1 DAGs
[2024-04-11T14:30:10.442+0000] {logging_mixin.py:188} INFO - [2024-04-11T14:30:10.442+0000] {dag.py:3954} INFO - Setting next_dagrun for example_display_name to None, run_after=None
[2024-04-11T14:30:10.470+0000] {processor.py:183} INFO - Processing /home/airflow/.local/lib/python3.12/site-packages/airflow/example_dags/example_display_name.py took 0.099 seconds
[2024-04-11T14:30:40.981+0000] {processor.py:161} INFO - Started process (PID=537) to work on /home/airflow/.local/lib/python3.12/site-packages/airflow/example_dags/example_display_name.py
[2024-04-11T14:30:40.983+0000] {processor.py:830} INFO - Processing file /home/airflow/.local/lib/python3.12/site-packages/airflow/example_dags/example_display_name.py for tasks to queue
[2024-04-11T14:30:40.986+0000] {logging_mixin.py:188} INFO - [2024-04-11T14:30:40.986+0000] {dagbag.py:540} INFO - Filling up the DagBag from /home/airflow/.local/lib/python3.12/site-packages/airflow/example_dags/example_display_name.py
[2024-04-11T14:30:40.995+0000] {processor.py:840} INFO - DAG(s) 'example_display_name' retrieved from /home/airflow/.local/lib/python3.12/site-packages/airflow/example_dags/example_display_name.py
[2024-04-11T14:30:41.026+0000] {logging_mixin.py:188} INFO - [2024-04-11T14:30:41.025+0000] {dag.py:3096} INFO - Sync 1 DAGs
[2024-04-11T14:30:41.043+0000] {logging_mixin.py:188} INFO - [2024-04-11T14:30:41.043+0000] {dag.py:3954} INFO - Setting next_dagrun for example_display_name to None, run_after=None
[2024-04-11T14:30:41.072+0000] {processor.py:183} INFO - Processing /home/airflow/.local/lib/python3.12/site-packages/airflow/example_dags/example_display_name.py took 0.100 seconds
[2024-04-11T14:31:11.920+0000] {processor.py:161} INFO - Started process (PID=596) to work on /home/airflow/.local/lib/python3.12/site-packages/airflow/example_dags/example_display_name.py
[2024-04-11T14:31:11.921+0000] {processor.py:830} INFO - Processing file /home/airflow/.local/lib/python3.12/site-packages/airflow/example_dags/example_display_name.py for tasks to queue
[2024-04-11T14:31:11.924+0000] {logging_mixin.py:188} INFO - [2024-04-11T14:31:11.924+0000] {dagbag.py:540} INFO - Filling up the DagBag from /home/airflow/.local/lib/python3.12/site-packages/airflow/example_dags/example_display_name.py
[2024-04-11T14:31:11.933+0000] {processor.py:840} INFO - DAG(s) 'example_display_name' retrieved from /home/airflow/.local/lib/python3.12/site-packages/airflow/example_dags/example_display_name.py
[2024-04-11T14:31:11.962+0000] {logging_mixin.py:188} INFO - [2024-04-11T14:31:11.962+0000] {dag.py:3096} INFO - Sync 1 DAGs
[2024-04-11T14:31:11.980+0000] {logging_mixin.py:188} INFO - [2024-04-11T14:31:11.979+0000] {dag.py:3954} INFO - Setting next_dagrun for example_display_name to None, run_after=None
[2024-04-11T14:31:12.009+0000] {processor.py:183} INFO - Processing /home/airflow/.local/lib/python3.12/site-packages/airflow/example_dags/example_display_name.py took 0.098 seconds
[2024-04-11T14:31:42.573+0000] {processor.py:161} INFO - Started process (PID=654) to work on /home/airflow/.local/lib/python3.12/site-packages/airflow/example_dags/example_display_name.py
[2024-04-11T14:31:42.575+0000] {processor.py:830} INFO - Processing file /home/airflow/.local/lib/python3.12/site-packages/airflow/example_dags/example_display_name.py for tasks to queue
[2024-04-11T14:31:42.578+0000] {logging_mixin.py:188} INFO - [2024-04-11T14:31:42.577+0000] {dagbag.py:540} INFO - Filling up the DagBag from /home/airflow/.local/lib/python3.12/site-packages/airflow/example_dags/example_display_name.py
[2024-04-11T14:31:42.587+0000] {processor.py:840} INFO - DAG(s) 'example_display_name' retrieved from /home/airflow/.local/lib/python3.12/site-packages/airflow/example_dags/example_display_name.py
[2024-04-11T14:31:42.619+0000] {logging_mixin.py:188} INFO - [2024-04-11T14:31:42.618+0000] {dag.py:3096} INFO - Sync 1 DAGs
[2024-04-11T14:31:42.639+0000] {logging_mixin.py:188} INFO - [2024-04-11T14:31:42.639+0000] {dag.py:3954} INFO - Setting next_dagrun for example_display_name to None, run_after=None
[2024-04-11T14:31:42.672+0000] {processor.py:183} INFO - Processing /home/airflow/.local/lib/python3.12/site-packages/airflow/example_dags/example_display_name.py took 0.108 seconds
[2024-04-11T14:32:13.651+0000] {processor.py:161} INFO - Started process (PID=712) to work on /home/airflow/.local/lib/python3.12/site-packages/airflow/example_dags/example_display_name.py
[2024-04-11T14:32:13.655+0000] {processor.py:830} INFO - Processing file /home/airflow/.local/lib/python3.12/site-packages/airflow/example_dags/example_display_name.py for tasks to queue
[2024-04-11T14:32:13.662+0000] {logging_mixin.py:188} INFO - [2024-04-11T14:32:13.661+0000] {dagbag.py:540} INFO - Filling up the DagBag from /home/airflow/.local/lib/python3.12/site-packages/airflow/example_dags/example_display_name.py
[2024-04-11T14:32:13.684+0000] {processor.py:840} INFO - DAG(s) 'example_display_name' retrieved from /home/airflow/.local/lib/python3.12/site-packages/airflow/example_dags/example_display_name.py
[2024-04-11T14:32:13.740+0000] {logging_mixin.py:188} INFO - [2024-04-11T14:32:13.739+0000] {dag.py:3096} INFO - Sync 1 DAGs
[2024-04-11T14:32:13.776+0000] {logging_mixin.py:188} INFO - [2024-04-11T14:32:13.776+0000] {dag.py:3954} INFO - Setting next_dagrun for example_display_name to None, run_after=None
[2024-04-11T14:32:13.822+0000] {processor.py:183} INFO - Processing /home/airflow/.local/lib/python3.12/site-packages/airflow/example_dags/example_display_name.py took 0.184 seconds
[2024-04-11T14:32:44.648+0000] {processor.py:161} INFO - Started process (PID=770) to work on /home/airflow/.local/lib/python3.12/site-packages/airflow/example_dags/example_display_name.py
[2024-04-11T14:32:44.676+0000] {processor.py:830} INFO - Processing file /home/airflow/.local/lib/python3.12/site-packages/airflow/example_dags/example_display_name.py for tasks to queue
[2024-04-11T14:32:44.707+0000] {logging_mixin.py:188} INFO - [2024-04-11T14:32:44.706+0000] {dagbag.py:540} INFO - Filling up the DagBag from /home/airflow/.local/lib/python3.12/site-packages/airflow/example_dags/example_display_name.py
[2024-04-11T14:32:44.732+0000] {processor.py:840} INFO - DAG(s) 'example_display_name' retrieved from /home/airflow/.local/lib/python3.12/site-packages/airflow/example_dags/example_display_name.py
[2024-04-11T14:32:44.824+0000] {logging_mixin.py:188} INFO - [2024-04-11T14:32:44.804+0000] {dag.py:3096} INFO - Sync 1 DAGs
[2024-04-11T14:32:44.866+0000] {logging_mixin.py:188} INFO - [2024-04-11T14:32:44.865+0000] {dag.py:3954} INFO - Setting next_dagrun for example_display_name to None, run_after=None
[2024-04-11T14:32:44.924+0000] {processor.py:183} INFO - Processing /home/airflow/.local/lib/python3.12/site-packages/airflow/example_dags/example_display_name.py took 0.307 seconds
[2024-04-11T14:33:15.176+0000] {processor.py:161} INFO - Started process (PID=827) to work on /home/airflow/.local/lib/python3.12/site-packages/airflow/example_dags/example_display_name.py
[2024-04-11T14:33:15.178+0000] {processor.py:830} INFO - Processing file /home/airflow/.local/lib/python3.12/site-packages/airflow/example_dags/example_display_name.py for tasks to queue
[2024-04-11T14:33:15.181+0000] {logging_mixin.py:188} INFO - [2024-04-11T14:33:15.180+0000] {dagbag.py:540} INFO - Filling up the DagBag from /home/airflow/.local/lib/python3.12/site-packages/airflow/example_dags/example_display_name.py
[2024-04-11T14:33:15.189+0000] {processor.py:840} INFO - DAG(s) 'example_display_name' retrieved from /home/airflow/.local/lib/python3.12/site-packages/airflow/example_dags/example_display_name.py
[2024-04-11T14:33:15.224+0000] {logging_mixin.py:188} INFO - [2024-04-11T14:33:15.224+0000] {dag.py:3096} INFO - Sync 1 DAGs
[2024-04-11T14:33:15.242+0000] {logging_mixin.py:188} INFO - [2024-04-11T14:33:15.242+0000] {dag.py:3954} INFO - Setting next_dagrun for example_display_name to None, run_after=None
[2024-04-11T14:33:15.271+0000] {processor.py:183} INFO - Processing /home/airflow/.local/lib/python3.12/site-packages/airflow/example_dags/example_display_name.py took 0.104 seconds
[2024-04-11T14:33:45.534+0000] {processor.py:161} INFO - Started process (PID=885) to work on /home/airflow/.local/lib/python3.12/site-packages/airflow/example_dags/example_display_name.py
[2024-04-11T14:33:45.535+0000] {processor.py:830} INFO - Processing file /home/airflow/.local/lib/python3.12/site-packages/airflow/example_dags/example_display_name.py for tasks to queue
[2024-04-11T14:33:45.539+0000] {logging_mixin.py:188} INFO - [2024-04-11T14:33:45.538+0000] {dagbag.py:540} INFO - Filling up the DagBag from /home/airflow/.local/lib/python3.12/site-packages/airflow/example_dags/example_display_name.py
[2024-04-11T14:33:45.548+0000] {processor.py:840} INFO - DAG(s) 'example_display_name' retrieved from /home/airflow/.local/lib/python3.12/site-packages/airflow/example_dags/example_display_name.py
[2024-04-11T14:33:45.584+0000] {logging_mixin.py:188} INFO - [2024-04-11T14:33:45.583+0000] {dag.py:3096} INFO - Sync 1 DAGs
[2024-04-11T14:33:45.612+0000] {logging_mixin.py:188} INFO - [2024-04-11T14:33:45.611+0000] {dag.py:3954} INFO - Setting next_dagrun for example_display_name to None, run_after=None
[2024-04-11T14:33:45.649+0000] {processor.py:183} INFO - Processing /home/airflow/.local/lib/python3.12/site-packages/airflow/example_dags/example_display_name.py took 0.130 seconds
[2024-04-11T14:34:16.190+0000] {processor.py:161} INFO - Started process (PID=943) to work on /home/airflow/.local/lib/python3.12/site-packages/airflow/example_dags/example_display_name.py
[2024-04-11T14:34:16.192+0000] {processor.py:830} INFO - Processing file /home/airflow/.local/lib/python3.12/site-packages/airflow/example_dags/example_display_name.py for tasks to queue
[2024-04-11T14:34:16.195+0000] {logging_mixin.py:188} INFO - [2024-04-11T14:34:16.195+0000] {dagbag.py:540} INFO - Filling up the DagBag from /home/airflow/.local/lib/python3.12/site-packages/airflow/example_dags/example_display_name.py
[2024-04-11T14:34:16.204+0000] {processor.py:840} INFO - DAG(s) 'example_display_name' retrieved from /home/airflow/.local/lib/python3.12/site-packages/airflow/example_dags/example_display_name.py
[2024-04-11T14:34:16.235+0000] {logging_mixin.py:188} INFO - [2024-04-11T14:34:16.235+0000] {dag.py:3096} INFO - Sync 1 DAGs
[2024-04-11T14:34:16.254+0000] {logging_mixin.py:188} INFO - [2024-04-11T14:34:16.254+0000] {dag.py:3954} INFO - Setting next_dagrun for example_display_name to None, run_after=None
[2024-04-11T14:34:16.284+0000] {processor.py:183} INFO - Processing /home/airflow/.local/lib/python3.12/site-packages/airflow/example_dags/example_display_name.py took 0.103 seconds
[2024-04-11T14:34:47.015+0000] {processor.py:161} INFO - Started process (PID=1001) to work on /home/airflow/.local/lib/python3.12/site-packages/airflow/example_dags/example_display_name.py
[2024-04-11T14:34:47.017+0000] {processor.py:830} INFO - Processing file /home/airflow/.local/lib/python3.12/site-packages/airflow/example_dags/example_display_name.py for tasks to queue
[2024-04-11T14:34:47.020+0000] {logging_mixin.py:188} INFO - [2024-04-11T14:34:47.020+0000] {dagbag.py:540} INFO - Filling up the DagBag from /home/airflow/.local/lib/python3.12/site-packages/airflow/example_dags/example_display_name.py
[2024-04-11T14:34:47.029+0000] {processor.py:840} INFO - DAG(s) 'example_display_name' retrieved from /home/airflow/.local/lib/python3.12/site-packages/airflow/example_dags/example_display_name.py
[2024-04-11T14:34:47.061+0000] {logging_mixin.py:188} INFO - [2024-04-11T14:34:47.061+0000] {dag.py:3096} INFO - Sync 1 DAGs
[2024-04-11T14:34:47.079+0000] {logging_mixin.py:188} INFO - [2024-04-11T14:34:47.079+0000] {dag.py:3954} INFO - Setting next_dagrun for example_display_name to None, run_after=None
[2024-04-11T14:34:47.110+0000] {processor.py:183} INFO - Processing /home/airflow/.local/lib/python3.12/site-packages/airflow/example_dags/example_display_name.py took 0.104 seconds
[2024-04-11T14:35:17.612+0000] {processor.py:161} INFO - Started process (PID=1059) to work on /home/airflow/.local/lib/python3.12/site-packages/airflow/example_dags/example_display_name.py
[2024-04-11T14:35:17.614+0000] {processor.py:830} INFO - Processing file /home/airflow/.local/lib/python3.12/site-packages/airflow/example_dags/example_display_name.py for tasks to queue
[2024-04-11T14:35:17.617+0000] {logging_mixin.py:188} INFO - [2024-04-11T14:35:17.617+0000] {dagbag.py:540} INFO - Filling up the DagBag from /home/airflow/.local/lib/python3.12/site-packages/airflow/example_dags/example_display_name.py
[2024-04-11T14:35:17.627+0000] {processor.py:840} INFO - DAG(s) 'example_display_name' retrieved from /home/airflow/.local/lib/python3.12/site-packages/airflow/example_dags/example_display_name.py
[2024-04-11T14:35:17.662+0000] {logging_mixin.py:188} INFO - [2024-04-11T14:35:17.661+0000] {dag.py:3096} INFO - Sync 1 DAGs
[2024-04-11T14:35:17.680+0000] {logging_mixin.py:188} INFO - [2024-04-11T14:35:17.680+0000] {dag.py:3954} INFO - Setting next_dagrun for example_display_name to None, run_after=None
[2024-04-11T14:35:17.709+0000] {processor.py:183} INFO - Processing /home/airflow/.local/lib/python3.12/site-packages/airflow/example_dags/example_display_name.py took 0.108 seconds
[2024-04-11T14:35:48.106+0000] {processor.py:161} INFO - Started process (PID=1117) to work on /home/airflow/.local/lib/python3.12/site-packages/airflow/example_dags/example_display_name.py
[2024-04-11T14:35:48.108+0000] {processor.py:830} INFO - Processing file /home/airflow/.local/lib/python3.12/site-packages/airflow/example_dags/example_display_name.py for tasks to queue
[2024-04-11T14:35:48.111+0000] {logging_mixin.py:188} INFO - [2024-04-11T14:35:48.111+0000] {dagbag.py:540} INFO - Filling up the DagBag from /home/airflow/.local/lib/python3.12/site-packages/airflow/example_dags/example_display_name.py
[2024-04-11T14:35:48.122+0000] {processor.py:840} INFO - DAG(s) 'example_display_name' retrieved from /home/airflow/.local/lib/python3.12/site-packages/airflow/example_dags/example_display_name.py
[2024-04-11T14:35:48.153+0000] {logging_mixin.py:188} INFO - [2024-04-11T14:35:48.153+0000] {dag.py:3096} INFO - Sync 1 DAGs
[2024-04-11T14:35:48.171+0000] {logging_mixin.py:188} INFO - [2024-04-11T14:35:48.171+0000] {dag.py:3954} INFO - Setting next_dagrun for example_display_name to None, run_after=None
[2024-04-11T14:35:48.239+0000] {processor.py:183} INFO - Processing /home/airflow/.local/lib/python3.12/site-packages/airflow/example_dags/example_display_name.py took 0.143 seconds
[2024-04-11T14:36:18.870+0000] {processor.py:161} INFO - Started process (PID=1175) to work on /home/airflow/.local/lib/python3.12/site-packages/airflow/example_dags/example_display_name.py
[2024-04-11T14:36:18.872+0000] {processor.py:830} INFO - Processing file /home/airflow/.local/lib/python3.12/site-packages/airflow/example_dags/example_display_name.py for tasks to queue
[2024-04-11T14:36:18.876+0000] {logging_mixin.py:188} INFO - [2024-04-11T14:36:18.875+0000] {dagbag.py:540} INFO - Filling up the DagBag from /home/airflow/.local/lib/python3.12/site-packages/airflow/example_dags/example_display_name.py
[2024-04-11T14:36:18.886+0000] {processor.py:840} INFO - DAG(s) 'example_display_name' retrieved from /home/airflow/.local/lib/python3.12/site-packages/airflow/example_dags/example_display_name.py
[2024-04-11T14:36:18.921+0000] {logging_mixin.py:188} INFO - [2024-04-11T14:36:18.920+0000] {dag.py:3096} INFO - Sync 1 DAGs
[2024-04-11T14:36:18.940+0000] {logging_mixin.py:188} INFO - [2024-04-11T14:36:18.939+0000] {dag.py:3954} INFO - Setting next_dagrun for example_display_name to None, run_after=None
[2024-04-11T14:36:18.972+0000] {processor.py:183} INFO - Processing /home/airflow/.local/lib/python3.12/site-packages/airflow/example_dags/example_display_name.py took 0.113 seconds
