[2024-04-11T14:26:31.592+0000] {processor.py:161} INFO - Started process (PID=44) to work on /home/airflow/.local/lib/python3.12/site-packages/airflow/example_dags/example_python_operator.py
[2024-04-11T14:26:31.594+0000] {processor.py:830} INFO - Processing file /home/airflow/.local/lib/python3.12/site-packages/airflow/example_dags/example_python_operator.py for tasks to queue
[2024-04-11T14:26:31.598+0000] {logging_mixin.py:188} INFO - [2024-04-11T14:26:31.597+0000] {dagbag.py:540} INFO - Filling up the DagBag from /home/airflow/.local/lib/python3.12/site-packages/airflow/example_dags/example_python_operator.py
[2024-04-11T14:26:31.620+0000] {processor.py:840} INFO - DAG(s) 'example_python_operator' retrieved from /home/airflow/.local/lib/python3.12/site-packages/airflow/example_dags/example_python_operator.py
[2024-04-11T14:26:31.810+0000] {logging_mixin.py:188} INFO - [2024-04-11T14:26:31.810+0000] {dag.py:3096} INFO - Sync 1 DAGs
[2024-04-11T14:26:31.829+0000] {logging_mixin.py:188} INFO - [2024-04-11T14:26:31.829+0000] {dag.py:3954} INFO - Setting next_dagrun for example_python_operator to None, run_after=None
[2024-04-11T14:26:31.870+0000] {processor.py:183} INFO - Processing /home/airflow/.local/lib/python3.12/site-packages/airflow/example_dags/example_python_operator.py took 0.290 seconds
[2024-04-11T14:27:02.577+0000] {processor.py:161} INFO - Started process (PID=102) to work on /home/airflow/.local/lib/python3.12/site-packages/airflow/example_dags/example_python_operator.py
[2024-04-11T14:27:02.579+0000] {processor.py:830} INFO - Processing file /home/airflow/.local/lib/python3.12/site-packages/airflow/example_dags/example_python_operator.py for tasks to queue
[2024-04-11T14:27:02.582+0000] {logging_mixin.py:188} INFO - [2024-04-11T14:27:02.582+0000] {dagbag.py:540} INFO - Filling up the DagBag from /home/airflow/.local/lib/python3.12/site-packages/airflow/example_dags/example_python_operator.py
[2024-04-11T14:27:02.598+0000] {processor.py:840} INFO - DAG(s) 'example_python_operator' retrieved from /home/airflow/.local/lib/python3.12/site-packages/airflow/example_dags/example_python_operator.py
[2024-04-11T14:27:02.642+0000] {logging_mixin.py:188} INFO - [2024-04-11T14:27:02.642+0000] {dag.py:3096} INFO - Sync 1 DAGs
[2024-04-11T14:27:02.693+0000] {logging_mixin.py:188} INFO - [2024-04-11T14:27:02.692+0000] {dag.py:3954} INFO - Setting next_dagrun for example_python_operator to None, run_after=None
[2024-04-11T14:27:02.723+0000] {processor.py:183} INFO - Processing /home/airflow/.local/lib/python3.12/site-packages/airflow/example_dags/example_python_operator.py took 0.155 seconds
[2024-04-11T14:27:33.014+0000] {processor.py:161} INFO - Started process (PID=160) to work on /home/airflow/.local/lib/python3.12/site-packages/airflow/example_dags/example_python_operator.py
[2024-04-11T14:27:33.016+0000] {processor.py:830} INFO - Processing file /home/airflow/.local/lib/python3.12/site-packages/airflow/example_dags/example_python_operator.py for tasks to queue
[2024-04-11T14:27:33.019+0000] {logging_mixin.py:188} INFO - [2024-04-11T14:27:33.018+0000] {dagbag.py:540} INFO - Filling up the DagBag from /home/airflow/.local/lib/python3.12/site-packages/airflow/example_dags/example_python_operator.py
[2024-04-11T14:27:33.033+0000] {processor.py:840} INFO - DAG(s) 'example_python_operator' retrieved from /home/airflow/.local/lib/python3.12/site-packages/airflow/example_dags/example_python_operator.py
[2024-04-11T14:27:33.065+0000] {logging_mixin.py:188} INFO - [2024-04-11T14:27:33.064+0000] {dag.py:3096} INFO - Sync 1 DAGs
[2024-04-11T14:27:33.083+0000] {logging_mixin.py:188} INFO - [2024-04-11T14:27:33.082+0000] {dag.py:3954} INFO - Setting next_dagrun for example_python_operator to None, run_after=None
[2024-04-11T14:27:33.111+0000] {processor.py:183} INFO - Processing /home/airflow/.local/lib/python3.12/site-packages/airflow/example_dags/example_python_operator.py took 0.105 seconds
[2024-04-11T14:28:03.223+0000] {processor.py:161} INFO - Started process (PID=218) to work on /home/airflow/.local/lib/python3.12/site-packages/airflow/example_dags/example_python_operator.py
[2024-04-11T14:28:03.225+0000] {processor.py:830} INFO - Processing file /home/airflow/.local/lib/python3.12/site-packages/airflow/example_dags/example_python_operator.py for tasks to queue
[2024-04-11T14:28:03.228+0000] {logging_mixin.py:188} INFO - [2024-04-11T14:28:03.227+0000] {dagbag.py:540} INFO - Filling up the DagBag from /home/airflow/.local/lib/python3.12/site-packages/airflow/example_dags/example_python_operator.py
[2024-04-11T14:28:03.242+0000] {processor.py:840} INFO - DAG(s) 'example_python_operator' retrieved from /home/airflow/.local/lib/python3.12/site-packages/airflow/example_dags/example_python_operator.py
[2024-04-11T14:28:03.273+0000] {logging_mixin.py:188} INFO - [2024-04-11T14:28:03.273+0000] {dag.py:3096} INFO - Sync 1 DAGs
[2024-04-11T14:28:03.291+0000] {logging_mixin.py:188} INFO - [2024-04-11T14:28:03.291+0000] {dag.py:3954} INFO - Setting next_dagrun for example_python_operator to None, run_after=None
[2024-04-11T14:28:03.320+0000] {processor.py:183} INFO - Processing /home/airflow/.local/lib/python3.12/site-packages/airflow/example_dags/example_python_operator.py took 0.105 seconds
[2024-04-11T14:28:33.584+0000] {processor.py:161} INFO - Started process (PID=282) to work on /home/airflow/.local/lib/python3.12/site-packages/airflow/example_dags/example_python_operator.py
[2024-04-11T14:28:33.585+0000] {processor.py:830} INFO - Processing file /home/airflow/.local/lib/python3.12/site-packages/airflow/example_dags/example_python_operator.py for tasks to queue
[2024-04-11T14:28:33.588+0000] {logging_mixin.py:188} INFO - [2024-04-11T14:28:33.588+0000] {dagbag.py:540} INFO - Filling up the DagBag from /home/airflow/.local/lib/python3.12/site-packages/airflow/example_dags/example_python_operator.py
[2024-04-11T14:28:33.602+0000] {processor.py:840} INFO - DAG(s) 'example_python_operator' retrieved from /home/airflow/.local/lib/python3.12/site-packages/airflow/example_dags/example_python_operator.py
[2024-04-11T14:28:33.637+0000] {logging_mixin.py:188} INFO - [2024-04-11T14:28:33.637+0000] {dag.py:3096} INFO - Sync 1 DAGs
[2024-04-11T14:28:33.667+0000] {logging_mixin.py:188} INFO - [2024-04-11T14:28:33.666+0000] {dag.py:3954} INFO - Setting next_dagrun for example_python_operator to None, run_after=None
[2024-04-11T14:28:33.701+0000] {processor.py:183} INFO - Processing /home/airflow/.local/lib/python3.12/site-packages/airflow/example_dags/example_python_operator.py took 0.125 seconds
[2024-04-11T14:29:03.764+0000] {processor.py:161} INFO - Started process (PID=340) to work on /home/airflow/.local/lib/python3.12/site-packages/airflow/example_dags/example_python_operator.py
[2024-04-11T14:29:03.766+0000] {processor.py:830} INFO - Processing file /home/airflow/.local/lib/python3.12/site-packages/airflow/example_dags/example_python_operator.py for tasks to queue
[2024-04-11T14:29:03.771+0000] {logging_mixin.py:188} INFO - [2024-04-11T14:29:03.770+0000] {dagbag.py:540} INFO - Filling up the DagBag from /home/airflow/.local/lib/python3.12/site-packages/airflow/example_dags/example_python_operator.py
[2024-04-11T14:29:03.791+0000] {processor.py:840} INFO - DAG(s) 'example_python_operator' retrieved from /home/airflow/.local/lib/python3.12/site-packages/airflow/example_dags/example_python_operator.py
[2024-04-11T14:29:03.829+0000] {logging_mixin.py:188} INFO - [2024-04-11T14:29:03.829+0000] {dag.py:3096} INFO - Sync 1 DAGs
[2024-04-11T14:29:03.858+0000] {logging_mixin.py:188} INFO - [2024-04-11T14:29:03.857+0000] {dag.py:3954} INFO - Setting next_dagrun for example_python_operator to None, run_after=None
[2024-04-11T14:29:03.889+0000] {processor.py:183} INFO - Processing /home/airflow/.local/lib/python3.12/site-packages/airflow/example_dags/example_python_operator.py took 0.133 seconds
[2024-04-11T14:29:34.364+0000] {processor.py:161} INFO - Started process (PID=398) to work on /home/airflow/.local/lib/python3.12/site-packages/airflow/example_dags/example_python_operator.py
[2024-04-11T14:29:34.365+0000] {processor.py:830} INFO - Processing file /home/airflow/.local/lib/python3.12/site-packages/airflow/example_dags/example_python_operator.py for tasks to queue
[2024-04-11T14:29:34.368+0000] {logging_mixin.py:188} INFO - [2024-04-11T14:29:34.368+0000] {dagbag.py:540} INFO - Filling up the DagBag from /home/airflow/.local/lib/python3.12/site-packages/airflow/example_dags/example_python_operator.py
[2024-04-11T14:29:34.382+0000] {processor.py:840} INFO - DAG(s) 'example_python_operator' retrieved from /home/airflow/.local/lib/python3.12/site-packages/airflow/example_dags/example_python_operator.py
[2024-04-11T14:29:34.415+0000] {logging_mixin.py:188} INFO - [2024-04-11T14:29:34.415+0000] {dag.py:3096} INFO - Sync 1 DAGs
[2024-04-11T14:29:34.432+0000] {logging_mixin.py:188} INFO - [2024-04-11T14:29:34.432+0000] {dag.py:3954} INFO - Setting next_dagrun for example_python_operator to None, run_after=None
[2024-04-11T14:29:34.462+0000] {processor.py:183} INFO - Processing /home/airflow/.local/lib/python3.12/site-packages/airflow/example_dags/example_python_operator.py took 0.107 seconds
[2024-04-11T14:30:04.652+0000] {processor.py:161} INFO - Started process (PID=456) to work on /home/airflow/.local/lib/python3.12/site-packages/airflow/example_dags/example_python_operator.py
[2024-04-11T14:30:04.654+0000] {processor.py:830} INFO - Processing file /home/airflow/.local/lib/python3.12/site-packages/airflow/example_dags/example_python_operator.py for tasks to queue
[2024-04-11T14:30:04.658+0000] {logging_mixin.py:188} INFO - [2024-04-11T14:30:04.658+0000] {dagbag.py:540} INFO - Filling up the DagBag from /home/airflow/.local/lib/python3.12/site-packages/airflow/example_dags/example_python_operator.py
[2024-04-11T14:30:04.674+0000] {processor.py:840} INFO - DAG(s) 'example_python_operator' retrieved from /home/airflow/.local/lib/python3.12/site-packages/airflow/example_dags/example_python_operator.py
[2024-04-11T14:30:04.706+0000] {logging_mixin.py:188} INFO - [2024-04-11T14:30:04.705+0000] {dag.py:3096} INFO - Sync 1 DAGs
[2024-04-11T14:30:04.723+0000] {logging_mixin.py:188} INFO - [2024-04-11T14:30:04.723+0000] {dag.py:3954} INFO - Setting next_dagrun for example_python_operator to None, run_after=None
[2024-04-11T14:30:04.752+0000] {processor.py:183} INFO - Processing /home/airflow/.local/lib/python3.12/site-packages/airflow/example_dags/example_python_operator.py took 0.109 seconds
[2024-04-11T14:30:35.253+0000] {processor.py:161} INFO - Started process (PID=514) to work on /home/airflow/.local/lib/python3.12/site-packages/airflow/example_dags/example_python_operator.py
[2024-04-11T14:30:35.254+0000] {processor.py:830} INFO - Processing file /home/airflow/.local/lib/python3.12/site-packages/airflow/example_dags/example_python_operator.py for tasks to queue
[2024-04-11T14:30:35.257+0000] {logging_mixin.py:188} INFO - [2024-04-11T14:30:35.256+0000] {dagbag.py:540} INFO - Filling up the DagBag from /home/airflow/.local/lib/python3.12/site-packages/airflow/example_dags/example_python_operator.py
[2024-04-11T14:30:35.271+0000] {processor.py:840} INFO - DAG(s) 'example_python_operator' retrieved from /home/airflow/.local/lib/python3.12/site-packages/airflow/example_dags/example_python_operator.py
[2024-04-11T14:30:35.304+0000] {logging_mixin.py:188} INFO - [2024-04-11T14:30:35.304+0000] {dag.py:3096} INFO - Sync 1 DAGs
[2024-04-11T14:30:35.322+0000] {logging_mixin.py:188} INFO - [2024-04-11T14:30:35.322+0000] {dag.py:3954} INFO - Setting next_dagrun for example_python_operator to None, run_after=None
[2024-04-11T14:30:35.351+0000] {processor.py:183} INFO - Processing /home/airflow/.local/lib/python3.12/site-packages/airflow/example_dags/example_python_operator.py took 0.106 seconds
[2024-04-11T14:31:05.912+0000] {processor.py:161} INFO - Started process (PID=572) to work on /home/airflow/.local/lib/python3.12/site-packages/airflow/example_dags/example_python_operator.py
[2024-04-11T14:31:05.914+0000] {processor.py:830} INFO - Processing file /home/airflow/.local/lib/python3.12/site-packages/airflow/example_dags/example_python_operator.py for tasks to queue
[2024-04-11T14:31:05.917+0000] {logging_mixin.py:188} INFO - [2024-04-11T14:31:05.917+0000] {dagbag.py:540} INFO - Filling up the DagBag from /home/airflow/.local/lib/python3.12/site-packages/airflow/example_dags/example_python_operator.py
[2024-04-11T14:31:05.934+0000] {processor.py:840} INFO - DAG(s) 'example_python_operator' retrieved from /home/airflow/.local/lib/python3.12/site-packages/airflow/example_dags/example_python_operator.py
[2024-04-11T14:31:05.972+0000] {logging_mixin.py:188} INFO - [2024-04-11T14:31:05.972+0000] {dag.py:3096} INFO - Sync 1 DAGs
[2024-04-11T14:31:05.994+0000] {logging_mixin.py:188} INFO - [2024-04-11T14:31:05.993+0000] {dag.py:3954} INFO - Setting next_dagrun for example_python_operator to None, run_after=None
[2024-04-11T14:31:06.028+0000] {processor.py:183} INFO - Processing /home/airflow/.local/lib/python3.12/site-packages/airflow/example_dags/example_python_operator.py took 0.126 seconds
[2024-04-11T14:31:36.165+0000] {processor.py:161} INFO - Started process (PID=630) to work on /home/airflow/.local/lib/python3.12/site-packages/airflow/example_dags/example_python_operator.py
[2024-04-11T14:31:36.167+0000] {processor.py:830} INFO - Processing file /home/airflow/.local/lib/python3.12/site-packages/airflow/example_dags/example_python_operator.py for tasks to queue
[2024-04-11T14:31:36.171+0000] {logging_mixin.py:188} INFO - [2024-04-11T14:31:36.170+0000] {dagbag.py:540} INFO - Filling up the DagBag from /home/airflow/.local/lib/python3.12/site-packages/airflow/example_dags/example_python_operator.py
[2024-04-11T14:31:36.206+0000] {processor.py:840} INFO - DAG(s) 'example_python_operator' retrieved from /home/airflow/.local/lib/python3.12/site-packages/airflow/example_dags/example_python_operator.py
[2024-04-11T14:31:36.248+0000] {logging_mixin.py:188} INFO - [2024-04-11T14:31:36.248+0000] {dag.py:3096} INFO - Sync 1 DAGs
[2024-04-11T14:31:36.267+0000] {logging_mixin.py:188} INFO - [2024-04-11T14:31:36.266+0000] {dag.py:3954} INFO - Setting next_dagrun for example_python_operator to None, run_after=None
[2024-04-11T14:31:36.298+0000] {processor.py:183} INFO - Processing /home/airflow/.local/lib/python3.12/site-packages/airflow/example_dags/example_python_operator.py took 0.144 seconds
[2024-04-11T14:32:06.496+0000] {processor.py:161} INFO - Started process (PID=688) to work on /home/airflow/.local/lib/python3.12/site-packages/airflow/example_dags/example_python_operator.py
[2024-04-11T14:32:06.498+0000] {processor.py:830} INFO - Processing file /home/airflow/.local/lib/python3.12/site-packages/airflow/example_dags/example_python_operator.py for tasks to queue
[2024-04-11T14:32:06.502+0000] {logging_mixin.py:188} INFO - [2024-04-11T14:32:06.501+0000] {dagbag.py:540} INFO - Filling up the DagBag from /home/airflow/.local/lib/python3.12/site-packages/airflow/example_dags/example_python_operator.py
[2024-04-11T14:32:06.518+0000] {processor.py:840} INFO - DAG(s) 'example_python_operator' retrieved from /home/airflow/.local/lib/python3.12/site-packages/airflow/example_dags/example_python_operator.py
[2024-04-11T14:32:06.561+0000] {logging_mixin.py:188} INFO - [2024-04-11T14:32:06.560+0000] {dag.py:3096} INFO - Sync 1 DAGs
[2024-04-11T14:32:06.584+0000] {logging_mixin.py:188} INFO - [2024-04-11T14:32:06.583+0000] {dag.py:3954} INFO - Setting next_dagrun for example_python_operator to None, run_after=None
[2024-04-11T14:32:06.619+0000] {processor.py:183} INFO - Processing /home/airflow/.local/lib/python3.12/site-packages/airflow/example_dags/example_python_operator.py took 0.132 seconds
[2024-04-11T14:32:37.365+0000] {processor.py:161} INFO - Started process (PID=746) to work on /home/airflow/.local/lib/python3.12/site-packages/airflow/example_dags/example_python_operator.py
[2024-04-11T14:32:37.367+0000] {processor.py:830} INFO - Processing file /home/airflow/.local/lib/python3.12/site-packages/airflow/example_dags/example_python_operator.py for tasks to queue
[2024-04-11T14:32:37.370+0000] {logging_mixin.py:188} INFO - [2024-04-11T14:32:37.369+0000] {dagbag.py:540} INFO - Filling up the DagBag from /home/airflow/.local/lib/python3.12/site-packages/airflow/example_dags/example_python_operator.py
[2024-04-11T14:32:37.384+0000] {processor.py:840} INFO - DAG(s) 'example_python_operator' retrieved from /home/airflow/.local/lib/python3.12/site-packages/airflow/example_dags/example_python_operator.py
[2024-04-11T14:32:37.417+0000] {logging_mixin.py:188} INFO - [2024-04-11T14:32:37.417+0000] {dag.py:3096} INFO - Sync 1 DAGs
[2024-04-11T14:32:37.435+0000] {logging_mixin.py:188} INFO - [2024-04-11T14:32:37.435+0000] {dag.py:3954} INFO - Setting next_dagrun for example_python_operator to None, run_after=None
[2024-04-11T14:32:37.463+0000] {processor.py:183} INFO - Processing /home/airflow/.local/lib/python3.12/site-packages/airflow/example_dags/example_python_operator.py took 0.106 seconds
[2024-04-11T14:33:08.273+0000] {processor.py:161} INFO - Started process (PID=804) to work on /home/airflow/.local/lib/python3.12/site-packages/airflow/example_dags/example_python_operator.py
[2024-04-11T14:33:08.275+0000] {processor.py:830} INFO - Processing file /home/airflow/.local/lib/python3.12/site-packages/airflow/example_dags/example_python_operator.py for tasks to queue
[2024-04-11T14:33:08.278+0000] {logging_mixin.py:188} INFO - [2024-04-11T14:33:08.277+0000] {dagbag.py:540} INFO - Filling up the DagBag from /home/airflow/.local/lib/python3.12/site-packages/airflow/example_dags/example_python_operator.py
[2024-04-11T14:33:08.293+0000] {processor.py:840} INFO - DAG(s) 'example_python_operator' retrieved from /home/airflow/.local/lib/python3.12/site-packages/airflow/example_dags/example_python_operator.py
[2024-04-11T14:33:08.327+0000] {logging_mixin.py:188} INFO - [2024-04-11T14:33:08.326+0000] {dag.py:3096} INFO - Sync 1 DAGs
[2024-04-11T14:33:08.344+0000] {logging_mixin.py:188} INFO - [2024-04-11T14:33:08.344+0000] {dag.py:3954} INFO - Setting next_dagrun for example_python_operator to None, run_after=None
[2024-04-11T14:33:08.373+0000] {processor.py:183} INFO - Processing /home/airflow/.local/lib/python3.12/site-packages/airflow/example_dags/example_python_operator.py took 0.108 seconds
[2024-04-11T14:33:39.135+0000] {processor.py:161} INFO - Started process (PID=862) to work on /home/airflow/.local/lib/python3.12/site-packages/airflow/example_dags/example_python_operator.py
[2024-04-11T14:33:39.137+0000] {processor.py:830} INFO - Processing file /home/airflow/.local/lib/python3.12/site-packages/airflow/example_dags/example_python_operator.py for tasks to queue
[2024-04-11T14:33:39.140+0000] {logging_mixin.py:188} INFO - [2024-04-11T14:33:39.139+0000] {dagbag.py:540} INFO - Filling up the DagBag from /home/airflow/.local/lib/python3.12/site-packages/airflow/example_dags/example_python_operator.py
[2024-04-11T14:33:39.154+0000] {processor.py:840} INFO - DAG(s) 'example_python_operator' retrieved from /home/airflow/.local/lib/python3.12/site-packages/airflow/example_dags/example_python_operator.py
[2024-04-11T14:33:39.186+0000] {logging_mixin.py:188} INFO - [2024-04-11T14:33:39.186+0000] {dag.py:3096} INFO - Sync 1 DAGs
[2024-04-11T14:33:39.204+0000] {logging_mixin.py:188} INFO - [2024-04-11T14:33:39.204+0000] {dag.py:3954} INFO - Setting next_dagrun for example_python_operator to None, run_after=None
[2024-04-11T14:33:39.234+0000] {processor.py:183} INFO - Processing /home/airflow/.local/lib/python3.12/site-packages/airflow/example_dags/example_python_operator.py took 0.107 seconds
[2024-04-11T14:34:10.089+0000] {processor.py:161} INFO - Started process (PID=920) to work on /home/airflow/.local/lib/python3.12/site-packages/airflow/example_dags/example_python_operator.py
[2024-04-11T14:34:10.090+0000] {processor.py:830} INFO - Processing file /home/airflow/.local/lib/python3.12/site-packages/airflow/example_dags/example_python_operator.py for tasks to queue
[2024-04-11T14:34:10.094+0000] {logging_mixin.py:188} INFO - [2024-04-11T14:34:10.093+0000] {dagbag.py:540} INFO - Filling up the DagBag from /home/airflow/.local/lib/python3.12/site-packages/airflow/example_dags/example_python_operator.py
[2024-04-11T14:34:10.109+0000] {processor.py:840} INFO - DAG(s) 'example_python_operator' retrieved from /home/airflow/.local/lib/python3.12/site-packages/airflow/example_dags/example_python_operator.py
[2024-04-11T14:34:10.144+0000] {logging_mixin.py:188} INFO - [2024-04-11T14:34:10.143+0000] {dag.py:3096} INFO - Sync 1 DAGs
[2024-04-11T14:34:10.162+0000] {logging_mixin.py:188} INFO - [2024-04-11T14:34:10.162+0000] {dag.py:3954} INFO - Setting next_dagrun for example_python_operator to None, run_after=None
[2024-04-11T14:34:10.343+0000] {processor.py:183} INFO - Processing /home/airflow/.local/lib/python3.12/site-packages/airflow/example_dags/example_python_operator.py took 0.263 seconds
[2024-04-11T14:34:40.925+0000] {processor.py:161} INFO - Started process (PID=978) to work on /home/airflow/.local/lib/python3.12/site-packages/airflow/example_dags/example_python_operator.py
[2024-04-11T14:34:40.926+0000] {processor.py:830} INFO - Processing file /home/airflow/.local/lib/python3.12/site-packages/airflow/example_dags/example_python_operator.py for tasks to queue
[2024-04-11T14:34:40.929+0000] {logging_mixin.py:188} INFO - [2024-04-11T14:34:40.929+0000] {dagbag.py:540} INFO - Filling up the DagBag from /home/airflow/.local/lib/python3.12/site-packages/airflow/example_dags/example_python_operator.py
[2024-04-11T14:34:40.944+0000] {processor.py:840} INFO - DAG(s) 'example_python_operator' retrieved from /home/airflow/.local/lib/python3.12/site-packages/airflow/example_dags/example_python_operator.py
[2024-04-11T14:34:40.978+0000] {logging_mixin.py:188} INFO - [2024-04-11T14:34:40.978+0000] {dag.py:3096} INFO - Sync 1 DAGs
[2024-04-11T14:34:40.996+0000] {logging_mixin.py:188} INFO - [2024-04-11T14:34:40.996+0000] {dag.py:3954} INFO - Setting next_dagrun for example_python_operator to None, run_after=None
[2024-04-11T14:34:41.025+0000] {processor.py:183} INFO - Processing /home/airflow/.local/lib/python3.12/site-packages/airflow/example_dags/example_python_operator.py took 0.109 seconds
[2024-04-11T14:35:11.736+0000] {processor.py:161} INFO - Started process (PID=1036) to work on /home/airflow/.local/lib/python3.12/site-packages/airflow/example_dags/example_python_operator.py
[2024-04-11T14:35:11.737+0000] {processor.py:830} INFO - Processing file /home/airflow/.local/lib/python3.12/site-packages/airflow/example_dags/example_python_operator.py for tasks to queue
[2024-04-11T14:35:11.740+0000] {logging_mixin.py:188} INFO - [2024-04-11T14:35:11.740+0000] {dagbag.py:540} INFO - Filling up the DagBag from /home/airflow/.local/lib/python3.12/site-packages/airflow/example_dags/example_python_operator.py
[2024-04-11T14:35:11.755+0000] {processor.py:840} INFO - DAG(s) 'example_python_operator' retrieved from /home/airflow/.local/lib/python3.12/site-packages/airflow/example_dags/example_python_operator.py
[2024-04-11T14:35:11.789+0000] {logging_mixin.py:188} INFO - [2024-04-11T14:35:11.788+0000] {dag.py:3096} INFO - Sync 1 DAGs
[2024-04-11T14:35:11.807+0000] {logging_mixin.py:188} INFO - [2024-04-11T14:35:11.807+0000] {dag.py:3954} INFO - Setting next_dagrun for example_python_operator to None, run_after=None
[2024-04-11T14:35:11.836+0000] {processor.py:183} INFO - Processing /home/airflow/.local/lib/python3.12/site-packages/airflow/example_dags/example_python_operator.py took 0.109 seconds
[2024-04-11T14:35:42.400+0000] {processor.py:161} INFO - Started process (PID=1094) to work on /home/airflow/.local/lib/python3.12/site-packages/airflow/example_dags/example_python_operator.py
[2024-04-11T14:35:42.401+0000] {processor.py:830} INFO - Processing file /home/airflow/.local/lib/python3.12/site-packages/airflow/example_dags/example_python_operator.py for tasks to queue
[2024-04-11T14:35:42.404+0000] {logging_mixin.py:188} INFO - [2024-04-11T14:35:42.404+0000] {dagbag.py:540} INFO - Filling up the DagBag from /home/airflow/.local/lib/python3.12/site-packages/airflow/example_dags/example_python_operator.py
[2024-04-11T14:35:42.419+0000] {processor.py:840} INFO - DAG(s) 'example_python_operator' retrieved from /home/airflow/.local/lib/python3.12/site-packages/airflow/example_dags/example_python_operator.py
[2024-04-11T14:35:42.619+0000] {logging_mixin.py:188} INFO - [2024-04-11T14:35:42.618+0000] {dag.py:3096} INFO - Sync 1 DAGs
[2024-04-11T14:35:42.636+0000] {logging_mixin.py:188} INFO - [2024-04-11T14:35:42.635+0000] {dag.py:3954} INFO - Setting next_dagrun for example_python_operator to None, run_after=None
[2024-04-11T14:35:42.665+0000] {processor.py:183} INFO - Processing /home/airflow/.local/lib/python3.12/site-packages/airflow/example_dags/example_python_operator.py took 0.274 seconds
[2024-04-11T14:36:12.987+0000] {processor.py:161} INFO - Started process (PID=1152) to work on /home/airflow/.local/lib/python3.12/site-packages/airflow/example_dags/example_python_operator.py
[2024-04-11T14:36:12.989+0000] {processor.py:830} INFO - Processing file /home/airflow/.local/lib/python3.12/site-packages/airflow/example_dags/example_python_operator.py for tasks to queue
[2024-04-11T14:36:12.992+0000] {logging_mixin.py:188} INFO - [2024-04-11T14:36:12.992+0000] {dagbag.py:540} INFO - Filling up the DagBag from /home/airflow/.local/lib/python3.12/site-packages/airflow/example_dags/example_python_operator.py
[2024-04-11T14:36:13.008+0000] {processor.py:840} INFO - DAG(s) 'example_python_operator' retrieved from /home/airflow/.local/lib/python3.12/site-packages/airflow/example_dags/example_python_operator.py
[2024-04-11T14:36:13.042+0000] {logging_mixin.py:188} INFO - [2024-04-11T14:36:13.041+0000] {dag.py:3096} INFO - Sync 1 DAGs
[2024-04-11T14:36:13.061+0000] {logging_mixin.py:188} INFO - [2024-04-11T14:36:13.061+0000] {dag.py:3954} INFO - Setting next_dagrun for example_python_operator to None, run_after=None
[2024-04-11T14:36:13.091+0000] {processor.py:183} INFO - Processing /home/airflow/.local/lib/python3.12/site-packages/airflow/example_dags/example_python_operator.py took 0.112 seconds
