[2024-04-11T14:26:37.832+0000] {processor.py:161} INFO - Started process (PID=78) to work on /home/airflow/.local/lib/python3.12/site-packages/airflow/example_dags/example_branch_python_dop_operator_3.py
[2024-04-11T14:26:37.835+0000] {processor.py:830} INFO - Processing file /home/airflow/.local/lib/python3.12/site-packages/airflow/example_dags/example_branch_python_dop_operator_3.py for tasks to queue
[2024-04-11T14:26:37.839+0000] {logging_mixin.py:188} INFO - [2024-04-11T14:26:37.838+0000] {dagbag.py:540} INFO - Filling up the DagBag from /home/airflow/.local/lib/python3.12/site-packages/airflow/example_dags/example_branch_python_dop_operator_3.py
[2024-04-11T14:26:37.858+0000] {processor.py:840} INFO - DAG(s) 'example_branch_dop_operator_v3' retrieved from /home/airflow/.local/lib/python3.12/site-packages/airflow/example_dags/example_branch_python_dop_operator_3.py
[2024-04-11T14:26:38.071+0000] {logging_mixin.py:188} INFO - [2024-04-11T14:26:38.071+0000] {dag.py:3096} INFO - Sync 1 DAGs
[2024-04-11T14:26:38.131+0000] {logging_mixin.py:188} INFO - [2024-04-11T14:26:38.130+0000] {dag.py:3954} INFO - Setting next_dagrun for example_branch_dop_operator_v3 to 2024-04-11 14:25:00+00:00, run_after=2024-04-11 14:26:00+00:00
[2024-04-11T14:26:38.171+0000] {processor.py:183} INFO - Processing /home/airflow/.local/lib/python3.12/site-packages/airflow/example_dags/example_branch_python_dop_operator_3.py took 0.351 seconds
[2024-04-11T14:27:09.021+0000] {processor.py:161} INFO - Started process (PID=136) to work on /home/airflow/.local/lib/python3.12/site-packages/airflow/example_dags/example_branch_python_dop_operator_3.py
[2024-04-11T14:27:09.023+0000] {processor.py:830} INFO - Processing file /home/airflow/.local/lib/python3.12/site-packages/airflow/example_dags/example_branch_python_dop_operator_3.py for tasks to queue
[2024-04-11T14:27:09.026+0000] {logging_mixin.py:188} INFO - [2024-04-11T14:27:09.025+0000] {dagbag.py:540} INFO - Filling up the DagBag from /home/airflow/.local/lib/python3.12/site-packages/airflow/example_dags/example_branch_python_dop_operator_3.py
[2024-04-11T14:27:09.040+0000] {processor.py:840} INFO - DAG(s) 'example_branch_dop_operator_v3' retrieved from /home/airflow/.local/lib/python3.12/site-packages/airflow/example_dags/example_branch_python_dop_operator_3.py
[2024-04-11T14:27:09.083+0000] {logging_mixin.py:188} INFO - [2024-04-11T14:27:09.083+0000] {dag.py:3096} INFO - Sync 1 DAGs
[2024-04-11T14:27:09.138+0000] {logging_mixin.py:188} INFO - [2024-04-11T14:27:09.138+0000] {dag.py:3954} INFO - Setting next_dagrun for example_branch_dop_operator_v3 to 2024-04-11 14:26:00+00:00, run_after=2024-04-11 14:27:00+00:00
[2024-04-11T14:27:09.178+0000] {processor.py:183} INFO - Processing /home/airflow/.local/lib/python3.12/site-packages/airflow/example_dags/example_branch_python_dop_operator_3.py took 0.166 seconds
[2024-04-11T14:27:39.441+0000] {processor.py:161} INFO - Started process (PID=194) to work on /home/airflow/.local/lib/python3.12/site-packages/airflow/example_dags/example_branch_python_dop_operator_3.py
[2024-04-11T14:27:39.443+0000] {processor.py:830} INFO - Processing file /home/airflow/.local/lib/python3.12/site-packages/airflow/example_dags/example_branch_python_dop_operator_3.py for tasks to queue
[2024-04-11T14:27:39.446+0000] {logging_mixin.py:188} INFO - [2024-04-11T14:27:39.446+0000] {dagbag.py:540} INFO - Filling up the DagBag from /home/airflow/.local/lib/python3.12/site-packages/airflow/example_dags/example_branch_python_dop_operator_3.py
[2024-04-11T14:27:39.465+0000] {processor.py:840} INFO - DAG(s) 'example_branch_dop_operator_v3' retrieved from /home/airflow/.local/lib/python3.12/site-packages/airflow/example_dags/example_branch_python_dop_operator_3.py
[2024-04-11T14:27:39.495+0000] {logging_mixin.py:188} INFO - [2024-04-11T14:27:39.495+0000] {dag.py:3096} INFO - Sync 1 DAGs
[2024-04-11T14:27:39.530+0000] {logging_mixin.py:188} INFO - [2024-04-11T14:27:39.530+0000] {dag.py:3954} INFO - Setting next_dagrun for example_branch_dop_operator_v3 to 2024-04-11 14:26:00+00:00, run_after=2024-04-11 14:27:00+00:00
[2024-04-11T14:27:39.559+0000] {processor.py:183} INFO - Processing /home/airflow/.local/lib/python3.12/site-packages/airflow/example_dags/example_branch_python_dop_operator_3.py took 0.128 seconds
[2024-04-11T14:28:09.792+0000] {processor.py:161} INFO - Started process (PID=252) to work on /home/airflow/.local/lib/python3.12/site-packages/airflow/example_dags/example_branch_python_dop_operator_3.py
[2024-04-11T14:28:09.794+0000] {processor.py:830} INFO - Processing file /home/airflow/.local/lib/python3.12/site-packages/airflow/example_dags/example_branch_python_dop_operator_3.py for tasks to queue
[2024-04-11T14:28:09.797+0000] {logging_mixin.py:188} INFO - [2024-04-11T14:28:09.796+0000] {dagbag.py:540} INFO - Filling up the DagBag from /home/airflow/.local/lib/python3.12/site-packages/airflow/example_dags/example_branch_python_dop_operator_3.py
[2024-04-11T14:28:09.809+0000] {processor.py:840} INFO - DAG(s) 'example_branch_dop_operator_v3' retrieved from /home/airflow/.local/lib/python3.12/site-packages/airflow/example_dags/example_branch_python_dop_operator_3.py
[2024-04-11T14:28:09.837+0000] {logging_mixin.py:188} INFO - [2024-04-11T14:28:09.837+0000] {dag.py:3096} INFO - Sync 1 DAGs
[2024-04-11T14:28:09.873+0000] {logging_mixin.py:188} INFO - [2024-04-11T14:28:09.873+0000] {dag.py:3954} INFO - Setting next_dagrun for example_branch_dop_operator_v3 to 2024-04-11 14:27:00+00:00, run_after=2024-04-11 14:28:00+00:00
[2024-04-11T14:28:09.902+0000] {processor.py:183} INFO - Processing /home/airflow/.local/lib/python3.12/site-packages/airflow/example_dags/example_branch_python_dop_operator_3.py took 0.118 seconds
[2024-04-11T14:28:39.990+0000] {processor.py:161} INFO - Started process (PID=310) to work on /home/airflow/.local/lib/python3.12/site-packages/airflow/example_dags/example_branch_python_dop_operator_3.py
[2024-04-11T14:28:39.991+0000] {processor.py:830} INFO - Processing file /home/airflow/.local/lib/python3.12/site-packages/airflow/example_dags/example_branch_python_dop_operator_3.py for tasks to queue
[2024-04-11T14:28:39.994+0000] {logging_mixin.py:188} INFO - [2024-04-11T14:28:39.994+0000] {dagbag.py:540} INFO - Filling up the DagBag from /home/airflow/.local/lib/python3.12/site-packages/airflow/example_dags/example_branch_python_dop_operator_3.py
[2024-04-11T14:28:40.006+0000] {processor.py:840} INFO - DAG(s) 'example_branch_dop_operator_v3' retrieved from /home/airflow/.local/lib/python3.12/site-packages/airflow/example_dags/example_branch_python_dop_operator_3.py
[2024-04-11T14:28:40.034+0000] {logging_mixin.py:188} INFO - [2024-04-11T14:28:40.034+0000] {dag.py:3096} INFO - Sync 1 DAGs
[2024-04-11T14:28:40.070+0000] {logging_mixin.py:188} INFO - [2024-04-11T14:28:40.070+0000] {dag.py:3954} INFO - Setting next_dagrun for example_branch_dop_operator_v3 to 2024-04-11 14:27:00+00:00, run_after=2024-04-11 14:28:00+00:00
[2024-04-11T14:28:40.099+0000] {processor.py:183} INFO - Processing /home/airflow/.local/lib/python3.12/site-packages/airflow/example_dags/example_branch_python_dop_operator_3.py took 0.118 seconds
[2024-04-11T14:29:10.545+0000] {processor.py:161} INFO - Started process (PID=368) to work on /home/airflow/.local/lib/python3.12/site-packages/airflow/example_dags/example_branch_python_dop_operator_3.py
[2024-04-11T14:29:10.547+0000] {processor.py:830} INFO - Processing file /home/airflow/.local/lib/python3.12/site-packages/airflow/example_dags/example_branch_python_dop_operator_3.py for tasks to queue
[2024-04-11T14:29:10.550+0000] {logging_mixin.py:188} INFO - [2024-04-11T14:29:10.549+0000] {dagbag.py:540} INFO - Filling up the DagBag from /home/airflow/.local/lib/python3.12/site-packages/airflow/example_dags/example_branch_python_dop_operator_3.py
[2024-04-11T14:29:10.562+0000] {processor.py:840} INFO - DAG(s) 'example_branch_dop_operator_v3' retrieved from /home/airflow/.local/lib/python3.12/site-packages/airflow/example_dags/example_branch_python_dop_operator_3.py
[2024-04-11T14:29:10.590+0000] {logging_mixin.py:188} INFO - [2024-04-11T14:29:10.589+0000] {dag.py:3096} INFO - Sync 1 DAGs
[2024-04-11T14:29:10.626+0000] {logging_mixin.py:188} INFO - [2024-04-11T14:29:10.626+0000] {dag.py:3954} INFO - Setting next_dagrun for example_branch_dop_operator_v3 to 2024-04-11 14:28:00+00:00, run_after=2024-04-11 14:29:00+00:00
[2024-04-11T14:29:10.655+0000] {processor.py:183} INFO - Processing /home/airflow/.local/lib/python3.12/site-packages/airflow/example_dags/example_branch_python_dop_operator_3.py took 0.119 seconds
[2024-04-11T14:29:40.689+0000] {processor.py:161} INFO - Started process (PID=426) to work on /home/airflow/.local/lib/python3.12/site-packages/airflow/example_dags/example_branch_python_dop_operator_3.py
[2024-04-11T14:29:40.691+0000] {processor.py:830} INFO - Processing file /home/airflow/.local/lib/python3.12/site-packages/airflow/example_dags/example_branch_python_dop_operator_3.py for tasks to queue
[2024-04-11T14:29:40.694+0000] {logging_mixin.py:188} INFO - [2024-04-11T14:29:40.693+0000] {dagbag.py:540} INFO - Filling up the DagBag from /home/airflow/.local/lib/python3.12/site-packages/airflow/example_dags/example_branch_python_dop_operator_3.py
[2024-04-11T14:29:40.706+0000] {processor.py:840} INFO - DAG(s) 'example_branch_dop_operator_v3' retrieved from /home/airflow/.local/lib/python3.12/site-packages/airflow/example_dags/example_branch_python_dop_operator_3.py
[2024-04-11T14:29:40.737+0000] {logging_mixin.py:188} INFO - [2024-04-11T14:29:40.737+0000] {dag.py:3096} INFO - Sync 1 DAGs
[2024-04-11T14:29:40.772+0000] {logging_mixin.py:188} INFO - [2024-04-11T14:29:40.772+0000] {dag.py:3954} INFO - Setting next_dagrun for example_branch_dop_operator_v3 to 2024-04-11 14:28:00+00:00, run_after=2024-04-11 14:29:00+00:00
[2024-04-11T14:29:40.805+0000] {processor.py:183} INFO - Processing /home/airflow/.local/lib/python3.12/site-packages/airflow/example_dags/example_branch_python_dop_operator_3.py took 0.124 seconds
[2024-04-11T14:30:11.284+0000] {processor.py:161} INFO - Started process (PID=484) to work on /home/airflow/.local/lib/python3.12/site-packages/airflow/example_dags/example_branch_python_dop_operator_3.py
[2024-04-11T14:30:11.286+0000] {processor.py:830} INFO - Processing file /home/airflow/.local/lib/python3.12/site-packages/airflow/example_dags/example_branch_python_dop_operator_3.py for tasks to queue
[2024-04-11T14:30:11.289+0000] {logging_mixin.py:188} INFO - [2024-04-11T14:30:11.288+0000] {dagbag.py:540} INFO - Filling up the DagBag from /home/airflow/.local/lib/python3.12/site-packages/airflow/example_dags/example_branch_python_dop_operator_3.py
[2024-04-11T14:30:11.301+0000] {processor.py:840} INFO - DAG(s) 'example_branch_dop_operator_v3' retrieved from /home/airflow/.local/lib/python3.12/site-packages/airflow/example_dags/example_branch_python_dop_operator_3.py
[2024-04-11T14:30:11.331+0000] {logging_mixin.py:188} INFO - [2024-04-11T14:30:11.330+0000] {dag.py:3096} INFO - Sync 1 DAGs
[2024-04-11T14:30:11.366+0000] {logging_mixin.py:188} INFO - [2024-04-11T14:30:11.365+0000] {dag.py:3954} INFO - Setting next_dagrun for example_branch_dop_operator_v3 to 2024-04-11 14:29:00+00:00, run_after=2024-04-11 14:30:00+00:00
[2024-04-11T14:30:11.395+0000] {processor.py:183} INFO - Processing /home/airflow/.local/lib/python3.12/site-packages/airflow/example_dags/example_branch_python_dop_operator_3.py took 0.119 seconds
[2024-04-11T14:30:41.810+0000] {processor.py:161} INFO - Started process (PID=542) to work on /home/airflow/.local/lib/python3.12/site-packages/airflow/example_dags/example_branch_python_dop_operator_3.py
[2024-04-11T14:30:41.811+0000] {processor.py:830} INFO - Processing file /home/airflow/.local/lib/python3.12/site-packages/airflow/example_dags/example_branch_python_dop_operator_3.py for tasks to queue
[2024-04-11T14:30:41.814+0000] {logging_mixin.py:188} INFO - [2024-04-11T14:30:41.814+0000] {dagbag.py:540} INFO - Filling up the DagBag from /home/airflow/.local/lib/python3.12/site-packages/airflow/example_dags/example_branch_python_dop_operator_3.py
[2024-04-11T14:30:41.826+0000] {processor.py:840} INFO - DAG(s) 'example_branch_dop_operator_v3' retrieved from /home/airflow/.local/lib/python3.12/site-packages/airflow/example_dags/example_branch_python_dop_operator_3.py
[2024-04-11T14:30:41.857+0000] {logging_mixin.py:188} INFO - [2024-04-11T14:30:41.856+0000] {dag.py:3096} INFO - Sync 1 DAGs
[2024-04-11T14:30:41.893+0000] {logging_mixin.py:188} INFO - [2024-04-11T14:30:41.892+0000] {dag.py:3954} INFO - Setting next_dagrun for example_branch_dop_operator_v3 to 2024-04-11 14:29:00+00:00, run_after=2024-04-11 14:30:00+00:00
[2024-04-11T14:30:41.922+0000] {processor.py:183} INFO - Processing /home/airflow/.local/lib/python3.12/site-packages/airflow/example_dags/example_branch_python_dop_operator_3.py took 0.121 seconds
[2024-04-11T14:31:12.273+0000] {processor.py:161} INFO - Started process (PID=600) to work on /home/airflow/.local/lib/python3.12/site-packages/airflow/example_dags/example_branch_python_dop_operator_3.py
[2024-04-11T14:31:12.275+0000] {processor.py:830} INFO - Processing file /home/airflow/.local/lib/python3.12/site-packages/airflow/example_dags/example_branch_python_dop_operator_3.py for tasks to queue
[2024-04-11T14:31:12.278+0000] {logging_mixin.py:188} INFO - [2024-04-11T14:31:12.277+0000] {dagbag.py:540} INFO - Filling up the DagBag from /home/airflow/.local/lib/python3.12/site-packages/airflow/example_dags/example_branch_python_dop_operator_3.py
[2024-04-11T14:31:12.290+0000] {processor.py:840} INFO - DAG(s) 'example_branch_dop_operator_v3' retrieved from /home/airflow/.local/lib/python3.12/site-packages/airflow/example_dags/example_branch_python_dop_operator_3.py
[2024-04-11T14:31:12.321+0000] {logging_mixin.py:188} INFO - [2024-04-11T14:31:12.321+0000] {dag.py:3096} INFO - Sync 1 DAGs
[2024-04-11T14:31:12.362+0000] {logging_mixin.py:188} INFO - [2024-04-11T14:31:12.361+0000] {dag.py:3954} INFO - Setting next_dagrun for example_branch_dop_operator_v3 to 2024-04-11 14:30:00+00:00, run_after=2024-04-11 14:31:00+00:00
[2024-04-11T14:31:12.392+0000] {processor.py:183} INFO - Processing /home/airflow/.local/lib/python3.12/site-packages/airflow/example_dags/example_branch_python_dop_operator_3.py took 0.128 seconds
[2024-04-11T14:31:42.973+0000] {processor.py:161} INFO - Started process (PID=658) to work on /home/airflow/.local/lib/python3.12/site-packages/airflow/example_dags/example_branch_python_dop_operator_3.py
[2024-04-11T14:31:42.975+0000] {processor.py:830} INFO - Processing file /home/airflow/.local/lib/python3.12/site-packages/airflow/example_dags/example_branch_python_dop_operator_3.py for tasks to queue
[2024-04-11T14:31:42.978+0000] {logging_mixin.py:188} INFO - [2024-04-11T14:31:42.977+0000] {dagbag.py:540} INFO - Filling up the DagBag from /home/airflow/.local/lib/python3.12/site-packages/airflow/example_dags/example_branch_python_dop_operator_3.py
[2024-04-11T14:31:42.991+0000] {processor.py:840} INFO - DAG(s) 'example_branch_dop_operator_v3' retrieved from /home/airflow/.local/lib/python3.12/site-packages/airflow/example_dags/example_branch_python_dop_operator_3.py
[2024-04-11T14:31:43.025+0000] {logging_mixin.py:188} INFO - [2024-04-11T14:31:43.024+0000] {dag.py:3096} INFO - Sync 1 DAGs
[2024-04-11T14:31:43.069+0000] {logging_mixin.py:188} INFO - [2024-04-11T14:31:43.069+0000] {dag.py:3954} INFO - Setting next_dagrun for example_branch_dop_operator_v3 to 2024-04-11 14:30:00+00:00, run_after=2024-04-11 14:31:00+00:00
[2024-04-11T14:31:43.102+0000] {processor.py:183} INFO - Processing /home/airflow/.local/lib/python3.12/site-packages/airflow/example_dags/example_branch_python_dop_operator_3.py took 0.137 seconds
[2024-04-11T14:32:14.115+0000] {processor.py:161} INFO - Started process (PID=716) to work on /home/airflow/.local/lib/python3.12/site-packages/airflow/example_dags/example_branch_python_dop_operator_3.py
[2024-04-11T14:32:14.117+0000] {processor.py:830} INFO - Processing file /home/airflow/.local/lib/python3.12/site-packages/airflow/example_dags/example_branch_python_dop_operator_3.py for tasks to queue
[2024-04-11T14:32:14.121+0000] {logging_mixin.py:188} INFO - [2024-04-11T14:32:14.120+0000] {dagbag.py:540} INFO - Filling up the DagBag from /home/airflow/.local/lib/python3.12/site-packages/airflow/example_dags/example_branch_python_dop_operator_3.py
[2024-04-11T14:32:14.136+0000] {processor.py:840} INFO - DAG(s) 'example_branch_dop_operator_v3' retrieved from /home/airflow/.local/lib/python3.12/site-packages/airflow/example_dags/example_branch_python_dop_operator_3.py
[2024-04-11T14:32:14.169+0000] {logging_mixin.py:188} INFO - [2024-04-11T14:32:14.169+0000] {dag.py:3096} INFO - Sync 1 DAGs
[2024-04-11T14:32:14.211+0000] {logging_mixin.py:188} INFO - [2024-04-11T14:32:14.211+0000] {dag.py:3954} INFO - Setting next_dagrun for example_branch_dop_operator_v3 to 2024-04-11 14:31:00+00:00, run_after=2024-04-11 14:32:00+00:00
[2024-04-11T14:32:14.250+0000] {processor.py:183} INFO - Processing /home/airflow/.local/lib/python3.12/site-packages/airflow/example_dags/example_branch_python_dop_operator_3.py took 0.145 seconds
[2024-04-11T14:32:45.307+0000] {processor.py:161} INFO - Started process (PID=774) to work on /home/airflow/.local/lib/python3.12/site-packages/airflow/example_dags/example_branch_python_dop_operator_3.py
[2024-04-11T14:32:45.309+0000] {processor.py:830} INFO - Processing file /home/airflow/.local/lib/python3.12/site-packages/airflow/example_dags/example_branch_python_dop_operator_3.py for tasks to queue
[2024-04-11T14:32:45.312+0000] {logging_mixin.py:188} INFO - [2024-04-11T14:32:45.311+0000] {dagbag.py:540} INFO - Filling up the DagBag from /home/airflow/.local/lib/python3.12/site-packages/airflow/example_dags/example_branch_python_dop_operator_3.py
[2024-04-11T14:32:45.327+0000] {processor.py:840} INFO - DAG(s) 'example_branch_dop_operator_v3' retrieved from /home/airflow/.local/lib/python3.12/site-packages/airflow/example_dags/example_branch_python_dop_operator_3.py
[2024-04-11T14:32:45.361+0000] {logging_mixin.py:188} INFO - [2024-04-11T14:32:45.361+0000] {dag.py:3096} INFO - Sync 1 DAGs
[2024-04-11T14:32:45.403+0000] {logging_mixin.py:188} INFO - [2024-04-11T14:32:45.402+0000] {dag.py:3954} INFO - Setting next_dagrun for example_branch_dop_operator_v3 to 2024-04-11 14:31:00+00:00, run_after=2024-04-11 14:32:00+00:00
[2024-04-11T14:32:45.440+0000] {processor.py:183} INFO - Processing /home/airflow/.local/lib/python3.12/site-packages/airflow/example_dags/example_branch_python_dop_operator_3.py took 0.143 seconds
[2024-04-11T14:33:15.729+0000] {processor.py:161} INFO - Started process (PID=832) to work on /home/airflow/.local/lib/python3.12/site-packages/airflow/example_dags/example_branch_python_dop_operator_3.py
[2024-04-11T14:33:15.730+0000] {processor.py:830} INFO - Processing file /home/airflow/.local/lib/python3.12/site-packages/airflow/example_dags/example_branch_python_dop_operator_3.py for tasks to queue
[2024-04-11T14:33:15.733+0000] {logging_mixin.py:188} INFO - [2024-04-11T14:33:15.733+0000] {dagbag.py:540} INFO - Filling up the DagBag from /home/airflow/.local/lib/python3.12/site-packages/airflow/example_dags/example_branch_python_dop_operator_3.py
[2024-04-11T14:33:15.746+0000] {processor.py:840} INFO - DAG(s) 'example_branch_dop_operator_v3' retrieved from /home/airflow/.local/lib/python3.12/site-packages/airflow/example_dags/example_branch_python_dop_operator_3.py
[2024-04-11T14:33:15.779+0000] {logging_mixin.py:188} INFO - [2024-04-11T14:33:15.779+0000] {dag.py:3096} INFO - Sync 1 DAGs
[2024-04-11T14:33:15.816+0000] {logging_mixin.py:188} INFO - [2024-04-11T14:33:15.815+0000] {dag.py:3954} INFO - Setting next_dagrun for example_branch_dop_operator_v3 to 2024-04-11 14:32:00+00:00, run_after=2024-04-11 14:33:00+00:00
[2024-04-11T14:33:15.844+0000] {processor.py:183} INFO - Processing /home/airflow/.local/lib/python3.12/site-packages/airflow/example_dags/example_branch_python_dop_operator_3.py took 0.124 seconds
[2024-04-11T14:33:46.085+0000] {processor.py:161} INFO - Started process (PID=890) to work on /home/airflow/.local/lib/python3.12/site-packages/airflow/example_dags/example_branch_python_dop_operator_3.py
[2024-04-11T14:33:46.087+0000] {processor.py:830} INFO - Processing file /home/airflow/.local/lib/python3.12/site-packages/airflow/example_dags/example_branch_python_dop_operator_3.py for tasks to queue
[2024-04-11T14:33:46.092+0000] {logging_mixin.py:188} INFO - [2024-04-11T14:33:46.091+0000] {dagbag.py:540} INFO - Filling up the DagBag from /home/airflow/.local/lib/python3.12/site-packages/airflow/example_dags/example_branch_python_dop_operator_3.py
[2024-04-11T14:33:46.109+0000] {processor.py:840} INFO - DAG(s) 'example_branch_dop_operator_v3' retrieved from /home/airflow/.local/lib/python3.12/site-packages/airflow/example_dags/example_branch_python_dop_operator_3.py
[2024-04-11T14:33:46.141+0000] {logging_mixin.py:188} INFO - [2024-04-11T14:33:46.140+0000] {dag.py:3096} INFO - Sync 1 DAGs
[2024-04-11T14:33:46.178+0000] {logging_mixin.py:188} INFO - [2024-04-11T14:33:46.178+0000] {dag.py:3954} INFO - Setting next_dagrun for example_branch_dop_operator_v3 to 2024-04-11 14:32:00+00:00, run_after=2024-04-11 14:33:00+00:00
[2024-04-11T14:33:46.214+0000] {processor.py:183} INFO - Processing /home/airflow/.local/lib/python3.12/site-packages/airflow/example_dags/example_branch_python_dop_operator_3.py took 0.139 seconds
[2024-04-11T14:34:16.627+0000] {processor.py:161} INFO - Started process (PID=948) to work on /home/airflow/.local/lib/python3.12/site-packages/airflow/example_dags/example_branch_python_dop_operator_3.py
[2024-04-11T14:34:16.629+0000] {processor.py:830} INFO - Processing file /home/airflow/.local/lib/python3.12/site-packages/airflow/example_dags/example_branch_python_dop_operator_3.py for tasks to queue
[2024-04-11T14:34:16.632+0000] {logging_mixin.py:188} INFO - [2024-04-11T14:34:16.632+0000] {dagbag.py:540} INFO - Filling up the DagBag from /home/airflow/.local/lib/python3.12/site-packages/airflow/example_dags/example_branch_python_dop_operator_3.py
[2024-04-11T14:34:16.646+0000] {processor.py:840} INFO - DAG(s) 'example_branch_dop_operator_v3' retrieved from /home/airflow/.local/lib/python3.12/site-packages/airflow/example_dags/example_branch_python_dop_operator_3.py
[2024-04-11T14:34:16.680+0000] {logging_mixin.py:188} INFO - [2024-04-11T14:34:16.679+0000] {dag.py:3096} INFO - Sync 1 DAGs
[2024-04-11T14:34:16.715+0000] {logging_mixin.py:188} INFO - [2024-04-11T14:34:16.715+0000] {dag.py:3954} INFO - Setting next_dagrun for example_branch_dop_operator_v3 to 2024-04-11 14:33:00+00:00, run_after=2024-04-11 14:34:00+00:00
[2024-04-11T14:34:16.744+0000] {processor.py:183} INFO - Processing /home/airflow/.local/lib/python3.12/site-packages/airflow/example_dags/example_branch_python_dop_operator_3.py took 0.127 seconds
[2024-04-11T14:34:47.709+0000] {processor.py:161} INFO - Started process (PID=1006) to work on /home/airflow/.local/lib/python3.12/site-packages/airflow/example_dags/example_branch_python_dop_operator_3.py
[2024-04-11T14:34:47.711+0000] {processor.py:830} INFO - Processing file /home/airflow/.local/lib/python3.12/site-packages/airflow/example_dags/example_branch_python_dop_operator_3.py for tasks to queue
[2024-04-11T14:34:47.714+0000] {logging_mixin.py:188} INFO - [2024-04-11T14:34:47.713+0000] {dagbag.py:540} INFO - Filling up the DagBag from /home/airflow/.local/lib/python3.12/site-packages/airflow/example_dags/example_branch_python_dop_operator_3.py
[2024-04-11T14:34:47.727+0000] {processor.py:840} INFO - DAG(s) 'example_branch_dop_operator_v3' retrieved from /home/airflow/.local/lib/python3.12/site-packages/airflow/example_dags/example_branch_python_dop_operator_3.py
[2024-04-11T14:34:47.760+0000] {logging_mixin.py:188} INFO - [2024-04-11T14:34:47.760+0000] {dag.py:3096} INFO - Sync 1 DAGs
[2024-04-11T14:34:47.968+0000] {logging_mixin.py:188} INFO - [2024-04-11T14:34:47.967+0000] {dag.py:3954} INFO - Setting next_dagrun for example_branch_dop_operator_v3 to 2024-04-11 14:33:00+00:00, run_after=2024-04-11 14:34:00+00:00
[2024-04-11T14:34:47.997+0000] {processor.py:183} INFO - Processing /home/airflow/.local/lib/python3.12/site-packages/airflow/example_dags/example_branch_python_dop_operator_3.py took 0.297 seconds
[2024-04-11T14:35:18.566+0000] {processor.py:161} INFO - Started process (PID=1064) to work on /home/airflow/.local/lib/python3.12/site-packages/airflow/example_dags/example_branch_python_dop_operator_3.py
[2024-04-11T14:35:18.569+0000] {processor.py:830} INFO - Processing file /home/airflow/.local/lib/python3.12/site-packages/airflow/example_dags/example_branch_python_dop_operator_3.py for tasks to queue
[2024-04-11T14:35:18.574+0000] {logging_mixin.py:188} INFO - [2024-04-11T14:35:18.573+0000] {dagbag.py:540} INFO - Filling up the DagBag from /home/airflow/.local/lib/python3.12/site-packages/airflow/example_dags/example_branch_python_dop_operator_3.py
[2024-04-11T14:35:18.591+0000] {processor.py:840} INFO - DAG(s) 'example_branch_dop_operator_v3' retrieved from /home/airflow/.local/lib/python3.12/site-packages/airflow/example_dags/example_branch_python_dop_operator_3.py
[2024-04-11T14:35:18.627+0000] {logging_mixin.py:188} INFO - [2024-04-11T14:35:18.627+0000] {dag.py:3096} INFO - Sync 1 DAGs
[2024-04-11T14:35:18.667+0000] {logging_mixin.py:188} INFO - [2024-04-11T14:35:18.667+0000] {dag.py:3954} INFO - Setting next_dagrun for example_branch_dop_operator_v3 to 2024-04-11 14:34:00+00:00, run_after=2024-04-11 14:35:00+00:00
[2024-04-11T14:35:18.701+0000] {processor.py:183} INFO - Processing /home/airflow/.local/lib/python3.12/site-packages/airflow/example_dags/example_branch_python_dop_operator_3.py took 0.148 seconds
[2024-04-11T14:35:49.054+0000] {processor.py:161} INFO - Started process (PID=1122) to work on /home/airflow/.local/lib/python3.12/site-packages/airflow/example_dags/example_branch_python_dop_operator_3.py
[2024-04-11T14:35:49.056+0000] {processor.py:830} INFO - Processing file /home/airflow/.local/lib/python3.12/site-packages/airflow/example_dags/example_branch_python_dop_operator_3.py for tasks to queue
[2024-04-11T14:35:49.060+0000] {logging_mixin.py:188} INFO - [2024-04-11T14:35:49.059+0000] {dagbag.py:540} INFO - Filling up the DagBag from /home/airflow/.local/lib/python3.12/site-packages/airflow/example_dags/example_branch_python_dop_operator_3.py
[2024-04-11T14:35:49.078+0000] {processor.py:840} INFO - DAG(s) 'example_branch_dop_operator_v3' retrieved from /home/airflow/.local/lib/python3.12/site-packages/airflow/example_dags/example_branch_python_dop_operator_3.py
[2024-04-11T14:35:49.112+0000] {logging_mixin.py:188} INFO - [2024-04-11T14:35:49.112+0000] {dag.py:3096} INFO - Sync 1 DAGs
[2024-04-11T14:35:49.153+0000] {logging_mixin.py:188} INFO - [2024-04-11T14:35:49.153+0000] {dag.py:3954} INFO - Setting next_dagrun for example_branch_dop_operator_v3 to 2024-04-11 14:34:00+00:00, run_after=2024-04-11 14:35:00+00:00
[2024-04-11T14:35:49.187+0000] {processor.py:183} INFO - Processing /home/airflow/.local/lib/python3.12/site-packages/airflow/example_dags/example_branch_python_dop_operator_3.py took 0.146 seconds
[2024-04-11T14:36:19.259+0000] {processor.py:161} INFO - Started process (PID=1180) to work on /home/airflow/.local/lib/python3.12/site-packages/airflow/example_dags/example_branch_python_dop_operator_3.py
[2024-04-11T14:36:19.260+0000] {processor.py:830} INFO - Processing file /home/airflow/.local/lib/python3.12/site-packages/airflow/example_dags/example_branch_python_dop_operator_3.py for tasks to queue
[2024-04-11T14:36:19.264+0000] {logging_mixin.py:188} INFO - [2024-04-11T14:36:19.263+0000] {dagbag.py:540} INFO - Filling up the DagBag from /home/airflow/.local/lib/python3.12/site-packages/airflow/example_dags/example_branch_python_dop_operator_3.py
[2024-04-11T14:36:19.277+0000] {processor.py:840} INFO - DAG(s) 'example_branch_dop_operator_v3' retrieved from /home/airflow/.local/lib/python3.12/site-packages/airflow/example_dags/example_branch_python_dop_operator_3.py
[2024-04-11T14:36:19.312+0000] {logging_mixin.py:188} INFO - [2024-04-11T14:36:19.312+0000] {dag.py:3096} INFO - Sync 1 DAGs
[2024-04-11T14:36:19.356+0000] {logging_mixin.py:188} INFO - [2024-04-11T14:36:19.356+0000] {dag.py:3954} INFO - Setting next_dagrun for example_branch_dop_operator_v3 to 2024-04-11 14:35:00+00:00, run_after=2024-04-11 14:36:00+00:00
[2024-04-11T14:36:19.388+0000] {processor.py:183} INFO - Processing /home/airflow/.local/lib/python3.12/site-packages/airflow/example_dags/example_branch_python_dop_operator_3.py took 0.140 seconds
