[2024-04-11T14:26:33.406+0000] {processor.py:161} INFO - Started process (PID=59) to work on /home/airflow/.local/lib/python3.12/site-packages/airflow/example_dags/example_sensor_decorator.py
[2024-04-11T14:26:33.408+0000] {processor.py:830} INFO - Processing file /home/airflow/.local/lib/python3.12/site-packages/airflow/example_dags/example_sensor_decorator.py for tasks to queue
[2024-04-11T14:26:33.414+0000] {logging_mixin.py:188} INFO - [2024-04-11T14:26:33.413+0000] {dagbag.py:540} INFO - Filling up the DagBag from /home/airflow/.local/lib/python3.12/site-packages/airflow/example_dags/example_sensor_decorator.py
[2024-04-11T14:26:33.431+0000] {processor.py:840} INFO - DAG(s) 'example_sensor_decorator' retrieved from /home/airflow/.local/lib/python3.12/site-packages/airflow/example_dags/example_sensor_decorator.py
[2024-04-11T14:26:33.655+0000] {logging_mixin.py:188} INFO - [2024-04-11T14:26:33.654+0000] {dag.py:3096} INFO - Sync 1 DAGs
[2024-04-11T14:26:33.675+0000] {logging_mixin.py:188} INFO - [2024-04-11T14:26:33.674+0000] {dag.py:3954} INFO - Setting next_dagrun for example_sensor_decorator to None, run_after=None
[2024-04-11T14:26:33.710+0000] {processor.py:183} INFO - Processing /home/airflow/.local/lib/python3.12/site-packages/airflow/example_dags/example_sensor_decorator.py took 0.318 seconds
[2024-04-11T14:27:04.506+0000] {processor.py:161} INFO - Started process (PID=117) to work on /home/airflow/.local/lib/python3.12/site-packages/airflow/example_dags/example_sensor_decorator.py
[2024-04-11T14:27:04.508+0000] {processor.py:830} INFO - Processing file /home/airflow/.local/lib/python3.12/site-packages/airflow/example_dags/example_sensor_decorator.py for tasks to queue
[2024-04-11T14:27:04.511+0000] {logging_mixin.py:188} INFO - [2024-04-11T14:27:04.510+0000] {dagbag.py:540} INFO - Filling up the DagBag from /home/airflow/.local/lib/python3.12/site-packages/airflow/example_dags/example_sensor_decorator.py
[2024-04-11T14:27:04.520+0000] {processor.py:840} INFO - DAG(s) 'example_sensor_decorator' retrieved from /home/airflow/.local/lib/python3.12/site-packages/airflow/example_dags/example_sensor_decorator.py
[2024-04-11T14:27:04.550+0000] {logging_mixin.py:188} INFO - [2024-04-11T14:27:04.550+0000] {dag.py:3096} INFO - Sync 1 DAGs
[2024-04-11T14:27:04.569+0000] {logging_mixin.py:188} INFO - [2024-04-11T14:27:04.569+0000] {dag.py:3954} INFO - Setting next_dagrun for example_sensor_decorator to None, run_after=None
[2024-04-11T14:27:04.597+0000] {processor.py:183} INFO - Processing /home/airflow/.local/lib/python3.12/site-packages/airflow/example_dags/example_sensor_decorator.py took 0.100 seconds
[2024-04-11T14:27:34.932+0000] {processor.py:161} INFO - Started process (PID=175) to work on /home/airflow/.local/lib/python3.12/site-packages/airflow/example_dags/example_sensor_decorator.py
[2024-04-11T14:27:34.933+0000] {processor.py:830} INFO - Processing file /home/airflow/.local/lib/python3.12/site-packages/airflow/example_dags/example_sensor_decorator.py for tasks to queue
[2024-04-11T14:27:34.936+0000] {logging_mixin.py:188} INFO - [2024-04-11T14:27:34.936+0000] {dagbag.py:540} INFO - Filling up the DagBag from /home/airflow/.local/lib/python3.12/site-packages/airflow/example_dags/example_sensor_decorator.py
[2024-04-11T14:27:34.945+0000] {processor.py:840} INFO - DAG(s) 'example_sensor_decorator' retrieved from /home/airflow/.local/lib/python3.12/site-packages/airflow/example_dags/example_sensor_decorator.py
[2024-04-11T14:27:34.975+0000] {logging_mixin.py:188} INFO - [2024-04-11T14:27:34.974+0000] {dag.py:3096} INFO - Sync 1 DAGs
[2024-04-11T14:27:34.994+0000] {logging_mixin.py:188} INFO - [2024-04-11T14:27:34.993+0000] {dag.py:3954} INFO - Setting next_dagrun for example_sensor_decorator to None, run_after=None
[2024-04-11T14:27:35.024+0000] {processor.py:183} INFO - Processing /home/airflow/.local/lib/python3.12/site-packages/airflow/example_dags/example_sensor_decorator.py took 0.099 seconds
[2024-04-11T14:28:05.194+0000] {processor.py:161} INFO - Started process (PID=233) to work on /home/airflow/.local/lib/python3.12/site-packages/airflow/example_dags/example_sensor_decorator.py
[2024-04-11T14:28:05.196+0000] {processor.py:830} INFO - Processing file /home/airflow/.local/lib/python3.12/site-packages/airflow/example_dags/example_sensor_decorator.py for tasks to queue
[2024-04-11T14:28:05.199+0000] {logging_mixin.py:188} INFO - [2024-04-11T14:28:05.198+0000] {dagbag.py:540} INFO - Filling up the DagBag from /home/airflow/.local/lib/python3.12/site-packages/airflow/example_dags/example_sensor_decorator.py
[2024-04-11T14:28:05.207+0000] {processor.py:840} INFO - DAG(s) 'example_sensor_decorator' retrieved from /home/airflow/.local/lib/python3.12/site-packages/airflow/example_dags/example_sensor_decorator.py
[2024-04-11T14:28:05.235+0000] {logging_mixin.py:188} INFO - [2024-04-11T14:28:05.235+0000] {dag.py:3096} INFO - Sync 1 DAGs
[2024-04-11T14:28:05.254+0000] {logging_mixin.py:188} INFO - [2024-04-11T14:28:05.254+0000] {dag.py:3954} INFO - Setting next_dagrun for example_sensor_decorator to None, run_after=None
[2024-04-11T14:28:05.282+0000] {processor.py:183} INFO - Processing /home/airflow/.local/lib/python3.12/site-packages/airflow/example_dags/example_sensor_decorator.py took 0.097 seconds
[2024-04-11T14:28:35.367+0000] {processor.py:161} INFO - Started process (PID=291) to work on /home/airflow/.local/lib/python3.12/site-packages/airflow/example_dags/example_sensor_decorator.py
[2024-04-11T14:28:35.369+0000] {processor.py:830} INFO - Processing file /home/airflow/.local/lib/python3.12/site-packages/airflow/example_dags/example_sensor_decorator.py for tasks to queue
[2024-04-11T14:28:35.371+0000] {logging_mixin.py:188} INFO - [2024-04-11T14:28:35.371+0000] {dagbag.py:540} INFO - Filling up the DagBag from /home/airflow/.local/lib/python3.12/site-packages/airflow/example_dags/example_sensor_decorator.py
[2024-04-11T14:28:35.380+0000] {processor.py:840} INFO - DAG(s) 'example_sensor_decorator' retrieved from /home/airflow/.local/lib/python3.12/site-packages/airflow/example_dags/example_sensor_decorator.py
[2024-04-11T14:28:35.407+0000] {logging_mixin.py:188} INFO - [2024-04-11T14:28:35.407+0000] {dag.py:3096} INFO - Sync 1 DAGs
[2024-04-11T14:28:35.424+0000] {logging_mixin.py:188} INFO - [2024-04-11T14:28:35.424+0000] {dag.py:3954} INFO - Setting next_dagrun for example_sensor_decorator to None, run_after=None
[2024-04-11T14:28:35.452+0000] {processor.py:183} INFO - Processing /home/airflow/.local/lib/python3.12/site-packages/airflow/example_dags/example_sensor_decorator.py took 0.093 seconds
[2024-04-11T14:29:05.569+0000] {processor.py:161} INFO - Started process (PID=349) to work on /home/airflow/.local/lib/python3.12/site-packages/airflow/example_dags/example_sensor_decorator.py
[2024-04-11T14:29:05.571+0000] {processor.py:830} INFO - Processing file /home/airflow/.local/lib/python3.12/site-packages/airflow/example_dags/example_sensor_decorator.py for tasks to queue
[2024-04-11T14:29:05.574+0000] {logging_mixin.py:188} INFO - [2024-04-11T14:29:05.574+0000] {dagbag.py:540} INFO - Filling up the DagBag from /home/airflow/.local/lib/python3.12/site-packages/airflow/example_dags/example_sensor_decorator.py
[2024-04-11T14:29:05.584+0000] {processor.py:840} INFO - DAG(s) 'example_sensor_decorator' retrieved from /home/airflow/.local/lib/python3.12/site-packages/airflow/example_dags/example_sensor_decorator.py
[2024-04-11T14:29:05.616+0000] {logging_mixin.py:188} INFO - [2024-04-11T14:29:05.616+0000] {dag.py:3096} INFO - Sync 1 DAGs
[2024-04-11T14:29:05.636+0000] {logging_mixin.py:188} INFO - [2024-04-11T14:29:05.635+0000] {dag.py:3954} INFO - Setting next_dagrun for example_sensor_decorator to None, run_after=None
[2024-04-11T14:29:05.668+0000] {processor.py:183} INFO - Processing /home/airflow/.local/lib/python3.12/site-packages/airflow/example_dags/example_sensor_decorator.py took 0.108 seconds
[2024-04-11T14:29:36.102+0000] {processor.py:161} INFO - Started process (PID=407) to work on /home/airflow/.local/lib/python3.12/site-packages/airflow/example_dags/example_sensor_decorator.py
[2024-04-11T14:29:36.104+0000] {processor.py:830} INFO - Processing file /home/airflow/.local/lib/python3.12/site-packages/airflow/example_dags/example_sensor_decorator.py for tasks to queue
[2024-04-11T14:29:36.107+0000] {logging_mixin.py:188} INFO - [2024-04-11T14:29:36.106+0000] {dagbag.py:540} INFO - Filling up the DagBag from /home/airflow/.local/lib/python3.12/site-packages/airflow/example_dags/example_sensor_decorator.py
[2024-04-11T14:29:36.116+0000] {processor.py:840} INFO - DAG(s) 'example_sensor_decorator' retrieved from /home/airflow/.local/lib/python3.12/site-packages/airflow/example_dags/example_sensor_decorator.py
[2024-04-11T14:29:36.145+0000] {logging_mixin.py:188} INFO - [2024-04-11T14:29:36.145+0000] {dag.py:3096} INFO - Sync 1 DAGs
[2024-04-11T14:29:36.163+0000] {logging_mixin.py:188} INFO - [2024-04-11T14:29:36.163+0000] {dag.py:3954} INFO - Setting next_dagrun for example_sensor_decorator to None, run_after=None
[2024-04-11T14:29:36.192+0000] {processor.py:183} INFO - Processing /home/airflow/.local/lib/python3.12/site-packages/airflow/example_dags/example_sensor_decorator.py took 0.099 seconds
[2024-04-11T14:30:06.386+0000] {processor.py:161} INFO - Started process (PID=465) to work on /home/airflow/.local/lib/python3.12/site-packages/airflow/example_dags/example_sensor_decorator.py
[2024-04-11T14:30:06.388+0000] {processor.py:830} INFO - Processing file /home/airflow/.local/lib/python3.12/site-packages/airflow/example_dags/example_sensor_decorator.py for tasks to queue
[2024-04-11T14:30:06.391+0000] {logging_mixin.py:188} INFO - [2024-04-11T14:30:06.390+0000] {dagbag.py:540} INFO - Filling up the DagBag from /home/airflow/.local/lib/python3.12/site-packages/airflow/example_dags/example_sensor_decorator.py
[2024-04-11T14:30:06.400+0000] {processor.py:840} INFO - DAG(s) 'example_sensor_decorator' retrieved from /home/airflow/.local/lib/python3.12/site-packages/airflow/example_dags/example_sensor_decorator.py
[2024-04-11T14:30:06.428+0000] {logging_mixin.py:188} INFO - [2024-04-11T14:30:06.428+0000] {dag.py:3096} INFO - Sync 1 DAGs
[2024-04-11T14:30:06.446+0000] {logging_mixin.py:188} INFO - [2024-04-11T14:30:06.446+0000] {dag.py:3954} INFO - Setting next_dagrun for example_sensor_decorator to None, run_after=None
[2024-04-11T14:30:06.474+0000] {processor.py:183} INFO - Processing /home/airflow/.local/lib/python3.12/site-packages/airflow/example_dags/example_sensor_decorator.py took 0.096 seconds
[2024-04-11T14:30:36.871+0000] {processor.py:161} INFO - Started process (PID=523) to work on /home/airflow/.local/lib/python3.12/site-packages/airflow/example_dags/example_sensor_decorator.py
[2024-04-11T14:30:36.872+0000] {processor.py:830} INFO - Processing file /home/airflow/.local/lib/python3.12/site-packages/airflow/example_dags/example_sensor_decorator.py for tasks to queue
[2024-04-11T14:30:36.875+0000] {logging_mixin.py:188} INFO - [2024-04-11T14:30:36.875+0000] {dagbag.py:540} INFO - Filling up the DagBag from /home/airflow/.local/lib/python3.12/site-packages/airflow/example_dags/example_sensor_decorator.py
[2024-04-11T14:30:36.884+0000] {processor.py:840} INFO - DAG(s) 'example_sensor_decorator' retrieved from /home/airflow/.local/lib/python3.12/site-packages/airflow/example_dags/example_sensor_decorator.py
[2024-04-11T14:30:36.913+0000] {logging_mixin.py:188} INFO - [2024-04-11T14:30:36.913+0000] {dag.py:3096} INFO - Sync 1 DAGs
[2024-04-11T14:30:36.931+0000] {logging_mixin.py:188} INFO - [2024-04-11T14:30:36.931+0000] {dag.py:3954} INFO - Setting next_dagrun for example_sensor_decorator to None, run_after=None
[2024-04-11T14:30:36.960+0000] {processor.py:183} INFO - Processing /home/airflow/.local/lib/python3.12/site-packages/airflow/example_dags/example_sensor_decorator.py took 0.097 seconds
[2024-04-11T14:31:07.587+0000] {processor.py:161} INFO - Started process (PID=581) to work on /home/airflow/.local/lib/python3.12/site-packages/airflow/example_dags/example_sensor_decorator.py
[2024-04-11T14:31:07.589+0000] {processor.py:830} INFO - Processing file /home/airflow/.local/lib/python3.12/site-packages/airflow/example_dags/example_sensor_decorator.py for tasks to queue
[2024-04-11T14:31:07.592+0000] {logging_mixin.py:188} INFO - [2024-04-11T14:31:07.592+0000] {dagbag.py:540} INFO - Filling up the DagBag from /home/airflow/.local/lib/python3.12/site-packages/airflow/example_dags/example_sensor_decorator.py
[2024-04-11T14:31:07.601+0000] {processor.py:840} INFO - DAG(s) 'example_sensor_decorator' retrieved from /home/airflow/.local/lib/python3.12/site-packages/airflow/example_dags/example_sensor_decorator.py
[2024-04-11T14:31:07.632+0000] {logging_mixin.py:188} INFO - [2024-04-11T14:31:07.631+0000] {dag.py:3096} INFO - Sync 1 DAGs
[2024-04-11T14:31:07.655+0000] {logging_mixin.py:188} INFO - [2024-04-11T14:31:07.654+0000] {dag.py:3954} INFO - Setting next_dagrun for example_sensor_decorator to None, run_after=None
[2024-04-11T14:31:07.688+0000] {processor.py:183} INFO - Processing /home/airflow/.local/lib/python3.12/site-packages/airflow/example_dags/example_sensor_decorator.py took 0.109 seconds
[2024-04-11T14:31:38.045+0000] {processor.py:161} INFO - Started process (PID=639) to work on /home/airflow/.local/lib/python3.12/site-packages/airflow/example_dags/example_sensor_decorator.py
[2024-04-11T14:31:38.047+0000] {processor.py:830} INFO - Processing file /home/airflow/.local/lib/python3.12/site-packages/airflow/example_dags/example_sensor_decorator.py for tasks to queue
[2024-04-11T14:31:38.050+0000] {logging_mixin.py:188} INFO - [2024-04-11T14:31:38.049+0000] {dagbag.py:540} INFO - Filling up the DagBag from /home/airflow/.local/lib/python3.12/site-packages/airflow/example_dags/example_sensor_decorator.py
[2024-04-11T14:31:38.061+0000] {processor.py:840} INFO - DAG(s) 'example_sensor_decorator' retrieved from /home/airflow/.local/lib/python3.12/site-packages/airflow/example_dags/example_sensor_decorator.py
[2024-04-11T14:31:38.098+0000] {logging_mixin.py:188} INFO - [2024-04-11T14:31:38.098+0000] {dag.py:3096} INFO - Sync 1 DAGs
[2024-04-11T14:31:38.124+0000] {logging_mixin.py:188} INFO - [2024-04-11T14:31:38.123+0000] {dag.py:3954} INFO - Setting next_dagrun for example_sensor_decorator to None, run_after=None
[2024-04-11T14:31:38.176+0000] {processor.py:183} INFO - Processing /home/airflow/.local/lib/python3.12/site-packages/airflow/example_dags/example_sensor_decorator.py took 0.141 seconds
[2024-04-11T14:32:08.254+0000] {processor.py:161} INFO - Started process (PID=697) to work on /home/airflow/.local/lib/python3.12/site-packages/airflow/example_dags/example_sensor_decorator.py
[2024-04-11T14:32:08.255+0000] {processor.py:830} INFO - Processing file /home/airflow/.local/lib/python3.12/site-packages/airflow/example_dags/example_sensor_decorator.py for tasks to queue
[2024-04-11T14:32:08.258+0000] {logging_mixin.py:188} INFO - [2024-04-11T14:32:08.257+0000] {dagbag.py:540} INFO - Filling up the DagBag from /home/airflow/.local/lib/python3.12/site-packages/airflow/example_dags/example_sensor_decorator.py
[2024-04-11T14:32:08.267+0000] {processor.py:840} INFO - DAG(s) 'example_sensor_decorator' retrieved from /home/airflow/.local/lib/python3.12/site-packages/airflow/example_dags/example_sensor_decorator.py
[2024-04-11T14:32:08.295+0000] {logging_mixin.py:188} INFO - [2024-04-11T14:32:08.294+0000] {dag.py:3096} INFO - Sync 1 DAGs
[2024-04-11T14:32:08.312+0000] {logging_mixin.py:188} INFO - [2024-04-11T14:32:08.312+0000] {dag.py:3954} INFO - Setting next_dagrun for example_sensor_decorator to None, run_after=None
[2024-04-11T14:32:08.339+0000] {processor.py:183} INFO - Processing /home/airflow/.local/lib/python3.12/site-packages/airflow/example_dags/example_sensor_decorator.py took 0.095 seconds
[2024-04-11T14:32:39.147+0000] {processor.py:161} INFO - Started process (PID=755) to work on /home/airflow/.local/lib/python3.12/site-packages/airflow/example_dags/example_sensor_decorator.py
[2024-04-11T14:32:39.149+0000] {processor.py:830} INFO - Processing file /home/airflow/.local/lib/python3.12/site-packages/airflow/example_dags/example_sensor_decorator.py for tasks to queue
[2024-04-11T14:32:39.152+0000] {logging_mixin.py:188} INFO - [2024-04-11T14:32:39.151+0000] {dagbag.py:540} INFO - Filling up the DagBag from /home/airflow/.local/lib/python3.12/site-packages/airflow/example_dags/example_sensor_decorator.py
[2024-04-11T14:32:39.161+0000] {processor.py:840} INFO - DAG(s) 'example_sensor_decorator' retrieved from /home/airflow/.local/lib/python3.12/site-packages/airflow/example_dags/example_sensor_decorator.py
[2024-04-11T14:32:39.188+0000] {logging_mixin.py:188} INFO - [2024-04-11T14:32:39.188+0000] {dag.py:3096} INFO - Sync 1 DAGs
[2024-04-11T14:32:39.205+0000] {logging_mixin.py:188} INFO - [2024-04-11T14:32:39.205+0000] {dag.py:3954} INFO - Setting next_dagrun for example_sensor_decorator to None, run_after=None
[2024-04-11T14:32:39.233+0000] {processor.py:183} INFO - Processing /home/airflow/.local/lib/python3.12/site-packages/airflow/example_dags/example_sensor_decorator.py took 0.094 seconds
[2024-04-11T14:33:10.074+0000] {processor.py:161} INFO - Started process (PID=813) to work on /home/airflow/.local/lib/python3.12/site-packages/airflow/example_dags/example_sensor_decorator.py
[2024-04-11T14:33:10.075+0000] {processor.py:830} INFO - Processing file /home/airflow/.local/lib/python3.12/site-packages/airflow/example_dags/example_sensor_decorator.py for tasks to queue
[2024-04-11T14:33:10.079+0000] {logging_mixin.py:188} INFO - [2024-04-11T14:33:10.078+0000] {dagbag.py:540} INFO - Filling up the DagBag from /home/airflow/.local/lib/python3.12/site-packages/airflow/example_dags/example_sensor_decorator.py
[2024-04-11T14:33:10.088+0000] {processor.py:840} INFO - DAG(s) 'example_sensor_decorator' retrieved from /home/airflow/.local/lib/python3.12/site-packages/airflow/example_dags/example_sensor_decorator.py
[2024-04-11T14:33:10.119+0000] {logging_mixin.py:188} INFO - [2024-04-11T14:33:10.119+0000] {dag.py:3096} INFO - Sync 1 DAGs
[2024-04-11T14:33:10.137+0000] {logging_mixin.py:188} INFO - [2024-04-11T14:33:10.137+0000] {dag.py:3954} INFO - Setting next_dagrun for example_sensor_decorator to None, run_after=None
[2024-04-11T14:33:10.170+0000] {processor.py:183} INFO - Processing /home/airflow/.local/lib/python3.12/site-packages/airflow/example_dags/example_sensor_decorator.py took 0.107 seconds
[2024-04-11T14:33:40.794+0000] {processor.py:161} INFO - Started process (PID=871) to work on /home/airflow/.local/lib/python3.12/site-packages/airflow/example_dags/example_sensor_decorator.py
[2024-04-11T14:33:40.795+0000] {processor.py:830} INFO - Processing file /home/airflow/.local/lib/python3.12/site-packages/airflow/example_dags/example_sensor_decorator.py for tasks to queue
[2024-04-11T14:33:40.799+0000] {logging_mixin.py:188} INFO - [2024-04-11T14:33:40.798+0000] {dagbag.py:540} INFO - Filling up the DagBag from /home/airflow/.local/lib/python3.12/site-packages/airflow/example_dags/example_sensor_decorator.py
[2024-04-11T14:33:40.808+0000] {processor.py:840} INFO - DAG(s) 'example_sensor_decorator' retrieved from /home/airflow/.local/lib/python3.12/site-packages/airflow/example_dags/example_sensor_decorator.py
[2024-04-11T14:33:40.836+0000] {logging_mixin.py:188} INFO - [2024-04-11T14:33:40.836+0000] {dag.py:3096} INFO - Sync 1 DAGs
[2024-04-11T14:33:40.854+0000] {logging_mixin.py:188} INFO - [2024-04-11T14:33:40.853+0000] {dag.py:3954} INFO - Setting next_dagrun for example_sensor_decorator to None, run_after=None
[2024-04-11T14:33:40.881+0000] {processor.py:183} INFO - Processing /home/airflow/.local/lib/python3.12/site-packages/airflow/example_dags/example_sensor_decorator.py took 0.096 seconds
[2024-04-11T14:34:11.615+0000] {processor.py:161} INFO - Started process (PID=929) to work on /home/airflow/.local/lib/python3.12/site-packages/airflow/example_dags/example_sensor_decorator.py
[2024-04-11T14:34:11.617+0000] {processor.py:830} INFO - Processing file /home/airflow/.local/lib/python3.12/site-packages/airflow/example_dags/example_sensor_decorator.py for tasks to queue
[2024-04-11T14:34:11.620+0000] {logging_mixin.py:188} INFO - [2024-04-11T14:34:11.620+0000] {dagbag.py:540} INFO - Filling up the DagBag from /home/airflow/.local/lib/python3.12/site-packages/airflow/example_dags/example_sensor_decorator.py
[2024-04-11T14:34:11.631+0000] {processor.py:840} INFO - DAG(s) 'example_sensor_decorator' retrieved from /home/airflow/.local/lib/python3.12/site-packages/airflow/example_dags/example_sensor_decorator.py
[2024-04-11T14:34:11.663+0000] {logging_mixin.py:188} INFO - [2024-04-11T14:34:11.663+0000] {dag.py:3096} INFO - Sync 1 DAGs
[2024-04-11T14:34:11.682+0000] {logging_mixin.py:188} INFO - [2024-04-11T14:34:11.681+0000] {dag.py:3954} INFO - Setting next_dagrun for example_sensor_decorator to None, run_after=None
[2024-04-11T14:34:11.862+0000] {processor.py:183} INFO - Processing /home/airflow/.local/lib/python3.12/site-packages/airflow/example_dags/example_sensor_decorator.py took 0.255 seconds
[2024-04-11T14:34:42.824+0000] {processor.py:161} INFO - Started process (PID=987) to work on /home/airflow/.local/lib/python3.12/site-packages/airflow/example_dags/example_sensor_decorator.py
[2024-04-11T14:34:42.825+0000] {processor.py:830} INFO - Processing file /home/airflow/.local/lib/python3.12/site-packages/airflow/example_dags/example_sensor_decorator.py for tasks to queue
[2024-04-11T14:34:42.828+0000] {logging_mixin.py:188} INFO - [2024-04-11T14:34:42.828+0000] {dagbag.py:540} INFO - Filling up the DagBag from /home/airflow/.local/lib/python3.12/site-packages/airflow/example_dags/example_sensor_decorator.py
[2024-04-11T14:34:42.838+0000] {processor.py:840} INFO - DAG(s) 'example_sensor_decorator' retrieved from /home/airflow/.local/lib/python3.12/site-packages/airflow/example_dags/example_sensor_decorator.py
[2024-04-11T14:34:42.870+0000] {logging_mixin.py:188} INFO - [2024-04-11T14:34:42.869+0000] {dag.py:3096} INFO - Sync 1 DAGs
[2024-04-11T14:34:42.890+0000] {logging_mixin.py:188} INFO - [2024-04-11T14:34:42.889+0000] {dag.py:3954} INFO - Setting next_dagrun for example_sensor_decorator to None, run_after=None
[2024-04-11T14:34:42.921+0000] {processor.py:183} INFO - Processing /home/airflow/.local/lib/python3.12/site-packages/airflow/example_dags/example_sensor_decorator.py took 0.106 seconds
[2024-04-11T14:35:13.617+0000] {processor.py:161} INFO - Started process (PID=1045) to work on /home/airflow/.local/lib/python3.12/site-packages/airflow/example_dags/example_sensor_decorator.py
[2024-04-11T14:35:13.619+0000] {processor.py:830} INFO - Processing file /home/airflow/.local/lib/python3.12/site-packages/airflow/example_dags/example_sensor_decorator.py for tasks to queue
[2024-04-11T14:35:13.622+0000] {logging_mixin.py:188} INFO - [2024-04-11T14:35:13.621+0000] {dagbag.py:540} INFO - Filling up the DagBag from /home/airflow/.local/lib/python3.12/site-packages/airflow/example_dags/example_sensor_decorator.py
[2024-04-11T14:35:13.630+0000] {processor.py:840} INFO - DAG(s) 'example_sensor_decorator' retrieved from /home/airflow/.local/lib/python3.12/site-packages/airflow/example_dags/example_sensor_decorator.py
[2024-04-11T14:35:13.659+0000] {logging_mixin.py:188} INFO - [2024-04-11T14:35:13.659+0000] {dag.py:3096} INFO - Sync 1 DAGs
[2024-04-11T14:35:13.677+0000] {logging_mixin.py:188} INFO - [2024-04-11T14:35:13.676+0000] {dag.py:3954} INFO - Setting next_dagrun for example_sensor_decorator to None, run_after=None
[2024-04-11T14:35:13.704+0000] {processor.py:183} INFO - Processing /home/airflow/.local/lib/python3.12/site-packages/airflow/example_dags/example_sensor_decorator.py took 0.095 seconds
[2024-04-11T14:35:43.912+0000] {processor.py:161} INFO - Started process (PID=1103) to work on /home/airflow/.local/lib/python3.12/site-packages/airflow/example_dags/example_sensor_decorator.py
[2024-04-11T14:35:43.914+0000] {processor.py:830} INFO - Processing file /home/airflow/.local/lib/python3.12/site-packages/airflow/example_dags/example_sensor_decorator.py for tasks to queue
[2024-04-11T14:35:43.919+0000] {logging_mixin.py:188} INFO - [2024-04-11T14:35:43.918+0000] {dagbag.py:540} INFO - Filling up the DagBag from /home/airflow/.local/lib/python3.12/site-packages/airflow/example_dags/example_sensor_decorator.py
[2024-04-11T14:35:43.929+0000] {processor.py:840} INFO - DAG(s) 'example_sensor_decorator' retrieved from /home/airflow/.local/lib/python3.12/site-packages/airflow/example_dags/example_sensor_decorator.py
[2024-04-11T14:35:44.131+0000] {logging_mixin.py:188} INFO - [2024-04-11T14:35:44.131+0000] {dag.py:3096} INFO - Sync 1 DAGs
[2024-04-11T14:35:44.146+0000] {logging_mixin.py:188} INFO - [2024-04-11T14:35:44.146+0000] {dag.py:3954} INFO - Setting next_dagrun for example_sensor_decorator to None, run_after=None
[2024-04-11T14:35:44.174+0000] {processor.py:183} INFO - Processing /home/airflow/.local/lib/python3.12/site-packages/airflow/example_dags/example_sensor_decorator.py took 0.272 seconds
[2024-04-11T14:36:14.633+0000] {processor.py:161} INFO - Started process (PID=1161) to work on /home/airflow/.local/lib/python3.12/site-packages/airflow/example_dags/example_sensor_decorator.py
[2024-04-11T14:36:14.635+0000] {processor.py:830} INFO - Processing file /home/airflow/.local/lib/python3.12/site-packages/airflow/example_dags/example_sensor_decorator.py for tasks to queue
[2024-04-11T14:36:14.640+0000] {logging_mixin.py:188} INFO - [2024-04-11T14:36:14.638+0000] {dagbag.py:540} INFO - Filling up the DagBag from /home/airflow/.local/lib/python3.12/site-packages/airflow/example_dags/example_sensor_decorator.py
[2024-04-11T14:36:14.653+0000] {processor.py:840} INFO - DAG(s) 'example_sensor_decorator' retrieved from /home/airflow/.local/lib/python3.12/site-packages/airflow/example_dags/example_sensor_decorator.py
[2024-04-11T14:36:14.685+0000] {logging_mixin.py:188} INFO - [2024-04-11T14:36:14.685+0000] {dag.py:3096} INFO - Sync 1 DAGs
[2024-04-11T14:36:14.704+0000] {logging_mixin.py:188} INFO - [2024-04-11T14:36:14.704+0000] {dag.py:3954} INFO - Setting next_dagrun for example_sensor_decorator to None, run_after=None
[2024-04-11T14:36:14.735+0000] {processor.py:183} INFO - Processing /home/airflow/.local/lib/python3.12/site-packages/airflow/example_dags/example_sensor_decorator.py took 0.111 seconds
