[2024-04-11T14:26:31.887+0000] {processor.py:161} INFO - Started process (PID=45) to work on /home/airflow/.local/lib/python3.12/site-packages/airflow/example_dags/tutorial.py
[2024-04-11T14:26:31.889+0000] {processor.py:830} INFO - Processing file /home/airflow/.local/lib/python3.12/site-packages/airflow/example_dags/tutorial.py for tasks to queue
[2024-04-11T14:26:31.893+0000] {logging_mixin.py:188} INFO - [2024-04-11T14:26:31.892+0000] {dagbag.py:540} INFO - Filling up the DagBag from /home/airflow/.local/lib/python3.12/site-packages/airflow/example_dags/tutorial.py
[2024-04-11T14:26:31.910+0000] {processor.py:840} INFO - DAG(s) 'tutorial' retrieved from /home/airflow/.local/lib/python3.12/site-packages/airflow/example_dags/tutorial.py
[2024-04-11T14:26:32.109+0000] {logging_mixin.py:188} INFO - [2024-04-11T14:26:32.109+0000] {dag.py:3096} INFO - Sync 1 DAGs
[2024-04-11T14:26:32.139+0000] {logging_mixin.py:188} INFO - [2024-04-11T14:26:32.139+0000] {dag.py:3954} INFO - Setting next_dagrun for tutorial to 2024-04-10 00:00:00+00:00, run_after=2024-04-11 00:00:00+00:00
[2024-04-11T14:26:32.169+0000] {processor.py:183} INFO - Processing /home/airflow/.local/lib/python3.12/site-packages/airflow/example_dags/tutorial.py took 0.293 seconds
[2024-04-11T14:27:02.747+0000] {processor.py:161} INFO - Started process (PID=103) to work on /home/airflow/.local/lib/python3.12/site-packages/airflow/example_dags/tutorial.py
[2024-04-11T14:27:02.748+0000] {processor.py:830} INFO - Processing file /home/airflow/.local/lib/python3.12/site-packages/airflow/example_dags/tutorial.py for tasks to queue
[2024-04-11T14:27:02.751+0000] {logging_mixin.py:188} INFO - [2024-04-11T14:27:02.751+0000] {dagbag.py:540} INFO - Filling up the DagBag from /home/airflow/.local/lib/python3.12/site-packages/airflow/example_dags/tutorial.py
[2024-04-11T14:27:02.760+0000] {processor.py:840} INFO - DAG(s) 'tutorial' retrieved from /home/airflow/.local/lib/python3.12/site-packages/airflow/example_dags/tutorial.py
[2024-04-11T14:27:02.788+0000] {logging_mixin.py:188} INFO - [2024-04-11T14:27:02.788+0000] {dag.py:3096} INFO - Sync 1 DAGs
[2024-04-11T14:27:02.819+0000] {logging_mixin.py:188} INFO - [2024-04-11T14:27:02.818+0000] {dag.py:3954} INFO - Setting next_dagrun for tutorial to 2024-04-10 00:00:00+00:00, run_after=2024-04-11 00:00:00+00:00
[2024-04-11T14:27:02.845+0000] {processor.py:183} INFO - Processing /home/airflow/.local/lib/python3.12/site-packages/airflow/example_dags/tutorial.py took 0.107 seconds
[2024-04-11T14:27:33.142+0000] {processor.py:161} INFO - Started process (PID=161) to work on /home/airflow/.local/lib/python3.12/site-packages/airflow/example_dags/tutorial.py
[2024-04-11T14:27:33.143+0000] {processor.py:830} INFO - Processing file /home/airflow/.local/lib/python3.12/site-packages/airflow/example_dags/tutorial.py for tasks to queue
[2024-04-11T14:27:33.146+0000] {logging_mixin.py:188} INFO - [2024-04-11T14:27:33.146+0000] {dagbag.py:540} INFO - Filling up the DagBag from /home/airflow/.local/lib/python3.12/site-packages/airflow/example_dags/tutorial.py
[2024-04-11T14:27:33.155+0000] {processor.py:840} INFO - DAG(s) 'tutorial' retrieved from /home/airflow/.local/lib/python3.12/site-packages/airflow/example_dags/tutorial.py
[2024-04-11T14:27:33.184+0000] {logging_mixin.py:188} INFO - [2024-04-11T14:27:33.184+0000] {dag.py:3096} INFO - Sync 1 DAGs
[2024-04-11T14:27:33.216+0000] {logging_mixin.py:188} INFO - [2024-04-11T14:27:33.216+0000] {dag.py:3954} INFO - Setting next_dagrun for tutorial to 2024-04-10 00:00:00+00:00, run_after=2024-04-11 00:00:00+00:00
[2024-04-11T14:27:33.247+0000] {processor.py:183} INFO - Processing /home/airflow/.local/lib/python3.12/site-packages/airflow/example_dags/tutorial.py took 0.114 seconds
[2024-04-11T14:28:03.352+0000] {processor.py:161} INFO - Started process (PID=219) to work on /home/airflow/.local/lib/python3.12/site-packages/airflow/example_dags/tutorial.py
[2024-04-11T14:28:03.356+0000] {processor.py:830} INFO - Processing file /home/airflow/.local/lib/python3.12/site-packages/airflow/example_dags/tutorial.py for tasks to queue
[2024-04-11T14:28:03.361+0000] {logging_mixin.py:188} INFO - [2024-04-11T14:28:03.361+0000] {dagbag.py:540} INFO - Filling up the DagBag from /home/airflow/.local/lib/python3.12/site-packages/airflow/example_dags/tutorial.py
[2024-04-11T14:28:03.373+0000] {processor.py:840} INFO - DAG(s) 'tutorial' retrieved from /home/airflow/.local/lib/python3.12/site-packages/airflow/example_dags/tutorial.py
[2024-04-11T14:28:03.406+0000] {logging_mixin.py:188} INFO - [2024-04-11T14:28:03.406+0000] {dag.py:3096} INFO - Sync 1 DAGs
[2024-04-11T14:28:03.449+0000] {logging_mixin.py:188} INFO - [2024-04-11T14:28:03.448+0000] {dag.py:3954} INFO - Setting next_dagrun for tutorial to 2024-04-10 00:00:00+00:00, run_after=2024-04-11 00:00:00+00:00
[2024-04-11T14:28:03.480+0000] {processor.py:183} INFO - Processing /home/airflow/.local/lib/python3.12/site-packages/airflow/example_dags/tutorial.py took 0.138 seconds
[2024-04-11T14:28:33.590+0000] {processor.py:161} INFO - Started process (PID=283) to work on /home/airflow/.local/lib/python3.12/site-packages/airflow/example_dags/tutorial.py
[2024-04-11T14:28:33.592+0000] {processor.py:830} INFO - Processing file /home/airflow/.local/lib/python3.12/site-packages/airflow/example_dags/tutorial.py for tasks to queue
[2024-04-11T14:28:33.594+0000] {logging_mixin.py:188} INFO - [2024-04-11T14:28:33.594+0000] {dagbag.py:540} INFO - Filling up the DagBag from /home/airflow/.local/lib/python3.12/site-packages/airflow/example_dags/tutorial.py
[2024-04-11T14:28:33.602+0000] {processor.py:840} INFO - DAG(s) 'tutorial' retrieved from /home/airflow/.local/lib/python3.12/site-packages/airflow/example_dags/tutorial.py
[2024-04-11T14:28:33.632+0000] {logging_mixin.py:188} INFO - [2024-04-11T14:28:33.631+0000] {dag.py:3096} INFO - Sync 1 DAGs
[2024-04-11T14:28:33.679+0000] {logging_mixin.py:188} INFO - [2024-04-11T14:28:33.679+0000] {dag.py:3954} INFO - Setting next_dagrun for tutorial to 2024-04-10 00:00:00+00:00, run_after=2024-04-11 00:00:00+00:00
[2024-04-11T14:28:33.712+0000] {processor.py:183} INFO - Processing /home/airflow/.local/lib/python3.12/site-packages/airflow/example_dags/tutorial.py took 0.130 seconds
[2024-04-11T14:29:03.907+0000] {processor.py:161} INFO - Started process (PID=341) to work on /home/airflow/.local/lib/python3.12/site-packages/airflow/example_dags/tutorial.py
[2024-04-11T14:29:03.908+0000] {processor.py:830} INFO - Processing file /home/airflow/.local/lib/python3.12/site-packages/airflow/example_dags/tutorial.py for tasks to queue
[2024-04-11T14:29:03.912+0000] {logging_mixin.py:188} INFO - [2024-04-11T14:29:03.912+0000] {dagbag.py:540} INFO - Filling up the DagBag from /home/airflow/.local/lib/python3.12/site-packages/airflow/example_dags/tutorial.py
[2024-04-11T14:29:03.921+0000] {processor.py:840} INFO - DAG(s) 'tutorial' retrieved from /home/airflow/.local/lib/python3.12/site-packages/airflow/example_dags/tutorial.py
[2024-04-11T14:29:03.949+0000] {logging_mixin.py:188} INFO - [2024-04-11T14:29:03.948+0000] {dag.py:3096} INFO - Sync 1 DAGs
[2024-04-11T14:29:03.980+0000] {logging_mixin.py:188} INFO - [2024-04-11T14:29:03.979+0000] {dag.py:3954} INFO - Setting next_dagrun for tutorial to 2024-04-10 00:00:00+00:00, run_after=2024-04-11 00:00:00+00:00
[2024-04-11T14:29:04.007+0000] {processor.py:183} INFO - Processing /home/airflow/.local/lib/python3.12/site-packages/airflow/example_dags/tutorial.py took 0.109 seconds
[2024-04-11T14:29:34.370+0000] {processor.py:161} INFO - Started process (PID=399) to work on /home/airflow/.local/lib/python3.12/site-packages/airflow/example_dags/tutorial.py
[2024-04-11T14:29:34.372+0000] {processor.py:830} INFO - Processing file /home/airflow/.local/lib/python3.12/site-packages/airflow/example_dags/tutorial.py for tasks to queue
[2024-04-11T14:29:34.375+0000] {logging_mixin.py:188} INFO - [2024-04-11T14:29:34.374+0000] {dagbag.py:540} INFO - Filling up the DagBag from /home/airflow/.local/lib/python3.12/site-packages/airflow/example_dags/tutorial.py
[2024-04-11T14:29:34.383+0000] {processor.py:840} INFO - DAG(s) 'tutorial' retrieved from /home/airflow/.local/lib/python3.12/site-packages/airflow/example_dags/tutorial.py
[2024-04-11T14:29:34.412+0000] {logging_mixin.py:188} INFO - [2024-04-11T14:29:34.412+0000] {dag.py:3096} INFO - Sync 1 DAGs
[2024-04-11T14:29:34.443+0000] {logging_mixin.py:188} INFO - [2024-04-11T14:29:34.443+0000] {dag.py:3954} INFO - Setting next_dagrun for tutorial to 2024-04-10 00:00:00+00:00, run_after=2024-04-11 00:00:00+00:00
[2024-04-11T14:29:34.472+0000] {processor.py:183} INFO - Processing /home/airflow/.local/lib/python3.12/site-packages/airflow/example_dags/tutorial.py took 0.110 seconds
[2024-04-11T14:30:04.660+0000] {processor.py:161} INFO - Started process (PID=457) to work on /home/airflow/.local/lib/python3.12/site-packages/airflow/example_dags/tutorial.py
[2024-04-11T14:30:04.662+0000] {processor.py:830} INFO - Processing file /home/airflow/.local/lib/python3.12/site-packages/airflow/example_dags/tutorial.py for tasks to queue
[2024-04-11T14:30:04.665+0000] {logging_mixin.py:188} INFO - [2024-04-11T14:30:04.665+0000] {dagbag.py:540} INFO - Filling up the DagBag from /home/airflow/.local/lib/python3.12/site-packages/airflow/example_dags/tutorial.py
[2024-04-11T14:30:04.673+0000] {processor.py:840} INFO - DAG(s) 'tutorial' retrieved from /home/airflow/.local/lib/python3.12/site-packages/airflow/example_dags/tutorial.py
[2024-04-11T14:30:04.703+0000] {logging_mixin.py:188} INFO - [2024-04-11T14:30:04.702+0000] {dag.py:3096} INFO - Sync 1 DAGs
[2024-04-11T14:30:04.733+0000] {logging_mixin.py:188} INFO - [2024-04-11T14:30:04.733+0000] {dag.py:3954} INFO - Setting next_dagrun for tutorial to 2024-04-10 00:00:00+00:00, run_after=2024-04-11 00:00:00+00:00
[2024-04-11T14:30:04.766+0000] {processor.py:183} INFO - Processing /home/airflow/.local/lib/python3.12/site-packages/airflow/example_dags/tutorial.py took 0.116 seconds
[2024-04-11T14:30:35.258+0000] {processor.py:161} INFO - Started process (PID=515) to work on /home/airflow/.local/lib/python3.12/site-packages/airflow/example_dags/tutorial.py
[2024-04-11T14:30:35.260+0000] {processor.py:830} INFO - Processing file /home/airflow/.local/lib/python3.12/site-packages/airflow/example_dags/tutorial.py for tasks to queue
[2024-04-11T14:30:35.262+0000] {logging_mixin.py:188} INFO - [2024-04-11T14:30:35.262+0000] {dagbag.py:540} INFO - Filling up the DagBag from /home/airflow/.local/lib/python3.12/site-packages/airflow/example_dags/tutorial.py
[2024-04-11T14:30:35.271+0000] {processor.py:840} INFO - DAG(s) 'tutorial' retrieved from /home/airflow/.local/lib/python3.12/site-packages/airflow/example_dags/tutorial.py
[2024-04-11T14:30:35.301+0000] {logging_mixin.py:188} INFO - [2024-04-11T14:30:35.301+0000] {dag.py:3096} INFO - Sync 1 DAGs
[2024-04-11T14:30:35.332+0000] {logging_mixin.py:188} INFO - [2024-04-11T14:30:35.332+0000] {dag.py:3954} INFO - Setting next_dagrun for tutorial to 2024-04-10 00:00:00+00:00, run_after=2024-04-11 00:00:00+00:00
[2024-04-11T14:30:35.361+0000] {processor.py:183} INFO - Processing /home/airflow/.local/lib/python3.12/site-packages/airflow/example_dags/tutorial.py took 0.111 seconds
[2024-04-11T14:31:05.920+0000] {processor.py:161} INFO - Started process (PID=573) to work on /home/airflow/.local/lib/python3.12/site-packages/airflow/example_dags/tutorial.py
[2024-04-11T14:31:05.922+0000] {processor.py:830} INFO - Processing file /home/airflow/.local/lib/python3.12/site-packages/airflow/example_dags/tutorial.py for tasks to queue
[2024-04-11T14:31:05.926+0000] {logging_mixin.py:188} INFO - [2024-04-11T14:31:05.925+0000] {dagbag.py:540} INFO - Filling up the DagBag from /home/airflow/.local/lib/python3.12/site-packages/airflow/example_dags/tutorial.py
[2024-04-11T14:31:05.935+0000] {processor.py:840} INFO - DAG(s) 'tutorial' retrieved from /home/airflow/.local/lib/python3.12/site-packages/airflow/example_dags/tutorial.py
[2024-04-11T14:31:05.970+0000] {logging_mixin.py:188} INFO - [2024-04-11T14:31:05.969+0000] {dag.py:3096} INFO - Sync 1 DAGs
[2024-04-11T14:31:06.006+0000] {logging_mixin.py:188} INFO - [2024-04-11T14:31:06.006+0000] {dag.py:3954} INFO - Setting next_dagrun for tutorial to 2024-04-10 00:00:00+00:00, run_after=2024-04-11 00:00:00+00:00
[2024-04-11T14:31:06.046+0000] {processor.py:183} INFO - Processing /home/airflow/.local/lib/python3.12/site-packages/airflow/example_dags/tutorial.py took 0.136 seconds
[2024-04-11T14:31:36.327+0000] {processor.py:161} INFO - Started process (PID=631) to work on /home/airflow/.local/lib/python3.12/site-packages/airflow/example_dags/tutorial.py
[2024-04-11T14:31:36.329+0000] {processor.py:830} INFO - Processing file /home/airflow/.local/lib/python3.12/site-packages/airflow/example_dags/tutorial.py for tasks to queue
[2024-04-11T14:31:36.336+0000] {logging_mixin.py:188} INFO - [2024-04-11T14:31:36.335+0000] {dagbag.py:540} INFO - Filling up the DagBag from /home/airflow/.local/lib/python3.12/site-packages/airflow/example_dags/tutorial.py
[2024-04-11T14:31:36.348+0000] {processor.py:840} INFO - DAG(s) 'tutorial' retrieved from /home/airflow/.local/lib/python3.12/site-packages/airflow/example_dags/tutorial.py
[2024-04-11T14:31:36.381+0000] {logging_mixin.py:188} INFO - [2024-04-11T14:31:36.381+0000] {dag.py:3096} INFO - Sync 1 DAGs
[2024-04-11T14:31:36.424+0000] {logging_mixin.py:188} INFO - [2024-04-11T14:31:36.424+0000] {dag.py:3954} INFO - Setting next_dagrun for tutorial to 2024-04-10 00:00:00+00:00, run_after=2024-04-11 00:00:00+00:00
[2024-04-11T14:31:36.463+0000] {processor.py:183} INFO - Processing /home/airflow/.local/lib/python3.12/site-packages/airflow/example_dags/tutorial.py took 0.144 seconds
[2024-04-11T14:32:06.646+0000] {processor.py:161} INFO - Started process (PID=689) to work on /home/airflow/.local/lib/python3.12/site-packages/airflow/example_dags/tutorial.py
[2024-04-11T14:32:06.648+0000] {processor.py:830} INFO - Processing file /home/airflow/.local/lib/python3.12/site-packages/airflow/example_dags/tutorial.py for tasks to queue
[2024-04-11T14:32:06.651+0000] {logging_mixin.py:188} INFO - [2024-04-11T14:32:06.650+0000] {dagbag.py:540} INFO - Filling up the DagBag from /home/airflow/.local/lib/python3.12/site-packages/airflow/example_dags/tutorial.py
[2024-04-11T14:32:06.659+0000] {processor.py:840} INFO - DAG(s) 'tutorial' retrieved from /home/airflow/.local/lib/python3.12/site-packages/airflow/example_dags/tutorial.py
[2024-04-11T14:32:06.688+0000] {logging_mixin.py:188} INFO - [2024-04-11T14:32:06.687+0000] {dag.py:3096} INFO - Sync 1 DAGs
[2024-04-11T14:32:06.718+0000] {logging_mixin.py:188} INFO - [2024-04-11T14:32:06.717+0000] {dag.py:3954} INFO - Setting next_dagrun for tutorial to 2024-04-10 00:00:00+00:00, run_after=2024-04-11 00:00:00+00:00
[2024-04-11T14:32:06.745+0000] {processor.py:183} INFO - Processing /home/airflow/.local/lib/python3.12/site-packages/airflow/example_dags/tutorial.py took 0.107 seconds
[2024-04-11T14:32:37.371+0000] {processor.py:161} INFO - Started process (PID=747) to work on /home/airflow/.local/lib/python3.12/site-packages/airflow/example_dags/tutorial.py
[2024-04-11T14:32:37.373+0000] {processor.py:830} INFO - Processing file /home/airflow/.local/lib/python3.12/site-packages/airflow/example_dags/tutorial.py for tasks to queue
[2024-04-11T14:32:37.375+0000] {logging_mixin.py:188} INFO - [2024-04-11T14:32:37.375+0000] {dagbag.py:540} INFO - Filling up the DagBag from /home/airflow/.local/lib/python3.12/site-packages/airflow/example_dags/tutorial.py
[2024-04-11T14:32:37.383+0000] {processor.py:840} INFO - DAG(s) 'tutorial' retrieved from /home/airflow/.local/lib/python3.12/site-packages/airflow/example_dags/tutorial.py
[2024-04-11T14:32:37.414+0000] {logging_mixin.py:188} INFO - [2024-04-11T14:32:37.413+0000] {dag.py:3096} INFO - Sync 1 DAGs
[2024-04-11T14:32:37.445+0000] {logging_mixin.py:188} INFO - [2024-04-11T14:32:37.444+0000] {dag.py:3954} INFO - Setting next_dagrun for tutorial to 2024-04-10 00:00:00+00:00, run_after=2024-04-11 00:00:00+00:00
[2024-04-11T14:32:37.474+0000] {processor.py:183} INFO - Processing /home/airflow/.local/lib/python3.12/site-packages/airflow/example_dags/tutorial.py took 0.110 seconds
[2024-04-11T14:33:08.402+0000] {processor.py:161} INFO - Started process (PID=805) to work on /home/airflow/.local/lib/python3.12/site-packages/airflow/example_dags/tutorial.py
[2024-04-11T14:33:08.404+0000] {processor.py:830} INFO - Processing file /home/airflow/.local/lib/python3.12/site-packages/airflow/example_dags/tutorial.py for tasks to queue
[2024-04-11T14:33:08.407+0000] {logging_mixin.py:188} INFO - [2024-04-11T14:33:08.406+0000] {dagbag.py:540} INFO - Filling up the DagBag from /home/airflow/.local/lib/python3.12/site-packages/airflow/example_dags/tutorial.py
[2024-04-11T14:33:08.415+0000] {processor.py:840} INFO - DAG(s) 'tutorial' retrieved from /home/airflow/.local/lib/python3.12/site-packages/airflow/example_dags/tutorial.py
[2024-04-11T14:33:08.443+0000] {logging_mixin.py:188} INFO - [2024-04-11T14:33:08.443+0000] {dag.py:3096} INFO - Sync 1 DAGs
[2024-04-11T14:33:08.473+0000] {logging_mixin.py:188} INFO - [2024-04-11T14:33:08.472+0000] {dag.py:3954} INFO - Setting next_dagrun for tutorial to 2024-04-10 00:00:00+00:00, run_after=2024-04-11 00:00:00+00:00
[2024-04-11T14:33:08.500+0000] {processor.py:183} INFO - Processing /home/airflow/.local/lib/python3.12/site-packages/airflow/example_dags/tutorial.py took 0.106 seconds
[2024-04-11T14:33:39.142+0000] {processor.py:161} INFO - Started process (PID=863) to work on /home/airflow/.local/lib/python3.12/site-packages/airflow/example_dags/tutorial.py
[2024-04-11T14:33:39.143+0000] {processor.py:830} INFO - Processing file /home/airflow/.local/lib/python3.12/site-packages/airflow/example_dags/tutorial.py for tasks to queue
[2024-04-11T14:33:39.146+0000] {logging_mixin.py:188} INFO - [2024-04-11T14:33:39.146+0000] {dagbag.py:540} INFO - Filling up the DagBag from /home/airflow/.local/lib/python3.12/site-packages/airflow/example_dags/tutorial.py
[2024-04-11T14:33:39.154+0000] {processor.py:840} INFO - DAG(s) 'tutorial' retrieved from /home/airflow/.local/lib/python3.12/site-packages/airflow/example_dags/tutorial.py
[2024-04-11T14:33:39.183+0000] {logging_mixin.py:188} INFO - [2024-04-11T14:33:39.183+0000] {dag.py:3096} INFO - Sync 1 DAGs
[2024-04-11T14:33:39.213+0000] {logging_mixin.py:188} INFO - [2024-04-11T14:33:39.213+0000] {dag.py:3954} INFO - Setting next_dagrun for tutorial to 2024-04-10 00:00:00+00:00, run_after=2024-04-11 00:00:00+00:00
[2024-04-11T14:33:39.244+0000] {processor.py:183} INFO - Processing /home/airflow/.local/lib/python3.12/site-packages/airflow/example_dags/tutorial.py took 0.110 seconds
[2024-04-11T14:34:10.096+0000] {processor.py:161} INFO - Started process (PID=921) to work on /home/airflow/.local/lib/python3.12/site-packages/airflow/example_dags/tutorial.py
[2024-04-11T14:34:10.098+0000] {processor.py:830} INFO - Processing file /home/airflow/.local/lib/python3.12/site-packages/airflow/example_dags/tutorial.py for tasks to queue
[2024-04-11T14:34:10.101+0000] {logging_mixin.py:188} INFO - [2024-04-11T14:34:10.100+0000] {dagbag.py:540} INFO - Filling up the DagBag from /home/airflow/.local/lib/python3.12/site-packages/airflow/example_dags/tutorial.py
[2024-04-11T14:34:10.110+0000] {processor.py:840} INFO - DAG(s) 'tutorial' retrieved from /home/airflow/.local/lib/python3.12/site-packages/airflow/example_dags/tutorial.py
[2024-04-11T14:34:10.140+0000] {logging_mixin.py:188} INFO - [2024-04-11T14:34:10.140+0000] {dag.py:3096} INFO - Sync 1 DAGs
[2024-04-11T14:34:10.172+0000] {logging_mixin.py:188} INFO - [2024-04-11T14:34:10.172+0000] {dag.py:3954} INFO - Setting next_dagrun for tutorial to 2024-04-10 00:00:00+00:00, run_after=2024-04-11 00:00:00+00:00
[2024-04-11T14:34:10.352+0000] {processor.py:183} INFO - Processing /home/airflow/.local/lib/python3.12/site-packages/airflow/example_dags/tutorial.py took 0.264 seconds
[2024-04-11T14:34:41.058+0000] {processor.py:161} INFO - Started process (PID=979) to work on /home/airflow/.local/lib/python3.12/site-packages/airflow/example_dags/tutorial.py
[2024-04-11T14:34:41.060+0000] {processor.py:830} INFO - Processing file /home/airflow/.local/lib/python3.12/site-packages/airflow/example_dags/tutorial.py for tasks to queue
[2024-04-11T14:34:41.063+0000] {logging_mixin.py:188} INFO - [2024-04-11T14:34:41.062+0000] {dagbag.py:540} INFO - Filling up the DagBag from /home/airflow/.local/lib/python3.12/site-packages/airflow/example_dags/tutorial.py
[2024-04-11T14:34:41.072+0000] {processor.py:840} INFO - DAG(s) 'tutorial' retrieved from /home/airflow/.local/lib/python3.12/site-packages/airflow/example_dags/tutorial.py
[2024-04-11T14:34:41.103+0000] {logging_mixin.py:188} INFO - [2024-04-11T14:34:41.102+0000] {dag.py:3096} INFO - Sync 1 DAGs
[2024-04-11T14:34:41.133+0000] {logging_mixin.py:188} INFO - [2024-04-11T14:34:41.132+0000] {dag.py:3954} INFO - Setting next_dagrun for tutorial to 2024-04-10 00:00:00+00:00, run_after=2024-04-11 00:00:00+00:00
[2024-04-11T14:34:41.160+0000] {processor.py:183} INFO - Processing /home/airflow/.local/lib/python3.12/site-packages/airflow/example_dags/tutorial.py took 0.112 seconds
[2024-04-11T14:35:11.867+0000] {processor.py:161} INFO - Started process (PID=1037) to work on /home/airflow/.local/lib/python3.12/site-packages/airflow/example_dags/tutorial.py
[2024-04-11T14:35:11.869+0000] {processor.py:830} INFO - Processing file /home/airflow/.local/lib/python3.12/site-packages/airflow/example_dags/tutorial.py for tasks to queue
[2024-04-11T14:35:11.871+0000] {logging_mixin.py:188} INFO - [2024-04-11T14:35:11.871+0000] {dagbag.py:540} INFO - Filling up the DagBag from /home/airflow/.local/lib/python3.12/site-packages/airflow/example_dags/tutorial.py
[2024-04-11T14:35:11.880+0000] {processor.py:840} INFO - DAG(s) 'tutorial' retrieved from /home/airflow/.local/lib/python3.12/site-packages/airflow/example_dags/tutorial.py
[2024-04-11T14:35:11.909+0000] {logging_mixin.py:188} INFO - [2024-04-11T14:35:11.908+0000] {dag.py:3096} INFO - Sync 1 DAGs
[2024-04-11T14:35:11.939+0000] {logging_mixin.py:188} INFO - [2024-04-11T14:35:11.939+0000] {dag.py:3954} INFO - Setting next_dagrun for tutorial to 2024-04-10 00:00:00+00:00, run_after=2024-04-11 00:00:00+00:00
[2024-04-11T14:35:11.968+0000] {processor.py:183} INFO - Processing /home/airflow/.local/lib/python3.12/site-packages/airflow/example_dags/tutorial.py took 0.109 seconds
[2024-04-11T14:35:42.701+0000] {processor.py:161} INFO - Started process (PID=1095) to work on /home/airflow/.local/lib/python3.12/site-packages/airflow/example_dags/tutorial.py
[2024-04-11T14:35:42.703+0000] {processor.py:830} INFO - Processing file /home/airflow/.local/lib/python3.12/site-packages/airflow/example_dags/tutorial.py for tasks to queue
[2024-04-11T14:35:42.706+0000] {logging_mixin.py:188} INFO - [2024-04-11T14:35:42.705+0000] {dagbag.py:540} INFO - Filling up the DagBag from /home/airflow/.local/lib/python3.12/site-packages/airflow/example_dags/tutorial.py
[2024-04-11T14:35:42.715+0000] {processor.py:840} INFO - DAG(s) 'tutorial' retrieved from /home/airflow/.local/lib/python3.12/site-packages/airflow/example_dags/tutorial.py
[2024-04-11T14:35:42.898+0000] {logging_mixin.py:188} INFO - [2024-04-11T14:35:42.897+0000] {dag.py:3096} INFO - Sync 1 DAGs
[2024-04-11T14:35:42.923+0000] {logging_mixin.py:188} INFO - [2024-04-11T14:35:42.923+0000] {dag.py:3954} INFO - Setting next_dagrun for tutorial to 2024-04-10 00:00:00+00:00, run_after=2024-04-11 00:00:00+00:00
[2024-04-11T14:35:42.947+0000] {processor.py:183} INFO - Processing /home/airflow/.local/lib/python3.12/site-packages/airflow/example_dags/tutorial.py took 0.255 seconds
[2024-04-11T14:36:13.124+0000] {processor.py:161} INFO - Started process (PID=1153) to work on /home/airflow/.local/lib/python3.12/site-packages/airflow/example_dags/tutorial.py
[2024-04-11T14:36:13.126+0000] {processor.py:830} INFO - Processing file /home/airflow/.local/lib/python3.12/site-packages/airflow/example_dags/tutorial.py for tasks to queue
[2024-04-11T14:36:13.128+0000] {logging_mixin.py:188} INFO - [2024-04-11T14:36:13.128+0000] {dagbag.py:540} INFO - Filling up the DagBag from /home/airflow/.local/lib/python3.12/site-packages/airflow/example_dags/tutorial.py
[2024-04-11T14:36:13.137+0000] {processor.py:840} INFO - DAG(s) 'tutorial' retrieved from /home/airflow/.local/lib/python3.12/site-packages/airflow/example_dags/tutorial.py
[2024-04-11T14:36:13.167+0000] {logging_mixin.py:188} INFO - [2024-04-11T14:36:13.167+0000] {dag.py:3096} INFO - Sync 1 DAGs
[2024-04-11T14:36:13.199+0000] {logging_mixin.py:188} INFO - [2024-04-11T14:36:13.198+0000] {dag.py:3954} INFO - Setting next_dagrun for tutorial to 2024-04-10 00:00:00+00:00, run_after=2024-04-11 00:00:00+00:00
[2024-04-11T14:36:13.227+0000] {processor.py:183} INFO - Processing /home/airflow/.local/lib/python3.12/site-packages/airflow/example_dags/tutorial.py took 0.112 seconds
